[0.779s] DEBUG:colcon:Command line arguments: ['/usr/bin/colcon', 'build']
[0.779s] DEBUG:colcon:Parsed command line arguments: Namespace(log_base=None, log_level=None, verb_name='build', build_base='build', install_base='install', merge_install=False, symlink_install=False, test_result_base=None, continue_on_error=False, executor='parallel', parallel_workers=4, event_handlers=None, ignore_user_meta=False, metas=['./colcon.meta'], base_paths=['.'], packages_ignore=None, packages_ignore_regex=None, paths=None, packages_up_to=None, packages_up_to_regex=None, packages_above=None, packages_above_and_dependencies=None, packages_above_depth=None, packages_select_by_dep=None, packages_skip_by_dep=None, packages_skip_up_to=None, packages_select_build_failed=False, packages_skip_build_finished=False, packages_select_test_failures=False, packages_skip_test_passed=False, packages_select=None, packages_skip=None, packages_select_regex=None, packages_skip_regex=None, packages_start=None, packages_end=None, allow_overriding=[], cmake_args=None, cmake_target=None, cmake_target_skip_unavailable=False, cmake_clean_cache=False, cmake_clean_first=False, cmake_force_configure=False, ament_cmake_args=None, catkin_cmake_args=None, catkin_skip_building_tests=False, mixin_files=None, mixin=None, verb_parser=<colcon_mixin.mixin.mixin_argument.MixinArgumentDecorator object at 0xffff95defa00>, verb_extension=<colcon_core.verb.build.BuildVerb object at 0xffff95fec8b0>, main=<bound method BuildVerb.main of <colcon_core.verb.build.BuildVerb object at 0xffff95fec8b0>>, mixin_verb=('build',))
[2.193s] Level 1:colcon.colcon_core.package_discovery:discover_packages(colcon_meta) check parameters
[2.194s] Level 1:colcon.colcon_core.package_discovery:discover_packages(recursive) check parameters
[2.194s] Level 1:colcon.colcon_core.package_discovery:discover_packages(ignore) check parameters
[2.194s] Level 1:colcon.colcon_core.package_discovery:discover_packages(path) check parameters
[2.194s] Level 1:colcon.colcon_core.package_discovery:discover_packages(colcon_meta) discover
[2.194s] Level 1:colcon.colcon_core.package_discovery:discover_packages(recursive) discover
[2.195s] INFO:colcon.colcon_core.package_discovery:Crawling recursively for packages in '/home/ubuntu/denem'
[2.195s] Level 1:colcon.colcon_core.package_identification:_identify(.) by extensions ['ignore', 'ignore_ament_install']
[2.196s] Level 1:colcon.colcon_core.package_identification:_identify(.) by extension 'ignore'
[2.196s] Level 1:colcon.colcon_core.package_identification:_identify(.) by extension 'ignore_ament_install'
[2.196s] Level 1:colcon.colcon_core.package_identification:_identify(.) by extensions ['colcon_pkg']
[2.197s] Level 1:colcon.colcon_core.package_identification:_identify(.) by extension 'colcon_pkg'
[2.197s] Level 1:colcon.colcon_core.package_identification:_identify(.) by extensions ['colcon_meta']
[2.197s] Level 1:colcon.colcon_core.package_identification:_identify(.) by extension 'colcon_meta'
[2.197s] Level 1:colcon.colcon_core.package_identification:_identify(.) by extensions ['ros']
[2.197s] Level 1:colcon.colcon_core.package_identification:_identify(.) by extension 'ros'
[2.262s] Level 1:colcon.colcon_core.package_identification:_identify(.) by extensions ['cmake', 'python']
[2.262s] Level 1:colcon.colcon_core.package_identification:_identify(.) by extension 'cmake'
[2.263s] Level 1:colcon.colcon_core.package_identification:_identify(.) by extension 'python'
[2.263s] Level 1:colcon.colcon_core.package_identification:_identify(.) by extensions ['python_setup_py']
[2.263s] Level 1:colcon.colcon_core.package_identification:_identify(.) by extension 'python_setup_py'
[2.263s] Level 1:colcon.colcon_core.package_identification:_identify(build) by extensions ['ignore', 'ignore_ament_install']
[2.264s] Level 1:colcon.colcon_core.package_identification:_identify(build) by extension 'ignore'
[2.264s] Level 1:colcon.colcon_core.package_identification:_identify(build) ignored
[2.265s] Level 1:colcon.colcon_core.package_identification:_identify(diffdrive_arduino) by extensions ['ignore', 'ignore_ament_install']
[2.265s] Level 1:colcon.colcon_core.package_identification:_identify(diffdrive_arduino) by extension 'ignore'
[2.265s] Level 1:colcon.colcon_core.package_identification:_identify(diffdrive_arduino) by extension 'ignore_ament_install'
[2.266s] Level 1:colcon.colcon_core.package_identification:_identify(diffdrive_arduino) by extensions ['colcon_pkg']
[2.266s] Level 1:colcon.colcon_core.package_identification:_identify(diffdrive_arduino) by extension 'colcon_pkg'
[2.266s] Level 1:colcon.colcon_core.package_identification:_identify(diffdrive_arduino) by extensions ['colcon_meta']
[2.266s] Level 1:colcon.colcon_core.package_identification:_identify(diffdrive_arduino) by extension 'colcon_meta'
[2.266s] Level 1:colcon.colcon_core.package_identification:_identify(diffdrive_arduino) by extensions ['ros']
[2.266s] Level 1:colcon.colcon_core.package_identification:_identify(diffdrive_arduino) by extension 'ros'
[2.281s] DEBUG:colcon.colcon_core.package_identification:Package 'diffdrive_arduino' with type 'ros.ament_cmake' and name 'diffdrive_arduino'
[2.281s] Level 1:colcon.colcon_core.package_identification:_identify(imu) by extensions ['ignore', 'ignore_ament_install']
[2.282s] Level 1:colcon.colcon_core.package_identification:_identify(imu) by extension 'ignore'
[2.282s] Level 1:colcon.colcon_core.package_identification:_identify(imu) by extension 'ignore_ament_install'
[2.282s] Level 1:colcon.colcon_core.package_identification:_identify(imu) by extensions ['colcon_pkg']
[2.282s] Level 1:colcon.colcon_core.package_identification:_identify(imu) by extension 'colcon_pkg'
[2.283s] Level 1:colcon.colcon_core.package_identification:_identify(imu) by extensions ['colcon_meta']
[2.283s] Level 1:colcon.colcon_core.package_identification:_identify(imu) by extension 'colcon_meta'
[2.283s] Level 1:colcon.colcon_core.package_identification:_identify(imu) by extensions ['ros']
[2.283s] Level 1:colcon.colcon_core.package_identification:_identify(imu) by extension 'ros'
[2.286s] DEBUG:colcon.colcon_core.package_identification:Package 'imu' with type 'ros.ament_cmake' and name 'ros2_mpu6050'
[2.287s] Level 1:colcon.colcon_core.package_identification:_identify(install) by extensions ['ignore', 'ignore_ament_install']
[2.287s] Level 1:colcon.colcon_core.package_identification:_identify(install) by extension 'ignore'
[2.288s] Level 1:colcon.colcon_core.package_identification:_identify(install) ignored
[2.288s] Level 1:colcon.colcon_core.package_identification:_identify(log) by extensions ['ignore', 'ignore_ament_install']
[2.289s] Level 1:colcon.colcon_core.package_identification:_identify(log) by extension 'ignore'
[2.289s] Level 1:colcon.colcon_core.package_identification:_identify(log) ignored
[2.289s] Level 1:colcon.colcon_core.package_identification:_identify(serial_motor_demo) by extensions ['ignore', 'ignore_ament_install']
[2.290s] Level 1:colcon.colcon_core.package_identification:_identify(serial_motor_demo) by extension 'ignore'
[2.290s] Level 1:colcon.colcon_core.package_identification:_identify(serial_motor_demo) by extension 'ignore_ament_install'
[2.290s] Level 1:colcon.colcon_core.package_identification:_identify(serial_motor_demo) by extensions ['colcon_pkg']
[2.290s] Level 1:colcon.colcon_core.package_identification:_identify(serial_motor_demo) by extension 'colcon_pkg'
[2.291s] Level 1:colcon.colcon_core.package_identification:_identify(serial_motor_demo) by extensions ['colcon_meta']
[2.291s] Level 1:colcon.colcon_core.package_identification:_identify(serial_motor_demo) by extension 'colcon_meta'
[2.291s] Level 1:colcon.colcon_core.package_identification:_identify(serial_motor_demo) by extensions ['ros']
[2.291s] Level 1:colcon.colcon_core.package_identification:_identify(serial_motor_demo) by extension 'ros'
[2.291s] Level 1:colcon.colcon_core.package_identification:_identify(serial_motor_demo) by extensions ['cmake', 'python']
[2.292s] Level 1:colcon.colcon_core.package_identification:_identify(serial_motor_demo) by extension 'cmake'
[2.292s] Level 1:colcon.colcon_core.package_identification:_identify(serial_motor_demo) by extension 'python'
[2.292s] Level 1:colcon.colcon_core.package_identification:_identify(serial_motor_demo) by extensions ['python_setup_py']
[2.292s] Level 1:colcon.colcon_core.package_identification:_identify(serial_motor_demo) by extension 'python_setup_py'
[2.293s] Level 1:colcon.colcon_core.package_identification:_identify(serial_motor_demo/serial_motor_demo) by extensions ['ignore', 'ignore_ament_install']
[2.293s] Level 1:colcon.colcon_core.package_identification:_identify(serial_motor_demo/serial_motor_demo) by extension 'ignore'
[2.294s] Level 1:colcon.colcon_core.package_identification:_identify(serial_motor_demo/serial_motor_demo) by extension 'ignore_ament_install'
[2.294s] Level 1:colcon.colcon_core.package_identification:_identify(serial_motor_demo/serial_motor_demo) by extensions ['colcon_pkg']
[2.294s] Level 1:colcon.colcon_core.package_identification:_identify(serial_motor_demo/serial_motor_demo) by extension 'colcon_pkg'
[2.294s] Level 1:colcon.colcon_core.package_identification:_identify(serial_motor_demo/serial_motor_demo) by extensions ['colcon_meta']
[2.294s] Level 1:colcon.colcon_core.package_identification:_identify(serial_motor_demo/serial_motor_demo) by extension 'colcon_meta'
[2.294s] Level 1:colcon.colcon_core.package_identification:_identify(serial_motor_demo/serial_motor_demo) by extensions ['ros']
[2.295s] Level 1:colcon.colcon_core.package_identification:_identify(serial_motor_demo/serial_motor_demo) by extension 'ros'
[2.297s] DEBUG:colcon.colcon_core.package_identification:Package 'serial_motor_demo/serial_motor_demo' with type 'ros.ament_python' and name 'serial_motor_demo'
[2.298s] Level 1:colcon.colcon_core.package_identification:_identify(serial_motor_demo/serial_motor_demo_msgs) by extensions ['ignore', 'ignore_ament_install']
[2.298s] Level 1:colcon.colcon_core.package_identification:_identify(serial_motor_demo/serial_motor_demo_msgs) by extension 'ignore'
[2.299s] Level 1:colcon.colcon_core.package_identification:_identify(serial_motor_demo/serial_motor_demo_msgs) by extension 'ignore_ament_install'
[2.299s] Level 1:colcon.colcon_core.package_identification:_identify(serial_motor_demo/serial_motor_demo_msgs) by extensions ['colcon_pkg']
[2.299s] Level 1:colcon.colcon_core.package_identification:_identify(serial_motor_demo/serial_motor_demo_msgs) by extension 'colcon_pkg'
[2.299s] Level 1:colcon.colcon_core.package_identification:_identify(serial_motor_demo/serial_motor_demo_msgs) by extensions ['colcon_meta']
[2.299s] Level 1:colcon.colcon_core.package_identification:_identify(serial_motor_demo/serial_motor_demo_msgs) by extension 'colcon_meta'
[2.300s] Level 1:colcon.colcon_core.package_identification:_identify(serial_motor_demo/serial_motor_demo_msgs) by extensions ['ros']
[2.300s] Level 1:colcon.colcon_core.package_identification:_identify(serial_motor_demo/serial_motor_demo_msgs) by extension 'ros'
[2.302s] DEBUG:colcon.colcon_core.package_identification:Package 'serial_motor_demo/serial_motor_demo_msgs' with type 'ros.ament_cmake' and name 'serial_motor_demo_msgs'
[2.302s] Level 1:colcon.colcon_core.package_discovery:discover_packages(recursive) using defaults
[2.303s] Level 1:colcon.colcon_core.package_discovery:discover_packages(ignore) discover
[2.303s] Level 1:colcon.colcon_core.package_discovery:discover_packages(ignore) using defaults
[2.303s] Level 1:colcon.colcon_core.package_discovery:discover_packages(path) discover
[2.303s] Level 1:colcon.colcon_core.package_discovery:discover_packages(path) using defaults
[2.478s] Level 1:colcon.colcon_core.package_discovery:discover_packages(prefix_path) check parameters
[2.478s] Level 1:colcon.colcon_core.package_discovery:discover_packages(prefix_path) discover
[2.495s] DEBUG:colcon.colcon_installed_package_information.package_discovery:Found 4 installed packages in /home/ubuntu/denem/install
[2.498s] DEBUG:colcon.colcon_installed_package_information.package_discovery:Found 3 installed packages in /home/ubuntu/ros2_ws/install
[2.510s] DEBUG:colcon.colcon_installed_package_information.package_discovery:Found 355 installed packages in /opt/ros/humble
[2.519s] Level 1:colcon.colcon_core.package_discovery:discover_packages(prefix_path) using defaults
[2.757s] Level 5:colcon.colcon_core.verb:set package 'diffdrive_arduino' build argument 'cmake_args' from command line to 'None'
[2.757s] Level 5:colcon.colcon_core.verb:set package 'diffdrive_arduino' build argument 'cmake_target' from command line to 'None'
[2.758s] Level 5:colcon.colcon_core.verb:set package 'diffdrive_arduino' build argument 'cmake_target_skip_unavailable' from command line to 'False'
[2.758s] Level 5:colcon.colcon_core.verb:set package 'diffdrive_arduino' build argument 'cmake_clean_cache' from command line to 'False'
[2.758s] Level 5:colcon.colcon_core.verb:set package 'diffdrive_arduino' build argument 'cmake_clean_first' from command line to 'False'
[2.758s] Level 5:colcon.colcon_core.verb:set package 'diffdrive_arduino' build argument 'cmake_force_configure' from command line to 'False'
[2.758s] Level 5:colcon.colcon_core.verb:set package 'diffdrive_arduino' build argument 'ament_cmake_args' from command line to 'None'
[2.758s] Level 5:colcon.colcon_core.verb:set package 'diffdrive_arduino' build argument 'catkin_cmake_args' from command line to 'None'
[2.758s] Level 5:colcon.colcon_core.verb:set package 'diffdrive_arduino' build argument 'catkin_skip_building_tests' from command line to 'False'
[2.758s] DEBUG:colcon.colcon_core.verb:Building package 'diffdrive_arduino' with the following arguments: {'ament_cmake_args': None, 'build_base': '/home/ubuntu/denem/build/diffdrive_arduino', 'catkin_cmake_args': None, 'catkin_skip_building_tests': False, 'cmake_args': None, 'cmake_clean_cache': False, 'cmake_clean_first': False, 'cmake_force_configure': False, 'cmake_target': None, 'cmake_target_skip_unavailable': False, 'install_base': '/home/ubuntu/denem/install/diffdrive_arduino', 'merge_install': False, 'path': '/home/ubuntu/denem/diffdrive_arduino', 'symlink_install': False, 'test_result_base': None}
[2.760s] Level 5:colcon.colcon_core.verb:set package 'ros2_mpu6050' build argument 'cmake_args' from command line to 'None'
[2.760s] Level 5:colcon.colcon_core.verb:set package 'ros2_mpu6050' build argument 'cmake_target' from command line to 'None'
[2.760s] Level 5:colcon.colcon_core.verb:set package 'ros2_mpu6050' build argument 'cmake_target_skip_unavailable' from command line to 'False'
[2.760s] Level 5:colcon.colcon_core.verb:set package 'ros2_mpu6050' build argument 'cmake_clean_cache' from command line to 'False'
[2.761s] Level 5:colcon.colcon_core.verb:set package 'ros2_mpu6050' build argument 'cmake_clean_first' from command line to 'False'
[2.761s] Level 5:colcon.colcon_core.verb:set package 'ros2_mpu6050' build argument 'cmake_force_configure' from command line to 'False'
[2.761s] Level 5:colcon.colcon_core.verb:set package 'ros2_mpu6050' build argument 'ament_cmake_args' from command line to 'None'
[2.761s] Level 5:colcon.colcon_core.verb:set package 'ros2_mpu6050' build argument 'catkin_cmake_args' from command line to 'None'
[2.761s] Level 5:colcon.colcon_core.verb:set package 'ros2_mpu6050' build argument 'catkin_skip_building_tests' from command line to 'False'
[2.761s] DEBUG:colcon.colcon_core.verb:Building package 'ros2_mpu6050' with the following arguments: {'ament_cmake_args': None, 'build_base': '/home/ubuntu/denem/build/ros2_mpu6050', 'catkin_cmake_args': None, 'catkin_skip_building_tests': False, 'cmake_args': None, 'cmake_clean_cache': False, 'cmake_clean_first': False, 'cmake_force_configure': False, 'cmake_target': None, 'cmake_target_skip_unavailable': False, 'install_base': '/home/ubuntu/denem/install/ros2_mpu6050', 'merge_install': False, 'path': '/home/ubuntu/denem/imu', 'symlink_install': False, 'test_result_base': None}
[2.763s] Level 5:colcon.colcon_core.verb:set package 'serial_motor_demo_msgs' build argument 'cmake_args' from command line to 'None'
[2.763s] Level 5:colcon.colcon_core.verb:set package 'serial_motor_demo_msgs' build argument 'cmake_target' from command line to 'None'
[2.763s] Level 5:colcon.colcon_core.verb:set package 'serial_motor_demo_msgs' build argument 'cmake_target_skip_unavailable' from command line to 'False'
[2.763s] Level 5:colcon.colcon_core.verb:set package 'serial_motor_demo_msgs' build argument 'cmake_clean_cache' from command line to 'False'
[2.763s] Level 5:colcon.colcon_core.verb:set package 'serial_motor_demo_msgs' build argument 'cmake_clean_first' from command line to 'False'
[2.763s] Level 5:colcon.colcon_core.verb:set package 'serial_motor_demo_msgs' build argument 'cmake_force_configure' from command line to 'False'
[2.763s] Level 5:colcon.colcon_core.verb:set package 'serial_motor_demo_msgs' build argument 'ament_cmake_args' from command line to 'None'
[2.763s] Level 5:colcon.colcon_core.verb:set package 'serial_motor_demo_msgs' build argument 'catkin_cmake_args' from command line to 'None'
[2.764s] Level 5:colcon.colcon_core.verb:set package 'serial_motor_demo_msgs' build argument 'catkin_skip_building_tests' from command line to 'False'
[2.764s] DEBUG:colcon.colcon_core.verb:Building package 'serial_motor_demo_msgs' with the following arguments: {'ament_cmake_args': None, 'build_base': '/home/ubuntu/denem/build/serial_motor_demo_msgs', 'catkin_cmake_args': None, 'catkin_skip_building_tests': False, 'cmake_args': None, 'cmake_clean_cache': False, 'cmake_clean_first': False, 'cmake_force_configure': False, 'cmake_target': None, 'cmake_target_skip_unavailable': False, 'install_base': '/home/ubuntu/denem/install/serial_motor_demo_msgs', 'merge_install': False, 'path': '/home/ubuntu/denem/serial_motor_demo/serial_motor_demo_msgs', 'symlink_install': False, 'test_result_base': None}
[2.765s] Level 5:colcon.colcon_core.verb:set package 'serial_motor_demo' build argument 'cmake_args' from command line to 'None'
[2.765s] Level 5:colcon.colcon_core.verb:set package 'serial_motor_demo' build argument 'cmake_target' from command line to 'None'
[2.766s] Level 5:colcon.colcon_core.verb:set package 'serial_motor_demo' build argument 'cmake_target_skip_unavailable' from command line to 'False'
[2.766s] Level 5:colcon.colcon_core.verb:set package 'serial_motor_demo' build argument 'cmake_clean_cache' from command line to 'False'
[2.766s] Level 5:colcon.colcon_core.verb:set package 'serial_motor_demo' build argument 'cmake_clean_first' from command line to 'False'
[2.766s] Level 5:colcon.colcon_core.verb:set package 'serial_motor_demo' build argument 'cmake_force_configure' from command line to 'False'
[2.766s] Level 5:colcon.colcon_core.verb:set package 'serial_motor_demo' build argument 'ament_cmake_args' from command line to 'None'
[2.766s] Level 5:colcon.colcon_core.verb:set package 'serial_motor_demo' build argument 'catkin_cmake_args' from command line to 'None'
[2.766s] Level 5:colcon.colcon_core.verb:set package 'serial_motor_demo' build argument 'catkin_skip_building_tests' from command line to 'False'
[2.766s] DEBUG:colcon.colcon_core.verb:Building package 'serial_motor_demo' with the following arguments: {'ament_cmake_args': None, 'build_base': '/home/ubuntu/denem/build/serial_motor_demo', 'catkin_cmake_args': None, 'catkin_skip_building_tests': False, 'cmake_args': None, 'cmake_clean_cache': False, 'cmake_clean_first': False, 'cmake_force_configure': False, 'cmake_target': None, 'cmake_target_skip_unavailable': False, 'install_base': '/home/ubuntu/denem/install/serial_motor_demo', 'merge_install': False, 'path': '/home/ubuntu/denem/serial_motor_demo/serial_motor_demo', 'symlink_install': False, 'test_result_base': None}
[2.767s] INFO:colcon.colcon_core.executor:Executing jobs using 'parallel' executor
[2.770s] DEBUG:colcon.colcon_parallel_executor.executor.parallel:run_until_complete
[2.772s] INFO:colcon.colcon_ros.task.ament_cmake.build:Building ROS package in '/home/ubuntu/denem/serial_motor_demo/serial_motor_demo_msgs' with build type 'ament_cmake'
[2.773s] INFO:colcon.colcon_cmake.task.cmake.build:Building CMake package in '/home/ubuntu/denem/serial_motor_demo/serial_motor_demo_msgs'
[2.798s] INFO:colcon.colcon_core.plugin_system:Skipping extension 'colcon_core.shell.bat': Not used on non-Windows systems
[2.800s] INFO:colcon.colcon_core.shell:Skip shell extension 'powershell' for command environment: Not usable outside of PowerShell
[2.800s] DEBUG:colcon.colcon_core.shell:Skip shell extension 'dsv' for command environment
[2.834s] INFO:colcon.colcon_ros.task.ament_cmake.build:Building ROS package in '/home/ubuntu/denem/diffdrive_arduino' with build type 'ament_cmake'
[2.835s] INFO:colcon.colcon_cmake.task.cmake.build:Building CMake package in '/home/ubuntu/denem/diffdrive_arduino'
[2.837s] INFO:colcon.colcon_core.shell:Skip shell extension 'powershell' for command environment: Not usable outside of PowerShell
[2.837s] DEBUG:colcon.colcon_core.shell:Skip shell extension 'dsv' for command environment
[2.875s] INFO:colcon.colcon_ros.task.ament_cmake.build:Building ROS package in '/home/ubuntu/denem/imu' with build type 'ament_cmake'
[2.875s] INFO:colcon.colcon_cmake.task.cmake.build:Building CMake package in '/home/ubuntu/denem/imu'
[2.877s] INFO:colcon.colcon_core.shell:Skip shell extension 'powershell' for command environment: Not usable outside of PowerShell
[2.877s] DEBUG:colcon.colcon_core.shell:Skip shell extension 'dsv' for command environment
[2.967s] DEBUG:colcon.colcon_core.event_handler.log_command:Invoking command in '/home/ubuntu/denem/build/serial_motor_demo_msgs': CMAKE_PREFIX_PATH=${CMAKE_PREFIX_PATH}:/home/ubuntu/denem/install/serial_motor_demo:/opt/ros/humble /usr/bin/cmake --build /home/ubuntu/denem/build/serial_motor_demo_msgs -- -j4 -l4
[3.028s] DEBUG:colcon.colcon_core.event_handler.log_command:Invoking command in '/home/ubuntu/denem/build/diffdrive_arduino': CMAKE_PREFIX_PATH=${CMAKE_PREFIX_PATH}:/home/ubuntu/denem/install/serial_motor_demo:/opt/ros/humble /usr/bin/cmake --build /home/ubuntu/denem/build/diffdrive_arduino -- -j4 -l4
[3.064s] DEBUG:colcon.colcon_core.event_handler.log_command:Invoking command in '/home/ubuntu/denem/build/ros2_mpu6050': CMAKE_PREFIX_PATH=${CMAKE_PREFIX_PATH}:/home/ubuntu/denem/install/serial_motor_demo:/opt/ros/humble /usr/bin/cmake --build /home/ubuntu/denem/build/ros2_mpu6050 -- -j4 -l4
[4.022s] DEBUG:colcon.colcon_core.event_handler.log_command:Invoked command in '/home/ubuntu/denem/build/ros2_mpu6050' returned '0': CMAKE_PREFIX_PATH=${CMAKE_PREFIX_PATH}:/home/ubuntu/denem/install/serial_motor_demo:/opt/ros/humble /usr/bin/cmake --build /home/ubuntu/denem/build/ros2_mpu6050 -- -j4 -l4
[4.181s] DEBUG:colcon.colcon_core.event_handler.log_command:Invoking command in '/home/ubuntu/denem/build/ros2_mpu6050': CMAKE_PREFIX_PATH=${CMAKE_PREFIX_PATH}:/home/ubuntu/denem/install/serial_motor_demo:/opt/ros/humble /usr/bin/cmake --install /home/ubuntu/denem/build/ros2_mpu6050
[4.186s] DEBUG:colcon.colcon_core.event_handler.log_command:Invoked command in '/home/ubuntu/denem/build/diffdrive_arduino' returned '0': CMAKE_PREFIX_PATH=${CMAKE_PREFIX_PATH}:/home/ubuntu/denem/install/serial_motor_demo:/opt/ros/humble /usr/bin/cmake --build /home/ubuntu/denem/build/diffdrive_arduino -- -j4 -l4
[4.227s] DEBUG:colcon.colcon_core.event_handler.log_command:Invoking command in '/home/ubuntu/denem/build/diffdrive_arduino': CMAKE_PREFIX_PATH=${CMAKE_PREFIX_PATH}:/home/ubuntu/denem/install/serial_motor_demo:/opt/ros/humble /usr/bin/cmake --install /home/ubuntu/denem/build/diffdrive_arduino
[4.362s] Level 1:colcon.colcon_core.environment:create_environment_scripts_only(ros2_mpu6050)
[4.384s] DEBUG:colcon.colcon_core.event_handler.log_command:Invoked command in '/home/ubuntu/denem/build/ros2_mpu6050' returned '0': CMAKE_PREFIX_PATH=${CMAKE_PREFIX_PATH}:/home/ubuntu/denem/install/serial_motor_demo:/opt/ros/humble /usr/bin/cmake --install /home/ubuntu/denem/build/ros2_mpu6050
[4.517s] Level 1:colcon.colcon_core.environment:checking '/home/ubuntu/denem/install/ros2_mpu6050' for CMake module files
[4.533s] Level 1:colcon.colcon_core.environment:checking '/home/ubuntu/denem/install/ros2_mpu6050' for CMake config files
[4.537s] Level 1:colcon.colcon_core.shell:create_environment_hook('ros2_mpu6050', 'cmake_prefix_path')
[4.538s] INFO:colcon.colcon_core.shell:Creating environment hook '/home/ubuntu/denem/install/ros2_mpu6050/share/ros2_mpu6050/hook/cmake_prefix_path.ps1'
[4.557s] INFO:colcon.colcon_core.shell:Creating environment descriptor '/home/ubuntu/denem/install/ros2_mpu6050/share/ros2_mpu6050/hook/cmake_prefix_path.dsv'
[4.562s] INFO:colcon.colcon_core.shell:Creating environment hook '/home/ubuntu/denem/install/ros2_mpu6050/share/ros2_mpu6050/hook/cmake_prefix_path.sh'
[4.571s] Level 1:colcon.colcon_core.environment:checking '/home/ubuntu/denem/install/ros2_mpu6050/lib'
[4.572s] Level 1:colcon.colcon_core.environment:checking '/home/ubuntu/denem/install/ros2_mpu6050/bin'
[4.575s] Level 1:colcon.colcon_core.environment:checking '/home/ubuntu/denem/install/ros2_mpu6050/lib/pkgconfig/ros2_mpu6050.pc'
[4.590s] Level 1:colcon.colcon_core.environment:checking '/home/ubuntu/denem/install/ros2_mpu6050/lib/python3.10/site-packages'
[4.592s] Level 1:colcon.colcon_core.environment:checking '/home/ubuntu/denem/install/ros2_mpu6050/bin'
[4.595s] INFO:colcon.colcon_core.shell:Creating package script '/home/ubuntu/denem/install/ros2_mpu6050/share/ros2_mpu6050/package.ps1'
[4.601s] INFO:colcon.colcon_core.shell:Creating package descriptor '/home/ubuntu/denem/install/ros2_mpu6050/share/ros2_mpu6050/package.dsv'
[4.610s] INFO:colcon.colcon_core.shell:Creating package script '/home/ubuntu/denem/install/ros2_mpu6050/share/ros2_mpu6050/package.sh'
[4.619s] INFO:colcon.colcon_core.shell:Creating package script '/home/ubuntu/denem/install/ros2_mpu6050/share/ros2_mpu6050/package.bash'
[4.628s] INFO:colcon.colcon_core.shell:Creating package script '/home/ubuntu/denem/install/ros2_mpu6050/share/ros2_mpu6050/package.zsh'
[4.636s] Level 1:colcon.colcon_core.environment:create_file_with_runtime_dependencies(/home/ubuntu/denem/install/ros2_mpu6050/share/colcon-core/packages/ros2_mpu6050)
[4.644s] Level 1:colcon.colcon_core.environment:create_environment_scripts_only(ros2_mpu6050)
[4.646s] Level 1:colcon.colcon_core.environment:checking '/home/ubuntu/denem/install/ros2_mpu6050' for CMake module files
[4.652s] Level 1:colcon.colcon_core.environment:checking '/home/ubuntu/denem/install/ros2_mpu6050' for CMake config files
[4.656s] Level 1:colcon.colcon_core.shell:create_environment_hook('ros2_mpu6050', 'cmake_prefix_path')
[4.658s] INFO:colcon.colcon_core.shell:Creating environment hook '/home/ubuntu/denem/install/ros2_mpu6050/share/ros2_mpu6050/hook/cmake_prefix_path.ps1'
[4.663s] INFO:colcon.colcon_core.shell:Creating environment descriptor '/home/ubuntu/denem/install/ros2_mpu6050/share/ros2_mpu6050/hook/cmake_prefix_path.dsv'
[4.667s] INFO:colcon.colcon_core.shell:Creating environment hook '/home/ubuntu/denem/install/ros2_mpu6050/share/ros2_mpu6050/hook/cmake_prefix_path.sh'
[4.673s] Level 1:colcon.colcon_core.environment:checking '/home/ubuntu/denem/install/ros2_mpu6050/lib'
[4.675s] Level 1:colcon.colcon_core.environment:checking '/home/ubuntu/denem/install/ros2_mpu6050/bin'
[4.676s] Level 1:colcon.colcon_core.environment:checking '/home/ubuntu/denem/install/ros2_mpu6050/lib/pkgconfig/ros2_mpu6050.pc'
[4.679s] Level 1:colcon.colcon_core.environment:checking '/home/ubuntu/denem/install/ros2_mpu6050/lib/python3.10/site-packages'
[4.681s] Level 1:colcon.colcon_core.environment:checking '/home/ubuntu/denem/install/ros2_mpu6050/bin'
[4.684s] INFO:colcon.colcon_core.shell:Creating package script '/home/ubuntu/denem/install/ros2_mpu6050/share/ros2_mpu6050/package.ps1'
[4.689s] INFO:colcon.colcon_core.shell:Creating package descriptor '/home/ubuntu/denem/install/ros2_mpu6050/share/ros2_mpu6050/package.dsv'
[4.692s] INFO:colcon.colcon_core.shell:Creating package script '/home/ubuntu/denem/install/ros2_mpu6050/share/ros2_mpu6050/package.sh'
[4.697s] INFO:colcon.colcon_core.shell:Creating package script '/home/ubuntu/denem/install/ros2_mpu6050/share/ros2_mpu6050/package.bash'
[4.701s] INFO:colcon.colcon_core.shell:Creating package script '/home/ubuntu/denem/install/ros2_mpu6050/share/ros2_mpu6050/package.zsh'
[4.704s] Level 1:colcon.colcon_core.environment:create_file_with_runtime_dependencies(/home/ubuntu/denem/install/ros2_mpu6050/share/colcon-core/packages/ros2_mpu6050)
[4.714s] Level 1:colcon.colcon_core.environment:create_environment_scripts_only(diffdrive_arduino)
[4.716s] Level 1:colcon.colcon_core.environment:checking '/home/ubuntu/denem/install/diffdrive_arduino' for CMake module files
[4.719s] DEBUG:colcon.colcon_core.event_handler.log_command:Invoked command in '/home/ubuntu/denem/build/diffdrive_arduino' returned '0': CMAKE_PREFIX_PATH=${CMAKE_PREFIX_PATH}:/home/ubuntu/denem/install/serial_motor_demo:/opt/ros/humble /usr/bin/cmake --install /home/ubuntu/denem/build/diffdrive_arduino
[4.725s] Level 1:colcon.colcon_core.environment:checking '/home/ubuntu/denem/install/diffdrive_arduino' for CMake config files
[4.733s] Level 1:colcon.colcon_core.shell:create_environment_hook('diffdrive_arduino', 'cmake_prefix_path')
[4.735s] INFO:colcon.colcon_core.shell:Creating environment hook '/home/ubuntu/denem/install/diffdrive_arduino/share/diffdrive_arduino/hook/cmake_prefix_path.ps1'
[4.742s] INFO:colcon.colcon_core.shell:Creating environment descriptor '/home/ubuntu/denem/install/diffdrive_arduino/share/diffdrive_arduino/hook/cmake_prefix_path.dsv'
[4.749s] INFO:colcon.colcon_core.shell:Creating environment hook '/home/ubuntu/denem/install/diffdrive_arduino/share/diffdrive_arduino/hook/cmake_prefix_path.sh'
[4.759s] Level 1:colcon.colcon_core.environment:checking '/home/ubuntu/denem/install/diffdrive_arduino/lib'
[4.761s] Level 1:colcon.colcon_core.shell:create_environment_hook('diffdrive_arduino', 'ld_library_path_lib')
[4.763s] INFO:colcon.colcon_core.shell:Creating environment hook '/home/ubuntu/denem/install/diffdrive_arduino/share/diffdrive_arduino/hook/ld_library_path_lib.ps1'
[4.769s] INFO:colcon.colcon_core.shell:Creating environment descriptor '/home/ubuntu/denem/install/diffdrive_arduino/share/diffdrive_arduino/hook/ld_library_path_lib.dsv'
[4.774s] INFO:colcon.colcon_core.shell:Creating environment hook '/home/ubuntu/denem/install/diffdrive_arduino/share/diffdrive_arduino/hook/ld_library_path_lib.sh'
[4.778s] Level 1:colcon.colcon_core.environment:checking '/home/ubuntu/denem/install/diffdrive_arduino/bin'
[4.779s] Level 1:colcon.colcon_core.environment:checking '/home/ubuntu/denem/install/diffdrive_arduino/lib/pkgconfig/diffdrive_arduino.pc'
[4.781s] Level 1:colcon.colcon_core.environment:checking '/home/ubuntu/denem/install/diffdrive_arduino/lib/python3.10/site-packages'
[4.783s] Level 1:colcon.colcon_core.environment:checking '/home/ubuntu/denem/install/diffdrive_arduino/bin'
[4.785s] INFO:colcon.colcon_core.shell:Creating package script '/home/ubuntu/denem/install/diffdrive_arduino/share/diffdrive_arduino/package.ps1'
[4.790s] INFO:colcon.colcon_core.shell:Creating package descriptor '/home/ubuntu/denem/install/diffdrive_arduino/share/diffdrive_arduino/package.dsv'
[4.796s] INFO:colcon.colcon_core.shell:Creating package script '/home/ubuntu/denem/install/diffdrive_arduino/share/diffdrive_arduino/package.sh'
[4.802s] INFO:colcon.colcon_core.shell:Creating package script '/home/ubuntu/denem/install/diffdrive_arduino/share/diffdrive_arduino/package.bash'
[4.805s] INFO:colcon.colcon_core.shell:Creating package script '/home/ubuntu/denem/install/diffdrive_arduino/share/diffdrive_arduino/package.zsh'
[4.808s] Level 1:colcon.colcon_core.environment:create_file_with_runtime_dependencies(/home/ubuntu/denem/install/diffdrive_arduino/share/colcon-core/packages/diffdrive_arduino)
[4.813s] Level 1:colcon.colcon_core.environment:create_environment_scripts_only(diffdrive_arduino)
[4.814s] Level 1:colcon.colcon_core.environment:checking '/home/ubuntu/denem/install/diffdrive_arduino' for CMake module files
[4.818s] Level 1:colcon.colcon_core.environment:checking '/home/ubuntu/denem/install/diffdrive_arduino' for CMake config files
[4.826s] Level 1:colcon.colcon_core.shell:create_environment_hook('diffdrive_arduino', 'cmake_prefix_path')
[4.828s] INFO:colcon.colcon_core.shell:Creating environment hook '/home/ubuntu/denem/install/diffdrive_arduino/share/diffdrive_arduino/hook/cmake_prefix_path.ps1'
[4.833s] INFO:colcon.colcon_core.shell:Creating environment descriptor '/home/ubuntu/denem/install/diffdrive_arduino/share/diffdrive_arduino/hook/cmake_prefix_path.dsv'
[4.837s] INFO:colcon.colcon_core.shell:Creating environment hook '/home/ubuntu/denem/install/diffdrive_arduino/share/diffdrive_arduino/hook/cmake_prefix_path.sh'
[4.843s] Level 1:colcon.colcon_core.environment:checking '/home/ubuntu/denem/install/diffdrive_arduino/lib'
[4.845s] Level 1:colcon.colcon_core.shell:create_environment_hook('diffdrive_arduino', 'ld_library_path_lib')
[4.846s] INFO:colcon.colcon_core.shell:Creating environment hook '/home/ubuntu/denem/install/diffdrive_arduino/share/diffdrive_arduino/hook/ld_library_path_lib.ps1'
[4.853s] INFO:colcon.colcon_core.shell:Creating environment descriptor '/home/ubuntu/denem/install/diffdrive_arduino/share/diffdrive_arduino/hook/ld_library_path_lib.dsv'
[4.857s] INFO:colcon.colcon_core.shell:Creating environment hook '/home/ubuntu/denem/install/diffdrive_arduino/share/diffdrive_arduino/hook/ld_library_path_lib.sh'
[4.863s] Level 1:colcon.colcon_core.environment:checking '/home/ubuntu/denem/install/diffdrive_arduino/bin'
[4.865s] Level 1:colcon.colcon_core.environment:checking '/home/ubuntu/denem/install/diffdrive_arduino/lib/pkgconfig/diffdrive_arduino.pc'
[4.867s] Level 1:colcon.colcon_core.environment:checking '/home/ubuntu/denem/install/diffdrive_arduino/lib/python3.10/site-packages'
[4.870s] Level 1:colcon.colcon_core.environment:checking '/home/ubuntu/denem/install/diffdrive_arduino/bin'
[4.873s] INFO:colcon.colcon_core.shell:Creating package script '/home/ubuntu/denem/install/diffdrive_arduino/share/diffdrive_arduino/package.ps1'
[4.879s] INFO:colcon.colcon_core.shell:Creating package descriptor '/home/ubuntu/denem/install/diffdrive_arduino/share/diffdrive_arduino/package.dsv'
[4.884s] INFO:colcon.colcon_core.shell:Creating package script '/home/ubuntu/denem/install/diffdrive_arduino/share/diffdrive_arduino/package.sh'
[4.888s] INFO:colcon.colcon_core.shell:Creating package script '/home/ubuntu/denem/install/diffdrive_arduino/share/diffdrive_arduino/package.bash'
[4.899s] INFO:colcon.colcon_core.shell:Creating package script '/home/ubuntu/denem/install/diffdrive_arduino/share/diffdrive_arduino/package.zsh'
[4.906s] Level 1:colcon.colcon_core.environment:create_file_with_runtime_dependencies(/home/ubuntu/denem/install/diffdrive_arduino/share/colcon-core/packages/diffdrive_arduino)
[6.687s] DEBUG:colcon.colcon_core.event_handler.log_command:Invoked command in '/home/ubuntu/denem/build/serial_motor_demo_msgs' returned '0': CMAKE_PREFIX_PATH=${CMAKE_PREFIX_PATH}:/home/ubuntu/denem/install/serial_motor_demo:/opt/ros/humble /usr/bin/cmake --build /home/ubuntu/denem/build/serial_motor_demo_msgs -- -j4 -l4
[6.701s] DEBUG:colcon.colcon_core.event_handler.log_command:Invoking command in '/home/ubuntu/denem/build/serial_motor_demo_msgs': CMAKE_PREFIX_PATH=${CMAKE_PREFIX_PATH}:/home/ubuntu/denem/install/serial_motor_demo:/opt/ros/humble /usr/bin/cmake --install /home/ubuntu/denem/build/serial_motor_demo_msgs
[7.153s] Level 1:colcon.colcon_core.environment:create_environment_scripts_only(serial_motor_demo_msgs)
[7.155s] Level 1:colcon.colcon_core.environment:checking '/home/ubuntu/denem/install/serial_motor_demo_msgs' for CMake module files
[7.159s] DEBUG:colcon.colcon_core.event_handler.log_command:Invoked command in '/home/ubuntu/denem/build/serial_motor_demo_msgs' returned '0': CMAKE_PREFIX_PATH=${CMAKE_PREFIX_PATH}:/home/ubuntu/denem/install/serial_motor_demo:/opt/ros/humble /usr/bin/cmake --install /home/ubuntu/denem/build/serial_motor_demo_msgs
[7.165s] Level 1:colcon.colcon_core.environment:checking '/home/ubuntu/denem/install/serial_motor_demo_msgs' for CMake config files
[7.170s] Level 1:colcon.colcon_core.shell:create_environment_hook('serial_motor_demo_msgs', 'cmake_prefix_path')
[7.171s] INFO:colcon.colcon_core.shell:Creating environment hook '/home/ubuntu/denem/install/serial_motor_demo_msgs/share/serial_motor_demo_msgs/hook/cmake_prefix_path.ps1'
[7.174s] INFO:colcon.colcon_core.shell:Creating environment descriptor '/home/ubuntu/denem/install/serial_motor_demo_msgs/share/serial_motor_demo_msgs/hook/cmake_prefix_path.dsv'
[7.176s] INFO:colcon.colcon_core.shell:Creating environment hook '/home/ubuntu/denem/install/serial_motor_demo_msgs/share/serial_motor_demo_msgs/hook/cmake_prefix_path.sh'
[7.179s] Level 1:colcon.colcon_core.environment:checking '/home/ubuntu/denem/install/serial_motor_demo_msgs/lib'
[7.180s] Level 1:colcon.colcon_core.shell:create_environment_hook('serial_motor_demo_msgs', 'ld_library_path_lib')
[7.181s] INFO:colcon.colcon_core.shell:Creating environment hook '/home/ubuntu/denem/install/serial_motor_demo_msgs/share/serial_motor_demo_msgs/hook/ld_library_path_lib.ps1'
[7.183s] INFO:colcon.colcon_core.shell:Creating environment descriptor '/home/ubuntu/denem/install/serial_motor_demo_msgs/share/serial_motor_demo_msgs/hook/ld_library_path_lib.dsv'
[7.185s] INFO:colcon.colcon_core.shell:Creating environment hook '/home/ubuntu/denem/install/serial_motor_demo_msgs/share/serial_motor_demo_msgs/hook/ld_library_path_lib.sh'
[7.187s] Level 1:colcon.colcon_core.environment:checking '/home/ubuntu/denem/install/serial_motor_demo_msgs/bin'
[7.188s] Level 1:colcon.colcon_core.environment:checking '/home/ubuntu/denem/install/serial_motor_demo_msgs/lib/pkgconfig/serial_motor_demo_msgs.pc'
[7.189s] Level 1:colcon.colcon_core.environment:checking '/home/ubuntu/denem/install/serial_motor_demo_msgs/lib/python3.10/site-packages'
[7.189s] Level 1:colcon.colcon_core.environment:checking '/home/ubuntu/denem/install/serial_motor_demo_msgs/bin'
[7.191s] INFO:colcon.colcon_core.shell:Creating package script '/home/ubuntu/denem/install/serial_motor_demo_msgs/share/serial_motor_demo_msgs/package.ps1'
[7.193s] INFO:colcon.colcon_core.shell:Creating package descriptor '/home/ubuntu/denem/install/serial_motor_demo_msgs/share/serial_motor_demo_msgs/package.dsv'
[7.196s] INFO:colcon.colcon_core.shell:Creating package script '/home/ubuntu/denem/install/serial_motor_demo_msgs/share/serial_motor_demo_msgs/package.sh'
[7.198s] INFO:colcon.colcon_core.shell:Creating package script '/home/ubuntu/denem/install/serial_motor_demo_msgs/share/serial_motor_demo_msgs/package.bash'
[7.200s] INFO:colcon.colcon_core.shell:Creating package script '/home/ubuntu/denem/install/serial_motor_demo_msgs/share/serial_motor_demo_msgs/package.zsh'
[7.202s] Level 1:colcon.colcon_core.environment:create_file_with_runtime_dependencies(/home/ubuntu/denem/install/serial_motor_demo_msgs/share/colcon-core/packages/serial_motor_demo_msgs)
[7.206s] Level 1:colcon.colcon_core.environment:create_environment_scripts_only(serial_motor_demo_msgs)
[7.207s] Level 1:colcon.colcon_core.environment:checking '/home/ubuntu/denem/install/serial_motor_demo_msgs' for CMake module files
[7.211s] Level 1:colcon.colcon_core.environment:checking '/home/ubuntu/denem/install/serial_motor_demo_msgs' for CMake config files
[7.216s] Level 1:colcon.colcon_core.shell:create_environment_hook('serial_motor_demo_msgs', 'cmake_prefix_path')
[7.217s] INFO:colcon.colcon_core.shell:Creating environment hook '/home/ubuntu/denem/install/serial_motor_demo_msgs/share/serial_motor_demo_msgs/hook/cmake_prefix_path.ps1'
[7.220s] INFO:colcon.colcon_core.shell:Creating environment descriptor '/home/ubuntu/denem/install/serial_motor_demo_msgs/share/serial_motor_demo_msgs/hook/cmake_prefix_path.dsv'
[7.223s] INFO:colcon.colcon_core.shell:Creating environment hook '/home/ubuntu/denem/install/serial_motor_demo_msgs/share/serial_motor_demo_msgs/hook/cmake_prefix_path.sh'
[7.228s] Level 1:colcon.colcon_core.environment:checking '/home/ubuntu/denem/install/serial_motor_demo_msgs/lib'
[7.229s] Level 1:colcon.colcon_core.shell:create_environment_hook('serial_motor_demo_msgs', 'ld_library_path_lib')
[7.231s] INFO:colcon.colcon_core.shell:Creating environment hook '/home/ubuntu/denem/install/serial_motor_demo_msgs/share/serial_motor_demo_msgs/hook/ld_library_path_lib.ps1'
[7.235s] INFO:colcon.colcon_core.shell:Creating environment descriptor '/home/ubuntu/denem/install/serial_motor_demo_msgs/share/serial_motor_demo_msgs/hook/ld_library_path_lib.dsv'
[7.238s] INFO:colcon.colcon_core.shell:Creating environment hook '/home/ubuntu/denem/install/serial_motor_demo_msgs/share/serial_motor_demo_msgs/hook/ld_library_path_lib.sh'
[7.242s] Level 1:colcon.colcon_core.environment:checking '/home/ubuntu/denem/install/serial_motor_demo_msgs/bin'
[7.242s] Level 1:colcon.colcon_core.environment:checking '/home/ubuntu/denem/install/serial_motor_demo_msgs/lib/pkgconfig/serial_motor_demo_msgs.pc'
[7.244s] Level 1:colcon.colcon_core.environment:checking '/home/ubuntu/denem/install/serial_motor_demo_msgs/lib/python3.10/site-packages'
[7.246s] Level 1:colcon.colcon_core.environment:checking '/home/ubuntu/denem/install/serial_motor_demo_msgs/bin'
[7.248s] INFO:colcon.colcon_core.shell:Creating package script '/home/ubuntu/denem/install/serial_motor_demo_msgs/share/serial_motor_demo_msgs/package.ps1'
[7.254s] INFO:colcon.colcon_core.shell:Creating package descriptor '/home/ubuntu/denem/install/serial_motor_demo_msgs/share/serial_motor_demo_msgs/package.dsv'
[7.261s] INFO:colcon.colcon_core.shell:Creating package script '/home/ubuntu/denem/install/serial_motor_demo_msgs/share/serial_motor_demo_msgs/package.sh'
[7.266s] INFO:colcon.colcon_core.shell:Creating package script '/home/ubuntu/denem/install/serial_motor_demo_msgs/share/serial_motor_demo_msgs/package.bash'
[7.270s] INFO:colcon.colcon_core.shell:Creating package script '/home/ubuntu/denem/install/serial_motor_demo_msgs/share/serial_motor_demo_msgs/package.zsh'
[7.274s] Level 1:colcon.colcon_core.environment:create_file_with_runtime_dependencies(/home/ubuntu/denem/install/serial_motor_demo_msgs/share/colcon-core/packages/serial_motor_demo_msgs)
[7.278s] INFO:colcon.colcon_ros.task.ament_python.build:Building ROS package in '/home/ubuntu/denem/serial_motor_demo/serial_motor_demo' with build type 'ament_python'
[7.280s] Level 1:colcon.colcon_core.shell:create_environment_hook('serial_motor_demo', 'ament_prefix_path')
[7.281s] INFO:colcon.colcon_core.shell:Creating environment hook '/home/ubuntu/denem/install/serial_motor_demo/share/serial_motor_demo/hook/ament_prefix_path.ps1'
[7.286s] INFO:colcon.colcon_core.shell:Creating environment descriptor '/home/ubuntu/denem/install/serial_motor_demo/share/serial_motor_demo/hook/ament_prefix_path.dsv'
[7.288s] INFO:colcon.colcon_core.shell:Creating environment hook '/home/ubuntu/denem/install/serial_motor_demo/share/serial_motor_demo/hook/ament_prefix_path.sh'
[7.293s] INFO:colcon.colcon_core.shell:Skip shell extension 'powershell' for command environment: Not usable outside of PowerShell
[7.293s] DEBUG:colcon.colcon_core.shell:Skip shell extension 'dsv' for command environment
[9.043s] INFO:colcon.colcon_core.task.python.build:Building Python package in '/home/ubuntu/denem/serial_motor_demo/serial_motor_demo'
[9.045s] INFO:colcon.colcon_core.shell:Skip shell extension 'powershell' for command environment: Not usable outside of PowerShell
[9.045s] DEBUG:colcon.colcon_core.shell:Skip shell extension 'dsv' for command environment
[12.183s] DEBUG:colcon.colcon_core.event_handler.log_command:Invoking command in '/home/ubuntu/denem/serial_motor_demo/serial_motor_demo': PYTHONPATH=/home/ubuntu/denem/build/serial_motor_demo/prefix_override:/usr/lib/python3/dist-packages/colcon_core/task/python/colcon_distutils_commands:/home/ubuntu/denem/install/serial_motor_demo/lib/python3.10/site-packages:${PYTHONPATH} /usr/bin/python3 -W ignore:setup.py install is deprecated -W ignore:easy_install command is deprecated setup.py egg_info --egg-base ../../build/serial_motor_demo build --build-base /home/ubuntu/denem/build/serial_motor_demo/build install --record /home/ubuntu/denem/build/serial_motor_demo/install.log --install-scripts $base/lib/serial_motor_demo --single-version-externally-managed install_data
[14.037s] Level 1:colcon.colcon_core.environment:checking '/home/ubuntu/denem/install/serial_motor_demo' for CMake module files
[14.042s] DEBUG:colcon.colcon_core.event_handler.log_command:Invoked command in '/home/ubuntu/denem/serial_motor_demo/serial_motor_demo' returned '0': PYTHONPATH=/home/ubuntu/denem/build/serial_motor_demo/prefix_override:/usr/lib/python3/dist-packages/colcon_core/task/python/colcon_distutils_commands:/home/ubuntu/denem/install/serial_motor_demo/lib/python3.10/site-packages:${PYTHONPATH} /usr/bin/python3 -W ignore:setup.py install is deprecated -W ignore:easy_install command is deprecated setup.py egg_info --egg-base ../../build/serial_motor_demo build --build-base /home/ubuntu/denem/build/serial_motor_demo/build install --record /home/ubuntu/denem/build/serial_motor_demo/install.log --install-scripts $base/lib/serial_motor_demo --single-version-externally-managed install_data
[14.046s] Level 1:colcon.colcon_core.environment:checking '/home/ubuntu/denem/install/serial_motor_demo' for CMake config files
[14.053s] Level 1:colcon.colcon_core.environment:checking '/home/ubuntu/denem/install/serial_motor_demo/lib'
[14.053s] Level 1:colcon.colcon_core.environment:checking '/home/ubuntu/denem/install/serial_motor_demo/bin'
[14.054s] Level 1:colcon.colcon_core.environment:checking '/home/ubuntu/denem/install/serial_motor_demo/lib/pkgconfig/serial_motor_demo.pc'
[14.055s] Level 1:colcon.colcon_core.environment:checking '/home/ubuntu/denem/install/serial_motor_demo/lib/python3.10/site-packages'
[14.055s] Level 1:colcon.colcon_core.shell:create_environment_hook('serial_motor_demo', 'pythonpath')
[14.056s] INFO:colcon.colcon_core.shell:Creating environment hook '/home/ubuntu/denem/install/serial_motor_demo/share/serial_motor_demo/hook/pythonpath.ps1'
[14.059s] INFO:colcon.colcon_core.shell:Creating environment descriptor '/home/ubuntu/denem/install/serial_motor_demo/share/serial_motor_demo/hook/pythonpath.dsv'
[14.061s] INFO:colcon.colcon_core.shell:Creating environment hook '/home/ubuntu/denem/install/serial_motor_demo/share/serial_motor_demo/hook/pythonpath.sh'
[14.064s] Level 1:colcon.colcon_core.environment:checking '/home/ubuntu/denem/install/serial_motor_demo/bin'
[14.065s] Level 1:colcon.colcon_core.environment:create_environment_scripts_only(serial_motor_demo)
[14.066s] INFO:colcon.colcon_core.shell:Creating package script '/home/ubuntu/denem/install/serial_motor_demo/share/serial_motor_demo/package.ps1'
[14.069s] INFO:colcon.colcon_core.shell:Creating package descriptor '/home/ubuntu/denem/install/serial_motor_demo/share/serial_motor_demo/package.dsv'
[14.071s] INFO:colcon.colcon_core.shell:Creating package script '/home/ubuntu/denem/install/serial_motor_demo/share/serial_motor_demo/package.sh'
[14.073s] INFO:colcon.colcon_core.shell:Creating package script '/home/ubuntu/denem/install/serial_motor_demo/share/serial_motor_demo/package.bash'
[14.075s] INFO:colcon.colcon_core.shell:Creating package script '/home/ubuntu/denem/install/serial_motor_demo/share/serial_motor_demo/package.zsh'
[14.077s] Level 1:colcon.colcon_core.environment:create_file_with_runtime_dependencies(/home/ubuntu/denem/install/serial_motor_demo/share/colcon-core/packages/serial_motor_demo)
[14.079s] DEBUG:colcon.colcon_parallel_executor.executor.parallel:closing loop
[14.080s] DEBUG:colcon.colcon_parallel_executor.executor.parallel:loop closed
[14.081s] DEBUG:colcon.colcon_parallel_executor.executor.parallel:run_until_complete finished with '0'
[14.082s] DEBUG:colcon.colcon_core.event_reactor:joining thread
[14.118s] INFO:colcon.colcon_core.plugin_system:Skipping extension 'colcon_notification.desktop_notification.terminal_notifier': Not used on non-Darwin systems
[14.118s] INFO:colcon.colcon_core.plugin_system:Skipping extension 'colcon_notification.desktop_notification.win32': Not used on non-Windows systems
[14.119s] INFO:colcon.colcon_notification.desktop_notification:Sending desktop notification using 'notify2'
[14.240s] DEBUG:colcon.colcon_core.event_reactor:joined thread
[14.243s] INFO:colcon.colcon_core.shell:Creating prefix script '/home/ubuntu/denem/install/local_setup.ps1'
[14.252s] INFO:colcon.colcon_core.shell:Creating prefix util module '/home/ubuntu/denem/install/_local_setup_util_ps1.py'
[14.263s] INFO:colcon.colcon_core.shell:Creating prefix chain script '/home/ubuntu/denem/install/setup.ps1'
[14.274s] INFO:colcon.colcon_core.shell:Creating prefix script '/home/ubuntu/denem/install/local_setup.sh'
[14.279s] INFO:colcon.colcon_core.shell:Creating prefix util module '/home/ubuntu/denem/install/_local_setup_util_sh.py'
[14.283s] INFO:colcon.colcon_core.shell:Creating prefix chain script '/home/ubuntu/denem/install/setup.sh'
[14.292s] INFO:colcon.colcon_core.shell:Creating prefix script '/home/ubuntu/denem/install/local_setup.bash'
[14.296s] INFO:colcon.colcon_core.shell:Creating prefix chain script '/home/ubuntu/denem/install/setup.bash'
[14.306s] INFO:colcon.colcon_core.shell:Creating prefix script '/home/ubuntu/denem/install/local_setup.zsh'
[14.311s] INFO:colcon.colcon_core.shell:Creating prefix chain script '/home/ubuntu/denem/install/setup.zsh'
