[0.500s] DEBUG:colcon:Command line arguments: ['/usr/bin/colcon', 'build']
[0.500s] DEBUG:colcon:Parsed command line arguments: Namespace(log_base=None, log_level=None, verb_name='build', build_base='build', install_base='install', merge_install=False, symlink_install=False, test_result_base=None, continue_on_error=False, executor='parallel', parallel_workers=4, event_handlers=None, ignore_user_meta=False, metas=['./colcon.meta'], base_paths=['.'], packages_ignore=None, packages_ignore_regex=None, paths=None, packages_up_to=None, packages_up_to_regex=None, packages_above=None, packages_above_and_dependencies=None, packages_above_depth=None, packages_select_by_dep=None, packages_skip_by_dep=None, packages_skip_up_to=None, packages_select_build_failed=False, packages_skip_build_finished=False, packages_select_test_failures=False, packages_skip_test_passed=False, packages_select=None, packages_skip=None, packages_select_regex=None, packages_skip_regex=None, packages_start=None, packages_end=None, allow_overriding=[], cmake_args=None, cmake_target=None, cmake_target_skip_unavailable=False, cmake_clean_cache=False, cmake_clean_first=False, cmake_force_configure=False, ament_cmake_args=None, catkin_cmake_args=None, catkin_skip_building_tests=False, mixin_files=None, mixin=None, verb_parser=<colcon_mixin.mixin.mixin_argument.MixinArgumentDecorator object at 0xffff85bcf850>, verb_extension=<colcon_core.verb.build.BuildVerb object at 0xffff85dd4700>, main=<bound method BuildVerb.main of <colcon_core.verb.build.BuildVerb object at 0xffff85dd4700>>, mixin_verb=('build',))
[1.391s] Level 1:colcon.colcon_core.package_discovery:discover_packages(colcon_meta) check parameters
[1.392s] Level 1:colcon.colcon_core.package_discovery:discover_packages(recursive) check parameters
[1.392s] Level 1:colcon.colcon_core.package_discovery:discover_packages(ignore) check parameters
[1.392s] Level 1:colcon.colcon_core.package_discovery:discover_packages(path) check parameters
[1.392s] Level 1:colcon.colcon_core.package_discovery:discover_packages(colcon_meta) discover
[1.392s] Level 1:colcon.colcon_core.package_discovery:discover_packages(recursive) discover
[1.392s] INFO:colcon.colcon_core.package_discovery:Crawling recursively for packages in '/home/ubuntu/denem'
[1.393s] Level 1:colcon.colcon_core.package_identification:_identify(.) by extensions ['ignore', 'ignore_ament_install']
[1.393s] Level 1:colcon.colcon_core.package_identification:_identify(.) by extension 'ignore'
[1.393s] Level 1:colcon.colcon_core.package_identification:_identify(.) by extension 'ignore_ament_install'
[1.394s] Level 1:colcon.colcon_core.package_identification:_identify(.) by extensions ['colcon_pkg']
[1.394s] Level 1:colcon.colcon_core.package_identification:_identify(.) by extension 'colcon_pkg'
[1.394s] Level 1:colcon.colcon_core.package_identification:_identify(.) by extensions ['colcon_meta']
[1.394s] Level 1:colcon.colcon_core.package_identification:_identify(.) by extension 'colcon_meta'
[1.394s] Level 1:colcon.colcon_core.package_identification:_identify(.) by extensions ['ros']
[1.394s] Level 1:colcon.colcon_core.package_identification:_identify(.) by extension 'ros'
[1.439s] Level 1:colcon.colcon_core.package_identification:_identify(.) by extensions ['cmake', 'python']
[1.439s] Level 1:colcon.colcon_core.package_identification:_identify(.) by extension 'cmake'
[1.439s] Level 1:colcon.colcon_core.package_identification:_identify(.) by extension 'python'
[1.439s] Level 1:colcon.colcon_core.package_identification:_identify(.) by extensions ['python_setup_py']
[1.439s] Level 1:colcon.colcon_core.package_identification:_identify(.) by extension 'python_setup_py'
[1.440s] Level 1:colcon.colcon_core.package_identification:_identify(build) by extensions ['ignore', 'ignore_ament_install']
[1.440s] Level 1:colcon.colcon_core.package_identification:_identify(build) by extension 'ignore'
[1.440s] Level 1:colcon.colcon_core.package_identification:_identify(build) ignored
[1.441s] Level 1:colcon.colcon_core.package_identification:_identify(diffdrive_arduino) by extensions ['ignore', 'ignore_ament_install']
[1.441s] Level 1:colcon.colcon_core.package_identification:_identify(diffdrive_arduino) by extension 'ignore'
[1.441s] Level 1:colcon.colcon_core.package_identification:_identify(diffdrive_arduino) by extension 'ignore_ament_install'
[1.442s] Level 1:colcon.colcon_core.package_identification:_identify(diffdrive_arduino) by extensions ['colcon_pkg']
[1.442s] Level 1:colcon.colcon_core.package_identification:_identify(diffdrive_arduino) by extension 'colcon_pkg'
[1.442s] Level 1:colcon.colcon_core.package_identification:_identify(diffdrive_arduino) by extensions ['colcon_meta']
[1.442s] Level 1:colcon.colcon_core.package_identification:_identify(diffdrive_arduino) by extension 'colcon_meta'
[1.442s] Level 1:colcon.colcon_core.package_identification:_identify(diffdrive_arduino) by extensions ['ros']
[1.442s] Level 1:colcon.colcon_core.package_identification:_identify(diffdrive_arduino) by extension 'ros'
[1.453s] DEBUG:colcon.colcon_core.package_identification:Package 'diffdrive_arduino' with type 'ros.ament_cmake' and name 'diffdrive_arduino'
[1.454s] Level 1:colcon.colcon_core.package_identification:_identify(install) by extensions ['ignore', 'ignore_ament_install']
[1.455s] Level 1:colcon.colcon_core.package_identification:_identify(install) by extension 'ignore'
[1.455s] Level 1:colcon.colcon_core.package_identification:_identify(install) ignored
[1.455s] Level 1:colcon.colcon_core.package_identification:_identify(log) by extensions ['ignore', 'ignore_ament_install']
[1.456s] Level 1:colcon.colcon_core.package_identification:_identify(log) by extension 'ignore'
[1.456s] Level 1:colcon.colcon_core.package_identification:_identify(log) ignored
[1.456s] Level 1:colcon.colcon_core.package_identification:_identify(serial_motor_demo) by extensions ['ignore', 'ignore_ament_install']
[1.456s] Level 1:colcon.colcon_core.package_identification:_identify(serial_motor_demo) by extension 'ignore'
[1.457s] Level 1:colcon.colcon_core.package_identification:_identify(serial_motor_demo) by extension 'ignore_ament_install'
[1.457s] Level 1:colcon.colcon_core.package_identification:_identify(serial_motor_demo) by extensions ['colcon_pkg']
[1.457s] Level 1:colcon.colcon_core.package_identification:_identify(serial_motor_demo) by extension 'colcon_pkg'
[1.457s] Level 1:colcon.colcon_core.package_identification:_identify(serial_motor_demo) by extensions ['colcon_meta']
[1.457s] Level 1:colcon.colcon_core.package_identification:_identify(serial_motor_demo) by extension 'colcon_meta'
[1.457s] Level 1:colcon.colcon_core.package_identification:_identify(serial_motor_demo) by extensions ['ros']
[1.457s] Level 1:colcon.colcon_core.package_identification:_identify(serial_motor_demo) by extension 'ros'
[1.458s] Level 1:colcon.colcon_core.package_identification:_identify(serial_motor_demo) by extensions ['cmake', 'python']
[1.458s] Level 1:colcon.colcon_core.package_identification:_identify(serial_motor_demo) by extension 'cmake'
[1.458s] Level 1:colcon.colcon_core.package_identification:_identify(serial_motor_demo) by extension 'python'
[1.458s] Level 1:colcon.colcon_core.package_identification:_identify(serial_motor_demo) by extensions ['python_setup_py']
[1.458s] Level 1:colcon.colcon_core.package_identification:_identify(serial_motor_demo) by extension 'python_setup_py'
[1.459s] Level 1:colcon.colcon_core.package_identification:_identify(serial_motor_demo/serial_motor_demo) by extensions ['ignore', 'ignore_ament_install']
[1.459s] Level 1:colcon.colcon_core.package_identification:_identify(serial_motor_demo/serial_motor_demo) by extension 'ignore'
[1.459s] Level 1:colcon.colcon_core.package_identification:_identify(serial_motor_demo/serial_motor_demo) by extension 'ignore_ament_install'
[1.460s] Level 1:colcon.colcon_core.package_identification:_identify(serial_motor_demo/serial_motor_demo) by extensions ['colcon_pkg']
[1.460s] Level 1:colcon.colcon_core.package_identification:_identify(serial_motor_demo/serial_motor_demo) by extension 'colcon_pkg'
[1.460s] Level 1:colcon.colcon_core.package_identification:_identify(serial_motor_demo/serial_motor_demo) by extensions ['colcon_meta']
[1.460s] Level 1:colcon.colcon_core.package_identification:_identify(serial_motor_demo/serial_motor_demo) by extension 'colcon_meta'
[1.460s] Level 1:colcon.colcon_core.package_identification:_identify(serial_motor_demo/serial_motor_demo) by extensions ['ros']
[1.460s] Level 1:colcon.colcon_core.package_identification:_identify(serial_motor_demo/serial_motor_demo) by extension 'ros'
[1.463s] DEBUG:colcon.colcon_core.package_identification:Package 'serial_motor_demo/serial_motor_demo' with type 'ros.ament_python' and name 'serial_motor_demo'
[1.464s] Level 1:colcon.colcon_core.package_identification:_identify(serial_motor_demo/serial_motor_demo_msgs) by extensions ['ignore', 'ignore_ament_install']
[1.464s] Level 1:colcon.colcon_core.package_identification:_identify(serial_motor_demo/serial_motor_demo_msgs) by extension 'ignore'
[1.464s] Level 1:colcon.colcon_core.package_identification:_identify(serial_motor_demo/serial_motor_demo_msgs) by extension 'ignore_ament_install'
[1.464s] Level 1:colcon.colcon_core.package_identification:_identify(serial_motor_demo/serial_motor_demo_msgs) by extensions ['colcon_pkg']
[1.465s] Level 1:colcon.colcon_core.package_identification:_identify(serial_motor_demo/serial_motor_demo_msgs) by extension 'colcon_pkg'
[1.465s] Level 1:colcon.colcon_core.package_identification:_identify(serial_motor_demo/serial_motor_demo_msgs) by extensions ['colcon_meta']
[1.465s] Level 1:colcon.colcon_core.package_identification:_identify(serial_motor_demo/serial_motor_demo_msgs) by extension 'colcon_meta'
[1.465s] Level 1:colcon.colcon_core.package_identification:_identify(serial_motor_demo/serial_motor_demo_msgs) by extensions ['ros']
[1.465s] Level 1:colcon.colcon_core.package_identification:_identify(serial_motor_demo/serial_motor_demo_msgs) by extension 'ros'
[1.467s] DEBUG:colcon.colcon_core.package_identification:Package 'serial_motor_demo/serial_motor_demo_msgs' with type 'ros.ament_cmake' and name 'serial_motor_demo_msgs'
[1.468s] Level 1:colcon.colcon_core.package_discovery:discover_packages(recursive) using defaults
[1.468s] Level 1:colcon.colcon_core.package_discovery:discover_packages(ignore) discover
[1.468s] Level 1:colcon.colcon_core.package_discovery:discover_packages(ignore) using defaults
[1.468s] Level 1:colcon.colcon_core.package_discovery:discover_packages(path) discover
[1.468s] Level 1:colcon.colcon_core.package_discovery:discover_packages(path) using defaults
[1.604s] Level 1:colcon.colcon_core.package_discovery:discover_packages(prefix_path) check parameters
[1.605s] Level 1:colcon.colcon_core.package_discovery:discover_packages(prefix_path) discover
[1.614s] DEBUG:colcon.colcon_installed_package_information.package_discovery:Found 3 installed packages in /home/ubuntu/denem/install
[1.617s] DEBUG:colcon.colcon_installed_package_information.package_discovery:Found 3 installed packages in /home/ubuntu/ros2_ws/install
[1.628s] DEBUG:colcon.colcon_installed_package_information.package_discovery:Found 355 installed packages in /opt/ros/humble
[1.636s] Level 1:colcon.colcon_core.package_discovery:discover_packages(prefix_path) using defaults
[1.844s] Level 5:colcon.colcon_core.verb:set package 'diffdrive_arduino' build argument 'cmake_args' from command line to 'None'
[1.844s] Level 5:colcon.colcon_core.verb:set package 'diffdrive_arduino' build argument 'cmake_target' from command line to 'None'
[1.844s] Level 5:colcon.colcon_core.verb:set package 'diffdrive_arduino' build argument 'cmake_target_skip_unavailable' from command line to 'False'
[1.844s] Level 5:colcon.colcon_core.verb:set package 'diffdrive_arduino' build argument 'cmake_clean_cache' from command line to 'False'
[1.844s] Level 5:colcon.colcon_core.verb:set package 'diffdrive_arduino' build argument 'cmake_clean_first' from command line to 'False'
[1.844s] Level 5:colcon.colcon_core.verb:set package 'diffdrive_arduino' build argument 'cmake_force_configure' from command line to 'False'
[1.845s] Level 5:colcon.colcon_core.verb:set package 'diffdrive_arduino' build argument 'ament_cmake_args' from command line to 'None'
[1.845s] Level 5:colcon.colcon_core.verb:set package 'diffdrive_arduino' build argument 'catkin_cmake_args' from command line to 'None'
[1.845s] Level 5:colcon.colcon_core.verb:set package 'diffdrive_arduino' build argument 'catkin_skip_building_tests' from command line to 'False'
[1.845s] DEBUG:colcon.colcon_core.verb:Building package 'diffdrive_arduino' with the following arguments: {'ament_cmake_args': None, 'build_base': '/home/ubuntu/denem/build/diffdrive_arduino', 'catkin_cmake_args': None, 'catkin_skip_building_tests': False, 'cmake_args': None, 'cmake_clean_cache': False, 'cmake_clean_first': False, 'cmake_force_configure': False, 'cmake_target': None, 'cmake_target_skip_unavailable': False, 'install_base': '/home/ubuntu/denem/install/diffdrive_arduino', 'merge_install': False, 'path': '/home/ubuntu/denem/diffdrive_arduino', 'symlink_install': False, 'test_result_base': None}
[1.847s] Level 5:colcon.colcon_core.verb:set package 'serial_motor_demo_msgs' build argument 'cmake_args' from command line to 'None'
[1.847s] Level 5:colcon.colcon_core.verb:set package 'serial_motor_demo_msgs' build argument 'cmake_target' from command line to 'None'
[1.847s] Level 5:colcon.colcon_core.verb:set package 'serial_motor_demo_msgs' build argument 'cmake_target_skip_unavailable' from command line to 'False'
[1.847s] Level 5:colcon.colcon_core.verb:set package 'serial_motor_demo_msgs' build argument 'cmake_clean_cache' from command line to 'False'
[1.847s] Level 5:colcon.colcon_core.verb:set package 'serial_motor_demo_msgs' build argument 'cmake_clean_first' from command line to 'False'
[1.847s] Level 5:colcon.colcon_core.verb:set package 'serial_motor_demo_msgs' build argument 'cmake_force_configure' from command line to 'False'
[1.847s] Level 5:colcon.colcon_core.verb:set package 'serial_motor_demo_msgs' build argument 'ament_cmake_args' from command line to 'None'
[1.847s] Level 5:colcon.colcon_core.verb:set package 'serial_motor_demo_msgs' build argument 'catkin_cmake_args' from command line to 'None'
[1.847s] Level 5:colcon.colcon_core.verb:set package 'serial_motor_demo_msgs' build argument 'catkin_skip_building_tests' from command line to 'False'
[1.848s] DEBUG:colcon.colcon_core.verb:Building package 'serial_motor_demo_msgs' with the following arguments: {'ament_cmake_args': None, 'build_base': '/home/ubuntu/denem/build/serial_motor_demo_msgs', 'catkin_cmake_args': None, 'catkin_skip_building_tests': False, 'cmake_args': None, 'cmake_clean_cache': False, 'cmake_clean_first': False, 'cmake_force_configure': False, 'cmake_target': None, 'cmake_target_skip_unavailable': False, 'install_base': '/home/ubuntu/denem/install/serial_motor_demo_msgs', 'merge_install': False, 'path': '/home/ubuntu/denem/serial_motor_demo/serial_motor_demo_msgs', 'symlink_install': False, 'test_result_base': None}
[1.849s] Level 5:colcon.colcon_core.verb:set package 'serial_motor_demo' build argument 'cmake_args' from command line to 'None'
[1.849s] Level 5:colcon.colcon_core.verb:set package 'serial_motor_demo' build argument 'cmake_target' from command line to 'None'
[1.849s] Level 5:colcon.colcon_core.verb:set package 'serial_motor_demo' build argument 'cmake_target_skip_unavailable' from command line to 'False'
[1.849s] Level 5:colcon.colcon_core.verb:set package 'serial_motor_demo' build argument 'cmake_clean_cache' from command line to 'False'
[1.849s] Level 5:colcon.colcon_core.verb:set package 'serial_motor_demo' build argument 'cmake_clean_first' from command line to 'False'
[1.850s] Level 5:colcon.colcon_core.verb:set package 'serial_motor_demo' build argument 'cmake_force_configure' from command line to 'False'
[1.850s] Level 5:colcon.colcon_core.verb:set package 'serial_motor_demo' build argument 'ament_cmake_args' from command line to 'None'
[1.850s] Level 5:colcon.colcon_core.verb:set package 'serial_motor_demo' build argument 'catkin_cmake_args' from command line to 'None'
[1.850s] Level 5:colcon.colcon_core.verb:set package 'serial_motor_demo' build argument 'catkin_skip_building_tests' from command line to 'False'
[1.850s] DEBUG:colcon.colcon_core.verb:Building package 'serial_motor_demo' with the following arguments: {'ament_cmake_args': None, 'build_base': '/home/ubuntu/denem/build/serial_motor_demo', 'catkin_cmake_args': None, 'catkin_skip_building_tests': False, 'cmake_args': None, 'cmake_clean_cache': False, 'cmake_clean_first': False, 'cmake_force_configure': False, 'cmake_target': None, 'cmake_target_skip_unavailable': False, 'install_base': '/home/ubuntu/denem/install/serial_motor_demo', 'merge_install': False, 'path': '/home/ubuntu/denem/serial_motor_demo/serial_motor_demo', 'symlink_install': False, 'test_result_base': None}
[1.851s] INFO:colcon.colcon_core.executor:Executing jobs using 'parallel' executor
[1.854s] DEBUG:colcon.colcon_parallel_executor.executor.parallel:run_until_complete
[1.855s] INFO:colcon.colcon_ros.task.ament_cmake.build:Building ROS package in '/home/ubuntu/denem/serial_motor_demo/serial_motor_demo_msgs' with build type 'ament_cmake'
[1.856s] INFO:colcon.colcon_cmake.task.cmake.build:Building CMake package in '/home/ubuntu/denem/serial_motor_demo/serial_motor_demo_msgs'
[1.865s] INFO:colcon.colcon_core.plugin_system:Skipping extension 'colcon_core.shell.bat': Not used on non-Windows systems
[1.866s] INFO:colcon.colcon_core.shell:Skip shell extension 'powershell' for command environment: Not usable outside of PowerShell
[1.866s] DEBUG:colcon.colcon_core.shell:Skip shell extension 'dsv' for command environment
[1.897s] INFO:colcon.colcon_ros.task.ament_cmake.build:Building ROS package in '/home/ubuntu/denem/diffdrive_arduino' with build type 'ament_cmake'
[1.898s] INFO:colcon.colcon_cmake.task.cmake.build:Building CMake package in '/home/ubuntu/denem/diffdrive_arduino'
[1.899s] INFO:colcon.colcon_core.shell:Skip shell extension 'powershell' for command environment: Not usable outside of PowerShell
[1.899s] DEBUG:colcon.colcon_core.shell:Skip shell extension 'dsv' for command environment
[1.962s] DEBUG:colcon.colcon_core.event_handler.log_command:Invoking command in '/home/ubuntu/denem/build/serial_motor_demo_msgs': CMAKE_PREFIX_PATH=${CMAKE_PREFIX_PATH}:/home/ubuntu/denem/install/serial_motor_demo:/opt/ros/humble /usr/bin/cmake --build /home/ubuntu/denem/build/serial_motor_demo_msgs -- -j4 -l4
[2.020s] DEBUG:colcon.colcon_core.event_handler.log_command:Invoking command in '/home/ubuntu/denem/build/diffdrive_arduino': CMAKE_PREFIX_PATH=${CMAKE_PREFIX_PATH}:/home/ubuntu/denem/install/serial_motor_demo:/opt/ros/humble /usr/bin/cmake --build /home/ubuntu/denem/build/diffdrive_arduino -- -j4 -l4
[2.508s] DEBUG:colcon.colcon_core.event_handler.log_command:Invoked command in '/home/ubuntu/denem/build/diffdrive_arduino' returned '0': CMAKE_PREFIX_PATH=${CMAKE_PREFIX_PATH}:/home/ubuntu/denem/install/serial_motor_demo:/opt/ros/humble /usr/bin/cmake --build /home/ubuntu/denem/build/diffdrive_arduino -- -j4 -l4
[2.565s] DEBUG:colcon.colcon_core.event_handler.log_command:Invoking command in '/home/ubuntu/denem/build/diffdrive_arduino': CMAKE_PREFIX_PATH=${CMAKE_PREFIX_PATH}:/home/ubuntu/denem/install/serial_motor_demo:/opt/ros/humble /usr/bin/cmake --install /home/ubuntu/denem/build/diffdrive_arduino
[2.701s] Level 1:colcon.colcon_core.environment:create_environment_scripts_only(diffdrive_arduino)
[2.728s] Level 1:colcon.colcon_core.environment:checking '/home/ubuntu/denem/install/diffdrive_arduino' for CMake module files
[2.746s] Level 1:colcon.colcon_core.environment:checking '/home/ubuntu/denem/install/diffdrive_arduino' for CMake config files
[2.752s] DEBUG:colcon.colcon_core.event_handler.log_command:Invoked command in '/home/ubuntu/denem/build/diffdrive_arduino' returned '0': CMAKE_PREFIX_PATH=${CMAKE_PREFIX_PATH}:/home/ubuntu/denem/install/serial_motor_demo:/opt/ros/humble /usr/bin/cmake --install /home/ubuntu/denem/build/diffdrive_arduino
[2.757s] Level 1:colcon.colcon_core.shell:create_environment_hook('diffdrive_arduino', 'cmake_prefix_path')
[2.758s] INFO:colcon.colcon_core.shell:Creating environment hook '/home/ubuntu/denem/install/diffdrive_arduino/share/diffdrive_arduino/hook/cmake_prefix_path.ps1'
[2.762s] INFO:colcon.colcon_core.shell:Creating environment descriptor '/home/ubuntu/denem/install/diffdrive_arduino/share/diffdrive_arduino/hook/cmake_prefix_path.dsv'
[2.765s] INFO:colcon.colcon_core.shell:Creating environment hook '/home/ubuntu/denem/install/diffdrive_arduino/share/diffdrive_arduino/hook/cmake_prefix_path.sh'
[2.773s] Level 1:colcon.colcon_core.environment:checking '/home/ubuntu/denem/install/diffdrive_arduino/lib'
[2.774s] Level 1:colcon.colcon_core.shell:create_environment_hook('diffdrive_arduino', 'ld_library_path_lib')
[2.775s] INFO:colcon.colcon_core.shell:Creating environment hook '/home/ubuntu/denem/install/diffdrive_arduino/share/diffdrive_arduino/hook/ld_library_path_lib.ps1'
[2.779s] INFO:colcon.colcon_core.shell:Creating environment descriptor '/home/ubuntu/denem/install/diffdrive_arduino/share/diffdrive_arduino/hook/ld_library_path_lib.dsv'
[2.781s] INFO:colcon.colcon_core.shell:Creating environment hook '/home/ubuntu/denem/install/diffdrive_arduino/share/diffdrive_arduino/hook/ld_library_path_lib.sh'
[2.784s] Level 1:colcon.colcon_core.environment:checking '/home/ubuntu/denem/install/diffdrive_arduino/bin'
[2.785s] Level 1:colcon.colcon_core.environment:checking '/home/ubuntu/denem/install/diffdrive_arduino/lib/pkgconfig/diffdrive_arduino.pc'
[2.787s] Level 1:colcon.colcon_core.environment:checking '/home/ubuntu/denem/install/diffdrive_arduino/lib/python3.10/site-packages'
[2.788s] Level 1:colcon.colcon_core.environment:checking '/home/ubuntu/denem/install/diffdrive_arduino/bin'
[2.789s] INFO:colcon.colcon_core.shell:Creating package script '/home/ubuntu/denem/install/diffdrive_arduino/share/diffdrive_arduino/package.ps1'
[2.794s] INFO:colcon.colcon_core.shell:Creating package descriptor '/home/ubuntu/denem/install/diffdrive_arduino/share/diffdrive_arduino/package.dsv'
[2.797s] INFO:colcon.colcon_core.shell:Creating package script '/home/ubuntu/denem/install/diffdrive_arduino/share/diffdrive_arduino/package.sh'
[2.801s] INFO:colcon.colcon_core.shell:Creating package script '/home/ubuntu/denem/install/diffdrive_arduino/share/diffdrive_arduino/package.bash'
[2.806s] INFO:colcon.colcon_core.shell:Creating package script '/home/ubuntu/denem/install/diffdrive_arduino/share/diffdrive_arduino/package.zsh'
[2.810s] Level 1:colcon.colcon_core.environment:create_file_with_runtime_dependencies(/home/ubuntu/denem/install/diffdrive_arduino/share/colcon-core/packages/diffdrive_arduino)
[2.817s] Level 1:colcon.colcon_core.environment:create_environment_scripts_only(diffdrive_arduino)
[2.819s] Level 1:colcon.colcon_core.environment:checking '/home/ubuntu/denem/install/diffdrive_arduino' for CMake module files
[2.823s] Level 1:colcon.colcon_core.environment:checking '/home/ubuntu/denem/install/diffdrive_arduino' for CMake config files
[2.829s] Level 1:colcon.colcon_core.shell:create_environment_hook('diffdrive_arduino', 'cmake_prefix_path')
[2.831s] INFO:colcon.colcon_core.shell:Creating environment hook '/home/ubuntu/denem/install/diffdrive_arduino/share/diffdrive_arduino/hook/cmake_prefix_path.ps1'
[2.834s] INFO:colcon.colcon_core.shell:Creating environment descriptor '/home/ubuntu/denem/install/diffdrive_arduino/share/diffdrive_arduino/hook/cmake_prefix_path.dsv'
[2.838s] INFO:colcon.colcon_core.shell:Creating environment hook '/home/ubuntu/denem/install/diffdrive_arduino/share/diffdrive_arduino/hook/cmake_prefix_path.sh'
[2.845s] Level 1:colcon.colcon_core.environment:checking '/home/ubuntu/denem/install/diffdrive_arduino/lib'
[2.846s] Level 1:colcon.colcon_core.shell:create_environment_hook('diffdrive_arduino', 'ld_library_path_lib')
[2.847s] INFO:colcon.colcon_core.shell:Creating environment hook '/home/ubuntu/denem/install/diffdrive_arduino/share/diffdrive_arduino/hook/ld_library_path_lib.ps1'
[2.851s] INFO:colcon.colcon_core.shell:Creating environment descriptor '/home/ubuntu/denem/install/diffdrive_arduino/share/diffdrive_arduino/hook/ld_library_path_lib.dsv'
[2.855s] INFO:colcon.colcon_core.shell:Creating environment hook '/home/ubuntu/denem/install/diffdrive_arduino/share/diffdrive_arduino/hook/ld_library_path_lib.sh'
[2.858s] Level 1:colcon.colcon_core.environment:checking '/home/ubuntu/denem/install/diffdrive_arduino/bin'
[2.859s] Level 1:colcon.colcon_core.environment:checking '/home/ubuntu/denem/install/diffdrive_arduino/lib/pkgconfig/diffdrive_arduino.pc'
[2.860s] Level 1:colcon.colcon_core.environment:checking '/home/ubuntu/denem/install/diffdrive_arduino/lib/python3.10/site-packages'
[2.862s] Level 1:colcon.colcon_core.environment:checking '/home/ubuntu/denem/install/diffdrive_arduino/bin'
[2.863s] INFO:colcon.colcon_core.shell:Creating package script '/home/ubuntu/denem/install/diffdrive_arduino/share/diffdrive_arduino/package.ps1'
[2.867s] INFO:colcon.colcon_core.shell:Creating package descriptor '/home/ubuntu/denem/install/diffdrive_arduino/share/diffdrive_arduino/package.dsv'
[2.870s] INFO:colcon.colcon_core.shell:Creating package script '/home/ubuntu/denem/install/diffdrive_arduino/share/diffdrive_arduino/package.sh'
[2.873s] INFO:colcon.colcon_core.shell:Creating package script '/home/ubuntu/denem/install/diffdrive_arduino/share/diffdrive_arduino/package.bash'
[2.876s] INFO:colcon.colcon_core.shell:Creating package script '/home/ubuntu/denem/install/diffdrive_arduino/share/diffdrive_arduino/package.zsh'
[2.879s] Level 1:colcon.colcon_core.environment:create_file_with_runtime_dependencies(/home/ubuntu/denem/install/diffdrive_arduino/share/colcon-core/packages/diffdrive_arduino)
[4.400s] DEBUG:colcon.colcon_core.event_handler.log_command:Invoked command in '/home/ubuntu/denem/build/serial_motor_demo_msgs' returned '0': CMAKE_PREFIX_PATH=${CMAKE_PREFIX_PATH}:/home/ubuntu/denem/install/serial_motor_demo:/opt/ros/humble /usr/bin/cmake --build /home/ubuntu/denem/build/serial_motor_demo_msgs -- -j4 -l4
[4.410s] DEBUG:colcon.colcon_core.event_handler.log_command:Invoking command in '/home/ubuntu/denem/build/serial_motor_demo_msgs': CMAKE_PREFIX_PATH=${CMAKE_PREFIX_PATH}:/home/ubuntu/denem/install/serial_motor_demo:/opt/ros/humble /usr/bin/cmake --install /home/ubuntu/denem/build/serial_motor_demo_msgs
[4.749s] Level 1:colcon.colcon_core.environment:create_environment_scripts_only(serial_motor_demo_msgs)
[4.750s] Level 1:colcon.colcon_core.environment:checking '/home/ubuntu/denem/install/serial_motor_demo_msgs' for CMake module files
[4.755s] DEBUG:colcon.colcon_core.event_handler.log_command:Invoked command in '/home/ubuntu/denem/build/serial_motor_demo_msgs' returned '0': CMAKE_PREFIX_PATH=${CMAKE_PREFIX_PATH}:/home/ubuntu/denem/install/serial_motor_demo:/opt/ros/humble /usr/bin/cmake --install /home/ubuntu/denem/build/serial_motor_demo_msgs
[4.760s] Level 1:colcon.colcon_core.environment:checking '/home/ubuntu/denem/install/serial_motor_demo_msgs' for CMake config files
[4.766s] Level 1:colcon.colcon_core.shell:create_environment_hook('serial_motor_demo_msgs', 'cmake_prefix_path')
[4.767s] INFO:colcon.colcon_core.shell:Creating environment hook '/home/ubuntu/denem/install/serial_motor_demo_msgs/share/serial_motor_demo_msgs/hook/cmake_prefix_path.ps1'
[4.769s] INFO:colcon.colcon_core.shell:Creating environment descriptor '/home/ubuntu/denem/install/serial_motor_demo_msgs/share/serial_motor_demo_msgs/hook/cmake_prefix_path.dsv'
[4.771s] INFO:colcon.colcon_core.shell:Creating environment hook '/home/ubuntu/denem/install/serial_motor_demo_msgs/share/serial_motor_demo_msgs/hook/cmake_prefix_path.sh'
[4.773s] Level 1:colcon.colcon_core.environment:checking '/home/ubuntu/denem/install/serial_motor_demo_msgs/lib'
[4.774s] Level 1:colcon.colcon_core.shell:create_environment_hook('serial_motor_demo_msgs', 'ld_library_path_lib')
[4.775s] INFO:colcon.colcon_core.shell:Creating environment hook '/home/ubuntu/denem/install/serial_motor_demo_msgs/share/serial_motor_demo_msgs/hook/ld_library_path_lib.ps1'
[4.777s] INFO:colcon.colcon_core.shell:Creating environment descriptor '/home/ubuntu/denem/install/serial_motor_demo_msgs/share/serial_motor_demo_msgs/hook/ld_library_path_lib.dsv'
[4.779s] INFO:colcon.colcon_core.shell:Creating environment hook '/home/ubuntu/denem/install/serial_motor_demo_msgs/share/serial_motor_demo_msgs/hook/ld_library_path_lib.sh'
[4.781s] Level 1:colcon.colcon_core.environment:checking '/home/ubuntu/denem/install/serial_motor_demo_msgs/bin'
[4.781s] Level 1:colcon.colcon_core.environment:checking '/home/ubuntu/denem/install/serial_motor_demo_msgs/lib/pkgconfig/serial_motor_demo_msgs.pc'
[4.782s] Level 1:colcon.colcon_core.environment:checking '/home/ubuntu/denem/install/serial_motor_demo_msgs/lib/python3.10/site-packages'
[4.783s] Level 1:colcon.colcon_core.environment:checking '/home/ubuntu/denem/install/serial_motor_demo_msgs/bin'
[4.784s] INFO:colcon.colcon_core.shell:Creating package script '/home/ubuntu/denem/install/serial_motor_demo_msgs/share/serial_motor_demo_msgs/package.ps1'
[4.787s] INFO:colcon.colcon_core.shell:Creating package descriptor '/home/ubuntu/denem/install/serial_motor_demo_msgs/share/serial_motor_demo_msgs/package.dsv'
[4.789s] INFO:colcon.colcon_core.shell:Creating package script '/home/ubuntu/denem/install/serial_motor_demo_msgs/share/serial_motor_demo_msgs/package.sh'
[4.791s] INFO:colcon.colcon_core.shell:Creating package script '/home/ubuntu/denem/install/serial_motor_demo_msgs/share/serial_motor_demo_msgs/package.bash'
[4.794s] INFO:colcon.colcon_core.shell:Creating package script '/home/ubuntu/denem/install/serial_motor_demo_msgs/share/serial_motor_demo_msgs/package.zsh'
[4.796s] Level 1:colcon.colcon_core.environment:create_file_with_runtime_dependencies(/home/ubuntu/denem/install/serial_motor_demo_msgs/share/colcon-core/packages/serial_motor_demo_msgs)
[4.798s] Level 1:colcon.colcon_core.environment:create_environment_scripts_only(serial_motor_demo_msgs)
[4.799s] Level 1:colcon.colcon_core.environment:checking '/home/ubuntu/denem/install/serial_motor_demo_msgs' for CMake module files
[4.804s] Level 1:colcon.colcon_core.environment:checking '/home/ubuntu/denem/install/serial_motor_demo_msgs' for CMake config files
[4.809s] Level 1:colcon.colcon_core.shell:create_environment_hook('serial_motor_demo_msgs', 'cmake_prefix_path')
[4.810s] INFO:colcon.colcon_core.shell:Creating environment hook '/home/ubuntu/denem/install/serial_motor_demo_msgs/share/serial_motor_demo_msgs/hook/cmake_prefix_path.ps1'
[4.812s] INFO:colcon.colcon_core.shell:Creating environment descriptor '/home/ubuntu/denem/install/serial_motor_demo_msgs/share/serial_motor_demo_msgs/hook/cmake_prefix_path.dsv'
[4.813s] INFO:colcon.colcon_core.shell:Creating environment hook '/home/ubuntu/denem/install/serial_motor_demo_msgs/share/serial_motor_demo_msgs/hook/cmake_prefix_path.sh'
[4.816s] Level 1:colcon.colcon_core.environment:checking '/home/ubuntu/denem/install/serial_motor_demo_msgs/lib'
[4.817s] Level 1:colcon.colcon_core.shell:create_environment_hook('serial_motor_demo_msgs', 'ld_library_path_lib')
[4.818s] INFO:colcon.colcon_core.shell:Creating environment hook '/home/ubuntu/denem/install/serial_motor_demo_msgs/share/serial_motor_demo_msgs/hook/ld_library_path_lib.ps1'
[4.820s] INFO:colcon.colcon_core.shell:Creating environment descriptor '/home/ubuntu/denem/install/serial_motor_demo_msgs/share/serial_motor_demo_msgs/hook/ld_library_path_lib.dsv'
[4.823s] INFO:colcon.colcon_core.shell:Creating environment hook '/home/ubuntu/denem/install/serial_motor_demo_msgs/share/serial_motor_demo_msgs/hook/ld_library_path_lib.sh'
[4.825s] Level 1:colcon.colcon_core.environment:checking '/home/ubuntu/denem/install/serial_motor_demo_msgs/bin'
[4.825s] Level 1:colcon.colcon_core.environment:checking '/home/ubuntu/denem/install/serial_motor_demo_msgs/lib/pkgconfig/serial_motor_demo_msgs.pc'
[4.826s] Level 1:colcon.colcon_core.environment:checking '/home/ubuntu/denem/install/serial_motor_demo_msgs/lib/python3.10/site-packages'
[4.827s] Level 1:colcon.colcon_core.environment:checking '/home/ubuntu/denem/install/serial_motor_demo_msgs/bin'
[4.830s] INFO:colcon.colcon_core.shell:Creating package script '/home/ubuntu/denem/install/serial_motor_demo_msgs/share/serial_motor_demo_msgs/package.ps1'
[4.835s] INFO:colcon.colcon_core.shell:Creating package descriptor '/home/ubuntu/denem/install/serial_motor_demo_msgs/share/serial_motor_demo_msgs/package.dsv'
[4.838s] INFO:colcon.colcon_core.shell:Creating package script '/home/ubuntu/denem/install/serial_motor_demo_msgs/share/serial_motor_demo_msgs/package.sh'
[4.841s] INFO:colcon.colcon_core.shell:Creating package script '/home/ubuntu/denem/install/serial_motor_demo_msgs/share/serial_motor_demo_msgs/package.bash'
[4.844s] INFO:colcon.colcon_core.shell:Creating package script '/home/ubuntu/denem/install/serial_motor_demo_msgs/share/serial_motor_demo_msgs/package.zsh'
[4.846s] Level 1:colcon.colcon_core.environment:create_file_with_runtime_dependencies(/home/ubuntu/denem/install/serial_motor_demo_msgs/share/colcon-core/packages/serial_motor_demo_msgs)
[4.848s] INFO:colcon.colcon_ros.task.ament_python.build:Building ROS package in '/home/ubuntu/denem/serial_motor_demo/serial_motor_demo' with build type 'ament_python'
[4.849s] Level 1:colcon.colcon_core.shell:create_environment_hook('serial_motor_demo', 'ament_prefix_path')
[4.853s] INFO:colcon.colcon_core.shell:Creating environment hook '/home/ubuntu/denem/install/serial_motor_demo/share/serial_motor_demo/hook/ament_prefix_path.ps1'
[4.857s] INFO:colcon.colcon_core.shell:Creating environment descriptor '/home/ubuntu/denem/install/serial_motor_demo/share/serial_motor_demo/hook/ament_prefix_path.dsv'
[4.860s] INFO:colcon.colcon_core.shell:Creating environment hook '/home/ubuntu/denem/install/serial_motor_demo/share/serial_motor_demo/hook/ament_prefix_path.sh'
[4.863s] INFO:colcon.colcon_core.shell:Skip shell extension 'powershell' for command environment: Not usable outside of PowerShell
[4.863s] DEBUG:colcon.colcon_core.shell:Skip shell extension 'dsv' for command environment
[6.471s] INFO:colcon.colcon_core.task.python.build:Building Python package in '/home/ubuntu/denem/serial_motor_demo/serial_motor_demo'
[6.472s] INFO:colcon.colcon_core.shell:Skip shell extension 'powershell' for command environment: Not usable outside of PowerShell
[6.472s] DEBUG:colcon.colcon_core.shell:Skip shell extension 'dsv' for command environment
[8.519s] DEBUG:colcon.colcon_core.event_handler.log_command:Invoking command in '/home/ubuntu/denem/serial_motor_demo/serial_motor_demo': PYTHONPATH=/home/ubuntu/denem/build/serial_motor_demo/prefix_override:/usr/lib/python3/dist-packages/colcon_core/task/python/colcon_distutils_commands:/home/ubuntu/denem/install/serial_motor_demo/lib/python3.10/site-packages:${PYTHONPATH} /usr/bin/python3 -W ignore:setup.py install is deprecated -W ignore:easy_install command is deprecated setup.py egg_info --egg-base ../../build/serial_motor_demo build --build-base /home/ubuntu/denem/build/serial_motor_demo/build install --record /home/ubuntu/denem/build/serial_motor_demo/install.log --install-scripts $base/lib/serial_motor_demo --single-version-externally-managed install_data
[10.178s] Level 1:colcon.colcon_core.environment:checking '/home/ubuntu/denem/install/serial_motor_demo' for CMake module files
[10.182s] DEBUG:colcon.colcon_core.event_handler.log_command:Invoked command in '/home/ubuntu/denem/serial_motor_demo/serial_motor_demo' returned '0': PYTHONPATH=/home/ubuntu/denem/build/serial_motor_demo/prefix_override:/usr/lib/python3/dist-packages/colcon_core/task/python/colcon_distutils_commands:/home/ubuntu/denem/install/serial_motor_demo/lib/python3.10/site-packages:${PYTHONPATH} /usr/bin/python3 -W ignore:setup.py install is deprecated -W ignore:easy_install command is deprecated setup.py egg_info --egg-base ../../build/serial_motor_demo build --build-base /home/ubuntu/denem/build/serial_motor_demo/build install --record /home/ubuntu/denem/build/serial_motor_demo/install.log --install-scripts $base/lib/serial_motor_demo --single-version-externally-managed install_data
[10.184s] Level 1:colcon.colcon_core.environment:checking '/home/ubuntu/denem/install/serial_motor_demo' for CMake config files
[10.189s] Level 1:colcon.colcon_core.environment:checking '/home/ubuntu/denem/install/serial_motor_demo/lib'
[10.189s] Level 1:colcon.colcon_core.environment:checking '/home/ubuntu/denem/install/serial_motor_demo/bin'
[10.190s] Level 1:colcon.colcon_core.environment:checking '/home/ubuntu/denem/install/serial_motor_demo/lib/pkgconfig/serial_motor_demo.pc'
[10.191s] Level 1:colcon.colcon_core.environment:checking '/home/ubuntu/denem/install/serial_motor_demo/lib/python3.10/site-packages'
[10.191s] Level 1:colcon.colcon_core.shell:create_environment_hook('serial_motor_demo', 'pythonpath')
[10.193s] INFO:colcon.colcon_core.shell:Creating environment hook '/home/ubuntu/denem/install/serial_motor_demo/share/serial_motor_demo/hook/pythonpath.ps1'
[10.195s] INFO:colcon.colcon_core.shell:Creating environment descriptor '/home/ubuntu/denem/install/serial_motor_demo/share/serial_motor_demo/hook/pythonpath.dsv'
[10.198s] INFO:colcon.colcon_core.shell:Creating environment hook '/home/ubuntu/denem/install/serial_motor_demo/share/serial_motor_demo/hook/pythonpath.sh'
[10.203s] Level 1:colcon.colcon_core.environment:checking '/home/ubuntu/denem/install/serial_motor_demo/bin'
[10.204s] Level 1:colcon.colcon_core.environment:create_environment_scripts_only(serial_motor_demo)
[10.205s] INFO:colcon.colcon_core.shell:Creating package script '/home/ubuntu/denem/install/serial_motor_demo/share/serial_motor_demo/package.ps1'
[10.208s] INFO:colcon.colcon_core.shell:Creating package descriptor '/home/ubuntu/denem/install/serial_motor_demo/share/serial_motor_demo/package.dsv'
[10.211s] INFO:colcon.colcon_core.shell:Creating package script '/home/ubuntu/denem/install/serial_motor_demo/share/serial_motor_demo/package.sh'
[10.214s] INFO:colcon.colcon_core.shell:Creating package script '/home/ubuntu/denem/install/serial_motor_demo/share/serial_motor_demo/package.bash'
[10.217s] INFO:colcon.colcon_core.shell:Creating package script '/home/ubuntu/denem/install/serial_motor_demo/share/serial_motor_demo/package.zsh'
[10.218s] Level 1:colcon.colcon_core.environment:create_file_with_runtime_dependencies(/home/ubuntu/denem/install/serial_motor_demo/share/colcon-core/packages/serial_motor_demo)
[10.220s] DEBUG:colcon.colcon_parallel_executor.executor.parallel:closing loop
[10.221s] DEBUG:colcon.colcon_parallel_executor.executor.parallel:loop closed
[10.221s] DEBUG:colcon.colcon_parallel_executor.executor.parallel:run_until_complete finished with '0'
[10.222s] DEBUG:colcon.colcon_core.event_reactor:joining thread
[10.257s] INFO:colcon.colcon_core.plugin_system:Skipping extension 'colcon_notification.desktop_notification.terminal_notifier': Not used on non-Darwin systems
[10.258s] INFO:colcon.colcon_core.plugin_system:Skipping extension 'colcon_notification.desktop_notification.win32': Not used on non-Windows systems
[10.259s] INFO:colcon.colcon_notification.desktop_notification:Sending desktop notification using 'notify2'
[10.342s] DEBUG:colcon.colcon_core.event_reactor:joined thread
[10.344s] INFO:colcon.colcon_core.shell:Creating prefix script '/home/ubuntu/denem/install/local_setup.ps1'
[10.350s] INFO:colcon.colcon_core.shell:Creating prefix util module '/home/ubuntu/denem/install/_local_setup_util_ps1.py'
[10.358s] INFO:colcon.colcon_core.shell:Creating prefix chain script '/home/ubuntu/denem/install/setup.ps1'
[10.370s] INFO:colcon.colcon_core.shell:Creating prefix script '/home/ubuntu/denem/install/local_setup.sh'
[10.375s] INFO:colcon.colcon_core.shell:Creating prefix util module '/home/ubuntu/denem/install/_local_setup_util_sh.py'
[10.381s] INFO:colcon.colcon_core.shell:Creating prefix chain script '/home/ubuntu/denem/install/setup.sh'
[10.392s] INFO:colcon.colcon_core.shell:Creating prefix script '/home/ubuntu/denem/install/local_setup.bash'
[10.395s] INFO:colcon.colcon_core.shell:Creating prefix chain script '/home/ubuntu/denem/install/setup.bash'
[10.404s] INFO:colcon.colcon_core.shell:Creating prefix script '/home/ubuntu/denem/install/local_setup.zsh'
[10.407s] INFO:colcon.colcon_core.shell:Creating prefix chain script '/home/ubuntu/denem/install/setup.zsh'
