[0.093s] Invoking command in '/home/ubuntu/denem/build/ros2_mpu6050': CMAKE_PREFIX_PATH=${CMAKE_PREFIX_PATH}:/home/ubuntu/denem/install/serial_motor_demo:/opt/ros/humble /usr/bin/cmake --build /home/ubuntu/denem/build/ros2_mpu6050 -- -j4 -l4
[0.396s] [ 50%] Built target ros2_mpu6050_calibrate
[0.415s] [100%] Built target ros2_mpu6050
[0.505s] Invoked command in '/home/ubuntu/denem/build/ros2_mpu6050' returned '0': CMAKE_PREFIX_PATH=${CMAKE_PREFIX_PATH}:/home/ubuntu/denem/install/serial_motor_demo:/opt/ros/humble /usr/bin/cmake --build /home/ubuntu/denem/build/ros2_mpu6050 -- -j4 -l4
[0.516s] Invoking command in '/home/ubuntu/denem/build/ros2_mpu6050': CMAKE_PREFIX_PATH=${CMAKE_PREFIX_PATH}:/home/ubuntu/denem/install/serial_motor_demo:/opt/ros/humble /usr/bin/cmake --install /home/ubuntu/denem/build/ros2_mpu6050
[0.561s] -- Install configuration: ""
[0.565s] -- Execute custom install script
[0.570s] -- Up-to-date symlink: /home/ubuntu/denem/install/ros2_mpu6050/include/include/ros2_mpu6050/mpu6050.h
[0.571s] -- Up-to-date symlink: /home/ubuntu/denem/install/ros2_mpu6050/include/include/ros2_mpu6050/mpu6050_hal.h
[0.573s] -- Up-to-date symlink: /home/ubuntu/denem/install/ros2_mpu6050/include/include/ros2_mpu6050/mpu6050_node.h
[0.579s] -- Up-to-date symlink: /home/ubuntu/denem/install/ros2_mpu6050/lib/ros2_mpu6050/ros2_mpu6050
[0.586s] -- Up-to-date symlink: /home/ubuntu/denem/install/ros2_mpu6050/lib/ros2_mpu6050/ros2_mpu6050_calibrate
[0.592s] -- Up-to-date symlink: /home/ubuntu/denem/install/ros2_mpu6050/share/ros2_mpu6050/config/params.yaml
[0.599s] -- Up-to-date symlink: /home/ubuntu/denem/install/ros2_mpu6050/share/ros2_mpu6050/launch/ros2_mpu6050.launch.py
[0.600s] -- Up-to-date symlink: /home/ubuntu/denem/install/ros2_mpu6050/share/ament_index/resource_index/package_run_dependencies/ros2_mpu6050
[0.603s] -- Up-to-date symlink: /home/ubuntu/denem/install/ros2_mpu6050/share/ament_index/resource_index/parent_prefix_path/ros2_mpu6050
[0.604s] -- Up-to-date symlink: /home/ubuntu/denem/install/ros2_mpu6050/share/ros2_mpu6050/environment/ament_prefix_path.sh
[0.605s] -- Up-to-date symlink: /home/ubuntu/denem/install/ros2_mpu6050/share/ros2_mpu6050/environment/ament_prefix_path.dsv
[0.606s] -- Up-to-date symlink: /home/ubuntu/denem/install/ros2_mpu6050/share/ros2_mpu6050/environment/path.sh
[0.608s] -- Up-to-date symlink: /home/ubuntu/denem/install/ros2_mpu6050/share/ros2_mpu6050/environment/path.dsv
[0.610s] -- Up-to-date symlink: /home/ubuntu/denem/install/ros2_mpu6050/share/ros2_mpu6050/local_setup.bash
[0.611s] -- Up-to-date symlink: /home/ubuntu/denem/install/ros2_mpu6050/share/ros2_mpu6050/local_setup.sh
[0.612s] -- Up-to-date symlink: /home/ubuntu/denem/install/ros2_mpu6050/share/ros2_mpu6050/local_setup.zsh
[0.614s] -- Up-to-date symlink: /home/ubuntu/denem/install/ros2_mpu6050/share/ros2_mpu6050/local_setup.dsv
[0.615s] -- Symlinking: /home/ubuntu/denem/install/ros2_mpu6050/share/ros2_mpu6050/package.dsv
[0.662s] -- Up-to-date symlink: /home/ubuntu/denem/install/ros2_mpu6050/share/ament_index/resource_index/packages/ros2_mpu6050
[0.669s] -- Up-to-date symlink: /home/ubuntu/denem/install/ros2_mpu6050/share/ros2_mpu6050/cmake/ros2_mpu6050Config.cmake
[0.671s] -- Up-to-date symlink: /home/ubuntu/denem/install/ros2_mpu6050/share/ros2_mpu6050/cmake/ros2_mpu6050Config-version.cmake
[0.673s] -- Up-to-date symlink: /home/ubuntu/denem/install/ros2_mpu6050/share/ros2_mpu6050/package.xml
[0.807s] Invoked command in '/home/ubuntu/denem/build/ros2_mpu6050' returned '0': CMAKE_PREFIX_PATH=${CMAKE_PREFIX_PATH}:/home/ubuntu/denem/install/serial_motor_demo:/opt/ros/humble /usr/bin/cmake --install /home/ubuntu/denem/build/ros2_mpu6050
