[0.593s] DEBUG:colcon:Command line arguments: ['/usr/bin/colcon', 'build']
[0.594s] DEBUG:colcon:Parsed command line arguments: Namespace(log_base=None, log_level=None, verb_name='build', build_base='build', install_base='install', merge_install=False, symlink_install=False, test_result_base=None, continue_on_error=False, executor='parallel', parallel_workers=4, event_handlers=None, ignore_user_meta=False, metas=['./colcon.meta'], base_paths=['.'], packages_ignore=None, packages_ignore_regex=None, paths=None, packages_up_to=None, packages_up_to_regex=None, packages_above=None, packages_above_and_dependencies=None, packages_above_depth=None, packages_select_by_dep=None, packages_skip_by_dep=None, packages_skip_up_to=None, packages_select_build_failed=False, packages_skip_build_finished=False, packages_select_test_failures=False, packages_skip_test_passed=False, packages_select=None, packages_skip=None, packages_select_regex=None, packages_skip_regex=None, packages_start=None, packages_end=None, allow_overriding=[], cmake_args=None, cmake_target=None, cmake_target_skip_unavailable=False, cmake_clean_cache=False, cmake_clean_first=False, cmake_force_configure=False, ament_cmake_args=None, catkin_cmake_args=None, catkin_skip_building_tests=False, mixin_files=None, mixin=None, verb_parser=<colcon_mixin.mixin.mixin_argument.MixinArgumentDecorator object at 0xffffa76b7bb0>, verb_extension=<colcon_core.verb.build.BuildVerb object at 0xffffa7974eb0>, main=<bound method BuildVerb.main of <colcon_core.verb.build.BuildVerb object at 0xffffa7974eb0>>, mixin_verb=('build',))
[1.606s] Level 1:colcon.colcon_core.package_discovery:discover_packages(colcon_meta) check parameters
[1.607s] Level 1:colcon.colcon_core.package_discovery:discover_packages(recursive) check parameters
[1.607s] Level 1:colcon.colcon_core.package_discovery:discover_packages(ignore) check parameters
[1.607s] Level 1:colcon.colcon_core.package_discovery:discover_packages(path) check parameters
[1.607s] Level 1:colcon.colcon_core.package_discovery:discover_packages(colcon_meta) discover
[1.608s] Level 1:colcon.colcon_core.package_discovery:discover_packages(recursive) discover
[1.608s] INFO:colcon.colcon_core.package_discovery:Crawling recursively for packages in '/home/ubuntu/denem'
[1.608s] Level 1:colcon.colcon_core.package_identification:_identify(.) by extensions ['ignore', 'ignore_ament_install']
[1.609s] Level 1:colcon.colcon_core.package_identification:_identify(.) by extension 'ignore'
[1.609s] Level 1:colcon.colcon_core.package_identification:_identify(.) by extension 'ignore_ament_install'
[1.609s] Level 1:colcon.colcon_core.package_identification:_identify(.) by extensions ['colcon_pkg']
[1.609s] Level 1:colcon.colcon_core.package_identification:_identify(.) by extension 'colcon_pkg'
[1.610s] Level 1:colcon.colcon_core.package_identification:_identify(.) by extensions ['colcon_meta']
[1.610s] Level 1:colcon.colcon_core.package_identification:_identify(.) by extension 'colcon_meta'
[1.610s] Level 1:colcon.colcon_core.package_identification:_identify(.) by extensions ['ros']
[1.610s] Level 1:colcon.colcon_core.package_identification:_identify(.) by extension 'ros'
[1.654s] Level 1:colcon.colcon_core.package_identification:_identify(.) by extensions ['cmake', 'python']
[1.654s] Level 1:colcon.colcon_core.package_identification:_identify(.) by extension 'cmake'
[1.654s] Level 1:colcon.colcon_core.package_identification:_identify(.) by extension 'python'
[1.654s] Level 1:colcon.colcon_core.package_identification:_identify(.) by extensions ['python_setup_py']
[1.655s] Level 1:colcon.colcon_core.package_identification:_identify(.) by extension 'python_setup_py'
[1.655s] Level 1:colcon.colcon_core.package_identification:_identify(build) by extensions ['ignore', 'ignore_ament_install']
[1.656s] Level 1:colcon.colcon_core.package_identification:_identify(build) by extension 'ignore'
[1.656s] Level 1:colcon.colcon_core.package_identification:_identify(build) ignored
[1.656s] Level 1:colcon.colcon_core.package_identification:_identify(diffdrive_arduino) by extensions ['ignore', 'ignore_ament_install']
[1.657s] Level 1:colcon.colcon_core.package_identification:_identify(diffdrive_arduino) by extension 'ignore'
[1.657s] Level 1:colcon.colcon_core.package_identification:_identify(diffdrive_arduino) by extension 'ignore_ament_install'
[1.657s] Level 1:colcon.colcon_core.package_identification:_identify(diffdrive_arduino) by extensions ['colcon_pkg']
[1.658s] Level 1:colcon.colcon_core.package_identification:_identify(diffdrive_arduino) by extension 'colcon_pkg'
[1.658s] Level 1:colcon.colcon_core.package_identification:_identify(diffdrive_arduino) by extensions ['colcon_meta']
[1.658s] Level 1:colcon.colcon_core.package_identification:_identify(diffdrive_arduino) by extension 'colcon_meta'
[1.658s] Level 1:colcon.colcon_core.package_identification:_identify(diffdrive_arduino) by extensions ['ros']
[1.658s] Level 1:colcon.colcon_core.package_identification:_identify(diffdrive_arduino) by extension 'ros'
[1.669s] DEBUG:colcon.colcon_core.package_identification:Package 'diffdrive_arduino' with type 'ros.ament_cmake' and name 'diffdrive_arduino'
[1.670s] Level 1:colcon.colcon_core.package_identification:_identify(imu) by extensions ['ignore', 'ignore_ament_install']
[1.670s] Level 1:colcon.colcon_core.package_identification:_identify(imu) by extension 'ignore'
[1.670s] Level 1:colcon.colcon_core.package_identification:_identify(imu) by extension 'ignore_ament_install'
[1.671s] Level 1:colcon.colcon_core.package_identification:_identify(imu) by extensions ['colcon_pkg']
[1.671s] Level 1:colcon.colcon_core.package_identification:_identify(imu) by extension 'colcon_pkg'
[1.671s] Level 1:colcon.colcon_core.package_identification:_identify(imu) by extensions ['colcon_meta']
[1.671s] Level 1:colcon.colcon_core.package_identification:_identify(imu) by extension 'colcon_meta'
[1.671s] Level 1:colcon.colcon_core.package_identification:_identify(imu) by extensions ['ros']
[1.671s] Level 1:colcon.colcon_core.package_identification:_identify(imu) by extension 'ros'
[1.674s] DEBUG:colcon.colcon_core.package_identification:Package 'imu' with type 'ros.ament_cmake' and name 'ros2_mpu6050'
[1.674s] Level 1:colcon.colcon_core.package_identification:_identify(install) by extensions ['ignore', 'ignore_ament_install']
[1.675s] Level 1:colcon.colcon_core.package_identification:_identify(install) by extension 'ignore'
[1.675s] Level 1:colcon.colcon_core.package_identification:_identify(install) ignored
[1.676s] Level 1:colcon.colcon_core.package_identification:_identify(log) by extensions ['ignore', 'ignore_ament_install']
[1.676s] Level 1:colcon.colcon_core.package_identification:_identify(log) by extension 'ignore'
[1.677s] Level 1:colcon.colcon_core.package_identification:_identify(log) ignored
[1.677s] Level 1:colcon.colcon_core.package_discovery:discover_packages(recursive) using defaults
[1.677s] Level 1:colcon.colcon_core.package_discovery:discover_packages(ignore) discover
[1.677s] Level 1:colcon.colcon_core.package_discovery:discover_packages(ignore) using defaults
[1.677s] Level 1:colcon.colcon_core.package_discovery:discover_packages(path) discover
[1.677s] Level 1:colcon.colcon_core.package_discovery:discover_packages(path) using defaults
[1.774s] Level 1:colcon.colcon_core.package_discovery:discover_packages(prefix_path) check parameters
[1.775s] Level 1:colcon.colcon_core.package_discovery:discover_packages(prefix_path) discover
[1.791s] DEBUG:colcon.colcon_installed_package_information.package_discovery:Found 5 installed packages in /home/ubuntu/vizanti/install
[1.795s] DEBUG:colcon.colcon_installed_package_information.package_discovery:Found 4 installed packages in /home/ubuntu/denem/install
[1.800s] DEBUG:colcon.colcon_installed_package_information.package_discovery:Found 3 installed packages in /home/ubuntu/ros2_ws/install
[1.814s] DEBUG:colcon.colcon_installed_package_information.package_discovery:Found 400 installed packages in /opt/ros/humble
[1.824s] Level 1:colcon.colcon_core.package_discovery:discover_packages(prefix_path) using defaults
[2.081s] Level 5:colcon.colcon_core.verb:set package 'diffdrive_arduino' build argument 'cmake_args' from command line to 'None'
[2.081s] Level 5:colcon.colcon_core.verb:set package 'diffdrive_arduino' build argument 'cmake_target' from command line to 'None'
[2.082s] Level 5:colcon.colcon_core.verb:set package 'diffdrive_arduino' build argument 'cmake_target_skip_unavailable' from command line to 'False'
[2.082s] Level 5:colcon.colcon_core.verb:set package 'diffdrive_arduino' build argument 'cmake_clean_cache' from command line to 'False'
[2.082s] Level 5:colcon.colcon_core.verb:set package 'diffdrive_arduino' build argument 'cmake_clean_first' from command line to 'False'
[2.082s] Level 5:colcon.colcon_core.verb:set package 'diffdrive_arduino' build argument 'cmake_force_configure' from command line to 'False'
[2.082s] Level 5:colcon.colcon_core.verb:set package 'diffdrive_arduino' build argument 'ament_cmake_args' from command line to 'None'
[2.082s] Level 5:colcon.colcon_core.verb:set package 'diffdrive_arduino' build argument 'catkin_cmake_args' from command line to 'None'
[2.082s] Level 5:colcon.colcon_core.verb:set package 'diffdrive_arduino' build argument 'catkin_skip_building_tests' from command line to 'False'
[2.082s] DEBUG:colcon.colcon_core.verb:Building package 'diffdrive_arduino' with the following arguments: {'ament_cmake_args': None, 'build_base': '/home/ubuntu/denem/build/diffdrive_arduino', 'catkin_cmake_args': None, 'catkin_skip_building_tests': False, 'cmake_args': None, 'cmake_clean_cache': False, 'cmake_clean_first': False, 'cmake_force_configure': False, 'cmake_target': None, 'cmake_target_skip_unavailable': False, 'install_base': '/home/ubuntu/denem/install/diffdrive_arduino', 'merge_install': False, 'path': '/home/ubuntu/denem/diffdrive_arduino', 'symlink_install': False, 'test_result_base': None}
[2.084s] Level 5:colcon.colcon_core.verb:set package 'ros2_mpu6050' build argument 'cmake_args' from command line to 'None'
[2.084s] Level 5:colcon.colcon_core.verb:set package 'ros2_mpu6050' build argument 'cmake_target' from command line to 'None'
[2.084s] Level 5:colcon.colcon_core.verb:set package 'ros2_mpu6050' build argument 'cmake_target_skip_unavailable' from command line to 'False'
[2.085s] Level 5:colcon.colcon_core.verb:set package 'ros2_mpu6050' build argument 'cmake_clean_cache' from command line to 'False'
[2.085s] Level 5:colcon.colcon_core.verb:set package 'ros2_mpu6050' build argument 'cmake_clean_first' from command line to 'False'
[2.085s] Level 5:colcon.colcon_core.verb:set package 'ros2_mpu6050' build argument 'cmake_force_configure' from command line to 'False'
[2.085s] Level 5:colcon.colcon_core.verb:set package 'ros2_mpu6050' build argument 'ament_cmake_args' from command line to 'None'
[2.085s] Level 5:colcon.colcon_core.verb:set package 'ros2_mpu6050' build argument 'catkin_cmake_args' from command line to 'None'
[2.085s] Level 5:colcon.colcon_core.verb:set package 'ros2_mpu6050' build argument 'catkin_skip_building_tests' from command line to 'False'
[2.085s] DEBUG:colcon.colcon_core.verb:Building package 'ros2_mpu6050' with the following arguments: {'ament_cmake_args': None, 'build_base': '/home/ubuntu/denem/build/ros2_mpu6050', 'catkin_cmake_args': None, 'catkin_skip_building_tests': False, 'cmake_args': None, 'cmake_clean_cache': False, 'cmake_clean_first': False, 'cmake_force_configure': False, 'cmake_target': None, 'cmake_target_skip_unavailable': False, 'install_base': '/home/ubuntu/denem/install/ros2_mpu6050', 'merge_install': False, 'path': '/home/ubuntu/denem/imu', 'symlink_install': False, 'test_result_base': None}
[2.086s] INFO:colcon.colcon_core.executor:Executing jobs using 'parallel' executor
[2.089s] DEBUG:colcon.colcon_parallel_executor.executor.parallel:run_until_complete
[2.090s] INFO:colcon.colcon_ros.task.ament_cmake.build:Building ROS package in '/home/ubuntu/denem/diffdrive_arduino' with build type 'ament_cmake'
[2.091s] INFO:colcon.colcon_cmake.task.cmake.build:Building CMake package in '/home/ubuntu/denem/diffdrive_arduino'
[2.101s] INFO:colcon.colcon_core.plugin_system:Skipping extension 'colcon_core.shell.bat': Not used on non-Windows systems
[2.102s] INFO:colcon.colcon_core.shell:Skip shell extension 'powershell' for command environment: Not usable outside of PowerShell
[2.102s] DEBUG:colcon.colcon_core.shell:Skip shell extension 'dsv' for command environment
[2.133s] INFO:colcon.colcon_ros.task.ament_cmake.build:Building ROS package in '/home/ubuntu/denem/imu' with build type 'ament_cmake'
[2.134s] INFO:colcon.colcon_cmake.task.cmake.build:Building CMake package in '/home/ubuntu/denem/imu'
[2.135s] INFO:colcon.colcon_core.shell:Skip shell extension 'powershell' for command environment: Not usable outside of PowerShell
[2.135s] DEBUG:colcon.colcon_core.shell:Skip shell extension 'dsv' for command environment
[2.182s] DEBUG:colcon.colcon_core.event_handler.log_command:Invoking command in '/home/ubuntu/denem/build/diffdrive_arduino': CMAKE_PREFIX_PATH=${CMAKE_PREFIX_PATH}:/home/ubuntu/denem/install/serial_motor_demo:/opt/ros/humble /usr/bin/cmake --build /home/ubuntu/denem/build/diffdrive_arduino -- -j4 -l4
[2.214s] DEBUG:colcon.colcon_core.event_handler.log_command:Invoking command in '/home/ubuntu/denem/build/ros2_mpu6050': CMAKE_PREFIX_PATH=${CMAKE_PREFIX_PATH}:/home/ubuntu/denem/install/serial_motor_demo:/opt/ros/humble /usr/bin/cmake --build /home/ubuntu/denem/build/ros2_mpu6050 -- -j4 -l4
[2.552s] DEBUG:colcon.colcon_core.event_handler.log_command:Invoked command in '/home/ubuntu/denem/build/diffdrive_arduino' returned '0': CMAKE_PREFIX_PATH=${CMAKE_PREFIX_PATH}:/home/ubuntu/denem/install/serial_motor_demo:/opt/ros/humble /usr/bin/cmake --build /home/ubuntu/denem/build/diffdrive_arduino -- -j4 -l4
[2.598s] DEBUG:colcon.colcon_core.event_handler.log_command:Invoking command in '/home/ubuntu/denem/build/diffdrive_arduino': CMAKE_PREFIX_PATH=${CMAKE_PREFIX_PATH}:/home/ubuntu/denem/install/serial_motor_demo:/opt/ros/humble /usr/bin/cmake --install /home/ubuntu/denem/build/diffdrive_arduino
[2.605s] DEBUG:colcon.colcon_core.event_handler.log_command:Invoked command in '/home/ubuntu/denem/build/ros2_mpu6050' returned '0': CMAKE_PREFIX_PATH=${CMAKE_PREFIX_PATH}:/home/ubuntu/denem/install/serial_motor_demo:/opt/ros/humble /usr/bin/cmake --build /home/ubuntu/denem/build/ros2_mpu6050 -- -j4 -l4
[2.617s] DEBUG:colcon.colcon_core.event_handler.log_command:Invoking command in '/home/ubuntu/denem/build/ros2_mpu6050': CMAKE_PREFIX_PATH=${CMAKE_PREFIX_PATH}:/home/ubuntu/denem/install/serial_motor_demo:/opt/ros/humble /usr/bin/cmake --install /home/ubuntu/denem/build/ros2_mpu6050
[2.733s] Level 1:colcon.colcon_core.environment:create_environment_scripts_only(ros2_mpu6050)
[2.743s] DEBUG:colcon.colcon_core.event_handler.log_command:Invoked command in '/home/ubuntu/denem/build/ros2_mpu6050' returned '0': CMAKE_PREFIX_PATH=${CMAKE_PREFIX_PATH}:/home/ubuntu/denem/install/serial_motor_demo:/opt/ros/humble /usr/bin/cmake --install /home/ubuntu/denem/build/ros2_mpu6050
[2.754s] Level 1:colcon.colcon_core.environment:checking '/home/ubuntu/denem/install/ros2_mpu6050' for CMake module files
[2.758s] Level 1:colcon.colcon_core.environment:checking '/home/ubuntu/denem/install/ros2_mpu6050' for CMake config files
[2.763s] Level 1:colcon.colcon_core.shell:create_environment_hook('ros2_mpu6050', 'cmake_prefix_path')
[2.764s] INFO:colcon.colcon_core.shell:Creating environment hook '/home/ubuntu/denem/install/ros2_mpu6050/share/ros2_mpu6050/hook/cmake_prefix_path.ps1'
[2.768s] INFO:colcon.colcon_core.shell:Creating environment descriptor '/home/ubuntu/denem/install/ros2_mpu6050/share/ros2_mpu6050/hook/cmake_prefix_path.dsv'
[2.771s] INFO:colcon.colcon_core.shell:Creating environment hook '/home/ubuntu/denem/install/ros2_mpu6050/share/ros2_mpu6050/hook/cmake_prefix_path.sh'
[2.777s] Level 1:colcon.colcon_core.environment:checking '/home/ubuntu/denem/install/ros2_mpu6050/lib'
[2.778s] Level 1:colcon.colcon_core.environment:checking '/home/ubuntu/denem/install/ros2_mpu6050/bin'
[2.779s] Level 1:colcon.colcon_core.environment:checking '/home/ubuntu/denem/install/ros2_mpu6050/lib/pkgconfig/ros2_mpu6050.pc'
[2.781s] Level 1:colcon.colcon_core.environment:checking '/home/ubuntu/denem/install/ros2_mpu6050/lib/python3.10/site-packages'
[2.783s] Level 1:colcon.colcon_core.environment:checking '/home/ubuntu/denem/install/ros2_mpu6050/bin'
[2.785s] INFO:colcon.colcon_core.shell:Creating package script '/home/ubuntu/denem/install/ros2_mpu6050/share/ros2_mpu6050/package.ps1'
[2.790s] INFO:colcon.colcon_core.shell:Creating package descriptor '/home/ubuntu/denem/install/ros2_mpu6050/share/ros2_mpu6050/package.dsv'
[2.794s] INFO:colcon.colcon_core.shell:Creating package script '/home/ubuntu/denem/install/ros2_mpu6050/share/ros2_mpu6050/package.sh'
[2.799s] INFO:colcon.colcon_core.shell:Creating package script '/home/ubuntu/denem/install/ros2_mpu6050/share/ros2_mpu6050/package.bash'
[2.808s] INFO:colcon.colcon_core.shell:Creating package script '/home/ubuntu/denem/install/ros2_mpu6050/share/ros2_mpu6050/package.zsh'
[2.815s] Level 1:colcon.colcon_core.environment:create_file_with_runtime_dependencies(/home/ubuntu/denem/install/ros2_mpu6050/share/colcon-core/packages/ros2_mpu6050)
[2.820s] Level 1:colcon.colcon_core.environment:create_environment_scripts_only(ros2_mpu6050)
[2.822s] Level 1:colcon.colcon_core.environment:checking '/home/ubuntu/denem/install/ros2_mpu6050' for CMake module files
[2.826s] Level 1:colcon.colcon_core.environment:checking '/home/ubuntu/denem/install/ros2_mpu6050' for CMake config files
[2.832s] Level 1:colcon.colcon_core.shell:create_environment_hook('ros2_mpu6050', 'cmake_prefix_path')
[2.834s] INFO:colcon.colcon_core.shell:Creating environment hook '/home/ubuntu/denem/install/ros2_mpu6050/share/ros2_mpu6050/hook/cmake_prefix_path.ps1'
[2.837s] INFO:colcon.colcon_core.shell:Creating environment descriptor '/home/ubuntu/denem/install/ros2_mpu6050/share/ros2_mpu6050/hook/cmake_prefix_path.dsv'
[2.840s] INFO:colcon.colcon_core.shell:Creating environment hook '/home/ubuntu/denem/install/ros2_mpu6050/share/ros2_mpu6050/hook/cmake_prefix_path.sh'
[2.843s] Level 1:colcon.colcon_core.environment:checking '/home/ubuntu/denem/install/ros2_mpu6050/lib'
[2.844s] Level 1:colcon.colcon_core.environment:checking '/home/ubuntu/denem/install/ros2_mpu6050/bin'
[2.844s] Level 1:colcon.colcon_core.environment:checking '/home/ubuntu/denem/install/ros2_mpu6050/lib/pkgconfig/ros2_mpu6050.pc'
[2.845s] Level 1:colcon.colcon_core.environment:checking '/home/ubuntu/denem/install/ros2_mpu6050/lib/python3.10/site-packages'
[2.846s] Level 1:colcon.colcon_core.environment:checking '/home/ubuntu/denem/install/ros2_mpu6050/bin'
[2.847s] INFO:colcon.colcon_core.shell:Creating package script '/home/ubuntu/denem/install/ros2_mpu6050/share/ros2_mpu6050/package.ps1'
[2.850s] INFO:colcon.colcon_core.shell:Creating package descriptor '/home/ubuntu/denem/install/ros2_mpu6050/share/ros2_mpu6050/package.dsv'
[2.852s] INFO:colcon.colcon_core.shell:Creating package script '/home/ubuntu/denem/install/ros2_mpu6050/share/ros2_mpu6050/package.sh'
[2.854s] INFO:colcon.colcon_core.shell:Creating package script '/home/ubuntu/denem/install/ros2_mpu6050/share/ros2_mpu6050/package.bash'
[2.857s] INFO:colcon.colcon_core.shell:Creating package script '/home/ubuntu/denem/install/ros2_mpu6050/share/ros2_mpu6050/package.zsh'
[2.859s] Level 1:colcon.colcon_core.environment:create_file_with_runtime_dependencies(/home/ubuntu/denem/install/ros2_mpu6050/share/colcon-core/packages/ros2_mpu6050)
[2.860s] Level 1:colcon.colcon_core.environment:create_environment_scripts_only(diffdrive_arduino)
[2.861s] Level 1:colcon.colcon_core.environment:checking '/home/ubuntu/denem/install/diffdrive_arduino' for CMake module files
[2.865s] DEBUG:colcon.colcon_core.event_handler.log_command:Invoked command in '/home/ubuntu/denem/build/diffdrive_arduino' returned '0': CMAKE_PREFIX_PATH=${CMAKE_PREFIX_PATH}:/home/ubuntu/denem/install/serial_motor_demo:/opt/ros/humble /usr/bin/cmake --install /home/ubuntu/denem/build/diffdrive_arduino
[2.867s] Level 1:colcon.colcon_core.environment:checking '/home/ubuntu/denem/install/diffdrive_arduino' for CMake config files
[2.874s] Level 1:colcon.colcon_core.shell:create_environment_hook('diffdrive_arduino', 'cmake_prefix_path')
[2.875s] INFO:colcon.colcon_core.shell:Creating environment hook '/home/ubuntu/denem/install/diffdrive_arduino/share/diffdrive_arduino/hook/cmake_prefix_path.ps1'
[2.878s] INFO:colcon.colcon_core.shell:Creating environment descriptor '/home/ubuntu/denem/install/diffdrive_arduino/share/diffdrive_arduino/hook/cmake_prefix_path.dsv'
[2.880s] INFO:colcon.colcon_core.shell:Creating environment hook '/home/ubuntu/denem/install/diffdrive_arduino/share/diffdrive_arduino/hook/cmake_prefix_path.sh'
[2.883s] Level 1:colcon.colcon_core.environment:checking '/home/ubuntu/denem/install/diffdrive_arduino/lib'
[2.884s] Level 1:colcon.colcon_core.shell:create_environment_hook('diffdrive_arduino', 'ld_library_path_lib')
[2.885s] INFO:colcon.colcon_core.shell:Creating environment hook '/home/ubuntu/denem/install/diffdrive_arduino/share/diffdrive_arduino/hook/ld_library_path_lib.ps1'
[2.887s] INFO:colcon.colcon_core.shell:Creating environment descriptor '/home/ubuntu/denem/install/diffdrive_arduino/share/diffdrive_arduino/hook/ld_library_path_lib.dsv'
[2.889s] INFO:colcon.colcon_core.shell:Creating environment hook '/home/ubuntu/denem/install/diffdrive_arduino/share/diffdrive_arduino/hook/ld_library_path_lib.sh'
[2.891s] Level 1:colcon.colcon_core.environment:checking '/home/ubuntu/denem/install/diffdrive_arduino/bin'
[2.891s] Level 1:colcon.colcon_core.environment:checking '/home/ubuntu/denem/install/diffdrive_arduino/lib/pkgconfig/diffdrive_arduino.pc'
[2.892s] Level 1:colcon.colcon_core.environment:checking '/home/ubuntu/denem/install/diffdrive_arduino/lib/python3.10/site-packages'
[2.893s] Level 1:colcon.colcon_core.environment:checking '/home/ubuntu/denem/install/diffdrive_arduino/bin'
[2.895s] INFO:colcon.colcon_core.shell:Creating package script '/home/ubuntu/denem/install/diffdrive_arduino/share/diffdrive_arduino/package.ps1'
[2.897s] INFO:colcon.colcon_core.shell:Creating package descriptor '/home/ubuntu/denem/install/diffdrive_arduino/share/diffdrive_arduino/package.dsv'
[2.900s] INFO:colcon.colcon_core.shell:Creating package script '/home/ubuntu/denem/install/diffdrive_arduino/share/diffdrive_arduino/package.sh'
[2.903s] INFO:colcon.colcon_core.shell:Creating package script '/home/ubuntu/denem/install/diffdrive_arduino/share/diffdrive_arduino/package.bash'
[2.905s] INFO:colcon.colcon_core.shell:Creating package script '/home/ubuntu/denem/install/diffdrive_arduino/share/diffdrive_arduino/package.zsh'
[2.908s] Level 1:colcon.colcon_core.environment:create_file_with_runtime_dependencies(/home/ubuntu/denem/install/diffdrive_arduino/share/colcon-core/packages/diffdrive_arduino)
[2.911s] Level 1:colcon.colcon_core.environment:create_environment_scripts_only(diffdrive_arduino)
[2.912s] Level 1:colcon.colcon_core.environment:checking '/home/ubuntu/denem/install/diffdrive_arduino' for CMake module files
[2.915s] Level 1:colcon.colcon_core.environment:checking '/home/ubuntu/denem/install/diffdrive_arduino' for CMake config files
[2.921s] Level 1:colcon.colcon_core.shell:create_environment_hook('diffdrive_arduino', 'cmake_prefix_path')
[2.922s] INFO:colcon.colcon_core.shell:Creating environment hook '/home/ubuntu/denem/install/diffdrive_arduino/share/diffdrive_arduino/hook/cmake_prefix_path.ps1'
[2.924s] INFO:colcon.colcon_core.shell:Creating environment descriptor '/home/ubuntu/denem/install/diffdrive_arduino/share/diffdrive_arduino/hook/cmake_prefix_path.dsv'
[2.926s] INFO:colcon.colcon_core.shell:Creating environment hook '/home/ubuntu/denem/install/diffdrive_arduino/share/diffdrive_arduino/hook/cmake_prefix_path.sh'
[2.929s] Level 1:colcon.colcon_core.environment:checking '/home/ubuntu/denem/install/diffdrive_arduino/lib'
[2.929s] Level 1:colcon.colcon_core.shell:create_environment_hook('diffdrive_arduino', 'ld_library_path_lib')
[2.930s] INFO:colcon.colcon_core.shell:Creating environment hook '/home/ubuntu/denem/install/diffdrive_arduino/share/diffdrive_arduino/hook/ld_library_path_lib.ps1'
[2.932s] INFO:colcon.colcon_core.shell:Creating environment descriptor '/home/ubuntu/denem/install/diffdrive_arduino/share/diffdrive_arduino/hook/ld_library_path_lib.dsv'
[2.934s] INFO:colcon.colcon_core.shell:Creating environment hook '/home/ubuntu/denem/install/diffdrive_arduino/share/diffdrive_arduino/hook/ld_library_path_lib.sh'
[2.937s] Level 1:colcon.colcon_core.environment:checking '/home/ubuntu/denem/install/diffdrive_arduino/bin'
[2.937s] Level 1:colcon.colcon_core.environment:checking '/home/ubuntu/denem/install/diffdrive_arduino/lib/pkgconfig/diffdrive_arduino.pc'
[2.938s] Level 1:colcon.colcon_core.environment:checking '/home/ubuntu/denem/install/diffdrive_arduino/lib/python3.10/site-packages'
[2.939s] Level 1:colcon.colcon_core.environment:checking '/home/ubuntu/denem/install/diffdrive_arduino/bin'
[2.940s] INFO:colcon.colcon_core.shell:Creating package script '/home/ubuntu/denem/install/diffdrive_arduino/share/diffdrive_arduino/package.ps1'
[2.943s] INFO:colcon.colcon_core.shell:Creating package descriptor '/home/ubuntu/denem/install/diffdrive_arduino/share/diffdrive_arduino/package.dsv'
[2.945s] INFO:colcon.colcon_core.shell:Creating package script '/home/ubuntu/denem/install/diffdrive_arduino/share/diffdrive_arduino/package.sh'
[2.948s] INFO:colcon.colcon_core.shell:Creating package script '/home/ubuntu/denem/install/diffdrive_arduino/share/diffdrive_arduino/package.bash'
[2.951s] INFO:colcon.colcon_core.shell:Creating package script '/home/ubuntu/denem/install/diffdrive_arduino/share/diffdrive_arduino/package.zsh'
[2.953s] Level 1:colcon.colcon_core.environment:create_file_with_runtime_dependencies(/home/ubuntu/denem/install/diffdrive_arduino/share/colcon-core/packages/diffdrive_arduino)
[2.955s] DEBUG:colcon.colcon_parallel_executor.executor.parallel:closing loop
[2.956s] DEBUG:colcon.colcon_parallel_executor.executor.parallel:loop closed
[2.957s] DEBUG:colcon.colcon_parallel_executor.executor.parallel:run_until_complete finished with '0'
[2.957s] DEBUG:colcon.colcon_core.event_reactor:joining thread
[2.983s] INFO:colcon.colcon_core.plugin_system:Skipping extension 'colcon_notification.desktop_notification.terminal_notifier': Not used on non-Darwin systems
[2.984s] INFO:colcon.colcon_core.plugin_system:Skipping extension 'colcon_notification.desktop_notification.win32': Not used on non-Windows systems
[2.984s] INFO:colcon.colcon_notification.desktop_notification:Sending desktop notification using 'notify2'
[3.029s] DEBUG:colcon.colcon_core.event_reactor:joined thread
[3.030s] INFO:colcon.colcon_core.shell:Creating prefix script '/home/ubuntu/denem/install/local_setup.ps1'
[3.034s] INFO:colcon.colcon_core.shell:Creating prefix util module '/home/ubuntu/denem/install/_local_setup_util_ps1.py'
[3.040s] INFO:colcon.colcon_core.shell:Creating prefix chain script '/home/ubuntu/denem/install/setup.ps1'
[3.049s] INFO:colcon.colcon_core.shell:Creating prefix script '/home/ubuntu/denem/install/local_setup.sh'
[3.052s] INFO:colcon.colcon_core.shell:Creating prefix util module '/home/ubuntu/denem/install/_local_setup_util_sh.py'
[3.056s] INFO:colcon.colcon_core.shell:Creating prefix chain script '/home/ubuntu/denem/install/setup.sh'
[3.066s] INFO:colcon.colcon_core.shell:Creating prefix script '/home/ubuntu/denem/install/local_setup.bash'
[3.069s] INFO:colcon.colcon_core.shell:Creating prefix chain script '/home/ubuntu/denem/install/setup.bash'
[3.080s] INFO:colcon.colcon_core.shell:Creating prefix script '/home/ubuntu/denem/install/local_setup.zsh'
[3.083s] INFO:colcon.colcon_core.shell:Creating prefix chain script '/home/ubuntu/denem/install/setup.zsh'
