[0.144s] Invoking command in '/home/ubuntu/denem/build/ros2_mpu6050': CMAKE_PREFIX_PATH=${CMAKE_PREFIX_PATH}:/home/ubuntu/denem/install/serial_motor_demo:/opt/ros/humble /usr/bin/cmake --build /home/ubuntu/denem/build/ros2_mpu6050 -- -j4 -l4
[0.546s] [ 50%] Built target ros2_mpu6050_calibrate
[0.556s] [100%] Built target ros2_mpu6050
[0.655s] Invoked command in '/home/ubuntu/denem/build/ros2_mpu6050' returned '0': CMAKE_PREFIX_PATH=${CMAKE_PREFIX_PATH}:/home/ubuntu/denem/install/serial_motor_demo:/opt/ros/humble /usr/bin/cmake --build /home/ubuntu/denem/build/ros2_mpu6050 -- -j4 -l4
[0.737s] Invoking command in '/home/ubuntu/denem/build/ros2_mpu6050': CMAKE_PREFIX_PATH=${CMAKE_PREFIX_PATH}:/home/ubuntu/denem/install/serial_motor_demo:/opt/ros/humble /usr/bin/cmake --install /home/ubuntu/denem/build/ros2_mpu6050
[0.815s] -- Install configuration: ""
[0.817s] -- Up-to-date: /home/ubuntu/denem/install/ros2_mpu6050/include/include
[0.817s] -- Up-to-date: /home/ubuntu/denem/install/ros2_mpu6050/include/include/ros2_mpu6050
[0.818s] -- Up-to-date: /home/ubuntu/denem/install/ros2_mpu6050/include/include/ros2_mpu6050/mpu6050.h
[0.819s] -- Up-to-date: /home/ubuntu/denem/install/ros2_mpu6050/include/include/ros2_mpu6050/mpu6050_hal.h
[0.819s] -- Up-to-date: /home/ubuntu/denem/install/ros2_mpu6050/include/include/ros2_mpu6050/mpu6050_node.h
[0.822s] -- Up-to-date: /home/ubuntu/denem/install/ros2_mpu6050/lib/ros2_mpu6050/ros2_mpu6050
[0.824s] -- Up-to-date: /home/ubuntu/denem/install/ros2_mpu6050/lib/ros2_mpu6050/ros2_mpu6050_calibrate
[0.825s] -- Up-to-date: /home/ubuntu/denem/install/ros2_mpu6050/share/ros2_mpu6050/config
[0.826s] -- Up-to-date: /home/ubuntu/denem/install/ros2_mpu6050/share/ros2_mpu6050/config/params.yaml
[0.827s] -- Up-to-date: /home/ubuntu/denem/install/ros2_mpu6050/share/ros2_mpu6050/launch
[0.831s] -- Up-to-date: /home/ubuntu/denem/install/ros2_mpu6050/share/ros2_mpu6050/launch/ros2_mpu6050.launch.py
[0.833s] -- Up-to-date: /home/ubuntu/denem/install/ros2_mpu6050/share/ament_index/resource_index/package_run_dependencies/ros2_mpu6050
[0.839s] -- Up-to-date: /home/ubuntu/denem/install/ros2_mpu6050/share/ament_index/resource_index/parent_prefix_path/ros2_mpu6050
[0.840s] -- Up-to-date: /home/ubuntu/denem/install/ros2_mpu6050/share/ros2_mpu6050/environment/ament_prefix_path.sh
[0.841s] -- Up-to-date: /home/ubuntu/denem/install/ros2_mpu6050/share/ros2_mpu6050/environment/ament_prefix_path.dsv
[0.841s] -- Up-to-date: /home/ubuntu/denem/install/ros2_mpu6050/share/ros2_mpu6050/environment/path.sh
[0.842s] -- Up-to-date: /home/ubuntu/denem/install/ros2_mpu6050/share/ros2_mpu6050/environment/path.dsv
[0.842s] -- Up-to-date: /home/ubuntu/denem/install/ros2_mpu6050/share/ros2_mpu6050/local_setup.bash
[0.843s] -- Up-to-date: /home/ubuntu/denem/install/ros2_mpu6050/share/ros2_mpu6050/local_setup.sh
[0.843s] -- Up-to-date: /home/ubuntu/denem/install/ros2_mpu6050/share/ros2_mpu6050/local_setup.zsh
[0.860s] -- Up-to-date: /home/ubuntu/denem/install/ros2_mpu6050/share/ros2_mpu6050/local_setup.dsv
[0.861s] -- Installing: /home/ubuntu/denem/install/ros2_mpu6050/share/ros2_mpu6050/package.dsv
[0.862s] -- Up-to-date: /home/ubuntu/denem/install/ros2_mpu6050/share/ament_index/resource_index/packages/ros2_mpu6050
[0.862s] -- Up-to-date: /home/ubuntu/denem/install/ros2_mpu6050/share/ros2_mpu6050/cmake/ros2_mpu6050Config.cmake
[0.885s] -- Up-to-date: /home/ubuntu/denem/install/ros2_mpu6050/share/ros2_mpu6050/cmake/ros2_mpu6050Config-version.cmake
[0.885s] -- Up-to-date: /home/ubuntu/denem/install/ros2_mpu6050/share/ros2_mpu6050/package.xml
[0.886s] Invoked command in '/home/ubuntu/denem/build/ros2_mpu6050' returned '0': CMAKE_PREFIX_PATH=${CMAKE_PREFIX_PATH}:/home/ubuntu/denem/install/serial_motor_demo:/opt/ros/humble /usr/bin/cmake --install /home/ubuntu/denem/build/ros2_mpu6050
