[0.064s] Invoking command in '/home/ubuntu/denem/build/diffdrive_arduino': CMAKE_PREFIX_PATH=${CMAKE_PREFIX_PATH}:/home/ubuntu/denem/install/serial_motor_demo:/opt/ros/humble /usr/bin/cmake --build /home/ubuntu/denem/build/diffdrive_arduino -- -j4 -l4
[0.204s] -- Found ament_cmake: 1.3.12 (/opt/ros/humble/share/ament_cmake/cmake)
[0.894s] -- Override CMake install command with custom implementation using symlinks instead of copying resources
[0.968s] -- Found hardware_interface: 2.51.0 (/opt/ros/humble/share/hardware_interface/cmake)
[1.205s] -- Found rosidl_generator_c: 3.1.7 (/opt/ros/humble/share/rosidl_generator_c/cmake)
[1.220s] -- Found rosidl_adapter: 3.1.7 (/opt/ros/humble/share/rosidl_adapter/cmake)
[1.262s] -- Found rosidl_generator_cpp: 3.1.7 (/opt/ros/humble/share/rosidl_generator_cpp/cmake)
[1.320s] -- Using all available rosidl_typesupport_c: rosidl_typesupport_fastrtps_c;rosidl_typesupport_introspection_c
[1.393s] -- Using all available rosidl_typesupport_cpp: rosidl_typesupport_fastrtps_cpp;rosidl_typesupport_introspection_cpp
[2.502s] -- Found rmw_implementation_cmake: 6.1.2 (/opt/ros/humble/share/rmw_implementation_cmake/cmake)
[2.516s] -- Found rmw_fastrtps_cpp: 6.2.8 (/opt/ros/humble/share/rmw_fastrtps_cpp/cmake)
[2.809s] -- Found TinyXML2 via Config file: TinyXML2_DIR-NOTFOUND
[2.897s] -- Found TinyXML2 via Config file: TinyXML2_DIR-NOTFOUND
[2.995s] -- Found TinyXML2 via Config file: TinyXML2_DIR-NOTFOUND
[3.029s] -- Found TinyXML2 via Config file: TinyXML2_DIR-NOTFOUND
[3.070s] -- Using RMW implementation 'rmw_fastrtps_cpp' as default
[3.375s] -- Found nav2_behavior_tree: 1.1.18 (/opt/ros/humble/share/nav2_behavior_tree/cmake)
[4.743s] -- Found eigen3_cmake_module: 0.1.1 (/opt/ros/humble/share/eigen3_cmake_module/cmake)
[4.752s] -- Found Eigen3: TRUE (found version "3.4.0") 
[4.753s] -- Ensuring Eigen3 include directory is part of orocos-kdl CMake target
[6.364s] -- Found ament_cmake_gtest: 1.3.12 (/opt/ros/humble/share/ament_cmake_gtest/cmake)
[6.798s] -- Configuring done
[7.548s] -- Generating done
[7.599s] -- Build files have been written to: /home/ubuntu/denem/build/diffdrive_arduino
[7.789s] [35m[1mConsolidate compiler generated dependencies of target diffdrive_arduino[0m
[7.839s] [ 20%] [32mBuilding CXX object CMakeFiles/diffdrive_arduino_bt_plugins.dir/src/bt_plugins/obstacle_detector_condition.cpp.o[0m
[7.874s] [ 40%] [32mBuilding CXX object CMakeFiles/diffdrive_arduino_bt_plugins.dir/src/bt_plugins/wait_for_clear_action.cpp.o[0m
[7.942s] [ 60%] [32mBuilding CXX object CMakeFiles/diffdrive_arduino.dir/hardware/diffbot_system.cpp.o[0m
[33.971s] [ 80%] [32m[1mLinking CXX shared library libdiffdrive_arduino.so[0m
[36.041s] [ 80%] Built target diffdrive_arduino
[60.925s] [100%] [32m[1mLinking CXX shared library libdiffdrive_arduino_bt_plugins.so[0m
[66.006s] [100%] Built target diffdrive_arduino_bt_plugins
[66.049s] Invoked command in '/home/ubuntu/denem/build/diffdrive_arduino' returned '0': CMAKE_PREFIX_PATH=${CMAKE_PREFIX_PATH}:/home/ubuntu/denem/install/serial_motor_demo:/opt/ros/humble /usr/bin/cmake --build /home/ubuntu/denem/build/diffdrive_arduino -- -j4 -l4
[66.099s] Invoking command in '/home/ubuntu/denem/build/diffdrive_arduino': CMAKE_PREFIX_PATH=${CMAKE_PREFIX_PATH}:/home/ubuntu/denem/install/serial_motor_demo:/opt/ros/humble /usr/bin/cmake --install /home/ubuntu/denem/build/diffdrive_arduino
[66.130s] -- Install configuration: ""
[66.132s] -- Execute custom install script
[66.133s] -- Up-to-date symlink: /home/ubuntu/denem/install/diffdrive_arduino/share/diffdrive_arduino//diffdrive_arduino.xml
[66.133s] -- Symlinking: /home/ubuntu/denem/install/diffdrive_arduino/share/diffdrive_arduino//bt_plugins.xml
[66.170s] -- Up-to-date symlink: /home/ubuntu/denem/install/diffdrive_arduino/include/diffdrive_arduino/diffdrive_arduino/arduino_comms.hpp
[66.170s] -- Up-to-date symlink: /home/ubuntu/denem/install/diffdrive_arduino/include/diffdrive_arduino/diffdrive_arduino/diffbot_system.hpp
[66.171s] -- Up-to-date symlink: /home/ubuntu/denem/install/diffdrive_arduino/include/diffdrive_arduino/diffdrive_arduino/visibility_control.h
[66.172s] -- Up-to-date symlink: /home/ubuntu/denem/install/diffdrive_arduino/include/diffdrive_arduino/diffdrive_arduino/wheel.hpp
[66.176s] -- Symlinking: /home/ubuntu/denem/install/diffdrive_arduino/include/diffdrive_arduino/diffdrive_arduino/bt_plugins/obstacle_detector_condition.hpp
[66.213s] -- Symlinking: /home/ubuntu/denem/install/diffdrive_arduino/include/diffdrive_arduino/diffdrive_arduino/bt_plugins/wait_for_clear_action.hpp
[66.251s] [33mCMake Warning (dev) at ament_cmake_symlink_install/ament_cmake_symlink_install.cmake:62 (file):
[66.252s]   Policy CMP0009 is not set: FILE GLOB_RECURSE calls should not follow
[66.253s]   symlinks by default.  Run "cmake --help-policy CMP0009" for policy details.
[66.253s]   Use the cmake_policy command to set the policy and suppress this warning.
[66.254s] Call Stack (most recent call first):
[66.254s]   ament_cmake_symlink_install/ament_cmake_symlink_install.cmake:326 (ament_cmake_symlink_install_directory)
[66.254s]   cmake_install.cmake:46 (include)
[66.255s] This warning is for project developers.  Use -Wno-dev to suppress it.
[66.255s] [0m
[66.256s] -- Symlinking: /home/ubuntu/denem/install/diffdrive_arduino/share/diffdrive_arduino/launch/build/.built_by
[66.293s] -- Symlinking: /home/ubuntu/denem/install/diffdrive_arduino/share/diffdrive_arduino/launch/build/COLCON_IGNORE
[66.329s] -- Symlinking: /home/ubuntu/denem/install/diffdrive_arduino/share/diffdrive_arduino/launch/install/.colcon_install_layout
[66.367s] -- Symlinking: /home/ubuntu/denem/install/diffdrive_arduino/share/diffdrive_arduino/launch/install/COLCON_IGNORE
[66.406s] -- Symlinking: /home/ubuntu/denem/install/diffdrive_arduino/share/diffdrive_arduino/launch/install/_local_setup_util_ps1.py
[66.443s] -- Symlinking: /home/ubuntu/denem/install/diffdrive_arduino/share/diffdrive_arduino/launch/install/_local_setup_util_sh.py
[66.482s] -- Symlinking: /home/ubuntu/denem/install/diffdrive_arduino/share/diffdrive_arduino/launch/install/local_setup.bash
[66.522s] -- Symlinking: /home/ubuntu/denem/install/diffdrive_arduino/share/diffdrive_arduino/launch/install/local_setup.ps1
[66.567s] -- Symlinking: /home/ubuntu/denem/install/diffdrive_arduino/share/diffdrive_arduino/launch/install/local_setup.sh
[66.606s] -- Symlinking: /home/ubuntu/denem/install/diffdrive_arduino/share/diffdrive_arduino/launch/install/local_setup.zsh
[66.646s] -- Symlinking: /home/ubuntu/denem/install/diffdrive_arduino/share/diffdrive_arduino/launch/install/setup.bash
[66.685s] -- Symlinking: /home/ubuntu/denem/install/diffdrive_arduino/share/diffdrive_arduino/launch/install/setup.ps1
[66.726s] -- Symlinking: /home/ubuntu/denem/install/diffdrive_arduino/share/diffdrive_arduino/launch/install/setup.sh
[66.766s] -- Symlinking: /home/ubuntu/denem/install/diffdrive_arduino/share/diffdrive_arduino/launch/install/setup.zsh
[66.806s] -- Symlinking: /home/ubuntu/denem/install/diffdrive_arduino/share/diffdrive_arduino/launch/log/COLCON_IGNORE
[66.844s] -- Up-to-date symlink: /home/ubuntu/denem/install/diffdrive_arduino/share/diffdrive_arduino/launch/log/build_2025-05-30_20-05-45/events.log
[66.845s] -- Up-to-date symlink: /home/ubuntu/denem/install/diffdrive_arduino/share/diffdrive_arduino/launch/log/build_2025-05-30_20-05-45/logger_all.log
[66.846s] -- Up-to-date symlink: /home/ubuntu/denem/install/diffdrive_arduino/share/diffdrive_arduino/launch/log/build_2025-05-30_20-05-52/events.log
[66.847s] -- Up-to-date symlink: /home/ubuntu/denem/install/diffdrive_arduino/share/diffdrive_arduino/launch/log/build_2025-05-30_20-05-52/logger_all.log
[66.849s] -- Symlinking: /home/ubuntu/denem/install/diffdrive_arduino/share/diffdrive_arduino/launch/log/latest/events.log
[66.888s] -- Symlinking: /home/ubuntu/denem/install/diffdrive_arduino/share/diffdrive_arduino/launch/log/latest/logger_all.log
[66.926s] -- Up-to-date symlink: /home/ubuntu/denem/install/diffdrive_arduino/share/diffdrive_arduino/launch/log/latest_build/events.log
[66.927s] -- Up-to-date symlink: /home/ubuntu/denem/install/diffdrive_arduino/share/diffdrive_arduino/launch/log/latest_build/logger_all.log
[66.928s] -- Up-to-date symlink: /home/ubuntu/denem/install/diffdrive_arduino/share/diffdrive_arduino/launch/view_robot.launch.py
[66.930s] -- Up-to-date symlink: /home/ubuntu/denem/install/diffdrive_arduino/share/diffdrive_arduino/ros2_control/diffbot.ros2_control.xacro
[66.931s] -- Up-to-date symlink: /home/ubuntu/denem/install/diffdrive_arduino/share/diffdrive_arduino/urdf/diffbot.materials.xacro
[66.932s] -- Up-to-date symlink: /home/ubuntu/denem/install/diffdrive_arduino/share/diffdrive_arduino/urdf/diffbot.urdf.xacro
[66.934s] -- Up-to-date symlink: /home/ubuntu/denem/install/diffdrive_arduino/share/diffdrive_arduino/urdf/diffbot_description.urdf.xacro
[66.935s] -- Up-to-date symlink: /home/ubuntu/denem/install/diffdrive_arduino/share/diffdrive_arduino/rviz/diffbot.rviz
[66.936s] -- Up-to-date symlink: /home/ubuntu/denem/install/diffdrive_arduino/share/diffdrive_arduino/rviz/diffbot_view.rviz
[66.940s] [33mCMake Warning (dev) at ament_cmake_symlink_install/ament_cmake_symlink_install.cmake:62 (file):
[66.941s]   Policy CMP0009 is not set: FILE GLOB_RECURSE calls should not follow
[66.942s]   symlinks by default.  Run "cmake --help-policy CMP0009" for policy details.
[66.942s]   Use the cmake_policy command to set the policy and suppress this warning.
[66.943s] Call Stack (most recent call first):
[66.943s]   ament_cmake_symlink_install/ament_cmake_symlink_install.cmake:329 (ament_cmake_symlink_install_directory)
[66.944s]   cmake_install.cmake:46 (include)
[66.944s] This warning is for project developers.  Use -Wno-dev to suppress it.
[66.944s] [0m
[66.945s] -- Symlinking: /home/ubuntu/denem/install/diffdrive_arduino/share/diffdrive_arduino/launch/build/.built_by
[66.985s] -- Symlinking: /home/ubuntu/denem/install/diffdrive_arduino/share/diffdrive_arduino/launch/build/COLCON_IGNORE
[67.025s] -- Up-to-date symlink: /home/ubuntu/denem/install/diffdrive_arduino/share/diffdrive_arduino/launch/diffbot.launch.py
[67.026s] -- Up-to-date symlink: /home/ubuntu/denem/install/diffdrive_arduino/share/diffdrive_arduino/launch/ekf.launch.py
[67.027s] -- Up-to-date symlink: /home/ubuntu/denem/install/diffdrive_arduino/share/diffdrive_arduino/launch/fullnav.launch.py
[67.028s] -- Symlinking: /home/ubuntu/denem/install/diffdrive_arduino/share/diffdrive_arduino/launch/install/.colcon_install_layout
[67.067s] -- Symlinking: /home/ubuntu/denem/install/diffdrive_arduino/share/diffdrive_arduino/launch/install/COLCON_IGNORE
[67.105s] -- Symlinking: /home/ubuntu/denem/install/diffdrive_arduino/share/diffdrive_arduino/launch/install/_local_setup_util_ps1.py
[67.143s] -- Symlinking: /home/ubuntu/denem/install/diffdrive_arduino/share/diffdrive_arduino/launch/install/_local_setup_util_sh.py
[67.184s] -- Symlinking: /home/ubuntu/denem/install/diffdrive_arduino/share/diffdrive_arduino/launch/install/local_setup.bash
[67.223s] -- Symlinking: /home/ubuntu/denem/install/diffdrive_arduino/share/diffdrive_arduino/launch/install/local_setup.ps1
[67.266s] -- Symlinking: /home/ubuntu/denem/install/diffdrive_arduino/share/diffdrive_arduino/launch/install/local_setup.sh
[67.312s] -- Symlinking: /home/ubuntu/denem/install/diffdrive_arduino/share/diffdrive_arduino/launch/install/local_setup.zsh
[67.362s] -- Symlinking: /home/ubuntu/denem/install/diffdrive_arduino/share/diffdrive_arduino/launch/install/setup.bash
[67.419s] -- Symlinking: /home/ubuntu/denem/install/diffdrive_arduino/share/diffdrive_arduino/launch/install/setup.ps1
[67.467s] -- Symlinking: /home/ubuntu/denem/install/diffdrive_arduino/share/diffdrive_arduino/launch/install/setup.sh
[67.504s] -- Symlinking: /home/ubuntu/denem/install/diffdrive_arduino/share/diffdrive_arduino/launch/install/setup.zsh
[67.549s] -- Up-to-date symlink: /home/ubuntu/denem/install/diffdrive_arduino/share/diffdrive_arduino/launch/joystick.launch.py
[67.550s] -- Up-to-date symlink: /home/ubuntu/denem/install/diffdrive_arduino/share/diffdrive_arduino/launch/localization.launch.py
[67.551s] -- Symlinking: /home/ubuntu/denem/install/diffdrive_arduino/share/diffdrive_arduino/launch/log/COLCON_IGNORE
[67.603s] -- Up-to-date symlink: /home/ubuntu/denem/install/diffdrive_arduino/share/diffdrive_arduino/launch/log/build_2025-08-04_17-02-48/events.log
[67.606s] -- Up-to-date symlink: /home/ubuntu/denem/install/diffdrive_arduino/share/diffdrive_arduino/launch/log/build_2025-08-04_17-02-48/logger_all.log
[67.607s] -- Up-to-date symlink: /home/ubuntu/denem/install/diffdrive_arduino/share/diffdrive_arduino/launch/log/build_2025-08-04_17-03-22/events.log
[67.610s] -- Up-to-date symlink: /home/ubuntu/denem/install/diffdrive_arduino/share/diffdrive_arduino/launch/log/build_2025-08-04_17-03-22/logger_all.log
[67.611s] -- Symlinking: /home/ubuntu/denem/install/diffdrive_arduino/share/diffdrive_arduino/launch/log/build_2025-08-04_17-39-42/events.log
[67.651s] -- Symlinking: /home/ubuntu/denem/install/diffdrive_arduino/share/diffdrive_arduino/launch/log/build_2025-08-04_17-39-42/logger_all.log
[67.697s] -- Up-to-date symlink: /home/ubuntu/denem/install/diffdrive_arduino/share/diffdrive_arduino/launch/log/latest/events.log
[67.699s] -- Up-to-date symlink: /home/ubuntu/denem/install/diffdrive_arduino/share/diffdrive_arduino/launch/log/latest/logger_all.log
[67.702s] -- Up-to-date symlink: /home/ubuntu/denem/install/diffdrive_arduino/share/diffdrive_arduino/launch/log/latest_build/events.log
[67.703s] -- Up-to-date symlink: /home/ubuntu/denem/install/diffdrive_arduino/share/diffdrive_arduino/launch/log/latest_build/logger_all.log
[67.704s] -- Up-to-date symlink: /home/ubuntu/denem/install/diffdrive_arduino/share/diffdrive_arduino/launch/mapping.launch.py
[67.704s] -- Up-to-date symlink: /home/ubuntu/denem/install/diffdrive_arduino/share/diffdrive_arduino/launch/navigation.launch.py
[67.705s] -- Up-to-date symlink: /home/ubuntu/denem/install/diffdrive_arduino/share/diffdrive_arduino/launch/rplidar.launch.py
[67.708s] -- Up-to-date symlink: /home/ubuntu/denem/install/diffdrive_arduino/share/diffdrive_arduino/launch/slam.launch.py
[67.709s] -- Up-to-date symlink: /home/ubuntu/denem/install/diffdrive_arduino/share/diffdrive_arduino/config/diffbot_controllers.yaml
[67.711s] -- Up-to-date symlink: /home/ubuntu/denem/install/diffdrive_arduino/share/diffdrive_arduino/config/ekf.yaml
[67.713s] -- Up-to-date symlink: /home/ubuntu/denem/install/diffdrive_arduino/share/diffdrive_arduino/config/joystick.yaml
[67.713s] -- Up-to-date symlink: /home/ubuntu/denem/install/diffdrive_arduino/share/diffdrive_arduino/config/mybehaviortree.xml
[67.716s] -- Up-to-date symlink: /home/ubuntu/denem/install/diffdrive_arduino/share/diffdrive_arduino/config/nav2_params.yaml
[67.717s] -- Up-to-date symlink: /home/ubuntu/denem/install/diffdrive_arduino/share/diffdrive_arduino/bt_plugins.xml
[67.719s] -- Up-to-date symlink: /home/ubuntu/denem/install/diffdrive_arduino/share/diffdrive_arduino/environment/library_path.sh
[67.720s] -- Up-to-date symlink: /home/ubuntu/denem/install/diffdrive_arduino/share/diffdrive_arduino/environment/library_path.dsv
[67.721s] -- Up-to-date symlink: /home/ubuntu/denem/install/diffdrive_arduino/share/ament_index/resource_index/package_run_dependencies/diffdrive_arduino
[67.723s] -- Up-to-date symlink: /home/ubuntu/denem/install/diffdrive_arduino/share/ament_index/resource_index/parent_prefix_path/diffdrive_arduino
[67.725s] -- Up-to-date symlink: /home/ubuntu/denem/install/diffdrive_arduino/share/diffdrive_arduino/environment/ament_prefix_path.sh
[67.727s] -- Up-to-date symlink: /home/ubuntu/denem/install/diffdrive_arduino/share/diffdrive_arduino/environment/ament_prefix_path.dsv
[67.732s] -- Up-to-date symlink: /home/ubuntu/denem/install/diffdrive_arduino/share/diffdrive_arduino/environment/path.sh
[67.732s] -- Up-to-date symlink: /home/ubuntu/denem/install/diffdrive_arduino/share/diffdrive_arduino/environment/path.dsv
[67.733s] -- Up-to-date symlink: /home/ubuntu/denem/install/diffdrive_arduino/share/diffdrive_arduino/local_setup.bash
[67.733s] -- Up-to-date symlink: /home/ubuntu/denem/install/diffdrive_arduino/share/diffdrive_arduino/local_setup.sh
[67.734s] -- Up-to-date symlink: /home/ubuntu/denem/install/diffdrive_arduino/share/diffdrive_arduino/local_setup.zsh
[67.734s] -- Up-to-date symlink: /home/ubuntu/denem/install/diffdrive_arduino/share/diffdrive_arduino/local_setup.dsv
[67.736s] -- Symlinking: /home/ubuntu/denem/install/diffdrive_arduino/share/diffdrive_arduino/package.dsv
[67.771s] -- Up-to-date symlink: /home/ubuntu/denem/install/diffdrive_arduino/share/ament_index/resource_index/packages/diffdrive_arduino
[67.772s] -- Up-to-date symlink: /home/ubuntu/denem/install/diffdrive_arduino/share/ament_index/resource_index/hardware_interface__pluginlib__plugin/diffdrive_arduino
[67.773s] -- Symlinking: /home/ubuntu/denem/install/diffdrive_arduino/share/ament_index/resource_index/nav2_behavior_tree__pluginlib__plugin/diffdrive_arduino
[67.820s] -- Up-to-date symlink: /home/ubuntu/denem/install/diffdrive_arduino/share/diffdrive_arduino/cmake/ament_cmake_export_targets-extras.cmake
[67.822s] -- Up-to-date symlink: /home/ubuntu/denem/install/diffdrive_arduino/share/diffdrive_arduino/cmake/ament_cmake_export_dependencies-extras.cmake
[67.823s] -- Up-to-date symlink: /home/ubuntu/denem/install/diffdrive_arduino/share/diffdrive_arduino/cmake/diffdrive_arduinoConfig.cmake
[67.825s] -- Up-to-date symlink: /home/ubuntu/denem/install/diffdrive_arduino/share/diffdrive_arduino/cmake/diffdrive_arduinoConfig-version.cmake
[67.826s] -- Up-to-date symlink: /home/ubuntu/denem/install/diffdrive_arduino/share/diffdrive_arduino/package.xml
[67.828s] -- Installing: /home/ubuntu/denem/install/diffdrive_arduino/lib/libdiffdrive_arduino.so
[67.838s] -- Set runtime path of "/home/ubuntu/denem/install/diffdrive_arduino/lib/libdiffdrive_arduino.so" to ""
[67.839s] -- Installing: /home/ubuntu/denem/install/diffdrive_arduino/lib/libdiffdrive_arduino_bt_plugins.so
[67.898s] -- Set runtime path of "/home/ubuntu/denem/install/diffdrive_arduino/lib/libdiffdrive_arduino_bt_plugins.so" to ""
[67.898s] -- Old export file "/home/ubuntu/denem/install/diffdrive_arduino/share/diffdrive_arduino/cmake/export_diffdrive_arduinoExport.cmake" will be replaced.  Removing files [/home/ubuntu/denem/install/diffdrive_arduino/share/diffdrive_arduino/cmake/export_diffdrive_arduinoExport-noconfig.cmake].
[67.899s] -- Installing: /home/ubuntu/denem/install/diffdrive_arduino/share/diffdrive_arduino/cmake/export_diffdrive_arduinoExport.cmake
[67.902s] -- Installing: /home/ubuntu/denem/install/diffdrive_arduino/share/diffdrive_arduino/cmake/export_diffdrive_arduinoExport-noconfig.cmake
[67.914s] Invoked command in '/home/ubuntu/denem/build/diffdrive_arduino' returned '0': CMAKE_PREFIX_PATH=${CMAKE_PREFIX_PATH}:/home/ubuntu/denem/install/serial_motor_demo:/opt/ros/humble /usr/bin/cmake --install /home/ubuntu/denem/build/diffdrive_arduino
