[0.143s] Invoking command in '/home/ubuntu/denem/build/diffdrive_arduino': CMAKE_PREFIX_PATH=${CMAKE_PREFIX_PATH}:/home/ubuntu/denem/install/serial_motor_demo:/opt/ros/humble /usr/bin/cmake --build /home/ubuntu/denem/build/diffdrive_arduino -- -j4 -l4
[0.592s] [100%] Built target diffdrive_arduino
[0.700s] Invoked command in '/home/ubuntu/denem/build/diffdrive_arduino' returned '0': CMAKE_PREFIX_PATH=${CMAKE_PREFIX_PATH}:/home/ubuntu/denem/install/serial_motor_demo:/opt/ros/humble /usr/bin/cmake --build /home/ubuntu/denem/build/diffdrive_arduino -- -j4 -l4
[0.793s] Invoking command in '/home/ubuntu/denem/build/diffdrive_arduino': CMAKE_PREFIX_PATH=${CMAKE_PREFIX_PATH}:/home/ubuntu/denem/install/serial_motor_demo:/opt/ros/humble /usr/bin/cmake --install /home/ubuntu/denem/build/diffdrive_arduino
[0.861s] -- Install configuration: ""
[0.863s] -- Up-to-date: /home/ubuntu/denem/install/diffdrive_arduino/share/diffdrive_arduino/diffdrive_arduino.xml
[0.867s] -- Up-to-date: /home/ubuntu/denem/install/diffdrive_arduino/include/diffdrive_arduino
[0.870s] -- Up-to-date: /home/ubuntu/denem/install/diffdrive_arduino/include/diffdrive_arduino/diffdrive_arduino
[0.872s] -- Up-to-date: /home/ubuntu/denem/install/diffdrive_arduino/include/diffdrive_arduino/diffdrive_arduino/wheel.hpp
[0.874s] -- Up-to-date: /home/ubuntu/denem/install/diffdrive_arduino/include/diffdrive_arduino/diffdrive_arduino/diffbot_system.hpp
[0.876s] -- Up-to-date: /home/ubuntu/denem/install/diffdrive_arduino/include/diffdrive_arduino/diffdrive_arduino/visibility_control.h
[0.881s] -- Up-to-date: /home/ubuntu/denem/install/diffdrive_arduino/include/diffdrive_arduino/diffdrive_arduino/arduino_comms.hpp
[0.883s] -- Up-to-date: /home/ubuntu/denem/install/diffdrive_arduino/share/diffdrive_arduino/launch
[0.885s] -- Up-to-date: /home/ubuntu/denem/install/diffdrive_arduino/share/diffdrive_arduino/launch/view_robot.launch.py
[0.886s] -- Up-to-date: /home/ubuntu/denem/install/diffdrive_arduino/share/diffdrive_arduino/launch/log
[0.890s] -- Up-to-date: /home/ubuntu/denem/install/diffdrive_arduino/share/diffdrive_arduino/launch/log/build_2025-05-30_20-05-45
[0.892s] -- Up-to-date: /home/ubuntu/denem/install/diffdrive_arduino/share/diffdrive_arduino/launch/log/build_2025-05-30_20-05-45/logger_all.log
[0.893s] -- Up-to-date: /home/ubuntu/denem/install/diffdrive_arduino/share/diffdrive_arduino/launch/log/build_2025-05-30_20-05-45/events.log
[0.895s] -- Up-to-date: /home/ubuntu/denem/install/diffdrive_arduino/share/diffdrive_arduino/launch/log/build_2025-05-30_20-05-52
[0.899s] -- Up-to-date: /home/ubuntu/denem/install/diffdrive_arduino/share/diffdrive_arduino/launch/log/build_2025-05-30_20-05-52/logger_all.log
[0.901s] -- Up-to-date: /home/ubuntu/denem/install/diffdrive_arduino/share/diffdrive_arduino/launch/log/build_2025-05-30_20-05-52/events.log
[0.903s] -- Up-to-date: /home/ubuntu/denem/install/diffdrive_arduino/share/diffdrive_arduino/launch/log/COLCON_IGNORE
[0.905s] -- Up-to-date: /home/ubuntu/denem/install/diffdrive_arduino/share/diffdrive_arduino/launch/log/latest
[0.905s] -- Up-to-date: /home/ubuntu/denem/install/diffdrive_arduino/share/diffdrive_arduino/launch/log/latest_build
[0.913s] -- Up-to-date: /home/ubuntu/denem/install/diffdrive_arduino/share/diffdrive_arduino/launch/build
[0.918s] -- Up-to-date: /home/ubuntu/denem/install/diffdrive_arduino/share/diffdrive_arduino/launch/build/COLCON_IGNORE
[0.926s] -- Up-to-date: /home/ubuntu/denem/install/diffdrive_arduino/share/diffdrive_arduino/launch/build/.built_by
[0.930s] -- Up-to-date: /home/ubuntu/denem/install/diffdrive_arduino/share/diffdrive_arduino/launch/install
[0.932s] -- Up-to-date: /home/ubuntu/denem/install/diffdrive_arduino/share/diffdrive_arduino/launch/install/setup.ps1
[0.934s] -- Up-to-date: /home/ubuntu/denem/install/diffdrive_arduino/share/diffdrive_arduino/launch/install/setup.sh
[0.935s] -- Up-to-date: /home/ubuntu/denem/install/diffdrive_arduino/share/diffdrive_arduino/launch/install/_local_setup_util_ps1.py
[0.936s] -- Up-to-date: /home/ubuntu/denem/install/diffdrive_arduino/share/diffdrive_arduino/launch/install/COLCON_IGNORE
[0.939s] -- Up-to-date: /home/ubuntu/denem/install/diffdrive_arduino/share/diffdrive_arduino/launch/install/setup.bash
[0.952s] -- Up-to-date: /home/ubuntu/denem/install/diffdrive_arduino/share/diffdrive_arduino/launch/install/local_setup.sh
[0.953s] -- Up-to-date: /home/ubuntu/denem/install/diffdrive_arduino/share/diffdrive_arduino/launch/install/_local_setup_util_sh.py
[0.955s] -- Up-to-date: /home/ubuntu/denem/install/diffdrive_arduino/share/diffdrive_arduino/launch/install/.colcon_install_layout
[0.978s] -- Up-to-date: /home/ubuntu/denem/install/diffdrive_arduino/share/diffdrive_arduino/launch/install/setup.zsh
[0.978s] -- Up-to-date: /home/ubuntu/denem/install/diffdrive_arduino/share/diffdrive_arduino/launch/install/local_setup.ps1
[0.980s] -- Up-to-date: /home/ubuntu/denem/install/diffdrive_arduino/share/diffdrive_arduino/launch/install/local_setup.zsh
[0.981s] -- Up-to-date: /home/ubuntu/denem/install/diffdrive_arduino/share/diffdrive_arduino/launch/install/local_setup.bash
[0.982s] -- Up-to-date: /home/ubuntu/denem/install/diffdrive_arduino/share/diffdrive_arduino/ros2_control
[0.983s] -- Up-to-date: /home/ubuntu/denem/install/diffdrive_arduino/share/diffdrive_arduino/ros2_control/diffbot.ros2_control.xacro
[0.984s] -- Up-to-date: /home/ubuntu/denem/install/diffdrive_arduino/share/diffdrive_arduino/urdf
[0.984s] -- Up-to-date: /home/ubuntu/denem/install/diffdrive_arduino/share/diffdrive_arduino/urdf/diffbot_description.urdf.xacro
[0.984s] -- Up-to-date: /home/ubuntu/denem/install/diffdrive_arduino/share/diffdrive_arduino/urdf/diffbot.urdf.xacro
[0.994s] -- Up-to-date: /home/ubuntu/denem/install/diffdrive_arduino/share/diffdrive_arduino/urdf/diffbot.materials.xacro
[0.995s] -- Up-to-date: /home/ubuntu/denem/install/diffdrive_arduino/share/diffdrive_arduino/rviz
[0.995s] -- Up-to-date: /home/ubuntu/denem/install/diffdrive_arduino/share/diffdrive_arduino/rviz/diffbot.rviz
[0.998s] -- Up-to-date: /home/ubuntu/denem/install/diffdrive_arduino/share/diffdrive_arduino/rviz/diffbot_view.rviz
[0.999s] -- Up-to-date: /home/ubuntu/denem/install/diffdrive_arduino/share/diffdrive_arduino/launch
[1.000s] -- Up-to-date: /home/ubuntu/denem/install/diffdrive_arduino/share/diffdrive_arduino/launch/diffbot.launch.py
[1.001s] -- Up-to-date: /home/ubuntu/denem/install/diffdrive_arduino/share/diffdrive_arduino/launch/slam.launch.py
[1.002s] -- Up-to-date: /home/ubuntu/denem/install/diffdrive_arduino/share/diffdrive_arduino/launch/ekf.launch.py
[1.006s] -- Up-to-date: /home/ubuntu/denem/install/diffdrive_arduino/share/diffdrive_arduino/config
[1.007s] -- Installing: /home/ubuntu/denem/install/diffdrive_arduino/share/diffdrive_arduino/config/ekf.yaml
[1.012s] -- Up-to-date: /home/ubuntu/denem/install/diffdrive_arduino/share/diffdrive_arduino/config/diffbot_controllers.yaml
[1.013s] -- Up-to-date: /home/ubuntu/denem/install/diffdrive_arduino/lib/libdiffdrive_arduino.so
[1.013s] -- Up-to-date: /home/ubuntu/denem/install/diffdrive_arduino/share/diffdrive_arduino/environment/library_path.sh
[1.014s] -- Up-to-date: /home/ubuntu/denem/install/diffdrive_arduino/share/diffdrive_arduino/environment/library_path.dsv
[1.015s] -- Up-to-date: /home/ubuntu/denem/install/diffdrive_arduino/share/ament_index/resource_index/package_run_dependencies/diffdrive_arduino
[1.016s] -- Up-to-date: /home/ubuntu/denem/install/diffdrive_arduino/share/ament_index/resource_index/parent_prefix_path/diffdrive_arduino
[1.017s] -- Up-to-date: /home/ubuntu/denem/install/diffdrive_arduino/share/diffdrive_arduino/environment/ament_prefix_path.sh
[1.017s] -- Up-to-date: /home/ubuntu/denem/install/diffdrive_arduino/share/diffdrive_arduino/environment/ament_prefix_path.dsv
[1.019s] -- Up-to-date: /home/ubuntu/denem/install/diffdrive_arduino/share/diffdrive_arduino/environment/path.sh
[1.020s] -- Up-to-date: /home/ubuntu/denem/install/diffdrive_arduino/share/diffdrive_arduino/environment/path.dsv
[1.021s] -- Up-to-date: /home/ubuntu/denem/install/diffdrive_arduino/share/diffdrive_arduino/local_setup.bash
[1.021s] -- Up-to-date: /home/ubuntu/denem/install/diffdrive_arduino/share/diffdrive_arduino/local_setup.sh
[1.022s] -- Up-to-date: /home/ubuntu/denem/install/diffdrive_arduino/share/diffdrive_arduino/local_setup.zsh
[1.023s] -- Up-to-date: /home/ubuntu/denem/install/diffdrive_arduino/share/diffdrive_arduino/local_setup.dsv
[1.023s] -- Installing: /home/ubuntu/denem/install/diffdrive_arduino/share/diffdrive_arduino/package.dsv
[1.024s] -- Up-to-date: /home/ubuntu/denem/install/diffdrive_arduino/share/ament_index/resource_index/packages/diffdrive_arduino
[1.025s] -- Up-to-date: /home/ubuntu/denem/install/diffdrive_arduino/share/ament_index/resource_index/hardware_interface__pluginlib__plugin/diffdrive_arduino
[1.025s] -- Up-to-date: /home/ubuntu/denem/install/diffdrive_arduino/share/diffdrive_arduino/cmake/export_diffdrive_arduinoExport.cmake
[1.026s] -- Up-to-date: /home/ubuntu/denem/install/diffdrive_arduino/share/diffdrive_arduino/cmake/export_diffdrive_arduinoExport-noconfig.cmake
[1.027s] -- Up-to-date: /home/ubuntu/denem/install/diffdrive_arduino/share/diffdrive_arduino/cmake/ament_cmake_export_targets-extras.cmake
[1.028s] -- Up-to-date: /home/ubuntu/denem/install/diffdrive_arduino/share/diffdrive_arduino/cmake/ament_cmake_export_dependencies-extras.cmake
[1.030s] -- Up-to-date: /home/ubuntu/denem/install/diffdrive_arduino/share/diffdrive_arduino/cmake/diffdrive_arduinoConfig.cmake
[1.031s] -- Up-to-date: /home/ubuntu/denem/install/diffdrive_arduino/share/diffdrive_arduino/cmake/diffdrive_arduinoConfig-version.cmake
[1.032s] -- Up-to-date: /home/ubuntu/denem/install/diffdrive_arduino/share/diffdrive_arduino/package.xml
[1.162s] Invoked command in '/home/ubuntu/denem/build/diffdrive_arduino' returned '0': CMAKE_PREFIX_PATH=${CMAKE_PREFIX_PATH}:/home/ubuntu/denem/install/serial_motor_demo:/opt/ros/humble /usr/bin/cmake --install /home/ubuntu/denem/build/diffdrive_arduino
