[0.698s] DEBUG:colcon:Command line arguments: ['/usr/bin/colcon', 'build']
[0.699s] DEBUG:colcon:Parsed command line arguments: Namespace(log_base=None, log_level=None, verb_name='build', build_base='build', install_base='install', merge_install=False, symlink_install=False, test_result_base=None, continue_on_error=False, executor='parallel', parallel_workers=4, event_handlers=None, ignore_user_meta=False, metas=['./colcon.meta'], base_paths=['.'], packages_ignore=None, packages_ignore_regex=None, paths=None, packages_up_to=None, packages_up_to_regex=None, packages_above=None, packages_above_and_dependencies=None, packages_above_depth=None, packages_select_by_dep=None, packages_skip_by_dep=None, packages_skip_up_to=None, packages_select_build_failed=False, packages_skip_build_finished=False, packages_select_test_failures=False, packages_skip_test_passed=False, packages_select=None, packages_skip=None, packages_select_regex=None, packages_skip_regex=None, packages_start=None, packages_end=None, allow_overriding=[], cmake_args=None, cmake_target=None, cmake_target_skip_unavailable=False, cmake_clean_cache=False, cmake_clean_first=False, cmake_force_configure=False, ament_cmake_args=None, catkin_cmake_args=None, catkin_skip_building_tests=False, mixin_files=None, mixin=None, verb_parser=<colcon_mixin.mixin.mixin_argument.MixinArgumentDecorator object at 0xffffa7e7fd60>, verb_extension=<colcon_core.verb.build.BuildVerb object at 0xffffa807cca0>, main=<bound method BuildVerb.main of <colcon_core.verb.build.BuildVerb object at 0xffffa807cca0>>, mixin_verb=('build',))
[1.758s] Level 1:colcon.colcon_core.package_discovery:discover_packages(colcon_meta) check parameters
[1.759s] Level 1:colcon.colcon_core.package_discovery:discover_packages(recursive) check parameters
[1.759s] Level 1:colcon.colcon_core.package_discovery:discover_packages(ignore) check parameters
[1.759s] Level 1:colcon.colcon_core.package_discovery:discover_packages(path) check parameters
[1.759s] Level 1:colcon.colcon_core.package_discovery:discover_packages(colcon_meta) discover
[1.759s] Level 1:colcon.colcon_core.package_discovery:discover_packages(recursive) discover
[1.759s] INFO:colcon.colcon_core.package_discovery:Crawling recursively for packages in '/home/ubuntu/denem/diffdrive_arduino/bringup/launch'
[1.760s] Level 1:colcon.colcon_core.package_identification:_identify(.) by extensions ['ignore', 'ignore_ament_install']
[1.760s] Level 1:colcon.colcon_core.package_identification:_identify(.) by extension 'ignore'
[1.761s] Level 1:colcon.colcon_core.package_identification:_identify(.) by extension 'ignore_ament_install'
[1.761s] Level 1:colcon.colcon_core.package_identification:_identify(.) by extensions ['colcon_pkg']
[1.761s] Level 1:colcon.colcon_core.package_identification:_identify(.) by extension 'colcon_pkg'
[1.761s] Level 1:colcon.colcon_core.package_identification:_identify(.) by extensions ['colcon_meta']
[1.761s] Level 1:colcon.colcon_core.package_identification:_identify(.) by extension 'colcon_meta'
[1.762s] Level 1:colcon.colcon_core.package_identification:_identify(.) by extensions ['ros']
[1.762s] Level 1:colcon.colcon_core.package_identification:_identify(.) by extension 'ros'
[1.822s] Level 1:colcon.colcon_core.package_identification:_identify(.) by extensions ['cmake', 'python']
[1.822s] Level 1:colcon.colcon_core.package_identification:_identify(.) by extension 'cmake'
[1.823s] Level 1:colcon.colcon_core.package_identification:_identify(.) by extension 'python'
[1.824s] Level 1:colcon.colcon_core.package_identification:_identify(.) by extensions ['python_setup_py']
[1.824s] Level 1:colcon.colcon_core.package_identification:_identify(.) by extension 'python_setup_py'
[1.826s] Level 1:colcon.colcon_core.package_identification:_identify(build) by extensions ['ignore', 'ignore_ament_install']
[1.827s] Level 1:colcon.colcon_core.package_identification:_identify(build) by extension 'ignore'
[1.827s] Level 1:colcon.colcon_core.package_identification:_identify(build) ignored
[1.828s] Level 1:colcon.colcon_core.package_identification:_identify(install) by extensions ['ignore', 'ignore_ament_install']
[1.829s] Level 1:colcon.colcon_core.package_identification:_identify(install) by extension 'ignore'
[1.829s] Level 1:colcon.colcon_core.package_identification:_identify(install) ignored
[1.829s] Level 1:colcon.colcon_core.package_identification:_identify(log) by extensions ['ignore', 'ignore_ament_install']
[1.830s] Level 1:colcon.colcon_core.package_identification:_identify(log) by extension 'ignore'
[1.830s] Level 1:colcon.colcon_core.package_identification:_identify(log) ignored
[1.830s] Level 1:colcon.colcon_core.package_discovery:discover_packages(recursive) using defaults
[1.830s] Level 1:colcon.colcon_core.package_discovery:discover_packages(ignore) discover
[1.831s] Level 1:colcon.colcon_core.package_discovery:discover_packages(ignore) using defaults
[1.831s] Level 1:colcon.colcon_core.package_discovery:discover_packages(path) discover
[1.831s] Level 1:colcon.colcon_core.package_discovery:discover_packages(path) using defaults
[1.987s] Level 1:colcon.colcon_core.package_discovery:discover_packages(prefix_path) check parameters
[1.987s] Level 1:colcon.colcon_core.package_discovery:discover_packages(prefix_path) discover
[2.005s] DEBUG:colcon.colcon_installed_package_information.package_discovery:Found 5 installed packages in /home/ubuntu/vizanti/install
[2.008s] DEBUG:colcon.colcon_installed_package_information.package_discovery:Found 4 installed packages in /home/ubuntu/denem/install
[2.011s] DEBUG:colcon.colcon_installed_package_information.package_discovery:Found 3 installed packages in /home/ubuntu/ros2_ws/install
[2.024s] DEBUG:colcon.colcon_installed_package_information.package_discovery:Found 400 installed packages in /opt/ros/humble
[2.033s] Level 1:colcon.colcon_core.package_discovery:discover_packages(prefix_path) using defaults
[2.380s] INFO:colcon.colcon_core.executor:Executing jobs using 'parallel' executor
[2.384s] DEBUG:colcon.colcon_parallel_executor.executor.parallel:run_until_complete
[2.385s] DEBUG:colcon.colcon_parallel_executor.executor.parallel:closing loop
[2.385s] DEBUG:colcon.colcon_parallel_executor.executor.parallel:loop closed
[2.386s] DEBUG:colcon.colcon_parallel_executor.executor.parallel:run_until_complete finished with '0'
[2.386s] DEBUG:colcon.colcon_core.event_reactor:joining thread
[2.414s] INFO:colcon.colcon_core.plugin_system:Skipping extension 'colcon_notification.desktop_notification.terminal_notifier': Not used on non-Darwin systems
[2.415s] INFO:colcon.colcon_core.plugin_system:Skipping extension 'colcon_notification.desktop_notification.win32': Not used on non-Windows systems
[2.415s] INFO:colcon.colcon_notification.desktop_notification:Sending desktop notification using 'notify2'
[2.477s] DEBUG:colcon.colcon_core.event_reactor:joined thread
[2.494s] INFO:colcon.colcon_core.plugin_system:Skipping extension 'colcon_core.shell.bat': Not used on non-Windows systems
[2.495s] INFO:colcon.colcon_core.shell:Creating prefix script '/home/ubuntu/denem/diffdrive_arduino/bringup/launch/install/local_setup.ps1'
[2.501s] INFO:colcon.colcon_core.shell:Creating prefix util module '/home/ubuntu/denem/diffdrive_arduino/bringup/launch/install/_local_setup_util_ps1.py'
[2.508s] INFO:colcon.colcon_core.shell:Creating prefix chain script '/home/ubuntu/denem/diffdrive_arduino/bringup/launch/install/setup.ps1'
[2.517s] INFO:colcon.colcon_core.shell:Creating prefix script '/home/ubuntu/denem/diffdrive_arduino/bringup/launch/install/local_setup.sh'
[2.520s] INFO:colcon.colcon_core.shell:Creating prefix util module '/home/ubuntu/denem/diffdrive_arduino/bringup/launch/install/_local_setup_util_sh.py'
[2.523s] INFO:colcon.colcon_core.shell:Creating prefix chain script '/home/ubuntu/denem/diffdrive_arduino/bringup/launch/install/setup.sh'
[2.532s] INFO:colcon.colcon_core.shell:Creating prefix script '/home/ubuntu/denem/diffdrive_arduino/bringup/launch/install/local_setup.bash'
[2.535s] INFO:colcon.colcon_core.shell:Creating prefix chain script '/home/ubuntu/denem/diffdrive_arduino/bringup/launch/install/setup.bash'
[2.544s] INFO:colcon.colcon_core.shell:Creating prefix script '/home/ubuntu/denem/diffdrive_arduino/bringup/launch/install/local_setup.zsh'
[2.547s] INFO:colcon.colcon_core.shell:Creating prefix chain script '/home/ubuntu/denem/diffdrive_arduino/bringup/launch/install/setup.zsh'
