[0.212s] Invoking command in '/home/ubuntu/denem/build/serial_motor_demo_msgs': CMAKE_PREFIX_PATH=${CMAKE_PREFIX_PATH}:/home/ubuntu/denem/install/serial_motor_demo:/opt/ros/humble /usr/bin/cmake --build /home/ubuntu/denem/build/serial_motor_demo_msgs -- -j4 -l4
[0.938s] [ 10%] Built target serial_motor_demo_msgs__rosidl_generator_c
[0.946s] [ 12%] Built target serial_motor_demo_msgs__cpp
[1.190s] [ 12%] Built target ament_cmake_python_copy_serial_motor_demo_msgs
[1.429s] [ 23%] Built target serial_motor_demo_msgs__rosidl_typesupport_cpp
[1.866s] [ 34%] Built target serial_motor_demo_msgs__rosidl_typesupport_fastrtps_cpp
[1.921s] [ 44%] Built target serial_motor_demo_msgs__rosidl_typesupport_introspection_cpp
[2.028s] [ 55%] Built target serial_motor_demo_msgs__rosidl_typesupport_fastrtps_c
[2.029s] [ 65%] Built target serial_motor_demo_msgs__rosidl_typesupport_c
[2.059s] [ 76%] Built target serial_motor_demo_msgs__rosidl_typesupport_introspection_c
[2.311s] [ 76%] Built target serial_motor_demo_msgs
[2.500s] [ 78%] Built target serial_motor_demo_msgs__py
[2.648s] [ 87%] Built target serial_motor_demo_msgs__rosidl_generator_py
[2.946s] [ 91%] Built target serial_motor_demo_msgs__rosidl_typesupport_introspection_c__pyext
[2.959s] [ 95%] Built target serial_motor_demo_msgs__rosidl_typesupport_fastrtps_c__pyext
[2.965s] [100%] Built target serial_motor_demo_msgs__rosidl_typesupport_c__pyext
[5.261s] running egg_info
[5.266s] writing serial_motor_demo_msgs.egg-info/PKG-INFO
[5.267s] writing dependency_links to serial_motor_demo_msgs.egg-info/dependency_links.txt
[5.269s] writing top-level names to serial_motor_demo_msgs.egg-info/top_level.txt
[5.285s] reading manifest file 'serial_motor_demo_msgs.egg-info/SOURCES.txt'
[5.289s] writing manifest file 'serial_motor_demo_msgs.egg-info/SOURCES.txt'
[5.530s] [100%] Built target ament_cmake_python_build_serial_motor_demo_msgs_egg
[5.623s] Invoked command in '/home/ubuntu/denem/build/serial_motor_demo_msgs' returned '0': CMAKE_PREFIX_PATH=${CMAKE_PREFIX_PATH}:/home/ubuntu/denem/install/serial_motor_demo:/opt/ros/humble /usr/bin/cmake --build /home/ubuntu/denem/build/serial_motor_demo_msgs -- -j4 -l4
[5.631s] Invoking command in '/home/ubuntu/denem/build/serial_motor_demo_msgs': CMAKE_PREFIX_PATH=${CMAKE_PREFIX_PATH}:/home/ubuntu/denem/install/serial_motor_demo:/opt/ros/humble /usr/bin/cmake --install /home/ubuntu/denem/build/serial_motor_demo_msgs
[5.693s] -- Install configuration: ""
[5.693s] -- Up-to-date: /home/ubuntu/denem/install/serial_motor_demo_msgs/share/ament_index/resource_index/rosidl_interfaces/serial_motor_demo_msgs
[5.695s] -- Up-to-date: /home/ubuntu/denem/install/serial_motor_demo_msgs/include/serial_motor_demo_msgs/serial_motor_demo_msgs
[5.696s] -- Up-to-date: /home/ubuntu/denem/install/serial_motor_demo_msgs/include/serial_motor_demo_msgs/serial_motor_demo_msgs/msg
[5.696s] -- Up-to-date: /home/ubuntu/denem/install/serial_motor_demo_msgs/include/serial_motor_demo_msgs/serial_motor_demo_msgs/msg/motor_command.h
[5.699s] -- Up-to-date: /home/ubuntu/denem/install/serial_motor_demo_msgs/include/serial_motor_demo_msgs/serial_motor_demo_msgs/msg/encoder_vals.h
[5.700s] -- Up-to-date: /home/ubuntu/denem/install/serial_motor_demo_msgs/include/serial_motor_demo_msgs/serial_motor_demo_msgs/msg/rosidl_generator_c__visibility_control.h
[5.701s] -- Up-to-date: /home/ubuntu/denem/install/serial_motor_demo_msgs/include/serial_motor_demo_msgs/serial_motor_demo_msgs/msg/detail
[5.703s] -- Up-to-date: /home/ubuntu/denem/install/serial_motor_demo_msgs/include/serial_motor_demo_msgs/serial_motor_demo_msgs/msg/detail/motor_vels__type_support.h
[5.704s] -- Up-to-date: /home/ubuntu/denem/install/serial_motor_demo_msgs/include/serial_motor_demo_msgs/serial_motor_demo_msgs/msg/detail/encoder_vals__functions.c
[5.705s] -- Up-to-date: /home/ubuntu/denem/install/serial_motor_demo_msgs/include/serial_motor_demo_msgs/serial_motor_demo_msgs/msg/detail/encoder_vals__struct.h
[5.706s] -- Up-to-date: /home/ubuntu/denem/install/serial_motor_demo_msgs/include/serial_motor_demo_msgs/serial_motor_demo_msgs/msg/detail/encoder_vals__functions.h
[5.708s] -- Up-to-date: /home/ubuntu/denem/install/serial_motor_demo_msgs/include/serial_motor_demo_msgs/serial_motor_demo_msgs/msg/detail/motor_command__functions.c
[5.709s] -- Up-to-date: /home/ubuntu/denem/install/serial_motor_demo_msgs/include/serial_motor_demo_msgs/serial_motor_demo_msgs/msg/detail/motor_command__functions.h
[5.715s] -- Up-to-date: /home/ubuntu/denem/install/serial_motor_demo_msgs/include/serial_motor_demo_msgs/serial_motor_demo_msgs/msg/detail/encoder_vals__type_support.h
[5.716s] -- Up-to-date: /home/ubuntu/denem/install/serial_motor_demo_msgs/include/serial_motor_demo_msgs/serial_motor_demo_msgs/msg/detail/motor_vels__functions.h
[5.717s] -- Up-to-date: /home/ubuntu/denem/install/serial_motor_demo_msgs/include/serial_motor_demo_msgs/serial_motor_demo_msgs/msg/detail/motor_vels__struct.h
[5.718s] -- Up-to-date: /home/ubuntu/denem/install/serial_motor_demo_msgs/include/serial_motor_demo_msgs/serial_motor_demo_msgs/msg/detail/motor_command__type_support.h
[5.722s] -- Up-to-date: /home/ubuntu/denem/install/serial_motor_demo_msgs/include/serial_motor_demo_msgs/serial_motor_demo_msgs/msg/detail/motor_command__struct.h
[5.723s] -- Up-to-date: /home/ubuntu/denem/install/serial_motor_demo_msgs/include/serial_motor_demo_msgs/serial_motor_demo_msgs/msg/detail/motor_vels__functions.c
[5.724s] -- Up-to-date: /home/ubuntu/denem/install/serial_motor_demo_msgs/include/serial_motor_demo_msgs/serial_motor_demo_msgs/msg/motor_vels.h
[5.725s] -- Up-to-date: /home/ubuntu/denem/install/serial_motor_demo_msgs/share/serial_motor_demo_msgs/environment/library_path.sh
[5.726s] -- Up-to-date: /home/ubuntu/denem/install/serial_motor_demo_msgs/share/serial_motor_demo_msgs/environment/library_path.dsv
[5.732s] -- Up-to-date: /home/ubuntu/denem/install/serial_motor_demo_msgs/lib/libserial_motor_demo_msgs__rosidl_generator_c.so
[5.737s] -- Up-to-date: /home/ubuntu/denem/install/serial_motor_demo_msgs/include/serial_motor_demo_msgs/serial_motor_demo_msgs
[5.741s] -- Up-to-date: /home/ubuntu/denem/install/serial_motor_demo_msgs/include/serial_motor_demo_msgs/serial_motor_demo_msgs/msg
[5.743s] -- Up-to-date: /home/ubuntu/denem/install/serial_motor_demo_msgs/include/serial_motor_demo_msgs/serial_motor_demo_msgs/msg/detail
[5.744s] -- Up-to-date: /home/ubuntu/denem/install/serial_motor_demo_msgs/include/serial_motor_demo_msgs/serial_motor_demo_msgs/msg/detail/encoder_vals__rosidl_typesupport_fastrtps_c.h
[5.748s] -- Up-to-date: /home/ubuntu/denem/install/serial_motor_demo_msgs/include/serial_motor_demo_msgs/serial_motor_demo_msgs/msg/detail/motor_command__rosidl_typesupport_fastrtps_c.h
[5.752s] -- Up-to-date: /home/ubuntu/denem/install/serial_motor_demo_msgs/include/serial_motor_demo_msgs/serial_motor_demo_msgs/msg/detail/motor_vels__rosidl_typesupport_fastrtps_c.h
[5.754s] -- Up-to-date: /home/ubuntu/denem/install/serial_motor_demo_msgs/include/serial_motor_demo_msgs/serial_motor_demo_msgs/msg/rosidl_typesupport_fastrtps_c__visibility_control.h
[5.755s] -- Up-to-date: /home/ubuntu/denem/install/serial_motor_demo_msgs/lib/libserial_motor_demo_msgs__rosidl_typesupport_fastrtps_c.so
[5.756s] -- Up-to-date: /home/ubuntu/denem/install/serial_motor_demo_msgs/include/serial_motor_demo_msgs/serial_motor_demo_msgs
[5.763s] -- Up-to-date: /home/ubuntu/denem/install/serial_motor_demo_msgs/include/serial_motor_demo_msgs/serial_motor_demo_msgs/msg
[5.764s] -- Up-to-date: /home/ubuntu/denem/install/serial_motor_demo_msgs/include/serial_motor_demo_msgs/serial_motor_demo_msgs/msg/detail
[5.765s] -- Up-to-date: /home/ubuntu/denem/install/serial_motor_demo_msgs/include/serial_motor_demo_msgs/serial_motor_demo_msgs/msg/detail/motor_command__type_support.c
[5.765s] -- Up-to-date: /home/ubuntu/denem/install/serial_motor_demo_msgs/include/serial_motor_demo_msgs/serial_motor_demo_msgs/msg/detail/motor_vels__rosidl_typesupport_introspection_c.h
[5.766s] -- Up-to-date: /home/ubuntu/denem/install/serial_motor_demo_msgs/include/serial_motor_demo_msgs/serial_motor_demo_msgs/msg/detail/motor_command__rosidl_typesupport_introspection_c.h
[5.771s] -- Up-to-date: /home/ubuntu/denem/install/serial_motor_demo_msgs/include/serial_motor_demo_msgs/serial_motor_demo_msgs/msg/detail/encoder_vals__type_support.c
[5.772s] -- Up-to-date: /home/ubuntu/denem/install/serial_motor_demo_msgs/include/serial_motor_demo_msgs/serial_motor_demo_msgs/msg/detail/motor_vels__type_support.c
[5.772s] -- Up-to-date: /home/ubuntu/denem/install/serial_motor_demo_msgs/include/serial_motor_demo_msgs/serial_motor_demo_msgs/msg/detail/encoder_vals__rosidl_typesupport_introspection_c.h
[5.773s] -- Up-to-date: /home/ubuntu/denem/install/serial_motor_demo_msgs/include/serial_motor_demo_msgs/serial_motor_demo_msgs/msg/rosidl_typesupport_introspection_c__visibility_control.h
[5.774s] -- Up-to-date: /home/ubuntu/denem/install/serial_motor_demo_msgs/lib/libserial_motor_demo_msgs__rosidl_typesupport_introspection_c.so
[5.775s] -- Up-to-date: /home/ubuntu/denem/install/serial_motor_demo_msgs/lib/libserial_motor_demo_msgs__rosidl_typesupport_c.so
[5.777s] -- Up-to-date: /home/ubuntu/denem/install/serial_motor_demo_msgs/include/serial_motor_demo_msgs/serial_motor_demo_msgs
[5.779s] -- Up-to-date: /home/ubuntu/denem/install/serial_motor_demo_msgs/include/serial_motor_demo_msgs/serial_motor_demo_msgs/msg
[5.788s] -- Up-to-date: /home/ubuntu/denem/install/serial_motor_demo_msgs/include/serial_motor_demo_msgs/serial_motor_demo_msgs/msg/rosidl_generator_cpp__visibility_control.hpp
[5.789s] -- Up-to-date: /home/ubuntu/denem/install/serial_motor_demo_msgs/include/serial_motor_demo_msgs/serial_motor_demo_msgs/msg/encoder_vals.hpp
[5.790s] -- Up-to-date: /home/ubuntu/denem/install/serial_motor_demo_msgs/include/serial_motor_demo_msgs/serial_motor_demo_msgs/msg/motor_command.hpp
[5.791s] -- Up-to-date: /home/ubuntu/denem/install/serial_motor_demo_msgs/include/serial_motor_demo_msgs/serial_motor_demo_msgs/msg/motor_vels.hpp
[5.792s] -- Up-to-date: /home/ubuntu/denem/install/serial_motor_demo_msgs/include/serial_motor_demo_msgs/serial_motor_demo_msgs/msg/detail
[5.792s] -- Up-to-date: /home/ubuntu/denem/install/serial_motor_demo_msgs/include/serial_motor_demo_msgs/serial_motor_demo_msgs/msg/detail/motor_vels__builder.hpp
[5.793s] -- Up-to-date: /home/ubuntu/denem/install/serial_motor_demo_msgs/include/serial_motor_demo_msgs/serial_motor_demo_msgs/msg/detail/encoder_vals__type_support.hpp
[5.794s] -- Up-to-date: /home/ubuntu/denem/install/serial_motor_demo_msgs/include/serial_motor_demo_msgs/serial_motor_demo_msgs/msg/detail/motor_vels__traits.hpp
[5.799s] -- Up-to-date: /home/ubuntu/denem/install/serial_motor_demo_msgs/include/serial_motor_demo_msgs/serial_motor_demo_msgs/msg/detail/motor_command__type_support.hpp
[5.799s] -- Up-to-date: /home/ubuntu/denem/install/serial_motor_demo_msgs/include/serial_motor_demo_msgs/serial_motor_demo_msgs/msg/detail/motor_command__struct.hpp
[5.800s] -- Up-to-date: /home/ubuntu/denem/install/serial_motor_demo_msgs/include/serial_motor_demo_msgs/serial_motor_demo_msgs/msg/detail/motor_vels__type_support.hpp
[5.801s] -- Up-to-date: /home/ubuntu/denem/install/serial_motor_demo_msgs/include/serial_motor_demo_msgs/serial_motor_demo_msgs/msg/detail/motor_vels__struct.hpp
[5.801s] -- Up-to-date: /home/ubuntu/denem/install/serial_motor_demo_msgs/include/serial_motor_demo_msgs/serial_motor_demo_msgs/msg/detail/motor_command__builder.hpp
[5.802s] -- Up-to-date: /home/ubuntu/denem/install/serial_motor_demo_msgs/include/serial_motor_demo_msgs/serial_motor_demo_msgs/msg/detail/encoder_vals__traits.hpp
[5.803s] -- Up-to-date: /home/ubuntu/denem/install/serial_motor_demo_msgs/include/serial_motor_demo_msgs/serial_motor_demo_msgs/msg/detail/motor_command__traits.hpp
[5.804s] -- Up-to-date: /home/ubuntu/denem/install/serial_motor_demo_msgs/include/serial_motor_demo_msgs/serial_motor_demo_msgs/msg/detail/encoder_vals__builder.hpp
[5.805s] -- Up-to-date: /home/ubuntu/denem/install/serial_motor_demo_msgs/include/serial_motor_demo_msgs/serial_motor_demo_msgs/msg/detail/encoder_vals__struct.hpp
[5.805s] -- Up-to-date: /home/ubuntu/denem/install/serial_motor_demo_msgs/include/serial_motor_demo_msgs/serial_motor_demo_msgs
[5.814s] -- Up-to-date: /home/ubuntu/denem/install/serial_motor_demo_msgs/include/serial_motor_demo_msgs/serial_motor_demo_msgs/msg
[5.815s] -- Up-to-date: /home/ubuntu/denem/install/serial_motor_demo_msgs/include/serial_motor_demo_msgs/serial_motor_demo_msgs/msg/rosidl_typesupport_fastrtps_cpp__visibility_control.h
[5.817s] -- Up-to-date: /home/ubuntu/denem/install/serial_motor_demo_msgs/include/serial_motor_demo_msgs/serial_motor_demo_msgs/msg/detail
[5.818s] -- Up-to-date: /home/ubuntu/denem/install/serial_motor_demo_msgs/include/serial_motor_demo_msgs/serial_motor_demo_msgs/msg/detail/motor_command__rosidl_typesupport_fastrtps_cpp.hpp
[5.818s] -- Up-to-date: /home/ubuntu/denem/install/serial_motor_demo_msgs/include/serial_motor_demo_msgs/serial_motor_demo_msgs/msg/detail/motor_vels__rosidl_typesupport_fastrtps_cpp.hpp
[5.819s] -- Up-to-date: /home/ubuntu/denem/install/serial_motor_demo_msgs/include/serial_motor_demo_msgs/serial_motor_demo_msgs/msg/detail/encoder_vals__rosidl_typesupport_fastrtps_cpp.hpp
[5.820s] -- Up-to-date: /home/ubuntu/denem/install/serial_motor_demo_msgs/include/serial_motor_demo_msgs/serial_motor_demo_msgs/msg/detail/dds_fastrtps
[5.820s] -- Up-to-date: /home/ubuntu/denem/install/serial_motor_demo_msgs/lib/libserial_motor_demo_msgs__rosidl_typesupport_fastrtps_cpp.so
[5.821s] -- Up-to-date: /home/ubuntu/denem/install/serial_motor_demo_msgs/include/serial_motor_demo_msgs/serial_motor_demo_msgs
[5.822s] -- Up-to-date: /home/ubuntu/denem/install/serial_motor_demo_msgs/include/serial_motor_demo_msgs/serial_motor_demo_msgs/msg
[5.827s] -- Up-to-date: /home/ubuntu/denem/install/serial_motor_demo_msgs/include/serial_motor_demo_msgs/serial_motor_demo_msgs/msg/detail
[5.828s] -- Up-to-date: /home/ubuntu/denem/install/serial_motor_demo_msgs/include/serial_motor_demo_msgs/serial_motor_demo_msgs/msg/detail/encoder_vals__rosidl_typesupport_introspection_cpp.hpp
[5.828s] -- Up-to-date: /home/ubuntu/denem/install/serial_motor_demo_msgs/include/serial_motor_demo_msgs/serial_motor_demo_msgs/msg/detail/motor_command__type_support.cpp
[5.829s] -- Up-to-date: /home/ubuntu/denem/install/serial_motor_demo_msgs/include/serial_motor_demo_msgs/serial_motor_demo_msgs/msg/detail/motor_command__rosidl_typesupport_introspection_cpp.hpp
[5.830s] -- Up-to-date: /home/ubuntu/denem/install/serial_motor_demo_msgs/include/serial_motor_demo_msgs/serial_motor_demo_msgs/msg/detail/motor_vels__type_support.cpp
[5.831s] -- Up-to-date: /home/ubuntu/denem/install/serial_motor_demo_msgs/include/serial_motor_demo_msgs/serial_motor_demo_msgs/msg/detail/encoder_vals__type_support.cpp
[5.832s] -- Up-to-date: /home/ubuntu/denem/install/serial_motor_demo_msgs/include/serial_motor_demo_msgs/serial_motor_demo_msgs/msg/detail/motor_vels__rosidl_typesupport_introspection_cpp.hpp
[5.832s] -- Up-to-date: /home/ubuntu/denem/install/serial_motor_demo_msgs/lib/libserial_motor_demo_msgs__rosidl_typesupport_introspection_cpp.so
[5.833s] -- Up-to-date: /home/ubuntu/denem/install/serial_motor_demo_msgs/lib/libserial_motor_demo_msgs__rosidl_typesupport_cpp.so
[5.833s] -- Up-to-date: /home/ubuntu/denem/install/serial_motor_demo_msgs/share/serial_motor_demo_msgs/environment/pythonpath.sh
[5.834s] -- Up-to-date: /home/ubuntu/denem/install/serial_motor_demo_msgs/share/serial_motor_demo_msgs/environment/pythonpath.dsv
[5.835s] -- Up-to-date: /home/ubuntu/denem/install/serial_motor_demo_msgs/local/lib/python3.10/dist-packages/serial_motor_demo_msgs-0.0.0-py3.10.egg-info
[5.835s] -- Installing: /home/ubuntu/denem/install/serial_motor_demo_msgs/local/lib/python3.10/dist-packages/serial_motor_demo_msgs-0.0.0-py3.10.egg-info/PKG-INFO
[5.836s] -- Installing: /home/ubuntu/denem/install/serial_motor_demo_msgs/local/lib/python3.10/dist-packages/serial_motor_demo_msgs-0.0.0-py3.10.egg-info/top_level.txt
[5.837s] -- Installing: /home/ubuntu/denem/install/serial_motor_demo_msgs/local/lib/python3.10/dist-packages/serial_motor_demo_msgs-0.0.0-py3.10.egg-info/dependency_links.txt
[5.838s] -- Installing: /home/ubuntu/denem/install/serial_motor_demo_msgs/local/lib/python3.10/dist-packages/serial_motor_demo_msgs-0.0.0-py3.10.egg-info/SOURCES.txt
[5.842s] -- Up-to-date: /home/ubuntu/denem/install/serial_motor_demo_msgs/local/lib/python3.10/dist-packages/serial_motor_demo_msgs
[5.843s] -- Up-to-date: /home/ubuntu/denem/install/serial_motor_demo_msgs/local/lib/python3.10/dist-packages/serial_motor_demo_msgs/_serial_motor_demo_msgs_s.ep.rosidl_typesupport_c.c
[5.844s] -- Up-to-date: /home/ubuntu/denem/install/serial_motor_demo_msgs/local/lib/python3.10/dist-packages/serial_motor_demo_msgs/msg
[5.845s] -- Up-to-date: /home/ubuntu/denem/install/serial_motor_demo_msgs/local/lib/python3.10/dist-packages/serial_motor_demo_msgs/msg/_encoder_vals.py
[5.846s] -- Up-to-date: /home/ubuntu/denem/install/serial_motor_demo_msgs/local/lib/python3.10/dist-packages/serial_motor_demo_msgs/msg/__init__.py
[5.848s] -- Up-to-date: /home/ubuntu/denem/install/serial_motor_demo_msgs/local/lib/python3.10/dist-packages/serial_motor_demo_msgs/msg/_motor_command.py
[5.849s] -- Up-to-date: /home/ubuntu/denem/install/serial_motor_demo_msgs/local/lib/python3.10/dist-packages/serial_motor_demo_msgs/msg/_motor_vels_s.c
[5.851s] -- Up-to-date: /home/ubuntu/denem/install/serial_motor_demo_msgs/local/lib/python3.10/dist-packages/serial_motor_demo_msgs/msg/_encoder_vals_s.c
[5.852s] -- Up-to-date: /home/ubuntu/denem/install/serial_motor_demo_msgs/local/lib/python3.10/dist-packages/serial_motor_demo_msgs/msg/_motor_vels.py
[5.853s] -- Up-to-date: /home/ubuntu/denem/install/serial_motor_demo_msgs/local/lib/python3.10/dist-packages/serial_motor_demo_msgs/msg/_motor_command_s.c
[5.867s] -- Up-to-date: /home/ubuntu/denem/install/serial_motor_demo_msgs/local/lib/python3.10/dist-packages/serial_motor_demo_msgs/_serial_motor_demo_msgs_s.ep.rosidl_typesupport_fastrtps_c.c
[5.885s] -- Up-to-date: /home/ubuntu/denem/install/serial_motor_demo_msgs/local/lib/python3.10/dist-packages/serial_motor_demo_msgs/_serial_motor_demo_msgs_s.ep.rosidl_typesupport_introspection_c.c
[5.887s] -- Up-to-date: /home/ubuntu/denem/install/serial_motor_demo_msgs/local/lib/python3.10/dist-packages/serial_motor_demo_msgs/serial_motor_demo_msgs_s__rosidl_typesupport_introspection_c.cpython-310-aarch64-linux-gnu.so
[5.888s] -- Up-to-date: /home/ubuntu/denem/install/serial_motor_demo_msgs/local/lib/python3.10/dist-packages/serial_motor_demo_msgs/serial_motor_demo_msgs_s__rosidl_typesupport_c.cpython-310-aarch64-linux-gnu.so
[5.889s] -- Up-to-date: /home/ubuntu/denem/install/serial_motor_demo_msgs/local/lib/python3.10/dist-packages/serial_motor_demo_msgs/__init__.py
[5.889s] -- Up-to-date: /home/ubuntu/denem/install/serial_motor_demo_msgs/local/lib/python3.10/dist-packages/serial_motor_demo_msgs/serial_motor_demo_msgs_s__rosidl_typesupport_fastrtps_c.cpython-310-aarch64-linux-gnu.so
[5.890s] -- Up-to-date: /home/ubuntu/denem/install/serial_motor_demo_msgs/local/lib/python3.10/dist-packages/serial_motor_demo_msgs/libserial_motor_demo_msgs__rosidl_generator_py.so
[6.078s] Listing '/home/ubuntu/denem/install/serial_motor_demo_msgs/local/lib/python3.10/dist-packages/serial_motor_demo_msgs'...
[6.080s] Listing '/home/ubuntu/denem/install/serial_motor_demo_msgs/local/lib/python3.10/dist-packages/serial_motor_demo_msgs/msg'...
[6.115s] -- Up-to-date: /home/ubuntu/denem/install/serial_motor_demo_msgs/local/lib/python3.10/dist-packages/serial_motor_demo_msgs/serial_motor_demo_msgs_s__rosidl_typesupport_fastrtps_c.cpython-310-aarch64-linux-gnu.so
[6.118s] -- Up-to-date: /home/ubuntu/denem/install/serial_motor_demo_msgs/local/lib/python3.10/dist-packages/serial_motor_demo_msgs/serial_motor_demo_msgs_s__rosidl_typesupport_introspection_c.cpython-310-aarch64-linux-gnu.so
[6.121s] -- Up-to-date: /home/ubuntu/denem/install/serial_motor_demo_msgs/local/lib/python3.10/dist-packages/serial_motor_demo_msgs/serial_motor_demo_msgs_s__rosidl_typesupport_c.cpython-310-aarch64-linux-gnu.so
[6.124s] -- Up-to-date: /home/ubuntu/denem/install/serial_motor_demo_msgs/lib/libserial_motor_demo_msgs__rosidl_generator_py.so
[6.126s] -- Up-to-date: /home/ubuntu/denem/install/serial_motor_demo_msgs/share/serial_motor_demo_msgs/msg/MotorCommand.idl
[6.127s] -- Up-to-date: /home/ubuntu/denem/install/serial_motor_demo_msgs/share/serial_motor_demo_msgs/msg/MotorVels.idl
[6.128s] -- Up-to-date: /home/ubuntu/denem/install/serial_motor_demo_msgs/share/serial_motor_demo_msgs/msg/EncoderVals.idl
[6.129s] -- Up-to-date: /home/ubuntu/denem/install/serial_motor_demo_msgs/share/serial_motor_demo_msgs/msg/MotorCommand.msg
[6.131s] -- Up-to-date: /home/ubuntu/denem/install/serial_motor_demo_msgs/share/serial_motor_demo_msgs/msg/MotorVels.msg
[6.132s] -- Up-to-date: /home/ubuntu/denem/install/serial_motor_demo_msgs/share/serial_motor_demo_msgs/msg/EncoderVals.msg
[6.134s] -- Up-to-date: /home/ubuntu/denem/install/serial_motor_demo_msgs/share/ament_index/resource_index/package_run_dependencies/serial_motor_demo_msgs
[6.135s] -- Up-to-date: /home/ubuntu/denem/install/serial_motor_demo_msgs/share/ament_index/resource_index/parent_prefix_path/serial_motor_demo_msgs
[6.138s] -- Up-to-date: /home/ubuntu/denem/install/serial_motor_demo_msgs/share/serial_motor_demo_msgs/environment/ament_prefix_path.sh
[6.140s] -- Up-to-date: /home/ubuntu/denem/install/serial_motor_demo_msgs/share/serial_motor_demo_msgs/environment/ament_prefix_path.dsv
[6.142s] -- Up-to-date: /home/ubuntu/denem/install/serial_motor_demo_msgs/share/serial_motor_demo_msgs/environment/path.sh
[6.144s] -- Up-to-date: /home/ubuntu/denem/install/serial_motor_demo_msgs/share/serial_motor_demo_msgs/environment/path.dsv
[6.147s] -- Up-to-date: /home/ubuntu/denem/install/serial_motor_demo_msgs/share/serial_motor_demo_msgs/local_setup.bash
[6.148s] -- Up-to-date: /home/ubuntu/denem/install/serial_motor_demo_msgs/share/serial_motor_demo_msgs/local_setup.sh
[6.150s] -- Up-to-date: /home/ubuntu/denem/install/serial_motor_demo_msgs/share/serial_motor_demo_msgs/local_setup.zsh
[6.152s] -- Up-to-date: /home/ubuntu/denem/install/serial_motor_demo_msgs/share/serial_motor_demo_msgs/local_setup.dsv
[6.153s] -- Installing: /home/ubuntu/denem/install/serial_motor_demo_msgs/share/serial_motor_demo_msgs/package.dsv
[6.155s] -- Up-to-date: /home/ubuntu/denem/install/serial_motor_demo_msgs/share/ament_index/resource_index/packages/serial_motor_demo_msgs
[6.157s] -- Up-to-date: /home/ubuntu/denem/install/serial_motor_demo_msgs/share/serial_motor_demo_msgs/cmake/export_serial_motor_demo_msgs__rosidl_generator_cExport.cmake
[6.158s] -- Up-to-date: /home/ubuntu/denem/install/serial_motor_demo_msgs/share/serial_motor_demo_msgs/cmake/export_serial_motor_demo_msgs__rosidl_generator_cExport-noconfig.cmake
[6.162s] -- Up-to-date: /home/ubuntu/denem/install/serial_motor_demo_msgs/share/serial_motor_demo_msgs/cmake/export_serial_motor_demo_msgs__rosidl_typesupport_fastrtps_cExport.cmake
[6.165s] -- Up-to-date: /home/ubuntu/denem/install/serial_motor_demo_msgs/share/serial_motor_demo_msgs/cmake/export_serial_motor_demo_msgs__rosidl_typesupport_fastrtps_cExport-noconfig.cmake
[6.166s] -- Up-to-date: /home/ubuntu/denem/install/serial_motor_demo_msgs/share/serial_motor_demo_msgs/cmake/serial_motor_demo_msgs__rosidl_typesupport_introspection_cExport.cmake
[6.167s] -- Up-to-date: /home/ubuntu/denem/install/serial_motor_demo_msgs/share/serial_motor_demo_msgs/cmake/serial_motor_demo_msgs__rosidl_typesupport_introspection_cExport-noconfig.cmake
[6.168s] -- Up-to-date: /home/ubuntu/denem/install/serial_motor_demo_msgs/share/serial_motor_demo_msgs/cmake/serial_motor_demo_msgs__rosidl_typesupport_cExport.cmake
[6.171s] -- Up-to-date: /home/ubuntu/denem/install/serial_motor_demo_msgs/share/serial_motor_demo_msgs/cmake/serial_motor_demo_msgs__rosidl_typesupport_cExport-noconfig.cmake
[6.172s] -- Up-to-date: /home/ubuntu/denem/install/serial_motor_demo_msgs/share/serial_motor_demo_msgs/cmake/export_serial_motor_demo_msgs__rosidl_generator_cppExport.cmake
[6.174s] -- Up-to-date: /home/ubuntu/denem/install/serial_motor_demo_msgs/share/serial_motor_demo_msgs/cmake/export_serial_motor_demo_msgs__rosidl_typesupport_fastrtps_cppExport.cmake
[6.178s] -- Up-to-date: /home/ubuntu/denem/install/serial_motor_demo_msgs/share/serial_motor_demo_msgs/cmake/export_serial_motor_demo_msgs__rosidl_typesupport_fastrtps_cppExport-noconfig.cmake
[6.180s] -- Up-to-date: /home/ubuntu/denem/install/serial_motor_demo_msgs/share/serial_motor_demo_msgs/cmake/serial_motor_demo_msgs__rosidl_typesupport_introspection_cppExport.cmake
[6.183s] -- Up-to-date: /home/ubuntu/denem/install/serial_motor_demo_msgs/share/serial_motor_demo_msgs/cmake/serial_motor_demo_msgs__rosidl_typesupport_introspection_cppExport-noconfig.cmake
[6.184s] -- Up-to-date: /home/ubuntu/denem/install/serial_motor_demo_msgs/share/serial_motor_demo_msgs/cmake/serial_motor_demo_msgs__rosidl_typesupport_cppExport.cmake
[6.184s] -- Up-to-date: /home/ubuntu/denem/install/serial_motor_demo_msgs/share/serial_motor_demo_msgs/cmake/serial_motor_demo_msgs__rosidl_typesupport_cppExport-noconfig.cmake
[6.185s] -- Up-to-date: /home/ubuntu/denem/install/serial_motor_demo_msgs/share/serial_motor_demo_msgs/cmake/export_serial_motor_demo_msgs__rosidl_generator_pyExport.cmake
[6.186s] -- Up-to-date: /home/ubuntu/denem/install/serial_motor_demo_msgs/share/serial_motor_demo_msgs/cmake/export_serial_motor_demo_msgs__rosidl_generator_pyExport-noconfig.cmake
[6.186s] -- Up-to-date: /home/ubuntu/denem/install/serial_motor_demo_msgs/share/serial_motor_demo_msgs/cmake/rosidl_cmake-extras.cmake
[6.191s] -- Up-to-date: /home/ubuntu/denem/install/serial_motor_demo_msgs/share/serial_motor_demo_msgs/cmake/ament_cmake_export_include_directories-extras.cmake
[6.192s] -- Up-to-date: /home/ubuntu/denem/install/serial_motor_demo_msgs/share/serial_motor_demo_msgs/cmake/ament_cmake_export_libraries-extras.cmake
[6.194s] -- Up-to-date: /home/ubuntu/denem/install/serial_motor_demo_msgs/share/serial_motor_demo_msgs/cmake/ament_cmake_export_targets-extras.cmake
[6.202s] -- Up-to-date: /home/ubuntu/denem/install/serial_motor_demo_msgs/share/serial_motor_demo_msgs/cmake/rosidl_cmake_export_typesupport_targets-extras.cmake
[6.203s] -- Up-to-date: /home/ubuntu/denem/install/serial_motor_demo_msgs/share/serial_motor_demo_msgs/cmake/ament_cmake_export_dependencies-extras.cmake
[6.205s] -- Up-to-date: /home/ubuntu/denem/install/serial_motor_demo_msgs/share/serial_motor_demo_msgs/cmake/rosidl_cmake_export_typesupport_libraries-extras.cmake
[6.207s] -- Up-to-date: /home/ubuntu/denem/install/serial_motor_demo_msgs/share/serial_motor_demo_msgs/cmake/serial_motor_demo_msgsConfig.cmake
[6.208s] -- Up-to-date: /home/ubuntu/denem/install/serial_motor_demo_msgs/share/serial_motor_demo_msgs/cmake/serial_motor_demo_msgsConfig-version.cmake
[6.209s] -- Up-to-date: /home/ubuntu/denem/install/serial_motor_demo_msgs/share/serial_motor_demo_msgs/package.xml
[6.214s] Invoked command in '/home/ubuntu/denem/build/serial_motor_demo_msgs' returned '0': CMAKE_PREFIX_PATH=${CMAKE_PREFIX_PATH}:/home/ubuntu/denem/install/serial_motor_demo:/opt/ros/humble /usr/bin/cmake --install /home/ubuntu/denem/build/serial_motor_demo_msgs
