[0.506s] DEBUG:colcon:Command line arguments: ['/usr/bin/colcon', 'build']
[0.507s] DEBUG:colcon:Parsed command line arguments: Namespace(log_base=None, log_level=None, verb_name='build', build_base='build', install_base='install', merge_install=False, symlink_install=False, test_result_base=None, continue_on_error=False, executor='parallel', parallel_workers=4, event_handlers=None, ignore_user_meta=False, metas=['./colcon.meta'], base_paths=['.'], packages_ignore=None, packages_ignore_regex=None, paths=None, packages_up_to=None, packages_up_to_regex=None, packages_above=None, packages_above_and_dependencies=None, packages_above_depth=None, packages_select_by_dep=None, packages_skip_by_dep=None, packages_skip_up_to=None, packages_select_build_failed=False, packages_skip_build_finished=False, packages_select_test_failures=False, packages_skip_test_passed=False, packages_select=None, packages_skip=None, packages_select_regex=None, packages_skip_regex=None, packages_start=None, packages_end=None, allow_overriding=[], cmake_args=None, cmake_target=None, cmake_target_skip_unavailable=False, cmake_clean_cache=False, cmake_clean_first=False, cmake_force_configure=False, ament_cmake_args=None, catkin_cmake_args=None, catkin_skip_building_tests=False, mixin_files=None, mixin=None, verb_parser=<colcon_mixin.mixin.mixin_argument.MixinArgumentDecorator object at 0xffffb249fd60>, verb_extension=<colcon_core.verb.build.BuildVerb object at 0xffffb269cca0>, main=<bound method BuildVerb.main of <colcon_core.verb.build.BuildVerb object at 0xffffb269cca0>>, mixin_verb=('build',))
[1.496s] Level 1:colcon.colcon_core.package_discovery:discover_packages(colcon_meta) check parameters
[1.497s] Level 1:colcon.colcon_core.package_discovery:discover_packages(recursive) check parameters
[1.497s] Level 1:colcon.colcon_core.package_discovery:discover_packages(ignore) check parameters
[1.497s] Level 1:colcon.colcon_core.package_discovery:discover_packages(path) check parameters
[1.497s] Level 1:colcon.colcon_core.package_discovery:discover_packages(colcon_meta) discover
[1.497s] Level 1:colcon.colcon_core.package_discovery:discover_packages(recursive) discover
[1.498s] INFO:colcon.colcon_core.package_discovery:Crawling recursively for packages in '/home/ubuntu/denem/diffdrive_arduino/bringup/launch'
[1.498s] Level 1:colcon.colcon_core.package_identification:_identify(.) by extensions ['ignore', 'ignore_ament_install']
[1.499s] Level 1:colcon.colcon_core.package_identification:_identify(.) by extension 'ignore'
[1.499s] Level 1:colcon.colcon_core.package_identification:_identify(.) by extension 'ignore_ament_install'
[1.499s] Level 1:colcon.colcon_core.package_identification:_identify(.) by extensions ['colcon_pkg']
[1.499s] Level 1:colcon.colcon_core.package_identification:_identify(.) by extension 'colcon_pkg'
[1.499s] Level 1:colcon.colcon_core.package_identification:_identify(.) by extensions ['colcon_meta']
[1.500s] Level 1:colcon.colcon_core.package_identification:_identify(.) by extension 'colcon_meta'
[1.500s] Level 1:colcon.colcon_core.package_identification:_identify(.) by extensions ['ros']
[1.500s] Level 1:colcon.colcon_core.package_identification:_identify(.) by extension 'ros'
[1.548s] Level 1:colcon.colcon_core.package_identification:_identify(.) by extensions ['cmake', 'python']
[1.549s] Level 1:colcon.colcon_core.package_identification:_identify(.) by extension 'cmake'
[1.549s] Level 1:colcon.colcon_core.package_identification:_identify(.) by extension 'python'
[1.549s] Level 1:colcon.colcon_core.package_identification:_identify(.) by extensions ['python_setup_py']
[1.549s] Level 1:colcon.colcon_core.package_identification:_identify(.) by extension 'python_setup_py'
[1.550s] Level 1:colcon.colcon_core.package_identification:_identify(build) by extensions ['ignore', 'ignore_ament_install']
[1.550s] Level 1:colcon.colcon_core.package_identification:_identify(build) by extension 'ignore'
[1.550s] Level 1:colcon.colcon_core.package_identification:_identify(build) ignored
[1.551s] Level 1:colcon.colcon_core.package_identification:_identify(install) by extensions ['ignore', 'ignore_ament_install']
[1.551s] Level 1:colcon.colcon_core.package_identification:_identify(install) by extension 'ignore'
[1.552s] Level 1:colcon.colcon_core.package_identification:_identify(install) ignored
[1.552s] Level 1:colcon.colcon_core.package_identification:_identify(log) by extensions ['ignore', 'ignore_ament_install']
[1.552s] Level 1:colcon.colcon_core.package_identification:_identify(log) by extension 'ignore'
[1.553s] Level 1:colcon.colcon_core.package_identification:_identify(log) ignored
[1.553s] Level 1:colcon.colcon_core.package_discovery:discover_packages(recursive) using defaults
[1.553s] Level 1:colcon.colcon_core.package_discovery:discover_packages(ignore) discover
[1.553s] Level 1:colcon.colcon_core.package_discovery:discover_packages(ignore) using defaults
[1.553s] Level 1:colcon.colcon_core.package_discovery:discover_packages(path) discover
[1.553s] Level 1:colcon.colcon_core.package_discovery:discover_packages(path) using defaults
[1.667s] Level 1:colcon.colcon_core.package_discovery:discover_packages(prefix_path) check parameters
[1.667s] Level 1:colcon.colcon_core.package_discovery:discover_packages(prefix_path) discover
[1.679s] DEBUG:colcon.colcon_installed_package_information.package_discovery:Found 5 installed packages in /home/ubuntu/vizanti/install
[1.683s] DEBUG:colcon.colcon_installed_package_information.package_discovery:Found 4 installed packages in /home/ubuntu/denem/install
[1.685s] DEBUG:colcon.colcon_installed_package_information.package_discovery:Found 3 installed packages in /home/ubuntu/ros2_ws/install
[1.698s] DEBUG:colcon.colcon_installed_package_information.package_discovery:Found 400 installed packages in /opt/ros/humble
[1.707s] Level 1:colcon.colcon_core.package_discovery:discover_packages(prefix_path) using defaults
[1.958s] INFO:colcon.colcon_core.executor:Executing jobs using 'parallel' executor
[1.961s] DEBUG:colcon.colcon_parallel_executor.executor.parallel:run_until_complete
[1.962s] DEBUG:colcon.colcon_parallel_executor.executor.parallel:closing loop
[1.963s] DEBUG:colcon.colcon_parallel_executor.executor.parallel:loop closed
[1.963s] DEBUG:colcon.colcon_parallel_executor.executor.parallel:run_until_complete finished with '0'
[1.963s] DEBUG:colcon.colcon_core.event_reactor:joining thread
[1.986s] INFO:colcon.colcon_core.plugin_system:Skipping extension 'colcon_notification.desktop_notification.terminal_notifier': Not used on non-Darwin systems
[1.987s] INFO:colcon.colcon_core.plugin_system:Skipping extension 'colcon_notification.desktop_notification.win32': Not used on non-Windows systems
[1.987s] INFO:colcon.colcon_notification.desktop_notification:Sending desktop notification using 'notify2'
[2.025s] DEBUG:colcon.colcon_core.event_reactor:joined thread
[2.033s] INFO:colcon.colcon_core.plugin_system:Skipping extension 'colcon_core.shell.bat': Not used on non-Windows systems
[2.034s] INFO:colcon.colcon_core.shell:Creating prefix script '/home/ubuntu/denem/diffdrive_arduino/bringup/launch/install/local_setup.ps1'
[2.038s] INFO:colcon.colcon_core.shell:Creating prefix util module '/home/ubuntu/denem/diffdrive_arduino/bringup/launch/install/_local_setup_util_ps1.py'
[2.044s] INFO:colcon.colcon_core.shell:Creating prefix chain script '/home/ubuntu/denem/diffdrive_arduino/bringup/launch/install/setup.ps1'
[2.052s] INFO:colcon.colcon_core.shell:Creating prefix script '/home/ubuntu/denem/diffdrive_arduino/bringup/launch/install/local_setup.sh'
[2.055s] INFO:colcon.colcon_core.shell:Creating prefix util module '/home/ubuntu/denem/diffdrive_arduino/bringup/launch/install/_local_setup_util_sh.py'
[2.058s] INFO:colcon.colcon_core.shell:Creating prefix chain script '/home/ubuntu/denem/diffdrive_arduino/bringup/launch/install/setup.sh'
[2.066s] INFO:colcon.colcon_core.shell:Creating prefix script '/home/ubuntu/denem/diffdrive_arduino/bringup/launch/install/local_setup.bash'
[2.069s] INFO:colcon.colcon_core.shell:Creating prefix chain script '/home/ubuntu/denem/diffdrive_arduino/bringup/launch/install/setup.bash'
[2.078s] INFO:colcon.colcon_core.shell:Creating prefix script '/home/ubuntu/denem/diffdrive_arduino/bringup/launch/install/local_setup.zsh'
[2.080s] INFO:colcon.colcon_core.shell:Creating prefix chain script '/home/ubuntu/denem/diffdrive_arduino/bringup/launch/install/setup.zsh'
