[0.504s] DEBUG:colcon:Command line arguments: ['/usr/bin/colcon', 'build']
[0.504s] DEBUG:colcon:Parsed command line arguments: Namespace(log_base=None, log_level=None, verb_name='build', build_base='build', install_base='install', merge_install=False, symlink_install=False, test_result_base=None, continue_on_error=False, executor='parallel', parallel_workers=4, event_handlers=None, ignore_user_meta=False, metas=['./colcon.meta'], base_paths=['.'], packages_ignore=None, packages_ignore_regex=None, paths=None, packages_up_to=None, packages_up_to_regex=None, packages_above=None, packages_above_and_dependencies=None, packages_above_depth=None, packages_select_by_dep=None, packages_skip_by_dep=None, packages_skip_up_to=None, packages_select_build_failed=False, packages_skip_build_finished=False, packages_select_test_failures=False, packages_skip_test_passed=False, packages_select=None, packages_skip=None, packages_select_regex=None, packages_skip_regex=None, packages_start=None, packages_end=None, allow_overriding=[], cmake_args=None, cmake_target=None, cmake_target_skip_unavailable=False, cmake_clean_cache=False, cmake_clean_first=False, cmake_force_configure=False, ament_cmake_args=None, catkin_cmake_args=None, catkin_skip_building_tests=False, mixin_files=None, mixin=None, verb_parser=<colcon_mixin.mixin.mixin_argument.MixinArgumentDecorator object at 0xffff818cfd60>, verb_extension=<colcon_core.verb.build.BuildVerb object at 0xffff81accca0>, main=<bound method BuildVerb.main of <colcon_core.verb.build.BuildVerb object at 0xffff81accca0>>, mixin_verb=('build',))
[1.498s] Level 1:colcon.colcon_core.package_discovery:discover_packages(colcon_meta) check parameters
[1.498s] Level 1:colcon.colcon_core.package_discovery:discover_packages(recursive) check parameters
[1.498s] Level 1:colcon.colcon_core.package_discovery:discover_packages(ignore) check parameters
[1.499s] Level 1:colcon.colcon_core.package_discovery:discover_packages(path) check parameters
[1.499s] Level 1:colcon.colcon_core.package_discovery:discover_packages(colcon_meta) discover
[1.499s] Level 1:colcon.colcon_core.package_discovery:discover_packages(recursive) discover
[1.499s] INFO:colcon.colcon_core.package_discovery:Crawling recursively for packages in '/home/ubuntu/denem'
[1.500s] Level 1:colcon.colcon_core.package_identification:_identify(.) by extensions ['ignore', 'ignore_ament_install']
[1.500s] Level 1:colcon.colcon_core.package_identification:_identify(.) by extension 'ignore'
[1.500s] Level 1:colcon.colcon_core.package_identification:_identify(.) by extension 'ignore_ament_install'
[1.501s] Level 1:colcon.colcon_core.package_identification:_identify(.) by extensions ['colcon_pkg']
[1.501s] Level 1:colcon.colcon_core.package_identification:_identify(.) by extension 'colcon_pkg'
[1.501s] Level 1:colcon.colcon_core.package_identification:_identify(.) by extensions ['colcon_meta']
[1.501s] Level 1:colcon.colcon_core.package_identification:_identify(.) by extension 'colcon_meta'
[1.501s] Level 1:colcon.colcon_core.package_identification:_identify(.) by extensions ['ros']
[1.501s] Level 1:colcon.colcon_core.package_identification:_identify(.) by extension 'ros'
[1.552s] Level 1:colcon.colcon_core.package_identification:_identify(.) by extensions ['cmake', 'python']
[1.552s] Level 1:colcon.colcon_core.package_identification:_identify(.) by extension 'cmake'
[1.552s] Level 1:colcon.colcon_core.package_identification:_identify(.) by extension 'python'
[1.552s] Level 1:colcon.colcon_core.package_identification:_identify(.) by extensions ['python_setup_py']
[1.553s] Level 1:colcon.colcon_core.package_identification:_identify(.) by extension 'python_setup_py'
[1.553s] Level 1:colcon.colcon_core.package_identification:_identify(build) by extensions ['ignore', 'ignore_ament_install']
[1.554s] Level 1:colcon.colcon_core.package_identification:_identify(build) by extension 'ignore'
[1.554s] Level 1:colcon.colcon_core.package_identification:_identify(build) ignored
[1.555s] Level 1:colcon.colcon_core.package_identification:_identify(diffdrive_arduino) by extensions ['ignore', 'ignore_ament_install']
[1.555s] Level 1:colcon.colcon_core.package_identification:_identify(diffdrive_arduino) by extension 'ignore'
[1.555s] Level 1:colcon.colcon_core.package_identification:_identify(diffdrive_arduino) by extension 'ignore_ament_install'
[1.556s] Level 1:colcon.colcon_core.package_identification:_identify(diffdrive_arduino) by extensions ['colcon_pkg']
[1.556s] Level 1:colcon.colcon_core.package_identification:_identify(diffdrive_arduino) by extension 'colcon_pkg'
[1.556s] Level 1:colcon.colcon_core.package_identification:_identify(diffdrive_arduino) by extensions ['colcon_meta']
[1.556s] Level 1:colcon.colcon_core.package_identification:_identify(diffdrive_arduino) by extension 'colcon_meta'
[1.556s] Level 1:colcon.colcon_core.package_identification:_identify(diffdrive_arduino) by extensions ['ros']
[1.556s] Level 1:colcon.colcon_core.package_identification:_identify(diffdrive_arduino) by extension 'ros'
[1.602s] DEBUG:colcon.colcon_core.package_identification:Package 'diffdrive_arduino' with type 'ros.ament_cmake' and name 'diffdrive_arduino'
[1.603s] Level 1:colcon.colcon_core.package_identification:_identify(imu) by extensions ['ignore', 'ignore_ament_install']
[1.604s] Level 1:colcon.colcon_core.package_identification:_identify(imu) by extension 'ignore'
[1.604s] Level 1:colcon.colcon_core.package_identification:_identify(imu) by extension 'ignore_ament_install'
[1.604s] Level 1:colcon.colcon_core.package_identification:_identify(imu) by extensions ['colcon_pkg']
[1.604s] Level 1:colcon.colcon_core.package_identification:_identify(imu) by extension 'colcon_pkg'
[1.604s] Level 1:colcon.colcon_core.package_identification:_identify(imu) by extensions ['colcon_meta']
[1.605s] Level 1:colcon.colcon_core.package_identification:_identify(imu) by extension 'colcon_meta'
[1.605s] Level 1:colcon.colcon_core.package_identification:_identify(imu) by extensions ['ros']
[1.605s] Level 1:colcon.colcon_core.package_identification:_identify(imu) by extension 'ros'
[1.607s] DEBUG:colcon.colcon_core.package_identification:Package 'imu' with type 'ros.ament_cmake' and name 'ros2_mpu6050'
[1.608s] Level 1:colcon.colcon_core.package_identification:_identify(install) by extensions ['ignore', 'ignore_ament_install']
[1.608s] Level 1:colcon.colcon_core.package_identification:_identify(install) by extension 'ignore'
[1.609s] Level 1:colcon.colcon_core.package_identification:_identify(install) ignored
[1.610s] Level 1:colcon.colcon_core.package_identification:_identify(log) by extensions ['ignore', 'ignore_ament_install']
[1.610s] Level 1:colcon.colcon_core.package_identification:_identify(log) by extension 'ignore'
[1.610s] Level 1:colcon.colcon_core.package_identification:_identify(log) ignored
[1.610s] Level 1:colcon.colcon_core.package_discovery:discover_packages(recursive) using defaults
[1.611s] Level 1:colcon.colcon_core.package_discovery:discover_packages(ignore) discover
[1.611s] Level 1:colcon.colcon_core.package_discovery:discover_packages(ignore) using defaults
[1.611s] Level 1:colcon.colcon_core.package_discovery:discover_packages(path) discover
[1.611s] Level 1:colcon.colcon_core.package_discovery:discover_packages(path) using defaults
[1.689s] Level 1:colcon.colcon_core.package_discovery:discover_packages(prefix_path) check parameters
[1.689s] Level 1:colcon.colcon_core.package_discovery:discover_packages(prefix_path) discover
[1.701s] DEBUG:colcon.colcon_installed_package_information.package_discovery:Found 5 installed packages in /home/ubuntu/vizanti/install
[1.704s] DEBUG:colcon.colcon_installed_package_information.package_discovery:Found 4 installed packages in /home/ubuntu/denem/install
[1.706s] DEBUG:colcon.colcon_installed_package_information.package_discovery:Found 3 installed packages in /home/ubuntu/ros2_ws/install
[1.719s] DEBUG:colcon.colcon_installed_package_information.package_discovery:Found 400 installed packages in /opt/ros/humble
[1.731s] Level 1:colcon.colcon_core.package_discovery:discover_packages(prefix_path) using defaults
[1.972s] Level 5:colcon.colcon_core.verb:set package 'diffdrive_arduino' build argument 'cmake_args' from command line to 'None'
[1.972s] Level 5:colcon.colcon_core.verb:set package 'diffdrive_arduino' build argument 'cmake_target' from command line to 'None'
[1.972s] Level 5:colcon.colcon_core.verb:set package 'diffdrive_arduino' build argument 'cmake_target_skip_unavailable' from command line to 'False'
[1.973s] Level 5:colcon.colcon_core.verb:set package 'diffdrive_arduino' build argument 'cmake_clean_cache' from command line to 'False'
[1.973s] Level 5:colcon.colcon_core.verb:set package 'diffdrive_arduino' build argument 'cmake_clean_first' from command line to 'False'
[1.973s] Level 5:colcon.colcon_core.verb:set package 'diffdrive_arduino' build argument 'cmake_force_configure' from command line to 'False'
[1.973s] Level 5:colcon.colcon_core.verb:set package 'diffdrive_arduino' build argument 'ament_cmake_args' from command line to 'None'
[1.973s] Level 5:colcon.colcon_core.verb:set package 'diffdrive_arduino' build argument 'catkin_cmake_args' from command line to 'None'
[1.973s] Level 5:colcon.colcon_core.verb:set package 'diffdrive_arduino' build argument 'catkin_skip_building_tests' from command line to 'False'
[1.973s] DEBUG:colcon.colcon_core.verb:Building package 'diffdrive_arduino' with the following arguments: {'ament_cmake_args': None, 'build_base': '/home/ubuntu/denem/build/diffdrive_arduino', 'catkin_cmake_args': None, 'catkin_skip_building_tests': False, 'cmake_args': None, 'cmake_clean_cache': False, 'cmake_clean_first': False, 'cmake_force_configure': False, 'cmake_target': None, 'cmake_target_skip_unavailable': False, 'install_base': '/home/ubuntu/denem/install/diffdrive_arduino', 'merge_install': False, 'path': '/home/ubuntu/denem/diffdrive_arduino', 'symlink_install': False, 'test_result_base': None}
[1.975s] Level 5:colcon.colcon_core.verb:set package 'ros2_mpu6050' build argument 'cmake_args' from command line to 'None'
[1.975s] Level 5:colcon.colcon_core.verb:set package 'ros2_mpu6050' build argument 'cmake_target' from command line to 'None'
[1.975s] Level 5:colcon.colcon_core.verb:set package 'ros2_mpu6050' build argument 'cmake_target_skip_unavailable' from command line to 'False'
[1.975s] Level 5:colcon.colcon_core.verb:set package 'ros2_mpu6050' build argument 'cmake_clean_cache' from command line to 'False'
[1.975s] Level 5:colcon.colcon_core.verb:set package 'ros2_mpu6050' build argument 'cmake_clean_first' from command line to 'False'
[1.976s] Level 5:colcon.colcon_core.verb:set package 'ros2_mpu6050' build argument 'cmake_force_configure' from command line to 'False'
[1.976s] Level 5:colcon.colcon_core.verb:set package 'ros2_mpu6050' build argument 'ament_cmake_args' from command line to 'None'
[1.976s] Level 5:colcon.colcon_core.verb:set package 'ros2_mpu6050' build argument 'catkin_cmake_args' from command line to 'None'
[1.976s] Level 5:colcon.colcon_core.verb:set package 'ros2_mpu6050' build argument 'catkin_skip_building_tests' from command line to 'False'
[1.976s] DEBUG:colcon.colcon_core.verb:Building package 'ros2_mpu6050' with the following arguments: {'ament_cmake_args': None, 'build_base': '/home/ubuntu/denem/build/ros2_mpu6050', 'catkin_cmake_args': None, 'catkin_skip_building_tests': False, 'cmake_args': None, 'cmake_clean_cache': False, 'cmake_clean_first': False, 'cmake_force_configure': False, 'cmake_target': None, 'cmake_target_skip_unavailable': False, 'install_base': '/home/ubuntu/denem/install/ros2_mpu6050', 'merge_install': False, 'path': '/home/ubuntu/denem/imu', 'symlink_install': False, 'test_result_base': None}
[1.977s] INFO:colcon.colcon_core.executor:Executing jobs using 'parallel' executor
[1.980s] DEBUG:colcon.colcon_parallel_executor.executor.parallel:run_until_complete
[1.981s] INFO:colcon.colcon_ros.task.ament_cmake.build:Building ROS package in '/home/ubuntu/denem/diffdrive_arduino' with build type 'ament_cmake'
[1.982s] INFO:colcon.colcon_cmake.task.cmake.build:Building CMake package in '/home/ubuntu/denem/diffdrive_arduino'
[1.991s] INFO:colcon.colcon_core.plugin_system:Skipping extension 'colcon_core.shell.bat': Not used on non-Windows systems
[1.992s] INFO:colcon.colcon_core.shell:Skip shell extension 'powershell' for command environment: Not usable outside of PowerShell
[1.992s] DEBUG:colcon.colcon_core.shell:Skip shell extension 'dsv' for command environment
[2.023s] INFO:colcon.colcon_ros.task.ament_cmake.build:Building ROS package in '/home/ubuntu/denem/imu' with build type 'ament_cmake'
[2.024s] INFO:colcon.colcon_cmake.task.cmake.build:Building CMake package in '/home/ubuntu/denem/imu'
[2.025s] INFO:colcon.colcon_core.shell:Skip shell extension 'powershell' for command environment: Not usable outside of PowerShell
[2.026s] DEBUG:colcon.colcon_core.shell:Skip shell extension 'dsv' for command environment
[2.074s] DEBUG:colcon.colcon_core.event_handler.log_command:Invoking command in '/home/ubuntu/denem/build/diffdrive_arduino': CMAKE_PREFIX_PATH=${CMAKE_PREFIX_PATH}:/home/ubuntu/denem/install/serial_motor_demo:/opt/ros/humble /usr/bin/cmake --build /home/ubuntu/denem/build/diffdrive_arduino -- -j4 -l4
[2.109s] DEBUG:colcon.colcon_core.event_handler.log_command:Invoking command in '/home/ubuntu/denem/build/ros2_mpu6050': CMAKE_PREFIX_PATH=${CMAKE_PREFIX_PATH}:/home/ubuntu/denem/install/serial_motor_demo:/opt/ros/humble /usr/bin/cmake --build /home/ubuntu/denem/build/ros2_mpu6050 -- -j4 -l4
[2.460s] DEBUG:colcon.colcon_core.event_handler.log_command:Invoked command in '/home/ubuntu/denem/build/ros2_mpu6050' returned '0': CMAKE_PREFIX_PATH=${CMAKE_PREFIX_PATH}:/home/ubuntu/denem/install/serial_motor_demo:/opt/ros/humble /usr/bin/cmake --build /home/ubuntu/denem/build/ros2_mpu6050 -- -j4 -l4
[2.511s] DEBUG:colcon.colcon_core.event_handler.log_command:Invoking command in '/home/ubuntu/denem/build/ros2_mpu6050': CMAKE_PREFIX_PATH=${CMAKE_PREFIX_PATH}:/home/ubuntu/denem/install/serial_motor_demo:/opt/ros/humble /usr/bin/cmake --install /home/ubuntu/denem/build/ros2_mpu6050
[2.626s] Level 1:colcon.colcon_core.environment:create_environment_scripts_only(ros2_mpu6050)
[2.628s] DEBUG:colcon.colcon_core.event_handler.log_command:Invoked command in '/home/ubuntu/denem/build/ros2_mpu6050' returned '0': CMAKE_PREFIX_PATH=${CMAKE_PREFIX_PATH}:/home/ubuntu/denem/install/serial_motor_demo:/opt/ros/humble /usr/bin/cmake --install /home/ubuntu/denem/build/ros2_mpu6050
[2.640s] Level 1:colcon.colcon_core.environment:checking '/home/ubuntu/denem/install/ros2_mpu6050' for CMake module files
[2.643s] Level 1:colcon.colcon_core.environment:checking '/home/ubuntu/denem/install/ros2_mpu6050' for CMake config files
[2.646s] Level 1:colcon.colcon_core.shell:create_environment_hook('ros2_mpu6050', 'cmake_prefix_path')
[2.647s] INFO:colcon.colcon_core.shell:Creating environment hook '/home/ubuntu/denem/install/ros2_mpu6050/share/ros2_mpu6050/hook/cmake_prefix_path.ps1'
[2.650s] INFO:colcon.colcon_core.shell:Creating environment descriptor '/home/ubuntu/denem/install/ros2_mpu6050/share/ros2_mpu6050/hook/cmake_prefix_path.dsv'
[2.652s] INFO:colcon.colcon_core.shell:Creating environment hook '/home/ubuntu/denem/install/ros2_mpu6050/share/ros2_mpu6050/hook/cmake_prefix_path.sh'
[2.657s] Level 1:colcon.colcon_core.environment:checking '/home/ubuntu/denem/install/ros2_mpu6050/lib'
[2.658s] Level 1:colcon.colcon_core.environment:checking '/home/ubuntu/denem/install/ros2_mpu6050/bin'
[2.658s] Level 1:colcon.colcon_core.environment:checking '/home/ubuntu/denem/install/ros2_mpu6050/lib/pkgconfig/ros2_mpu6050.pc'
[2.659s] Level 1:colcon.colcon_core.environment:checking '/home/ubuntu/denem/install/ros2_mpu6050/lib/python3.10/site-packages'
[2.661s] Level 1:colcon.colcon_core.environment:checking '/home/ubuntu/denem/install/ros2_mpu6050/bin'
[2.662s] INFO:colcon.colcon_core.shell:Creating package script '/home/ubuntu/denem/install/ros2_mpu6050/share/ros2_mpu6050/package.ps1'
[2.666s] INFO:colcon.colcon_core.shell:Creating package descriptor '/home/ubuntu/denem/install/ros2_mpu6050/share/ros2_mpu6050/package.dsv'
[2.669s] INFO:colcon.colcon_core.shell:Creating package script '/home/ubuntu/denem/install/ros2_mpu6050/share/ros2_mpu6050/package.sh'
[2.674s] INFO:colcon.colcon_core.shell:Creating package script '/home/ubuntu/denem/install/ros2_mpu6050/share/ros2_mpu6050/package.bash'
[2.678s] INFO:colcon.colcon_core.shell:Creating package script '/home/ubuntu/denem/install/ros2_mpu6050/share/ros2_mpu6050/package.zsh'
[2.681s] Level 1:colcon.colcon_core.environment:create_file_with_runtime_dependencies(/home/ubuntu/denem/install/ros2_mpu6050/share/colcon-core/packages/ros2_mpu6050)
[2.684s] Level 1:colcon.colcon_core.environment:create_environment_scripts_only(ros2_mpu6050)
[2.686s] Level 1:colcon.colcon_core.environment:checking '/home/ubuntu/denem/install/ros2_mpu6050' for CMake module files
[2.689s] Level 1:colcon.colcon_core.environment:checking '/home/ubuntu/denem/install/ros2_mpu6050' for CMake config files
[2.692s] Level 1:colcon.colcon_core.shell:create_environment_hook('ros2_mpu6050', 'cmake_prefix_path')
[2.694s] INFO:colcon.colcon_core.shell:Creating environment hook '/home/ubuntu/denem/install/ros2_mpu6050/share/ros2_mpu6050/hook/cmake_prefix_path.ps1'
[2.696s] INFO:colcon.colcon_core.shell:Creating environment descriptor '/home/ubuntu/denem/install/ros2_mpu6050/share/ros2_mpu6050/hook/cmake_prefix_path.dsv'
[2.699s] INFO:colcon.colcon_core.shell:Creating environment hook '/home/ubuntu/denem/install/ros2_mpu6050/share/ros2_mpu6050/hook/cmake_prefix_path.sh'
[2.702s] Level 1:colcon.colcon_core.environment:checking '/home/ubuntu/denem/install/ros2_mpu6050/lib'
[2.703s] Level 1:colcon.colcon_core.environment:checking '/home/ubuntu/denem/install/ros2_mpu6050/bin'
[2.703s] Level 1:colcon.colcon_core.environment:checking '/home/ubuntu/denem/install/ros2_mpu6050/lib/pkgconfig/ros2_mpu6050.pc'
[2.704s] Level 1:colcon.colcon_core.environment:checking '/home/ubuntu/denem/install/ros2_mpu6050/lib/python3.10/site-packages'
[2.705s] Level 1:colcon.colcon_core.environment:checking '/home/ubuntu/denem/install/ros2_mpu6050/bin'
[2.707s] INFO:colcon.colcon_core.shell:Creating package script '/home/ubuntu/denem/install/ros2_mpu6050/share/ros2_mpu6050/package.ps1'
[2.709s] INFO:colcon.colcon_core.shell:Creating package descriptor '/home/ubuntu/denem/install/ros2_mpu6050/share/ros2_mpu6050/package.dsv'
[2.712s] INFO:colcon.colcon_core.shell:Creating package script '/home/ubuntu/denem/install/ros2_mpu6050/share/ros2_mpu6050/package.sh'
[2.715s] INFO:colcon.colcon_core.shell:Creating package script '/home/ubuntu/denem/install/ros2_mpu6050/share/ros2_mpu6050/package.bash'
[2.717s] INFO:colcon.colcon_core.shell:Creating package script '/home/ubuntu/denem/install/ros2_mpu6050/share/ros2_mpu6050/package.zsh'
[2.720s] Level 1:colcon.colcon_core.environment:create_file_with_runtime_dependencies(/home/ubuntu/denem/install/ros2_mpu6050/share/colcon-core/packages/ros2_mpu6050)
[21.704s] DEBUG:colcon.colcon_core.event_handler.log_command:Invoked command in '/home/ubuntu/denem/build/diffdrive_arduino' returned '0': CMAKE_PREFIX_PATH=${CMAKE_PREFIX_PATH}:/home/ubuntu/denem/install/serial_motor_demo:/opt/ros/humble /usr/bin/cmake --build /home/ubuntu/denem/build/diffdrive_arduino -- -j4 -l4
[21.713s] DEBUG:colcon.colcon_core.event_handler.log_command:Invoking command in '/home/ubuntu/denem/build/diffdrive_arduino': CMAKE_PREFIX_PATH=${CMAKE_PREFIX_PATH}:/home/ubuntu/denem/install/serial_motor_demo:/opt/ros/humble /usr/bin/cmake --install /home/ubuntu/denem/build/diffdrive_arduino
[23.150s] Level 1:colcon.colcon_core.environment:create_environment_scripts_only(diffdrive_arduino)
[23.151s] Level 1:colcon.colcon_core.environment:checking '/home/ubuntu/denem/install/diffdrive_arduino' for CMake module files
[23.153s] DEBUG:colcon.colcon_core.event_handler.log_command:Invoked command in '/home/ubuntu/denem/build/diffdrive_arduino' returned '0': CMAKE_PREFIX_PATH=${CMAKE_PREFIX_PATH}:/home/ubuntu/denem/install/serial_motor_demo:/opt/ros/humble /usr/bin/cmake --install /home/ubuntu/denem/build/diffdrive_arduino
[23.156s] Level 1:colcon.colcon_core.environment:checking '/home/ubuntu/denem/install/diffdrive_arduino' for CMake config files
[23.165s] Level 1:colcon.colcon_core.shell:create_environment_hook('diffdrive_arduino', 'cmake_prefix_path')
[23.166s] INFO:colcon.colcon_core.shell:Creating environment hook '/home/ubuntu/denem/install/diffdrive_arduino/share/diffdrive_arduino/hook/cmake_prefix_path.ps1'
[23.169s] INFO:colcon.colcon_core.shell:Creating environment descriptor '/home/ubuntu/denem/install/diffdrive_arduino/share/diffdrive_arduino/hook/cmake_prefix_path.dsv'
[23.171s] INFO:colcon.colcon_core.shell:Creating environment hook '/home/ubuntu/denem/install/diffdrive_arduino/share/diffdrive_arduino/hook/cmake_prefix_path.sh'
[23.174s] Level 1:colcon.colcon_core.environment:checking '/home/ubuntu/denem/install/diffdrive_arduino/lib'
[23.174s] Level 1:colcon.colcon_core.shell:create_environment_hook('diffdrive_arduino', 'ld_library_path_lib')
[23.175s] INFO:colcon.colcon_core.shell:Creating environment hook '/home/ubuntu/denem/install/diffdrive_arduino/share/diffdrive_arduino/hook/ld_library_path_lib.ps1'
[23.177s] INFO:colcon.colcon_core.shell:Creating environment descriptor '/home/ubuntu/denem/install/diffdrive_arduino/share/diffdrive_arduino/hook/ld_library_path_lib.dsv'
[23.179s] INFO:colcon.colcon_core.shell:Creating environment hook '/home/ubuntu/denem/install/diffdrive_arduino/share/diffdrive_arduino/hook/ld_library_path_lib.sh'
[23.181s] Level 1:colcon.colcon_core.environment:checking '/home/ubuntu/denem/install/diffdrive_arduino/bin'
[23.181s] Level 1:colcon.colcon_core.environment:checking '/home/ubuntu/denem/install/diffdrive_arduino/lib/pkgconfig/diffdrive_arduino.pc'
[23.182s] Level 1:colcon.colcon_core.environment:checking '/home/ubuntu/denem/install/diffdrive_arduino/lib/python3.10/site-packages'
[23.183s] Level 1:colcon.colcon_core.environment:checking '/home/ubuntu/denem/install/diffdrive_arduino/bin'
[23.185s] INFO:colcon.colcon_core.shell:Creating package script '/home/ubuntu/denem/install/diffdrive_arduino/share/diffdrive_arduino/package.ps1'
[23.187s] INFO:colcon.colcon_core.shell:Creating package descriptor '/home/ubuntu/denem/install/diffdrive_arduino/share/diffdrive_arduino/package.dsv'
[23.189s] INFO:colcon.colcon_core.shell:Creating package script '/home/ubuntu/denem/install/diffdrive_arduino/share/diffdrive_arduino/package.sh'
[23.191s] INFO:colcon.colcon_core.shell:Creating package script '/home/ubuntu/denem/install/diffdrive_arduino/share/diffdrive_arduino/package.bash'
[23.193s] INFO:colcon.colcon_core.shell:Creating package script '/home/ubuntu/denem/install/diffdrive_arduino/share/diffdrive_arduino/package.zsh'
[23.195s] Level 1:colcon.colcon_core.environment:create_file_with_runtime_dependencies(/home/ubuntu/denem/install/diffdrive_arduino/share/colcon-core/packages/diffdrive_arduino)
[23.198s] Level 1:colcon.colcon_core.environment:create_environment_scripts_only(diffdrive_arduino)
[23.199s] Level 1:colcon.colcon_core.environment:checking '/home/ubuntu/denem/install/diffdrive_arduino' for CMake module files
[23.203s] Level 1:colcon.colcon_core.environment:checking '/home/ubuntu/denem/install/diffdrive_arduino' for CMake config files
[23.211s] Level 1:colcon.colcon_core.shell:create_environment_hook('diffdrive_arduino', 'cmake_prefix_path')
[23.212s] INFO:colcon.colcon_core.shell:Creating environment hook '/home/ubuntu/denem/install/diffdrive_arduino/share/diffdrive_arduino/hook/cmake_prefix_path.ps1'
[23.214s] INFO:colcon.colcon_core.shell:Creating environment descriptor '/home/ubuntu/denem/install/diffdrive_arduino/share/diffdrive_arduino/hook/cmake_prefix_path.dsv'
[23.216s] INFO:colcon.colcon_core.shell:Creating environment hook '/home/ubuntu/denem/install/diffdrive_arduino/share/diffdrive_arduino/hook/cmake_prefix_path.sh'
[23.219s] Level 1:colcon.colcon_core.environment:checking '/home/ubuntu/denem/install/diffdrive_arduino/lib'
[23.219s] Level 1:colcon.colcon_core.shell:create_environment_hook('diffdrive_arduino', 'ld_library_path_lib')
[23.220s] INFO:colcon.colcon_core.shell:Creating environment hook '/home/ubuntu/denem/install/diffdrive_arduino/share/diffdrive_arduino/hook/ld_library_path_lib.ps1'
[23.222s] INFO:colcon.colcon_core.shell:Creating environment descriptor '/home/ubuntu/denem/install/diffdrive_arduino/share/diffdrive_arduino/hook/ld_library_path_lib.dsv'
[23.224s] INFO:colcon.colcon_core.shell:Creating environment hook '/home/ubuntu/denem/install/diffdrive_arduino/share/diffdrive_arduino/hook/ld_library_path_lib.sh'
[23.226s] Level 1:colcon.colcon_core.environment:checking '/home/ubuntu/denem/install/diffdrive_arduino/bin'
[23.227s] Level 1:colcon.colcon_core.environment:checking '/home/ubuntu/denem/install/diffdrive_arduino/lib/pkgconfig/diffdrive_arduino.pc'
[23.227s] Level 1:colcon.colcon_core.environment:checking '/home/ubuntu/denem/install/diffdrive_arduino/lib/python3.10/site-packages'
[23.228s] Level 1:colcon.colcon_core.environment:checking '/home/ubuntu/denem/install/diffdrive_arduino/bin'
[23.230s] INFO:colcon.colcon_core.shell:Creating package script '/home/ubuntu/denem/install/diffdrive_arduino/share/diffdrive_arduino/package.ps1'
[23.232s] INFO:colcon.colcon_core.shell:Creating package descriptor '/home/ubuntu/denem/install/diffdrive_arduino/share/diffdrive_arduino/package.dsv'
[23.235s] INFO:colcon.colcon_core.shell:Creating package script '/home/ubuntu/denem/install/diffdrive_arduino/share/diffdrive_arduino/package.sh'
[23.238s] INFO:colcon.colcon_core.shell:Creating package script '/home/ubuntu/denem/install/diffdrive_arduino/share/diffdrive_arduino/package.bash'
[23.241s] INFO:colcon.colcon_core.shell:Creating package script '/home/ubuntu/denem/install/diffdrive_arduino/share/diffdrive_arduino/package.zsh'
[23.243s] Level 1:colcon.colcon_core.environment:create_file_with_runtime_dependencies(/home/ubuntu/denem/install/diffdrive_arduino/share/colcon-core/packages/diffdrive_arduino)
[23.245s] DEBUG:colcon.colcon_parallel_executor.executor.parallel:closing loop
[23.247s] DEBUG:colcon.colcon_parallel_executor.executor.parallel:loop closed
[23.248s] DEBUG:colcon.colcon_parallel_executor.executor.parallel:run_until_complete finished with '0'
[23.248s] DEBUG:colcon.colcon_core.event_reactor:joining thread
[23.277s] INFO:colcon.colcon_core.plugin_system:Skipping extension 'colcon_notification.desktop_notification.terminal_notifier': Not used on non-Darwin systems
[23.277s] INFO:colcon.colcon_core.plugin_system:Skipping extension 'colcon_notification.desktop_notification.win32': Not used on non-Windows systems
[23.278s] INFO:colcon.colcon_notification.desktop_notification:Sending desktop notification using 'notify2'
[23.319s] DEBUG:colcon.colcon_core.event_reactor:joined thread
[23.320s] INFO:colcon.colcon_core.shell:Creating prefix script '/home/ubuntu/denem/install/local_setup.ps1'
[23.324s] INFO:colcon.colcon_core.shell:Creating prefix util module '/home/ubuntu/denem/install/_local_setup_util_ps1.py'
[23.331s] INFO:colcon.colcon_core.shell:Creating prefix chain script '/home/ubuntu/denem/install/setup.ps1'
[23.340s] INFO:colcon.colcon_core.shell:Creating prefix script '/home/ubuntu/denem/install/local_setup.sh'
[23.343s] INFO:colcon.colcon_core.shell:Creating prefix util module '/home/ubuntu/denem/install/_local_setup_util_sh.py'
[23.346s] INFO:colcon.colcon_core.shell:Creating prefix chain script '/home/ubuntu/denem/install/setup.sh'
[23.354s] INFO:colcon.colcon_core.shell:Creating prefix script '/home/ubuntu/denem/install/local_setup.bash'
[23.356s] INFO:colcon.colcon_core.shell:Creating prefix chain script '/home/ubuntu/denem/install/setup.bash'
[23.364s] INFO:colcon.colcon_core.shell:Creating prefix script '/home/ubuntu/denem/install/local_setup.zsh'
[23.366s] INFO:colcon.colcon_core.shell:Creating prefix chain script '/home/ubuntu/denem/install/setup.zsh'
