[0.103s] Invoking command in '/home/ubuntu/denem/build/serial_motor_demo_msgs': CMAKE_PREFIX_PATH=${CMAKE_PREFIX_PATH}:/home/ubuntu/denem/install/serial_motor_demo:/opt/ros/humble /usr/bin/cmake --build /home/ubuntu/denem/build/serial_motor_demo_msgs -- -j4 -l4
[0.445s] [ 10%] Built target serial_motor_demo_msgs__rosidl_generator_c
[0.484s] [ 12%] Built target serial_motor_demo_msgs__cpp
[0.511s] [ 12%] Built target ament_cmake_python_copy_serial_motor_demo_msgs
[0.626s] [ 23%] Built target serial_motor_demo_msgs__rosidl_typesupport_introspection_c
[0.667s] [ 34%] Built target serial_motor_demo_msgs__rosidl_typesupport_fastrtps_c
[0.714s] [ 44%] Built target serial_motor_demo_msgs__rosidl_typesupport_c
[0.732s] [ 55%] Built target serial_motor_demo_msgs__rosidl_typesupport_fastrtps_cpp
[0.772s] [ 65%] Built target serial_motor_demo_msgs__rosidl_typesupport_introspection_cpp
[0.904s] [ 76%] Built target serial_motor_demo_msgs__rosidl_typesupport_cpp
[0.995s] [ 76%] Built target serial_motor_demo_msgs
[1.132s] [ 78%] Built target serial_motor_demo_msgs__py
[1.282s] [ 87%] Built target serial_motor_demo_msgs__rosidl_generator_py
[1.417s] [ 91%] Built target serial_motor_demo_msgs__rosidl_typesupport_introspection_c__pyext
[1.442s] [ 95%] Built target serial_motor_demo_msgs__rosidl_typesupport_fastrtps_c__pyext
[1.450s] [100%] Built target serial_motor_demo_msgs__rosidl_typesupport_c__pyext
[2.264s] running egg_info
[2.268s] writing serial_motor_demo_msgs.egg-info/PKG-INFO
[2.269s] writing dependency_links to serial_motor_demo_msgs.egg-info/dependency_links.txt
[2.270s] writing top-level names to serial_motor_demo_msgs.egg-info/top_level.txt
[2.286s] reading manifest file 'serial_motor_demo_msgs.egg-info/SOURCES.txt'
[2.289s] writing manifest file 'serial_motor_demo_msgs.egg-info/SOURCES.txt'
[2.444s] [100%] Built target ament_cmake_python_build_serial_motor_demo_msgs_egg
[2.498s] Invoked command in '/home/ubuntu/denem/build/serial_motor_demo_msgs' returned '0': CMAKE_PREFIX_PATH=${CMAKE_PREFIX_PATH}:/home/ubuntu/denem/install/serial_motor_demo:/opt/ros/humble /usr/bin/cmake --build /home/ubuntu/denem/build/serial_motor_demo_msgs -- -j4 -l4
[2.508s] Invoking command in '/home/ubuntu/denem/build/serial_motor_demo_msgs': CMAKE_PREFIX_PATH=${CMAKE_PREFIX_PATH}:/home/ubuntu/denem/install/serial_motor_demo:/opt/ros/humble /usr/bin/cmake --install /home/ubuntu/denem/build/serial_motor_demo_msgs
[2.539s] -- Install configuration: ""
[2.540s] -- Up-to-date: /home/ubuntu/denem/install/serial_motor_demo_msgs/share/ament_index/resource_index/rosidl_interfaces/serial_motor_demo_msgs
[2.540s] -- Up-to-date: /home/ubuntu/denem/install/serial_motor_demo_msgs/include/serial_motor_demo_msgs/serial_motor_demo_msgs
[2.541s] -- Up-to-date: /home/ubuntu/denem/install/serial_motor_demo_msgs/include/serial_motor_demo_msgs/serial_motor_demo_msgs/msg
[2.541s] -- Up-to-date: /home/ubuntu/denem/install/serial_motor_demo_msgs/include/serial_motor_demo_msgs/serial_motor_demo_msgs/msg/motor_command.h
[2.542s] -- Up-to-date: /home/ubuntu/denem/install/serial_motor_demo_msgs/include/serial_motor_demo_msgs/serial_motor_demo_msgs/msg/encoder_vals.h
[2.542s] -- Up-to-date: /home/ubuntu/denem/install/serial_motor_demo_msgs/include/serial_motor_demo_msgs/serial_motor_demo_msgs/msg/rosidl_generator_c__visibility_control.h
[2.542s] -- Up-to-date: /home/ubuntu/denem/install/serial_motor_demo_msgs/include/serial_motor_demo_msgs/serial_motor_demo_msgs/msg/detail
[2.543s] -- Up-to-date: /home/ubuntu/denem/install/serial_motor_demo_msgs/include/serial_motor_demo_msgs/serial_motor_demo_msgs/msg/detail/motor_vels__type_support.h
[2.543s] -- Up-to-date: /home/ubuntu/denem/install/serial_motor_demo_msgs/include/serial_motor_demo_msgs/serial_motor_demo_msgs/msg/detail/encoder_vals__functions.c
[2.543s] -- Up-to-date: /home/ubuntu/denem/install/serial_motor_demo_msgs/include/serial_motor_demo_msgs/serial_motor_demo_msgs/msg/detail/encoder_vals__struct.h
[2.544s] -- Up-to-date: /home/ubuntu/denem/install/serial_motor_demo_msgs/include/serial_motor_demo_msgs/serial_motor_demo_msgs/msg/detail/encoder_vals__functions.h
[2.544s] -- Up-to-date: /home/ubuntu/denem/install/serial_motor_demo_msgs/include/serial_motor_demo_msgs/serial_motor_demo_msgs/msg/detail/motor_command__functions.c
[2.545s] -- Up-to-date: /home/ubuntu/denem/install/serial_motor_demo_msgs/include/serial_motor_demo_msgs/serial_motor_demo_msgs/msg/detail/motor_command__functions.h
[2.545s] -- Up-to-date: /home/ubuntu/denem/install/serial_motor_demo_msgs/include/serial_motor_demo_msgs/serial_motor_demo_msgs/msg/detail/encoder_vals__type_support.h
[2.545s] -- Up-to-date: /home/ubuntu/denem/install/serial_motor_demo_msgs/include/serial_motor_demo_msgs/serial_motor_demo_msgs/msg/detail/motor_vels__functions.h
[2.546s] -- Up-to-date: /home/ubuntu/denem/install/serial_motor_demo_msgs/include/serial_motor_demo_msgs/serial_motor_demo_msgs/msg/detail/motor_vels__struct.h
[2.546s] -- Up-to-date: /home/ubuntu/denem/install/serial_motor_demo_msgs/include/serial_motor_demo_msgs/serial_motor_demo_msgs/msg/detail/motor_command__type_support.h
[2.547s] -- Up-to-date: /home/ubuntu/denem/install/serial_motor_demo_msgs/include/serial_motor_demo_msgs/serial_motor_demo_msgs/msg/detail/motor_command__struct.h
[2.547s] -- Up-to-date: /home/ubuntu/denem/install/serial_motor_demo_msgs/include/serial_motor_demo_msgs/serial_motor_demo_msgs/msg/detail/motor_vels__functions.c
[2.548s] -- Up-to-date: /home/ubuntu/denem/install/serial_motor_demo_msgs/include/serial_motor_demo_msgs/serial_motor_demo_msgs/msg/motor_vels.h
[2.548s] -- Up-to-date: /home/ubuntu/denem/install/serial_motor_demo_msgs/share/serial_motor_demo_msgs/environment/library_path.sh
[2.549s] -- Up-to-date: /home/ubuntu/denem/install/serial_motor_demo_msgs/share/serial_motor_demo_msgs/environment/library_path.dsv
[2.549s] -- Up-to-date: /home/ubuntu/denem/install/serial_motor_demo_msgs/lib/libserial_motor_demo_msgs__rosidl_generator_c.so
[2.550s] -- Up-to-date: /home/ubuntu/denem/install/serial_motor_demo_msgs/include/serial_motor_demo_msgs/serial_motor_demo_msgs
[2.551s] -- Up-to-date: /home/ubuntu/denem/install/serial_motor_demo_msgs/include/serial_motor_demo_msgs/serial_motor_demo_msgs/msg
[2.552s] -- Up-to-date: /home/ubuntu/denem/install/serial_motor_demo_msgs/include/serial_motor_demo_msgs/serial_motor_demo_msgs/msg/detail
[2.552s] -- Up-to-date: /home/ubuntu/denem/install/serial_motor_demo_msgs/include/serial_motor_demo_msgs/serial_motor_demo_msgs/msg/detail/encoder_vals__rosidl_typesupport_fastrtps_c.h
[2.552s] -- Up-to-date: /home/ubuntu/denem/install/serial_motor_demo_msgs/include/serial_motor_demo_msgs/serial_motor_demo_msgs/msg/detail/motor_command__rosidl_typesupport_fastrtps_c.h
[2.553s] -- Up-to-date: /home/ubuntu/denem/install/serial_motor_demo_msgs/include/serial_motor_demo_msgs/serial_motor_demo_msgs/msg/detail/motor_vels__rosidl_typesupport_fastrtps_c.h
[2.553s] -- Up-to-date: /home/ubuntu/denem/install/serial_motor_demo_msgs/include/serial_motor_demo_msgs/serial_motor_demo_msgs/msg/rosidl_typesupport_fastrtps_c__visibility_control.h
[2.554s] -- Up-to-date: /home/ubuntu/denem/install/serial_motor_demo_msgs/lib/libserial_motor_demo_msgs__rosidl_typesupport_fastrtps_c.so
[2.555s] -- Up-to-date: /home/ubuntu/denem/install/serial_motor_demo_msgs/include/serial_motor_demo_msgs/serial_motor_demo_msgs
[2.556s] -- Up-to-date: /home/ubuntu/denem/install/serial_motor_demo_msgs/include/serial_motor_demo_msgs/serial_motor_demo_msgs/msg
[2.556s] -- Up-to-date: /home/ubuntu/denem/install/serial_motor_demo_msgs/include/serial_motor_demo_msgs/serial_motor_demo_msgs/msg/detail
[2.556s] -- Up-to-date: /home/ubuntu/denem/install/serial_motor_demo_msgs/include/serial_motor_demo_msgs/serial_motor_demo_msgs/msg/detail/motor_command__type_support.c
[2.557s] -- Up-to-date: /home/ubuntu/denem/install/serial_motor_demo_msgs/include/serial_motor_demo_msgs/serial_motor_demo_msgs/msg/detail/motor_vels__rosidl_typesupport_introspection_c.h
[2.557s] -- Up-to-date: /home/ubuntu/denem/install/serial_motor_demo_msgs/include/serial_motor_demo_msgs/serial_motor_demo_msgs/msg/detail/motor_command__rosidl_typesupport_introspection_c.h
[2.557s] -- Up-to-date: /home/ubuntu/denem/install/serial_motor_demo_msgs/include/serial_motor_demo_msgs/serial_motor_demo_msgs/msg/detail/encoder_vals__type_support.c
[2.558s] -- Up-to-date: /home/ubuntu/denem/install/serial_motor_demo_msgs/include/serial_motor_demo_msgs/serial_motor_demo_msgs/msg/detail/motor_vels__type_support.c
[2.558s] -- Up-to-date: /home/ubuntu/denem/install/serial_motor_demo_msgs/include/serial_motor_demo_msgs/serial_motor_demo_msgs/msg/detail/encoder_vals__rosidl_typesupport_introspection_c.h
[2.558s] -- Up-to-date: /home/ubuntu/denem/install/serial_motor_demo_msgs/include/serial_motor_demo_msgs/serial_motor_demo_msgs/msg/rosidl_typesupport_introspection_c__visibility_control.h
[2.559s] -- Up-to-date: /home/ubuntu/denem/install/serial_motor_demo_msgs/lib/libserial_motor_demo_msgs__rosidl_typesupport_introspection_c.so
[2.562s] -- Up-to-date: /home/ubuntu/denem/install/serial_motor_demo_msgs/lib/libserial_motor_demo_msgs__rosidl_typesupport_c.so
[2.565s] -- Up-to-date: /home/ubuntu/denem/install/serial_motor_demo_msgs/include/serial_motor_demo_msgs/serial_motor_demo_msgs
[2.566s] -- Up-to-date: /home/ubuntu/denem/install/serial_motor_demo_msgs/include/serial_motor_demo_msgs/serial_motor_demo_msgs/msg
[2.567s] -- Up-to-date: /home/ubuntu/denem/install/serial_motor_demo_msgs/include/serial_motor_demo_msgs/serial_motor_demo_msgs/msg/rosidl_generator_cpp__visibility_control.hpp
[2.567s] -- Up-to-date: /home/ubuntu/denem/install/serial_motor_demo_msgs/include/serial_motor_demo_msgs/serial_motor_demo_msgs/msg/encoder_vals.hpp
[2.568s] -- Up-to-date: /home/ubuntu/denem/install/serial_motor_demo_msgs/include/serial_motor_demo_msgs/serial_motor_demo_msgs/msg/motor_command.hpp
[2.569s] -- Up-to-date: /home/ubuntu/denem/install/serial_motor_demo_msgs/include/serial_motor_demo_msgs/serial_motor_demo_msgs/msg/motor_vels.hpp
[2.569s] -- Up-to-date: /home/ubuntu/denem/install/serial_motor_demo_msgs/include/serial_motor_demo_msgs/serial_motor_demo_msgs/msg/detail
[2.570s] -- Up-to-date: /home/ubuntu/denem/install/serial_motor_demo_msgs/include/serial_motor_demo_msgs/serial_motor_demo_msgs/msg/detail/motor_vels__builder.hpp
[2.570s] -- Up-to-date: /home/ubuntu/denem/install/serial_motor_demo_msgs/include/serial_motor_demo_msgs/serial_motor_demo_msgs/msg/detail/encoder_vals__type_support.hpp
[2.571s] -- Up-to-date: /home/ubuntu/denem/install/serial_motor_demo_msgs/include/serial_motor_demo_msgs/serial_motor_demo_msgs/msg/detail/motor_vels__traits.hpp
[2.571s] -- Up-to-date: /home/ubuntu/denem/install/serial_motor_demo_msgs/include/serial_motor_demo_msgs/serial_motor_demo_msgs/msg/detail/motor_command__type_support.hpp
[2.572s] -- Up-to-date: /home/ubuntu/denem/install/serial_motor_demo_msgs/include/serial_motor_demo_msgs/serial_motor_demo_msgs/msg/detail/motor_command__struct.hpp
[2.573s] -- Up-to-date: /home/ubuntu/denem/install/serial_motor_demo_msgs/include/serial_motor_demo_msgs/serial_motor_demo_msgs/msg/detail/motor_vels__type_support.hpp
[2.573s] -- Up-to-date: /home/ubuntu/denem/install/serial_motor_demo_msgs/include/serial_motor_demo_msgs/serial_motor_demo_msgs/msg/detail/motor_vels__struct.hpp
[2.574s] -- Up-to-date: /home/ubuntu/denem/install/serial_motor_demo_msgs/include/serial_motor_demo_msgs/serial_motor_demo_msgs/msg/detail/motor_command__builder.hpp
[2.574s] -- Up-to-date: /home/ubuntu/denem/install/serial_motor_demo_msgs/include/serial_motor_demo_msgs/serial_motor_demo_msgs/msg/detail/encoder_vals__traits.hpp
[2.574s] -- Up-to-date: /home/ubuntu/denem/install/serial_motor_demo_msgs/include/serial_motor_demo_msgs/serial_motor_demo_msgs/msg/detail/motor_command__traits.hpp
[2.575s] -- Up-to-date: /home/ubuntu/denem/install/serial_motor_demo_msgs/include/serial_motor_demo_msgs/serial_motor_demo_msgs/msg/detail/encoder_vals__builder.hpp
[2.575s] -- Up-to-date: /home/ubuntu/denem/install/serial_motor_demo_msgs/include/serial_motor_demo_msgs/serial_motor_demo_msgs/msg/detail/encoder_vals__struct.hpp
[2.576s] -- Up-to-date: /home/ubuntu/denem/install/serial_motor_demo_msgs/include/serial_motor_demo_msgs/serial_motor_demo_msgs
[2.576s] -- Up-to-date: /home/ubuntu/denem/install/serial_motor_demo_msgs/include/serial_motor_demo_msgs/serial_motor_demo_msgs/msg
[2.576s] -- Up-to-date: /home/ubuntu/denem/install/serial_motor_demo_msgs/include/serial_motor_demo_msgs/serial_motor_demo_msgs/msg/rosidl_typesupport_fastrtps_cpp__visibility_control.h
[2.577s] -- Up-to-date: /home/ubuntu/denem/install/serial_motor_demo_msgs/include/serial_motor_demo_msgs/serial_motor_demo_msgs/msg/detail
[2.577s] -- Up-to-date: /home/ubuntu/denem/install/serial_motor_demo_msgs/include/serial_motor_demo_msgs/serial_motor_demo_msgs/msg/detail/motor_command__rosidl_typesupport_fastrtps_cpp.hpp
[2.578s] -- Up-to-date: /home/ubuntu/denem/install/serial_motor_demo_msgs/include/serial_motor_demo_msgs/serial_motor_demo_msgs/msg/detail/motor_vels__rosidl_typesupport_fastrtps_cpp.hpp
[2.578s] -- Up-to-date: /home/ubuntu/denem/install/serial_motor_demo_msgs/include/serial_motor_demo_msgs/serial_motor_demo_msgs/msg/detail/encoder_vals__rosidl_typesupport_fastrtps_cpp.hpp
[2.578s] -- Up-to-date: /home/ubuntu/denem/install/serial_motor_demo_msgs/include/serial_motor_demo_msgs/serial_motor_demo_msgs/msg/detail/dds_fastrtps
[2.579s] -- Up-to-date: /home/ubuntu/denem/install/serial_motor_demo_msgs/lib/libserial_motor_demo_msgs__rosidl_typesupport_fastrtps_cpp.so
[2.579s] -- Up-to-date: /home/ubuntu/denem/install/serial_motor_demo_msgs/include/serial_motor_demo_msgs/serial_motor_demo_msgs
[2.580s] -- Up-to-date: /home/ubuntu/denem/install/serial_motor_demo_msgs/include/serial_motor_demo_msgs/serial_motor_demo_msgs/msg
[2.580s] -- Up-to-date: /home/ubuntu/denem/install/serial_motor_demo_msgs/include/serial_motor_demo_msgs/serial_motor_demo_msgs/msg/detail
[2.581s] -- Up-to-date: /home/ubuntu/denem/install/serial_motor_demo_msgs/include/serial_motor_demo_msgs/serial_motor_demo_msgs/msg/detail/encoder_vals__rosidl_typesupport_introspection_cpp.hpp
[2.581s] -- Up-to-date: /home/ubuntu/denem/install/serial_motor_demo_msgs/include/serial_motor_demo_msgs/serial_motor_demo_msgs/msg/detail/motor_command__type_support.cpp
[2.581s] -- Up-to-date: /home/ubuntu/denem/install/serial_motor_demo_msgs/include/serial_motor_demo_msgs/serial_motor_demo_msgs/msg/detail/motor_command__rosidl_typesupport_introspection_cpp.hpp
[2.582s] -- Up-to-date: /home/ubuntu/denem/install/serial_motor_demo_msgs/include/serial_motor_demo_msgs/serial_motor_demo_msgs/msg/detail/motor_vels__type_support.cpp
[2.582s] -- Up-to-date: /home/ubuntu/denem/install/serial_motor_demo_msgs/include/serial_motor_demo_msgs/serial_motor_demo_msgs/msg/detail/encoder_vals__type_support.cpp
[2.582s] -- Up-to-date: /home/ubuntu/denem/install/serial_motor_demo_msgs/include/serial_motor_demo_msgs/serial_motor_demo_msgs/msg/detail/motor_vels__rosidl_typesupport_introspection_cpp.hpp
[2.583s] -- Up-to-date: /home/ubuntu/denem/install/serial_motor_demo_msgs/lib/libserial_motor_demo_msgs__rosidl_typesupport_introspection_cpp.so
[2.587s] -- Up-to-date: /home/ubuntu/denem/install/serial_motor_demo_msgs/lib/libserial_motor_demo_msgs__rosidl_typesupport_cpp.so
[2.588s] -- Up-to-date: /home/ubuntu/denem/install/serial_motor_demo_msgs/share/serial_motor_demo_msgs/environment/pythonpath.sh
[2.589s] -- Up-to-date: /home/ubuntu/denem/install/serial_motor_demo_msgs/share/serial_motor_demo_msgs/environment/pythonpath.dsv
[2.590s] -- Up-to-date: /home/ubuntu/denem/install/serial_motor_demo_msgs/local/lib/python3.10/dist-packages/serial_motor_demo_msgs-0.0.0-py3.10.egg-info
[2.591s] -- Installing: /home/ubuntu/denem/install/serial_motor_demo_msgs/local/lib/python3.10/dist-packages/serial_motor_demo_msgs-0.0.0-py3.10.egg-info/PKG-INFO
[2.592s] -- Installing: /home/ubuntu/denem/install/serial_motor_demo_msgs/local/lib/python3.10/dist-packages/serial_motor_demo_msgs-0.0.0-py3.10.egg-info/top_level.txt
[2.593s] -- Installing: /home/ubuntu/denem/install/serial_motor_demo_msgs/local/lib/python3.10/dist-packages/serial_motor_demo_msgs-0.0.0-py3.10.egg-info/dependency_links.txt
[2.595s] -- Installing: /home/ubuntu/denem/install/serial_motor_demo_msgs/local/lib/python3.10/dist-packages/serial_motor_demo_msgs-0.0.0-py3.10.egg-info/SOURCES.txt
[2.597s] -- Up-to-date: /home/ubuntu/denem/install/serial_motor_demo_msgs/local/lib/python3.10/dist-packages/serial_motor_demo_msgs
[2.598s] -- Up-to-date: /home/ubuntu/denem/install/serial_motor_demo_msgs/local/lib/python3.10/dist-packages/serial_motor_demo_msgs/_serial_motor_demo_msgs_s.ep.rosidl_typesupport_c.c
[2.599s] -- Up-to-date: /home/ubuntu/denem/install/serial_motor_demo_msgs/local/lib/python3.10/dist-packages/serial_motor_demo_msgs/msg
[2.600s] -- Up-to-date: /home/ubuntu/denem/install/serial_motor_demo_msgs/local/lib/python3.10/dist-packages/serial_motor_demo_msgs/msg/_encoder_vals.py
[2.600s] -- Up-to-date: /home/ubuntu/denem/install/serial_motor_demo_msgs/local/lib/python3.10/dist-packages/serial_motor_demo_msgs/msg/__init__.py
[2.601s] -- Up-to-date: /home/ubuntu/denem/install/serial_motor_demo_msgs/local/lib/python3.10/dist-packages/serial_motor_demo_msgs/msg/_motor_command.py
[2.601s] -- Up-to-date: /home/ubuntu/denem/install/serial_motor_demo_msgs/local/lib/python3.10/dist-packages/serial_motor_demo_msgs/msg/_motor_vels_s.c
[2.602s] -- Up-to-date: /home/ubuntu/denem/install/serial_motor_demo_msgs/local/lib/python3.10/dist-packages/serial_motor_demo_msgs/msg/_encoder_vals_s.c
[2.602s] -- Up-to-date: /home/ubuntu/denem/install/serial_motor_demo_msgs/local/lib/python3.10/dist-packages/serial_motor_demo_msgs/msg/_motor_vels.py
[2.603s] -- Up-to-date: /home/ubuntu/denem/install/serial_motor_demo_msgs/local/lib/python3.10/dist-packages/serial_motor_demo_msgs/msg/_motor_command_s.c
[2.603s] -- Up-to-date: /home/ubuntu/denem/install/serial_motor_demo_msgs/local/lib/python3.10/dist-packages/serial_motor_demo_msgs/_serial_motor_demo_msgs_s.ep.rosidl_typesupport_fastrtps_c.c
[2.604s] -- Up-to-date: /home/ubuntu/denem/install/serial_motor_demo_msgs/local/lib/python3.10/dist-packages/serial_motor_demo_msgs/_serial_motor_demo_msgs_s.ep.rosidl_typesupport_introspection_c.c
[2.604s] -- Up-to-date: /home/ubuntu/denem/install/serial_motor_demo_msgs/local/lib/python3.10/dist-packages/serial_motor_demo_msgs/serial_motor_demo_msgs_s__rosidl_typesupport_introspection_c.cpython-310-aarch64-linux-gnu.so
[2.604s] -- Up-to-date: /home/ubuntu/denem/install/serial_motor_demo_msgs/local/lib/python3.10/dist-packages/serial_motor_demo_msgs/serial_motor_demo_msgs_s__rosidl_typesupport_c.cpython-310-aarch64-linux-gnu.so
[2.604s] -- Up-to-date: /home/ubuntu/denem/install/serial_motor_demo_msgs/local/lib/python3.10/dist-packages/serial_motor_demo_msgs/__init__.py
[2.605s] -- Up-to-date: /home/ubuntu/denem/install/serial_motor_demo_msgs/local/lib/python3.10/dist-packages/serial_motor_demo_msgs/serial_motor_demo_msgs_s__rosidl_typesupport_fastrtps_c.cpython-310-aarch64-linux-gnu.so
[2.605s] -- Up-to-date: /home/ubuntu/denem/install/serial_motor_demo_msgs/local/lib/python3.10/dist-packages/serial_motor_demo_msgs/libserial_motor_demo_msgs__rosidl_generator_py.so
[2.776s] Listing '/home/ubuntu/denem/install/serial_motor_demo_msgs/local/lib/python3.10/dist-packages/serial_motor_demo_msgs'...
[2.778s] Listing '/home/ubuntu/denem/install/serial_motor_demo_msgs/local/lib/python3.10/dist-packages/serial_motor_demo_msgs/msg'...
[2.809s] -- Up-to-date: /home/ubuntu/denem/install/serial_motor_demo_msgs/local/lib/python3.10/dist-packages/serial_motor_demo_msgs/serial_motor_demo_msgs_s__rosidl_typesupport_fastrtps_c.cpython-310-aarch64-linux-gnu.so
[2.811s] -- Up-to-date: /home/ubuntu/denem/install/serial_motor_demo_msgs/local/lib/python3.10/dist-packages/serial_motor_demo_msgs/serial_motor_demo_msgs_s__rosidl_typesupport_introspection_c.cpython-310-aarch64-linux-gnu.so
[2.814s] -- Up-to-date: /home/ubuntu/denem/install/serial_motor_demo_msgs/local/lib/python3.10/dist-packages/serial_motor_demo_msgs/serial_motor_demo_msgs_s__rosidl_typesupport_c.cpython-310-aarch64-linux-gnu.so
[2.816s] -- Up-to-date: /home/ubuntu/denem/install/serial_motor_demo_msgs/lib/libserial_motor_demo_msgs__rosidl_generator_py.so
[2.818s] -- Up-to-date: /home/ubuntu/denem/install/serial_motor_demo_msgs/share/serial_motor_demo_msgs/msg/MotorCommand.idl
[2.819s] -- Up-to-date: /home/ubuntu/denem/install/serial_motor_demo_msgs/share/serial_motor_demo_msgs/msg/MotorVels.idl
[2.820s] -- Up-to-date: /home/ubuntu/denem/install/serial_motor_demo_msgs/share/serial_motor_demo_msgs/msg/EncoderVals.idl
[2.820s] -- Up-to-date: /home/ubuntu/denem/install/serial_motor_demo_msgs/share/serial_motor_demo_msgs/msg/MotorCommand.msg
[2.821s] -- Up-to-date: /home/ubuntu/denem/install/serial_motor_demo_msgs/share/serial_motor_demo_msgs/msg/MotorVels.msg
[2.822s] -- Up-to-date: /home/ubuntu/denem/install/serial_motor_demo_msgs/share/serial_motor_demo_msgs/msg/EncoderVals.msg
[2.822s] -- Up-to-date: /home/ubuntu/denem/install/serial_motor_demo_msgs/share/ament_index/resource_index/package_run_dependencies/serial_motor_demo_msgs
[2.823s] -- Up-to-date: /home/ubuntu/denem/install/serial_motor_demo_msgs/share/ament_index/resource_index/parent_prefix_path/serial_motor_demo_msgs
[2.824s] -- Up-to-date: /home/ubuntu/denem/install/serial_motor_demo_msgs/share/serial_motor_demo_msgs/environment/ament_prefix_path.sh
[2.824s] -- Up-to-date: /home/ubuntu/denem/install/serial_motor_demo_msgs/share/serial_motor_demo_msgs/environment/ament_prefix_path.dsv
[2.825s] -- Up-to-date: /home/ubuntu/denem/install/serial_motor_demo_msgs/share/serial_motor_demo_msgs/environment/path.sh
[2.825s] -- Up-to-date: /home/ubuntu/denem/install/serial_motor_demo_msgs/share/serial_motor_demo_msgs/environment/path.dsv
[2.826s] -- Up-to-date: /home/ubuntu/denem/install/serial_motor_demo_msgs/share/serial_motor_demo_msgs/local_setup.bash
[2.826s] -- Up-to-date: /home/ubuntu/denem/install/serial_motor_demo_msgs/share/serial_motor_demo_msgs/local_setup.sh
[2.827s] -- Up-to-date: /home/ubuntu/denem/install/serial_motor_demo_msgs/share/serial_motor_demo_msgs/local_setup.zsh
[2.827s] -- Up-to-date: /home/ubuntu/denem/install/serial_motor_demo_msgs/share/serial_motor_demo_msgs/local_setup.dsv
[2.827s] -- Installing: /home/ubuntu/denem/install/serial_motor_demo_msgs/share/serial_motor_demo_msgs/package.dsv
[2.828s] -- Up-to-date: /home/ubuntu/denem/install/serial_motor_demo_msgs/share/ament_index/resource_index/packages/serial_motor_demo_msgs
[2.829s] -- Up-to-date: /home/ubuntu/denem/install/serial_motor_demo_msgs/share/serial_motor_demo_msgs/cmake/export_serial_motor_demo_msgs__rosidl_generator_cExport.cmake
[2.829s] -- Up-to-date: /home/ubuntu/denem/install/serial_motor_demo_msgs/share/serial_motor_demo_msgs/cmake/export_serial_motor_demo_msgs__rosidl_generator_cExport-noconfig.cmake
[2.830s] -- Up-to-date: /home/ubuntu/denem/install/serial_motor_demo_msgs/share/serial_motor_demo_msgs/cmake/export_serial_motor_demo_msgs__rosidl_typesupport_fastrtps_cExport.cmake
[2.831s] -- Up-to-date: /home/ubuntu/denem/install/serial_motor_demo_msgs/share/serial_motor_demo_msgs/cmake/export_serial_motor_demo_msgs__rosidl_typesupport_fastrtps_cExport-noconfig.cmake
[2.832s] -- Up-to-date: /home/ubuntu/denem/install/serial_motor_demo_msgs/share/serial_motor_demo_msgs/cmake/serial_motor_demo_msgs__rosidl_typesupport_introspection_cExport.cmake
[2.833s] -- Up-to-date: /home/ubuntu/denem/install/serial_motor_demo_msgs/share/serial_motor_demo_msgs/cmake/serial_motor_demo_msgs__rosidl_typesupport_introspection_cExport-noconfig.cmake
[2.833s] -- Up-to-date: /home/ubuntu/denem/install/serial_motor_demo_msgs/share/serial_motor_demo_msgs/cmake/serial_motor_demo_msgs__rosidl_typesupport_cExport.cmake
[2.834s] -- Up-to-date: /home/ubuntu/denem/install/serial_motor_demo_msgs/share/serial_motor_demo_msgs/cmake/serial_motor_demo_msgs__rosidl_typesupport_cExport-noconfig.cmake
[2.835s] -- Up-to-date: /home/ubuntu/denem/install/serial_motor_demo_msgs/share/serial_motor_demo_msgs/cmake/export_serial_motor_demo_msgs__rosidl_generator_cppExport.cmake
[2.836s] -- Up-to-date: /home/ubuntu/denem/install/serial_motor_demo_msgs/share/serial_motor_demo_msgs/cmake/export_serial_motor_demo_msgs__rosidl_typesupport_fastrtps_cppExport.cmake
[2.836s] -- Up-to-date: /home/ubuntu/denem/install/serial_motor_demo_msgs/share/serial_motor_demo_msgs/cmake/export_serial_motor_demo_msgs__rosidl_typesupport_fastrtps_cppExport-noconfig.cmake
[2.837s] -- Up-to-date: /home/ubuntu/denem/install/serial_motor_demo_msgs/share/serial_motor_demo_msgs/cmake/serial_motor_demo_msgs__rosidl_typesupport_introspection_cppExport.cmake
[2.837s] -- Up-to-date: /home/ubuntu/denem/install/serial_motor_demo_msgs/share/serial_motor_demo_msgs/cmake/serial_motor_demo_msgs__rosidl_typesupport_introspection_cppExport-noconfig.cmake
[2.838s] -- Up-to-date: /home/ubuntu/denem/install/serial_motor_demo_msgs/share/serial_motor_demo_msgs/cmake/serial_motor_demo_msgs__rosidl_typesupport_cppExport.cmake
[2.839s] -- Up-to-date: /home/ubuntu/denem/install/serial_motor_demo_msgs/share/serial_motor_demo_msgs/cmake/serial_motor_demo_msgs__rosidl_typesupport_cppExport-noconfig.cmake
[2.840s] -- Up-to-date: /home/ubuntu/denem/install/serial_motor_demo_msgs/share/serial_motor_demo_msgs/cmake/export_serial_motor_demo_msgs__rosidl_generator_pyExport.cmake
[2.840s] -- Up-to-date: /home/ubuntu/denem/install/serial_motor_demo_msgs/share/serial_motor_demo_msgs/cmake/export_serial_motor_demo_msgs__rosidl_generator_pyExport-noconfig.cmake
[2.841s] -- Up-to-date: /home/ubuntu/denem/install/serial_motor_demo_msgs/share/serial_motor_demo_msgs/cmake/rosidl_cmake-extras.cmake
[2.841s] -- Up-to-date: /home/ubuntu/denem/install/serial_motor_demo_msgs/share/serial_motor_demo_msgs/cmake/ament_cmake_export_include_directories-extras.cmake
[2.841s] -- Up-to-date: /home/ubuntu/denem/install/serial_motor_demo_msgs/share/serial_motor_demo_msgs/cmake/ament_cmake_export_libraries-extras.cmake
[2.842s] -- Up-to-date: /home/ubuntu/denem/install/serial_motor_demo_msgs/share/serial_motor_demo_msgs/cmake/ament_cmake_export_targets-extras.cmake
[2.842s] -- Up-to-date: /home/ubuntu/denem/install/serial_motor_demo_msgs/share/serial_motor_demo_msgs/cmake/rosidl_cmake_export_typesupport_targets-extras.cmake
[2.843s] -- Up-to-date: /home/ubuntu/denem/install/serial_motor_demo_msgs/share/serial_motor_demo_msgs/cmake/ament_cmake_export_dependencies-extras.cmake
[2.843s] -- Up-to-date: /home/ubuntu/denem/install/serial_motor_demo_msgs/share/serial_motor_demo_msgs/cmake/rosidl_cmake_export_typesupport_libraries-extras.cmake
[2.844s] -- Up-to-date: /home/ubuntu/denem/install/serial_motor_demo_msgs/share/serial_motor_demo_msgs/cmake/serial_motor_demo_msgsConfig.cmake
[2.844s] -- Up-to-date: /home/ubuntu/denem/install/serial_motor_demo_msgs/share/serial_motor_demo_msgs/cmake/serial_motor_demo_msgsConfig-version.cmake
[2.845s] -- Up-to-date: /home/ubuntu/denem/install/serial_motor_demo_msgs/share/serial_motor_demo_msgs/package.xml
[2.854s] Invoked command in '/home/ubuntu/denem/build/serial_motor_demo_msgs' returned '0': CMAKE_PREFIX_PATH=${CMAKE_PREFIX_PATH}:/home/ubuntu/denem/install/serial_motor_demo:/opt/ros/humble /usr/bin/cmake --install /home/ubuntu/denem/build/serial_motor_demo_msgs
