[0.140s] Invoking command in '/home/ubuntu/denem/build/ros2_mpu6050': CMAKE_PREFIX_PATH=${CMAKE_PREFIX_PATH}:/home/ubuntu/denem/install/serial_motor_demo:/opt/ros/humble /usr/bin/cmake --build /home/ubuntu/denem/build/ros2_mpu6050 -- -j4 -l4
[0.654s] [ 50%] Built target ros2_mpu6050_calibrate
[0.718s] [100%] Built target ros2_mpu6050
[0.818s] Invoked command in '/home/ubuntu/denem/build/ros2_mpu6050' returned '0': CMAKE_PREFIX_PATH=${CMAKE_PREFIX_PATH}:/home/ubuntu/denem/install/serial_motor_demo:/opt/ros/humble /usr/bin/cmake --build /home/ubuntu/denem/build/ros2_mpu6050 -- -j4 -l4
[0.832s] Invoking command in '/home/ubuntu/denem/build/ros2_mpu6050': CMAKE_PREFIX_PATH=${CMAKE_PREFIX_PATH}:/home/ubuntu/denem/install/serial_motor_demo:/opt/ros/humble /usr/bin/cmake --install /home/ubuntu/denem/build/ros2_mpu6050
[0.869s] -- Install configuration: ""
[0.874s] -- Execute custom install script
[0.875s] -- Up-to-date symlink: /home/ubuntu/denem/install/ros2_mpu6050/include/include/ros2_mpu6050/mpu6050.h
[0.876s] -- Up-to-date symlink: /home/ubuntu/denem/install/ros2_mpu6050/include/include/ros2_mpu6050/mpu6050_hal.h
[0.876s] -- Up-to-date symlink: /home/ubuntu/denem/install/ros2_mpu6050/include/include/ros2_mpu6050/mpu6050_node.h
[0.877s] -- Up-to-date symlink: /home/ubuntu/denem/install/ros2_mpu6050/lib/ros2_mpu6050/ros2_mpu6050
[0.877s] -- Up-to-date symlink: /home/ubuntu/denem/install/ros2_mpu6050/lib/ros2_mpu6050/ros2_mpu6050_calibrate
[0.878s] -- Up-to-date symlink: /home/ubuntu/denem/install/ros2_mpu6050/share/ros2_mpu6050/config/params.yaml
[0.878s] -- Up-to-date symlink: /home/ubuntu/denem/install/ros2_mpu6050/share/ros2_mpu6050/launch/ros2_mpu6050.launch.py
[0.880s] -- Up-to-date symlink: /home/ubuntu/denem/install/ros2_mpu6050/share/ament_index/resource_index/package_run_dependencies/ros2_mpu6050
[0.881s] -- Up-to-date symlink: /home/ubuntu/denem/install/ros2_mpu6050/share/ament_index/resource_index/parent_prefix_path/ros2_mpu6050
[0.882s] -- Up-to-date symlink: /home/ubuntu/denem/install/ros2_mpu6050/share/ros2_mpu6050/environment/ament_prefix_path.sh
[0.883s] -- Up-to-date symlink: /home/ubuntu/denem/install/ros2_mpu6050/share/ros2_mpu6050/environment/ament_prefix_path.dsv
[0.886s] -- Up-to-date symlink: /home/ubuntu/denem/install/ros2_mpu6050/share/ros2_mpu6050/environment/path.sh
[0.889s] -- Up-to-date symlink: /home/ubuntu/denem/install/ros2_mpu6050/share/ros2_mpu6050/environment/path.dsv
[0.892s] -- Up-to-date symlink: /home/ubuntu/denem/install/ros2_mpu6050/share/ros2_mpu6050/local_setup.bash
[0.895s] -- Up-to-date symlink: /home/ubuntu/denem/install/ros2_mpu6050/share/ros2_mpu6050/local_setup.sh
[0.898s] -- Up-to-date symlink: /home/ubuntu/denem/install/ros2_mpu6050/share/ros2_mpu6050/local_setup.zsh
[0.900s] -- Up-to-date symlink: /home/ubuntu/denem/install/ros2_mpu6050/share/ros2_mpu6050/local_setup.dsv
[0.902s] -- Symlinking: /home/ubuntu/denem/install/ros2_mpu6050/share/ros2_mpu6050/package.dsv
[0.930s] -- Up-to-date symlink: /home/ubuntu/denem/install/ros2_mpu6050/share/ament_index/resource_index/packages/ros2_mpu6050
[0.932s] -- Up-to-date symlink: /home/ubuntu/denem/install/ros2_mpu6050/share/ros2_mpu6050/cmake/ros2_mpu6050Config.cmake
[0.932s] -- Up-to-date symlink: /home/ubuntu/denem/install/ros2_mpu6050/share/ros2_mpu6050/cmake/ros2_mpu6050Config-version.cmake
[0.933s] -- Up-to-date symlink: /home/ubuntu/denem/install/ros2_mpu6050/share/ros2_mpu6050/package.xml
[0.941s] Invoked command in '/home/ubuntu/denem/build/ros2_mpu6050' returned '0': CMAKE_PREFIX_PATH=${CMAKE_PREFIX_PATH}:/home/ubuntu/denem/install/serial_motor_demo:/opt/ros/humble /usr/bin/cmake --install /home/ubuntu/denem/build/ros2_mpu6050
