[0.573s] DEBUG:colcon:Command line arguments: ['/usr/bin/colcon', 'build']
[0.573s] DEBUG:colcon:Parsed command line arguments: Namespace(log_base=None, log_level=None, verb_name='build', build_base='build', install_base='install', merge_install=False, symlink_install=False, test_result_base=None, continue_on_error=False, executor='parallel', parallel_workers=4, event_handlers=None, ignore_user_meta=False, metas=['./colcon.meta'], base_paths=['.'], packages_ignore=None, packages_ignore_regex=None, paths=None, packages_up_to=None, packages_up_to_regex=None, packages_above=None, packages_above_and_dependencies=None, packages_above_depth=None, packages_select_by_dep=None, packages_skip_by_dep=None, packages_skip_up_to=None, packages_select_build_failed=False, packages_skip_build_finished=False, packages_select_test_failures=False, packages_skip_test_passed=False, packages_select=None, packages_skip=None, packages_select_regex=None, packages_skip_regex=None, packages_start=None, packages_end=None, allow_overriding=[], cmake_args=None, cmake_target=None, cmake_target_skip_unavailable=False, cmake_clean_cache=False, cmake_clean_first=False, cmake_force_configure=False, ament_cmake_args=None, catkin_cmake_args=None, catkin_skip_building_tests=False, mixin_files=None, mixin=None, verb_parser=<colcon_mixin.mixin.mixin_argument.MixinArgumentDecorator object at 0xffffb9f077c0>, verb_extension=<colcon_core.verb.build.BuildVerb object at 0xffffba1d8a90>, main=<bound method BuildVerb.main of <colcon_core.verb.build.BuildVerb object at 0xffffba1d8a90>>, mixin_verb=('build',))
[1.590s] Level 1:colcon.colcon_core.package_discovery:discover_packages(colcon_meta) check parameters
[1.591s] Level 1:colcon.colcon_core.package_discovery:discover_packages(recursive) check parameters
[1.591s] Level 1:colcon.colcon_core.package_discovery:discover_packages(ignore) check parameters
[1.591s] Level 1:colcon.colcon_core.package_discovery:discover_packages(path) check parameters
[1.591s] Level 1:colcon.colcon_core.package_discovery:discover_packages(colcon_meta) discover
[1.591s] Level 1:colcon.colcon_core.package_discovery:discover_packages(recursive) discover
[1.591s] INFO:colcon.colcon_core.package_discovery:Crawling recursively for packages in '/home/ubuntu/denem'
[1.592s] Level 1:colcon.colcon_core.package_identification:_identify(.) by extensions ['ignore', 'ignore_ament_install']
[1.592s] Level 1:colcon.colcon_core.package_identification:_identify(.) by extension 'ignore'
[1.592s] Level 1:colcon.colcon_core.package_identification:_identify(.) by extension 'ignore_ament_install'
[1.593s] Level 1:colcon.colcon_core.package_identification:_identify(.) by extensions ['colcon_pkg']
[1.593s] Level 1:colcon.colcon_core.package_identification:_identify(.) by extension 'colcon_pkg'
[1.593s] Level 1:colcon.colcon_core.package_identification:_identify(.) by extensions ['colcon_meta']
[1.593s] Level 1:colcon.colcon_core.package_identification:_identify(.) by extension 'colcon_meta'
[1.593s] Level 1:colcon.colcon_core.package_identification:_identify(.) by extensions ['ros']
[1.593s] Level 1:colcon.colcon_core.package_identification:_identify(.) by extension 'ros'
[1.638s] Level 1:colcon.colcon_core.package_identification:_identify(.) by extensions ['cmake', 'python']
[1.638s] Level 1:colcon.colcon_core.package_identification:_identify(.) by extension 'cmake'
[1.638s] Level 1:colcon.colcon_core.package_identification:_identify(.) by extension 'python'
[1.638s] Level 1:colcon.colcon_core.package_identification:_identify(.) by extensions ['python_setup_py']
[1.639s] Level 1:colcon.colcon_core.package_identification:_identify(.) by extension 'python_setup_py'
[1.639s] Level 1:colcon.colcon_core.package_identification:_identify(build) by extensions ['ignore', 'ignore_ament_install']
[1.639s] Level 1:colcon.colcon_core.package_identification:_identify(build) by extension 'ignore'
[1.640s] Level 1:colcon.colcon_core.package_identification:_identify(build) ignored
[1.640s] Level 1:colcon.colcon_core.package_identification:_identify(diffdrive_arduino) by extensions ['ignore', 'ignore_ament_install']
[1.640s] Level 1:colcon.colcon_core.package_identification:_identify(diffdrive_arduino) by extension 'ignore'
[1.641s] Level 1:colcon.colcon_core.package_identification:_identify(diffdrive_arduino) by extension 'ignore_ament_install'
[1.641s] Level 1:colcon.colcon_core.package_identification:_identify(diffdrive_arduino) by extensions ['colcon_pkg']
[1.641s] Level 1:colcon.colcon_core.package_identification:_identify(diffdrive_arduino) by extension 'colcon_pkg'
[1.641s] Level 1:colcon.colcon_core.package_identification:_identify(diffdrive_arduino) by extensions ['colcon_meta']
[1.641s] Level 1:colcon.colcon_core.package_identification:_identify(diffdrive_arduino) by extension 'colcon_meta'
[1.642s] Level 1:colcon.colcon_core.package_identification:_identify(diffdrive_arduino) by extensions ['ros']
[1.642s] Level 1:colcon.colcon_core.package_identification:_identify(diffdrive_arduino) by extension 'ros'
[1.655s] DEBUG:colcon.colcon_core.package_identification:Package 'diffdrive_arduino' with type 'ros.ament_cmake' and name 'diffdrive_arduino'
[1.655s] Level 1:colcon.colcon_core.package_identification:_identify(imu) by extensions ['ignore', 'ignore_ament_install']
[1.656s] Level 1:colcon.colcon_core.package_identification:_identify(imu) by extension 'ignore'
[1.656s] Level 1:colcon.colcon_core.package_identification:_identify(imu) by extension 'ignore_ament_install'
[1.656s] Level 1:colcon.colcon_core.package_identification:_identify(imu) by extensions ['colcon_pkg']
[1.656s] Level 1:colcon.colcon_core.package_identification:_identify(imu) by extension 'colcon_pkg'
[1.657s] Level 1:colcon.colcon_core.package_identification:_identify(imu) by extensions ['colcon_meta']
[1.657s] Level 1:colcon.colcon_core.package_identification:_identify(imu) by extension 'colcon_meta'
[1.657s] Level 1:colcon.colcon_core.package_identification:_identify(imu) by extensions ['ros']
[1.657s] Level 1:colcon.colcon_core.package_identification:_identify(imu) by extension 'ros'
[1.659s] DEBUG:colcon.colcon_core.package_identification:Package 'imu' with type 'ros.ament_cmake' and name 'ros2_mpu6050'
[1.660s] Level 1:colcon.colcon_core.package_identification:_identify(install) by extensions ['ignore', 'ignore_ament_install']
[1.660s] Level 1:colcon.colcon_core.package_identification:_identify(install) by extension 'ignore'
[1.660s] Level 1:colcon.colcon_core.package_identification:_identify(install) ignored
[1.661s] Level 1:colcon.colcon_core.package_identification:_identify(log) by extensions ['ignore', 'ignore_ament_install']
[1.661s] Level 1:colcon.colcon_core.package_identification:_identify(log) by extension 'ignore'
[1.661s] Level 1:colcon.colcon_core.package_identification:_identify(log) ignored
[1.661s] Level 1:colcon.colcon_core.package_discovery:discover_packages(recursive) using defaults
[1.662s] Level 1:colcon.colcon_core.package_discovery:discover_packages(ignore) discover
[1.662s] Level 1:colcon.colcon_core.package_discovery:discover_packages(ignore) using defaults
[1.662s] Level 1:colcon.colcon_core.package_discovery:discover_packages(path) discover
[1.662s] Level 1:colcon.colcon_core.package_discovery:discover_packages(path) using defaults
[1.740s] Level 1:colcon.colcon_core.package_discovery:discover_packages(prefix_path) check parameters
[1.740s] Level 1:colcon.colcon_core.package_discovery:discover_packages(prefix_path) discover
[1.744s] WARNING:colcon.colcon_ros.prefix_path.ament:The path '/home/ubuntu/denem/install/serial_motor_demo' in the environment variable AMENT_PREFIX_PATH doesn't exist
[1.744s] WARNING:colcon.colcon_ros.prefix_path.ament:The path '/home/ubuntu/denem/install/serial_motor_demo_msgs' in the environment variable AMENT_PREFIX_PATH doesn't exist
[1.747s] WARNING:colcon.colcon_ros.prefix_path.catkin:The path '/home/ubuntu/denem/install/serial_motor_demo_msgs' in the environment variable CMAKE_PREFIX_PATH doesn't exist
[1.752s] DEBUG:colcon.colcon_installed_package_information.package_discovery:Found 2 installed packages in /home/ubuntu/denem/install
[1.755s] DEBUG:colcon.colcon_installed_package_information.package_discovery:Found 5 installed packages in /home/ubuntu/vizanti/install
[1.757s] DEBUG:colcon.colcon_installed_package_information.package_discovery:Found 3 installed packages in /home/ubuntu/ros2_ws/install
[1.770s] DEBUG:colcon.colcon_installed_package_information.package_discovery:Found 401 installed packages in /opt/ros/humble
[1.779s] Level 1:colcon.colcon_core.package_discovery:discover_packages(prefix_path) using defaults
[2.014s] Level 5:colcon.colcon_core.verb:set package 'diffdrive_arduino' build argument 'cmake_args' from command line to 'None'
[2.014s] Level 5:colcon.colcon_core.verb:set package 'diffdrive_arduino' build argument 'cmake_target' from command line to 'None'
[2.014s] Level 5:colcon.colcon_core.verb:set package 'diffdrive_arduino' build argument 'cmake_target_skip_unavailable' from command line to 'False'
[2.014s] Level 5:colcon.colcon_core.verb:set package 'diffdrive_arduino' build argument 'cmake_clean_cache' from command line to 'False'
[2.014s] Level 5:colcon.colcon_core.verb:set package 'diffdrive_arduino' build argument 'cmake_clean_first' from command line to 'False'
[2.014s] Level 5:colcon.colcon_core.verb:set package 'diffdrive_arduino' build argument 'cmake_force_configure' from command line to 'False'
[2.014s] Level 5:colcon.colcon_core.verb:set package 'diffdrive_arduino' build argument 'ament_cmake_args' from command line to 'None'
[2.014s] Level 5:colcon.colcon_core.verb:set package 'diffdrive_arduino' build argument 'catkin_cmake_args' from command line to 'None'
[2.015s] Level 5:colcon.colcon_core.verb:set package 'diffdrive_arduino' build argument 'catkin_skip_building_tests' from command line to 'False'
[2.015s] DEBUG:colcon.colcon_core.verb:Building package 'diffdrive_arduino' with the following arguments: {'ament_cmake_args': None, 'build_base': '/home/ubuntu/denem/build/diffdrive_arduino', 'catkin_cmake_args': None, 'catkin_skip_building_tests': False, 'cmake_args': None, 'cmake_clean_cache': False, 'cmake_clean_first': False, 'cmake_force_configure': False, 'cmake_target': None, 'cmake_target_skip_unavailable': False, 'install_base': '/home/ubuntu/denem/install/diffdrive_arduino', 'merge_install': False, 'path': '/home/ubuntu/denem/diffdrive_arduino', 'symlink_install': False, 'test_result_base': None}
[2.016s] Level 5:colcon.colcon_core.verb:set package 'ros2_mpu6050' build argument 'cmake_args' from command line to 'None'
[2.016s] Level 5:colcon.colcon_core.verb:set package 'ros2_mpu6050' build argument 'cmake_target' from command line to 'None'
[2.016s] Level 5:colcon.colcon_core.verb:set package 'ros2_mpu6050' build argument 'cmake_target_skip_unavailable' from command line to 'False'
[2.016s] Level 5:colcon.colcon_core.verb:set package 'ros2_mpu6050' build argument 'cmake_clean_cache' from command line to 'False'
[2.017s] Level 5:colcon.colcon_core.verb:set package 'ros2_mpu6050' build argument 'cmake_clean_first' from command line to 'False'
[2.017s] Level 5:colcon.colcon_core.verb:set package 'ros2_mpu6050' build argument 'cmake_force_configure' from command line to 'False'
[2.017s] Level 5:colcon.colcon_core.verb:set package 'ros2_mpu6050' build argument 'ament_cmake_args' from command line to 'None'
[2.017s] Level 5:colcon.colcon_core.verb:set package 'ros2_mpu6050' build argument 'catkin_cmake_args' from command line to 'None'
[2.017s] Level 5:colcon.colcon_core.verb:set package 'ros2_mpu6050' build argument 'catkin_skip_building_tests' from command line to 'False'
[2.017s] DEBUG:colcon.colcon_core.verb:Building package 'ros2_mpu6050' with the following arguments: {'ament_cmake_args': None, 'build_base': '/home/ubuntu/denem/build/ros2_mpu6050', 'catkin_cmake_args': None, 'catkin_skip_building_tests': False, 'cmake_args': None, 'cmake_clean_cache': False, 'cmake_clean_first': False, 'cmake_force_configure': False, 'cmake_target': None, 'cmake_target_skip_unavailable': False, 'install_base': '/home/ubuntu/denem/install/ros2_mpu6050', 'merge_install': False, 'path': '/home/ubuntu/denem/imu', 'symlink_install': False, 'test_result_base': None}
[2.018s] INFO:colcon.colcon_core.executor:Executing jobs using 'parallel' executor
[2.021s] DEBUG:colcon.colcon_parallel_executor.executor.parallel:run_until_complete
[2.022s] INFO:colcon.colcon_ros.task.ament_cmake.build:Building ROS package in '/home/ubuntu/denem/diffdrive_arduino' with build type 'ament_cmake'
[2.023s] INFO:colcon.colcon_cmake.task.cmake.build:Building CMake package in '/home/ubuntu/denem/diffdrive_arduino'
[2.032s] INFO:colcon.colcon_core.plugin_system:Skipping extension 'colcon_core.shell.bat': Not used on non-Windows systems
[2.032s] INFO:colcon.colcon_core.shell:Skip shell extension 'powershell' for command environment: Not usable outside of PowerShell
[2.033s] DEBUG:colcon.colcon_core.shell:Skip shell extension 'dsv' for command environment
[2.064s] INFO:colcon.colcon_ros.task.ament_cmake.build:Building ROS package in '/home/ubuntu/denem/imu' with build type 'ament_cmake'
[2.064s] INFO:colcon.colcon_cmake.task.cmake.build:Building CMake package in '/home/ubuntu/denem/imu'
[2.065s] INFO:colcon.colcon_core.shell:Skip shell extension 'powershell' for command environment: Not usable outside of PowerShell
[2.066s] DEBUG:colcon.colcon_core.shell:Skip shell extension 'dsv' for command environment
[2.112s] DEBUG:colcon.colcon_core.event_handler.log_command:Invoking command in '/home/ubuntu/denem/build/diffdrive_arduino': CMAKE_PREFIX_PATH=${CMAKE_PREFIX_PATH}:/home/ubuntu/denem/install/serial_motor_demo:/opt/ros/humble /usr/bin/cmake --build /home/ubuntu/denem/build/diffdrive_arduino -- -j4 -l4
[2.142s] DEBUG:colcon.colcon_core.event_handler.log_command:Invoking command in '/home/ubuntu/denem/build/ros2_mpu6050': CMAKE_PREFIX_PATH=${CMAKE_PREFIX_PATH}:/home/ubuntu/denem/install/serial_motor_demo:/opt/ros/humble /usr/bin/cmake --build /home/ubuntu/denem/build/ros2_mpu6050 -- -j4 -l4
[2.442s] DEBUG:colcon.colcon_core.event_handler.log_command:Invoked command in '/home/ubuntu/denem/build/diffdrive_arduino' returned '0': CMAKE_PREFIX_PATH=${CMAKE_PREFIX_PATH}:/home/ubuntu/denem/install/serial_motor_demo:/opt/ros/humble /usr/bin/cmake --build /home/ubuntu/denem/build/diffdrive_arduino -- -j4 -l4
[2.488s] DEBUG:colcon.colcon_core.event_handler.log_command:Invoking command in '/home/ubuntu/denem/build/diffdrive_arduino': CMAKE_PREFIX_PATH=${CMAKE_PREFIX_PATH}:/home/ubuntu/denem/install/serial_motor_demo:/opt/ros/humble /usr/bin/cmake --install /home/ubuntu/denem/build/diffdrive_arduino
[2.582s] DEBUG:colcon.colcon_core.event_handler.log_command:Invoked command in '/home/ubuntu/denem/build/ros2_mpu6050' returned '0': CMAKE_PREFIX_PATH=${CMAKE_PREFIX_PATH}:/home/ubuntu/denem/install/serial_motor_demo:/opt/ros/humble /usr/bin/cmake --build /home/ubuntu/denem/build/ros2_mpu6050 -- -j4 -l4
[2.588s] DEBUG:colcon.colcon_core.event_handler.log_command:Invoking command in '/home/ubuntu/denem/build/ros2_mpu6050': CMAKE_PREFIX_PATH=${CMAKE_PREFIX_PATH}:/home/ubuntu/denem/install/serial_motor_demo:/opt/ros/humble /usr/bin/cmake --install /home/ubuntu/denem/build/ros2_mpu6050
[2.600s] Level 1:colcon.colcon_core.environment:create_environment_scripts_only(diffdrive_arduino)
[2.626s] Level 1:colcon.colcon_core.environment:checking '/home/ubuntu/denem/install/diffdrive_arduino' for CMake module files
[2.638s] DEBUG:colcon.colcon_core.event_handler.log_command:Invoked command in '/home/ubuntu/denem/build/diffdrive_arduino' returned '0': CMAKE_PREFIX_PATH=${CMAKE_PREFIX_PATH}:/home/ubuntu/denem/install/serial_motor_demo:/opt/ros/humble /usr/bin/cmake --install /home/ubuntu/denem/build/diffdrive_arduino
[2.642s] Level 1:colcon.colcon_core.environment:checking '/home/ubuntu/denem/install/diffdrive_arduino' for CMake config files
[2.657s] Level 1:colcon.colcon_core.shell:create_environment_hook('diffdrive_arduino', 'cmake_prefix_path')
[2.658s] INFO:colcon.colcon_core.shell:Creating environment hook '/home/ubuntu/denem/install/diffdrive_arduino/share/diffdrive_arduino/hook/cmake_prefix_path.ps1'
[2.661s] INFO:colcon.colcon_core.shell:Creating environment descriptor '/home/ubuntu/denem/install/diffdrive_arduino/share/diffdrive_arduino/hook/cmake_prefix_path.dsv'
[2.664s] INFO:colcon.colcon_core.shell:Creating environment hook '/home/ubuntu/denem/install/diffdrive_arduino/share/diffdrive_arduino/hook/cmake_prefix_path.sh'
[2.669s] Level 1:colcon.colcon_core.environment:checking '/home/ubuntu/denem/install/diffdrive_arduino/lib'
[2.670s] Level 1:colcon.colcon_core.shell:create_environment_hook('diffdrive_arduino', 'ld_library_path_lib')
[2.672s] INFO:colcon.colcon_core.shell:Creating environment hook '/home/ubuntu/denem/install/diffdrive_arduino/share/diffdrive_arduino/hook/ld_library_path_lib.ps1'
[2.674s] INFO:colcon.colcon_core.shell:Creating environment descriptor '/home/ubuntu/denem/install/diffdrive_arduino/share/diffdrive_arduino/hook/ld_library_path_lib.dsv'
[2.676s] INFO:colcon.colcon_core.shell:Creating environment hook '/home/ubuntu/denem/install/diffdrive_arduino/share/diffdrive_arduino/hook/ld_library_path_lib.sh'
[2.679s] Level 1:colcon.colcon_core.environment:checking '/home/ubuntu/denem/install/diffdrive_arduino/bin'
[2.679s] Level 1:colcon.colcon_core.environment:checking '/home/ubuntu/denem/install/diffdrive_arduino/lib/pkgconfig/diffdrive_arduino.pc'
[2.681s] Level 1:colcon.colcon_core.environment:checking '/home/ubuntu/denem/install/diffdrive_arduino/lib/python3.10/site-packages'
[2.682s] Level 1:colcon.colcon_core.environment:checking '/home/ubuntu/denem/install/diffdrive_arduino/bin'
[2.684s] INFO:colcon.colcon_core.shell:Creating package script '/home/ubuntu/denem/install/diffdrive_arduino/share/diffdrive_arduino/package.ps1'
[2.688s] INFO:colcon.colcon_core.shell:Creating package descriptor '/home/ubuntu/denem/install/diffdrive_arduino/share/diffdrive_arduino/package.dsv'
[2.691s] INFO:colcon.colcon_core.shell:Creating package script '/home/ubuntu/denem/install/diffdrive_arduino/share/diffdrive_arduino/package.sh'
[2.696s] INFO:colcon.colcon_core.shell:Creating package script '/home/ubuntu/denem/install/diffdrive_arduino/share/diffdrive_arduino/package.bash'
[2.700s] INFO:colcon.colcon_core.shell:Creating package script '/home/ubuntu/denem/install/diffdrive_arduino/share/diffdrive_arduino/package.zsh'
[2.703s] Level 1:colcon.colcon_core.environment:create_file_with_runtime_dependencies(/home/ubuntu/denem/install/diffdrive_arduino/share/colcon-core/packages/diffdrive_arduino)
[2.706s] Level 1:colcon.colcon_core.environment:create_environment_scripts_only(diffdrive_arduino)
[2.707s] Level 1:colcon.colcon_core.environment:checking '/home/ubuntu/denem/install/diffdrive_arduino' for CMake module files
[2.710s] Level 1:colcon.colcon_core.environment:checking '/home/ubuntu/denem/install/diffdrive_arduino' for CMake config files
[2.715s] Level 1:colcon.colcon_core.shell:create_environment_hook('diffdrive_arduino', 'cmake_prefix_path')
[2.716s] INFO:colcon.colcon_core.shell:Creating environment hook '/home/ubuntu/denem/install/diffdrive_arduino/share/diffdrive_arduino/hook/cmake_prefix_path.ps1'
[2.719s] INFO:colcon.colcon_core.shell:Creating environment descriptor '/home/ubuntu/denem/install/diffdrive_arduino/share/diffdrive_arduino/hook/cmake_prefix_path.dsv'
[2.720s] INFO:colcon.colcon_core.shell:Creating environment hook '/home/ubuntu/denem/install/diffdrive_arduino/share/diffdrive_arduino/hook/cmake_prefix_path.sh'
[2.723s] Level 1:colcon.colcon_core.environment:checking '/home/ubuntu/denem/install/diffdrive_arduino/lib'
[2.723s] Level 1:colcon.colcon_core.shell:create_environment_hook('diffdrive_arduino', 'ld_library_path_lib')
[2.724s] INFO:colcon.colcon_core.shell:Creating environment hook '/home/ubuntu/denem/install/diffdrive_arduino/share/diffdrive_arduino/hook/ld_library_path_lib.ps1'
[2.727s] INFO:colcon.colcon_core.shell:Creating environment descriptor '/home/ubuntu/denem/install/diffdrive_arduino/share/diffdrive_arduino/hook/ld_library_path_lib.dsv'
[2.729s] INFO:colcon.colcon_core.shell:Creating environment hook '/home/ubuntu/denem/install/diffdrive_arduino/share/diffdrive_arduino/hook/ld_library_path_lib.sh'
[2.731s] Level 1:colcon.colcon_core.environment:checking '/home/ubuntu/denem/install/diffdrive_arduino/bin'
[2.732s] Level 1:colcon.colcon_core.environment:checking '/home/ubuntu/denem/install/diffdrive_arduino/lib/pkgconfig/diffdrive_arduino.pc'
[2.733s] Level 1:colcon.colcon_core.environment:checking '/home/ubuntu/denem/install/diffdrive_arduino/lib/python3.10/site-packages'
[2.734s] Level 1:colcon.colcon_core.environment:checking '/home/ubuntu/denem/install/diffdrive_arduino/bin'
[2.735s] INFO:colcon.colcon_core.shell:Creating package script '/home/ubuntu/denem/install/diffdrive_arduino/share/diffdrive_arduino/package.ps1'
[2.738s] INFO:colcon.colcon_core.shell:Creating package descriptor '/home/ubuntu/denem/install/diffdrive_arduino/share/diffdrive_arduino/package.dsv'
[2.740s] INFO:colcon.colcon_core.shell:Creating package script '/home/ubuntu/denem/install/diffdrive_arduino/share/diffdrive_arduino/package.sh'
[2.742s] INFO:colcon.colcon_core.shell:Creating package script '/home/ubuntu/denem/install/diffdrive_arduino/share/diffdrive_arduino/package.bash'
[2.744s] INFO:colcon.colcon_core.shell:Creating package script '/home/ubuntu/denem/install/diffdrive_arduino/share/diffdrive_arduino/package.zsh'
[2.747s] Level 1:colcon.colcon_core.environment:create_file_with_runtime_dependencies(/home/ubuntu/denem/install/diffdrive_arduino/share/colcon-core/packages/diffdrive_arduino)
[2.750s] Level 1:colcon.colcon_core.environment:create_environment_scripts_only(ros2_mpu6050)
[2.751s] Level 1:colcon.colcon_core.environment:checking '/home/ubuntu/denem/install/ros2_mpu6050' for CMake module files
[2.754s] DEBUG:colcon.colcon_core.event_handler.log_command:Invoked command in '/home/ubuntu/denem/build/ros2_mpu6050' returned '0': CMAKE_PREFIX_PATH=${CMAKE_PREFIX_PATH}:/home/ubuntu/denem/install/serial_motor_demo:/opt/ros/humble /usr/bin/cmake --install /home/ubuntu/denem/build/ros2_mpu6050
[2.756s] Level 1:colcon.colcon_core.environment:checking '/home/ubuntu/denem/install/ros2_mpu6050' for CMake config files
[2.758s] Level 1:colcon.colcon_core.shell:create_environment_hook('ros2_mpu6050', 'cmake_prefix_path')
[2.759s] INFO:colcon.colcon_core.shell:Creating environment hook '/home/ubuntu/denem/install/ros2_mpu6050/share/ros2_mpu6050/hook/cmake_prefix_path.ps1'
[2.761s] INFO:colcon.colcon_core.shell:Creating environment descriptor '/home/ubuntu/denem/install/ros2_mpu6050/share/ros2_mpu6050/hook/cmake_prefix_path.dsv'
[2.763s] INFO:colcon.colcon_core.shell:Creating environment hook '/home/ubuntu/denem/install/ros2_mpu6050/share/ros2_mpu6050/hook/cmake_prefix_path.sh'
[2.766s] Level 1:colcon.colcon_core.environment:checking '/home/ubuntu/denem/install/ros2_mpu6050/lib'
[2.766s] Level 1:colcon.colcon_core.environment:checking '/home/ubuntu/denem/install/ros2_mpu6050/bin'
[2.766s] Level 1:colcon.colcon_core.environment:checking '/home/ubuntu/denem/install/ros2_mpu6050/lib/pkgconfig/ros2_mpu6050.pc'
[2.767s] Level 1:colcon.colcon_core.environment:checking '/home/ubuntu/denem/install/ros2_mpu6050/lib/python3.10/site-packages'
[2.768s] Level 1:colcon.colcon_core.environment:checking '/home/ubuntu/denem/install/ros2_mpu6050/bin'
[2.769s] INFO:colcon.colcon_core.shell:Creating package script '/home/ubuntu/denem/install/ros2_mpu6050/share/ros2_mpu6050/package.ps1'
[2.772s] INFO:colcon.colcon_core.shell:Creating package descriptor '/home/ubuntu/denem/install/ros2_mpu6050/share/ros2_mpu6050/package.dsv'
[2.774s] INFO:colcon.colcon_core.shell:Creating package script '/home/ubuntu/denem/install/ros2_mpu6050/share/ros2_mpu6050/package.sh'
[2.776s] INFO:colcon.colcon_core.shell:Creating package script '/home/ubuntu/denem/install/ros2_mpu6050/share/ros2_mpu6050/package.bash'
[2.778s] INFO:colcon.colcon_core.shell:Creating package script '/home/ubuntu/denem/install/ros2_mpu6050/share/ros2_mpu6050/package.zsh'
[2.780s] Level 1:colcon.colcon_core.environment:create_file_with_runtime_dependencies(/home/ubuntu/denem/install/ros2_mpu6050/share/colcon-core/packages/ros2_mpu6050)
[2.782s] Level 1:colcon.colcon_core.environment:create_environment_scripts_only(ros2_mpu6050)
[2.783s] Level 1:colcon.colcon_core.environment:checking '/home/ubuntu/denem/install/ros2_mpu6050' for CMake module files
[2.786s] Level 1:colcon.colcon_core.environment:checking '/home/ubuntu/denem/install/ros2_mpu6050' for CMake config files
[2.788s] Level 1:colcon.colcon_core.shell:create_environment_hook('ros2_mpu6050', 'cmake_prefix_path')
[2.789s] INFO:colcon.colcon_core.shell:Creating environment hook '/home/ubuntu/denem/install/ros2_mpu6050/share/ros2_mpu6050/hook/cmake_prefix_path.ps1'
[2.791s] INFO:colcon.colcon_core.shell:Creating environment descriptor '/home/ubuntu/denem/install/ros2_mpu6050/share/ros2_mpu6050/hook/cmake_prefix_path.dsv'
[2.793s] INFO:colcon.colcon_core.shell:Creating environment hook '/home/ubuntu/denem/install/ros2_mpu6050/share/ros2_mpu6050/hook/cmake_prefix_path.sh'
[2.795s] Level 1:colcon.colcon_core.environment:checking '/home/ubuntu/denem/install/ros2_mpu6050/lib'
[2.796s] Level 1:colcon.colcon_core.environment:checking '/home/ubuntu/denem/install/ros2_mpu6050/bin'
[2.796s] Level 1:colcon.colcon_core.environment:checking '/home/ubuntu/denem/install/ros2_mpu6050/lib/pkgconfig/ros2_mpu6050.pc'
[2.797s] Level 1:colcon.colcon_core.environment:checking '/home/ubuntu/denem/install/ros2_mpu6050/lib/python3.10/site-packages'
[2.798s] Level 1:colcon.colcon_core.environment:checking '/home/ubuntu/denem/install/ros2_mpu6050/bin'
[2.799s] INFO:colcon.colcon_core.shell:Creating package script '/home/ubuntu/denem/install/ros2_mpu6050/share/ros2_mpu6050/package.ps1'
[2.801s] INFO:colcon.colcon_core.shell:Creating package descriptor '/home/ubuntu/denem/install/ros2_mpu6050/share/ros2_mpu6050/package.dsv'
[2.803s] INFO:colcon.colcon_core.shell:Creating package script '/home/ubuntu/denem/install/ros2_mpu6050/share/ros2_mpu6050/package.sh'
[2.805s] INFO:colcon.colcon_core.shell:Creating package script '/home/ubuntu/denem/install/ros2_mpu6050/share/ros2_mpu6050/package.bash'
[2.807s] INFO:colcon.colcon_core.shell:Creating package script '/home/ubuntu/denem/install/ros2_mpu6050/share/ros2_mpu6050/package.zsh'
[2.809s] Level 1:colcon.colcon_core.environment:create_file_with_runtime_dependencies(/home/ubuntu/denem/install/ros2_mpu6050/share/colcon-core/packages/ros2_mpu6050)
[2.810s] DEBUG:colcon.colcon_parallel_executor.executor.parallel:closing loop
[2.812s] DEBUG:colcon.colcon_parallel_executor.executor.parallel:loop closed
[2.812s] DEBUG:colcon.colcon_parallel_executor.executor.parallel:run_until_complete finished with '0'
[2.813s] DEBUG:colcon.colcon_core.event_reactor:joining thread
[2.836s] INFO:colcon.colcon_core.plugin_system:Skipping extension 'colcon_notification.desktop_notification.terminal_notifier': Not used on non-Darwin systems
[2.836s] INFO:colcon.colcon_core.plugin_system:Skipping extension 'colcon_notification.desktop_notification.win32': Not used on non-Windows systems
[2.836s] INFO:colcon.colcon_notification.desktop_notification:Sending desktop notification using 'notify2'
[2.878s] DEBUG:colcon.colcon_core.event_reactor:joined thread
[2.880s] INFO:colcon.colcon_core.shell:Creating prefix script '/home/ubuntu/denem/install/local_setup.ps1'
[2.883s] INFO:colcon.colcon_core.shell:Creating prefix util module '/home/ubuntu/denem/install/_local_setup_util_ps1.py'
[2.892s] INFO:colcon.colcon_core.shell:Creating prefix chain script '/home/ubuntu/denem/install/setup.ps1'
[2.901s] INFO:colcon.colcon_core.shell:Creating prefix script '/home/ubuntu/denem/install/local_setup.sh'
[2.904s] INFO:colcon.colcon_core.shell:Creating prefix util module '/home/ubuntu/denem/install/_local_setup_util_sh.py'
[2.907s] INFO:colcon.colcon_core.shell:Creating prefix chain script '/home/ubuntu/denem/install/setup.sh'
[2.914s] INFO:colcon.colcon_core.shell:Creating prefix script '/home/ubuntu/denem/install/local_setup.bash'
[2.917s] INFO:colcon.colcon_core.shell:Creating prefix chain script '/home/ubuntu/denem/install/setup.bash'
[2.924s] INFO:colcon.colcon_core.shell:Creating prefix script '/home/ubuntu/denem/install/local_setup.zsh'
[2.926s] INFO:colcon.colcon_core.shell:Creating prefix chain script '/home/ubuntu/denem/install/setup.zsh'
