[0.100s] Invoking command in '/home/ubuntu/denem/build/diffdrive_arduino': CMAKE_PREFIX_PATH=${CMAKE_PREFIX_PATH}:/home/ubuntu/denem/install/serial_motor_demo:/opt/ros/humble /usr/bin/cmake --build /home/ubuntu/denem/build/diffdrive_arduino -- -j4 -l4
[0.352s] -- Found ament_cmake: 1.3.12 (/opt/ros/humble/share/ament_cmake/cmake)
[1.143s] -- Override CMake install command with custom implementation using symlinks instead of copying resources
[1.225s] -- Found hardware_interface: 2.51.0 (/opt/ros/humble/share/hardware_interface/cmake)
[1.475s] -- Found rosidl_generator_c: 3.1.7 (/opt/ros/humble/share/rosidl_generator_c/cmake)
[1.490s] -- Found rosidl_adapter: 3.1.7 (/opt/ros/humble/share/rosidl_adapter/cmake)
[1.529s] -- Found rosidl_generator_cpp: 3.1.7 (/opt/ros/humble/share/rosidl_generator_cpp/cmake)
[1.590s] -- Using all available rosidl_typesupport_c: rosidl_typesupport_fastrtps_c;rosidl_typesupport_introspection_c
[1.664s] -- Using all available rosidl_typesupport_cpp: rosidl_typesupport_fastrtps_cpp;rosidl_typesupport_introspection_cpp
[2.765s] -- Found rmw_implementation_cmake: 6.1.2 (/opt/ros/humble/share/rmw_implementation_cmake/cmake)
[2.768s] -- Found rmw_fastrtps_cpp: 6.2.8 (/opt/ros/humble/share/rmw_fastrtps_cpp/cmake)
[2.811s] -- Found TinyXML2 via Config file: TinyXML2_DIR-NOTFOUND
[2.846s] -- Found TinyXML2 via Config file: TinyXML2_DIR-NOTFOUND
[2.938s] -- Found TinyXML2 via Config file: TinyXML2_DIR-NOTFOUND
[2.969s] -- Found TinyXML2 via Config file: TinyXML2_DIR-NOTFOUND
[3.009s] -- Using RMW implementation 'rmw_fastrtps_cpp' as default
[3.513s] -- Found ament_cmake_gtest: 1.3.12 (/opt/ros/humble/share/ament_cmake_gtest/cmake)
[3.923s] -- Configuring done
[4.226s] -- Generating done
[4.257s] -- Build files have been written to: /home/ubuntu/denem/build/diffdrive_arduino
[4.405s] [35m[1mConsolidate compiler generated dependencies of target diffdrive_arduino[0m
[4.580s] [ 50%] [32mBuilding CXX object CMakeFiles/diffdrive_arduino.dir/hardware/diffbot_system.cpp.o[0m
[22.022s] [100%] [32m[1mLinking CXX shared library libdiffdrive_arduino.so[0m
[23.297s] [100%] Built target diffdrive_arduino
[23.345s] Invoked command in '/home/ubuntu/denem/build/diffdrive_arduino' returned '0': CMAKE_PREFIX_PATH=${CMAKE_PREFIX_PATH}:/home/ubuntu/denem/install/serial_motor_demo:/opt/ros/humble /usr/bin/cmake --build /home/ubuntu/denem/build/diffdrive_arduino -- -j4 -l4
[23.394s] Invoking command in '/home/ubuntu/denem/build/diffdrive_arduino': CMAKE_PREFIX_PATH=${CMAKE_PREFIX_PATH}:/home/ubuntu/denem/install/serial_motor_demo:/opt/ros/humble /usr/bin/cmake --install /home/ubuntu/denem/build/diffdrive_arduino
[23.428s] -- Install configuration: ""
[23.432s] -- Execute custom install script
[23.434s] -- Up-to-date symlink: /home/ubuntu/denem/install/diffdrive_arduino/share/diffdrive_arduino//diffdrive_arduino.xml
[23.436s] -- Up-to-date symlink: /home/ubuntu/denem/install/diffdrive_arduino/include/diffdrive_arduino/diffdrive_arduino/arduino_comms.hpp
[23.439s] -- Up-to-date symlink: /home/ubuntu/denem/install/diffdrive_arduino/include/diffdrive_arduino/diffdrive_arduino/diffbot_system.hpp
[23.441s] -- Up-to-date symlink: /home/ubuntu/denem/install/diffdrive_arduino/include/diffdrive_arduino/diffdrive_arduino/visibility_control.h
[23.443s] -- Up-to-date symlink: /home/ubuntu/denem/install/diffdrive_arduino/include/diffdrive_arduino/diffdrive_arduino/wheel.hpp
[23.446s] [33mCMake Warning (dev) at ament_cmake_symlink_install/ament_cmake_symlink_install.cmake:62 (file):
[23.449s]   Policy CMP0009 is not set: FILE GLOB_RECURSE calls should not follow
[23.452s]   symlinks by default.  Run "cmake --help-policy CMP0009" for policy details.
[23.455s]   Use the cmake_policy command to set the policy and suppress this warning.
[23.458s] Call Stack (most recent call first):
[23.461s]   ament_cmake_symlink_install/ament_cmake_symlink_install.cmake:320 (ament_cmake_symlink_install_directory)
[23.464s]   cmake_install.cmake:46 (include)
[23.466s] This warning is for project developers.  Use -Wno-dev to suppress it.
[23.470s] [0m
[23.473s] -- Up-to-date symlink: /home/ubuntu/denem/install/diffdrive_arduino/share/diffdrive_arduino/launch/build/.built_by
[23.476s] -- Up-to-date symlink: /home/ubuntu/denem/install/diffdrive_arduino/share/diffdrive_arduino/launch/build/COLCON_IGNORE
[23.479s] -- Up-to-date symlink: /home/ubuntu/denem/install/diffdrive_arduino/share/diffdrive_arduino/launch/install/.colcon_install_layout
[23.482s] -- Up-to-date symlink: /home/ubuntu/denem/install/diffdrive_arduino/share/diffdrive_arduino/launch/install/COLCON_IGNORE
[23.485s] -- Up-to-date symlink: /home/ubuntu/denem/install/diffdrive_arduino/share/diffdrive_arduino/launch/install/_local_setup_util_ps1.py
[23.488s] -- Up-to-date symlink: /home/ubuntu/denem/install/diffdrive_arduino/share/diffdrive_arduino/launch/install/_local_setup_util_sh.py
[23.488s] -- Up-to-date symlink: /home/ubuntu/denem/install/diffdrive_arduino/share/diffdrive_arduino/launch/install/local_setup.bash
[23.489s] -- Up-to-date symlink: /home/ubuntu/denem/install/diffdrive_arduino/share/diffdrive_arduino/launch/install/local_setup.ps1
[23.490s] -- Up-to-date symlink: /home/ubuntu/denem/install/diffdrive_arduino/share/diffdrive_arduino/launch/install/local_setup.sh
[23.494s] -- Up-to-date symlink: /home/ubuntu/denem/install/diffdrive_arduino/share/diffdrive_arduino/launch/install/local_setup.zsh
[23.496s] -- Up-to-date symlink: /home/ubuntu/denem/install/diffdrive_arduino/share/diffdrive_arduino/launch/install/setup.bash
[23.497s] -- Up-to-date symlink: /home/ubuntu/denem/install/diffdrive_arduino/share/diffdrive_arduino/launch/install/setup.ps1
[23.498s] -- Up-to-date symlink: /home/ubuntu/denem/install/diffdrive_arduino/share/diffdrive_arduino/launch/install/setup.sh
[23.498s] -- Up-to-date symlink: /home/ubuntu/denem/install/diffdrive_arduino/share/diffdrive_arduino/launch/install/setup.zsh
[23.502s] -- Up-to-date symlink: /home/ubuntu/denem/install/diffdrive_arduino/share/diffdrive_arduino/launch/log/COLCON_IGNORE
[23.503s] -- Up-to-date symlink: /home/ubuntu/denem/install/diffdrive_arduino/share/diffdrive_arduino/launch/log/build_2025-05-30_20-05-45/events.log
[23.507s] -- Up-to-date symlink: /home/ubuntu/denem/install/diffdrive_arduino/share/diffdrive_arduino/launch/log/build_2025-05-30_20-05-45/logger_all.log
[23.508s] -- Up-to-date symlink: /home/ubuntu/denem/install/diffdrive_arduino/share/diffdrive_arduino/launch/log/build_2025-05-30_20-05-52/events.log
[23.511s] -- Up-to-date symlink: /home/ubuntu/denem/install/diffdrive_arduino/share/diffdrive_arduino/launch/log/build_2025-05-30_20-05-52/logger_all.log
[23.512s] -- Up-to-date symlink: /home/ubuntu/denem/install/diffdrive_arduino/share/diffdrive_arduino/launch/log/latest/events.log
[23.513s] -- Up-to-date symlink: /home/ubuntu/denem/install/diffdrive_arduino/share/diffdrive_arduino/launch/log/latest/logger_all.log
[23.513s] -- Up-to-date symlink: /home/ubuntu/denem/install/diffdrive_arduino/share/diffdrive_arduino/launch/log/latest_build/events.log
[23.514s] -- Up-to-date symlink: /home/ubuntu/denem/install/diffdrive_arduino/share/diffdrive_arduino/launch/log/latest_build/logger_all.log
[23.515s] -- Up-to-date symlink: /home/ubuntu/denem/install/diffdrive_arduino/share/diffdrive_arduino/launch/view_robot.launch.py
[23.516s] -- Up-to-date symlink: /home/ubuntu/denem/install/diffdrive_arduino/share/diffdrive_arduino/ros2_control/diffbot.ros2_control.xacro
[23.517s] -- Up-to-date symlink: /home/ubuntu/denem/install/diffdrive_arduino/share/diffdrive_arduino/urdf/diffbot.materials.xacro
[23.518s] -- Up-to-date symlink: /home/ubuntu/denem/install/diffdrive_arduino/share/diffdrive_arduino/urdf/diffbot.urdf.xacro
[23.519s] -- Up-to-date symlink: /home/ubuntu/denem/install/diffdrive_arduino/share/diffdrive_arduino/urdf/diffbot_description.urdf.xacro
[23.520s] -- Up-to-date symlink: /home/ubuntu/denem/install/diffdrive_arduino/share/diffdrive_arduino/rviz/diffbot.rviz
[23.521s] -- Up-to-date symlink: /home/ubuntu/denem/install/diffdrive_arduino/share/diffdrive_arduino/rviz/diffbot_view.rviz
[23.522s] -- Up-to-date symlink: /home/ubuntu/denem/install/diffdrive_arduino/share/diffdrive_arduino/launch/diffbot.launch.py
[23.523s] -- Up-to-date symlink: /home/ubuntu/denem/install/diffdrive_arduino/share/diffdrive_arduino/launch/ekf.launch.py
[23.524s] -- Up-to-date symlink: /home/ubuntu/denem/install/diffdrive_arduino/share/diffdrive_arduino/launch/joystick.launch.py
[23.524s] -- Up-to-date symlink: /home/ubuntu/denem/install/diffdrive_arduino/share/diffdrive_arduino/launch/slam.launch.py
[23.525s] -- Up-to-date symlink: /home/ubuntu/denem/install/diffdrive_arduino/share/diffdrive_arduino/config/diffbot_controllers.yaml
[23.525s] -- Up-to-date symlink: /home/ubuntu/denem/install/diffdrive_arduino/share/diffdrive_arduino/config/ekf.yaml
[23.525s] -- Up-to-date symlink: /home/ubuntu/denem/install/diffdrive_arduino/share/diffdrive_arduino/config/joystick.yaml
[23.526s] -- Up-to-date symlink: /home/ubuntu/denem/install/diffdrive_arduino/share/diffdrive_arduino/environment/library_path.sh
[23.527s] -- Up-to-date symlink: /home/ubuntu/denem/install/diffdrive_arduino/share/diffdrive_arduino/environment/library_path.dsv
[23.527s] -- Up-to-date symlink: /home/ubuntu/denem/install/diffdrive_arduino/share/ament_index/resource_index/package_run_dependencies/diffdrive_arduino
[23.528s] -- Up-to-date symlink: /home/ubuntu/denem/install/diffdrive_arduino/share/ament_index/resource_index/parent_prefix_path/diffdrive_arduino
[23.535s] -- Up-to-date symlink: /home/ubuntu/denem/install/diffdrive_arduino/share/diffdrive_arduino/environment/ament_prefix_path.sh
[23.535s] -- Up-to-date symlink: /home/ubuntu/denem/install/diffdrive_arduino/share/diffdrive_arduino/environment/ament_prefix_path.dsv
[23.536s] -- Up-to-date symlink: /home/ubuntu/denem/install/diffdrive_arduino/share/diffdrive_arduino/environment/path.sh
[23.536s] -- Up-to-date symlink: /home/ubuntu/denem/install/diffdrive_arduino/share/diffdrive_arduino/environment/path.dsv
[23.537s] -- Up-to-date symlink: /home/ubuntu/denem/install/diffdrive_arduino/share/diffdrive_arduino/local_setup.bash
[23.538s] -- Up-to-date symlink: /home/ubuntu/denem/install/diffdrive_arduino/share/diffdrive_arduino/local_setup.sh
[23.538s] -- Up-to-date symlink: /home/ubuntu/denem/install/diffdrive_arduino/share/diffdrive_arduino/local_setup.zsh
[23.539s] -- Up-to-date symlink: /home/ubuntu/denem/install/diffdrive_arduino/share/diffdrive_arduino/local_setup.dsv
[23.539s] -- Symlinking: /home/ubuntu/denem/install/diffdrive_arduino/share/diffdrive_arduino/package.dsv
[23.573s] -- Up-to-date symlink: /home/ubuntu/denem/install/diffdrive_arduino/share/ament_index/resource_index/packages/diffdrive_arduino
[23.575s] -- Up-to-date symlink: /home/ubuntu/denem/install/diffdrive_arduino/share/ament_index/resource_index/hardware_interface__pluginlib__plugin/diffdrive_arduino
[23.577s] -- Up-to-date symlink: /home/ubuntu/denem/install/diffdrive_arduino/share/diffdrive_arduino/cmake/ament_cmake_export_targets-extras.cmake
[23.578s] -- Up-to-date symlink: /home/ubuntu/denem/install/diffdrive_arduino/share/diffdrive_arduino/cmake/ament_cmake_export_dependencies-extras.cmake
[23.580s] -- Up-to-date symlink: /home/ubuntu/denem/install/diffdrive_arduino/share/diffdrive_arduino/cmake/diffdrive_arduinoConfig.cmake
[23.581s] -- Up-to-date symlink: /home/ubuntu/denem/install/diffdrive_arduino/share/diffdrive_arduino/cmake/diffdrive_arduinoConfig-version.cmake
[23.583s] -- Up-to-date symlink: /home/ubuntu/denem/install/diffdrive_arduino/share/diffdrive_arduino/package.xml
[23.585s] -- Installing: /home/ubuntu/denem/install/diffdrive_arduino/lib/libdiffdrive_arduino.so
[23.593s] -- Set runtime path of "/home/ubuntu/denem/install/diffdrive_arduino/lib/libdiffdrive_arduino.so" to ""
[23.597s] -- Up-to-date: /home/ubuntu/denem/install/diffdrive_arduino/share/diffdrive_arduino/cmake/export_diffdrive_arduinoExport.cmake
[23.599s] -- Up-to-date: /home/ubuntu/denem/install/diffdrive_arduino/share/diffdrive_arduino/cmake/export_diffdrive_arduinoExport-noconfig.cmake
[23.610s] Invoked command in '/home/ubuntu/denem/build/diffdrive_arduino' returned '0': CMAKE_PREFIX_PATH=${CMAKE_PREFIX_PATH}:/home/ubuntu/denem/install/serial_motor_demo:/opt/ros/humble /usr/bin/cmake --install /home/ubuntu/denem/build/diffdrive_arduino
