[4.267s] Invoking command in '/home/ubuntu/denem/serial_motor_demo/serial_motor_demo': PYTHONPATH=/home/ubuntu/denem/build/serial_motor_demo/prefix_override:/usr/lib/python3/dist-packages/colcon_core/task/python/colcon_distutils_commands:/home/ubuntu/denem/install/serial_motor_demo/lib/python3.10/site-packages:${PYTHONPATH} /usr/bin/python3 -W ignore:setup.py install is deprecated -W ignore:easy_install command is deprecated setup.py egg_info --egg-base ../../build/serial_motor_demo build --build-base /home/ubuntu/denem/build/serial_motor_demo/build install --record /home/ubuntu/denem/build/serial_motor_demo/install.log --install-scripts $base/lib/serial_motor_demo --single-version-externally-managed install_data
[5.542s] /usr/lib/python3/dist-packages/setuptools/dist.py:723: UserWarning: Usage of dash-separated 'script-dir' will not be supported in future versions. Please use the underscore name 'script_dir' instead
[5.542s]   warnings.warn(
[5.587s] running egg_info
[5.589s] creating ../../build/serial_motor_demo/serial_motor_demo.egg-info
[5.590s] writing ../../build/serial_motor_demo/serial_motor_demo.egg-info/PKG-INFO
[5.591s] writing dependency_links to ../../build/serial_motor_demo/serial_motor_demo.egg-info/dependency_links.txt
[5.592s] writing entry points to ../../build/serial_motor_demo/serial_motor_demo.egg-info/entry_points.txt
[5.592s] writing requirements to ../../build/serial_motor_demo/serial_motor_demo.egg-info/requires.txt
[5.593s] writing top-level names to ../../build/serial_motor_demo/serial_motor_demo.egg-info/top_level.txt
[5.594s] writing manifest file '../../build/serial_motor_demo/serial_motor_demo.egg-info/SOURCES.txt'
[5.601s] reading manifest file '../../build/serial_motor_demo/serial_motor_demo.egg-info/SOURCES.txt'
[5.605s] writing manifest file '../../build/serial_motor_demo/serial_motor_demo.egg-info/SOURCES.txt'
[5.606s] running build
[5.607s] running build_py
[5.607s] creating /home/ubuntu/denem/build/serial_motor_demo/build
[5.608s] creating /home/ubuntu/denem/build/serial_motor_demo/build/lib
[5.608s] creating /home/ubuntu/denem/build/serial_motor_demo/build/lib/serial_motor_demo
[5.609s] copying serial_motor_demo/gui.py -> /home/ubuntu/denem/build/serial_motor_demo/build/lib/serial_motor_demo
[5.609s] copying serial_motor_demo/__init__.py -> /home/ubuntu/denem/build/serial_motor_demo/build/lib/serial_motor_demo
[5.609s] copying serial_motor_demo/driver.py -> /home/ubuntu/denem/build/serial_motor_demo/build/lib/serial_motor_demo
[5.610s] running install
[5.611s] running install_lib
[5.615s] creating /home/ubuntu/denem/install/serial_motor_demo/lib/python3.10/site-packages/serial_motor_demo
[5.615s] copying /home/ubuntu/denem/build/serial_motor_demo/build/lib/serial_motor_demo/gui.py -> /home/ubuntu/denem/install/serial_motor_demo/lib/python3.10/site-packages/serial_motor_demo
[5.616s] copying /home/ubuntu/denem/build/serial_motor_demo/build/lib/serial_motor_demo/__init__.py -> /home/ubuntu/denem/install/serial_motor_demo/lib/python3.10/site-packages/serial_motor_demo
[5.616s] copying /home/ubuntu/denem/build/serial_motor_demo/build/lib/serial_motor_demo/driver.py -> /home/ubuntu/denem/install/serial_motor_demo/lib/python3.10/site-packages/serial_motor_demo
[5.619s] byte-compiling /home/ubuntu/denem/install/serial_motor_demo/lib/python3.10/site-packages/serial_motor_demo/gui.py to gui.cpython-310.pyc
[5.627s] byte-compiling /home/ubuntu/denem/install/serial_motor_demo/lib/python3.10/site-packages/serial_motor_demo/__init__.py to __init__.cpython-310.pyc
[5.629s] byte-compiling /home/ubuntu/denem/install/serial_motor_demo/lib/python3.10/site-packages/serial_motor_demo/driver.py to driver.cpython-310.pyc
[5.635s] running install_data
[5.636s] creating /home/ubuntu/denem/install/serial_motor_demo/share/ament_index
[5.636s] creating /home/ubuntu/denem/install/serial_motor_demo/share/ament_index/resource_index
[5.637s] creating /home/ubuntu/denem/install/serial_motor_demo/share/ament_index/resource_index/packages
[5.637s] copying resource/serial_motor_demo -> /home/ubuntu/denem/install/serial_motor_demo/share/ament_index/resource_index/packages
[5.638s] copying package.xml -> /home/ubuntu/denem/install/serial_motor_demo/share/serial_motor_demo
[5.638s] running install_egg_info
[5.646s] Copying ../../build/serial_motor_demo/serial_motor_demo.egg-info to /home/ubuntu/denem/install/serial_motor_demo/lib/python3.10/site-packages/serial_motor_demo-0.0.0-py3.10.egg-info
[5.657s] running install_scripts
[5.740s] Installing driver script to /home/ubuntu/denem/install/serial_motor_demo/lib/serial_motor_demo
[5.741s] Installing gui script to /home/ubuntu/denem/install/serial_motor_demo/lib/serial_motor_demo
[5.743s] writing list of installed files to '/home/ubuntu/denem/build/serial_motor_demo/install.log'
[5.890s] Invoked command in '/home/ubuntu/denem/serial_motor_demo/serial_motor_demo' returned '0': PYTHONPATH=/home/ubuntu/denem/build/serial_motor_demo/prefix_override:/usr/lib/python3/dist-packages/colcon_core/task/python/colcon_distutils_commands:/home/ubuntu/denem/install/serial_motor_demo/lib/python3.10/site-packages:${PYTHONPATH} /usr/bin/python3 -W ignore:setup.py install is deprecated -W ignore:easy_install command is deprecated setup.py egg_info --egg-base ../../build/serial_motor_demo build --build-base /home/ubuntu/denem/build/serial_motor_demo/build install --record /home/ubuntu/denem/build/serial_motor_demo/install.log --install-scripts $base/lib/serial_motor_demo --single-version-externally-managed install_data
