[0.101s] Invoking command in '/home/ubuntu/denem/build/diffdrive_arduino': CMAKE_PREFIX_PATH=${CMAKE_PREFIX_PATH}:/home/ubuntu/denem/install/serial_motor_demo:/opt/ros/humble /usr/bin/cmake --build /home/ubuntu/denem/build/diffdrive_arduino -- -j4 -l4
[0.449s] [100%] Built target diffdrive_arduino
[0.538s] Invoked command in '/home/ubuntu/denem/build/diffdrive_arduino' returned '0': CMAKE_PREFIX_PATH=${CMAKE_PREFIX_PATH}:/home/ubuntu/denem/install/serial_motor_demo:/opt/ros/humble /usr/bin/cmake --build /home/ubuntu/denem/build/diffdrive_arduino -- -j4 -l4
[0.588s] Invoking command in '/home/ubuntu/denem/build/diffdrive_arduino': CMAKE_PREFIX_PATH=${CMAKE_PREFIX_PATH}:/home/ubuntu/denem/install/serial_motor_demo:/opt/ros/humble /usr/bin/cmake --install /home/ubuntu/denem/build/diffdrive_arduino
[0.669s] -- Install configuration: ""
[0.673s] -- Up-to-date: /home/ubuntu/denem/install/diffdrive_arduino/share/diffdrive_arduino/diffdrive_arduino.xml
[0.678s] -- Up-to-date: /home/ubuntu/denem/install/diffdrive_arduino/include/diffdrive_arduino
[0.684s] -- Up-to-date: /home/ubuntu/denem/install/diffdrive_arduino/include/diffdrive_arduino/diffdrive_arduino
[0.763s] -- Up-to-date: /home/ubuntu/denem/install/diffdrive_arduino/include/diffdrive_arduino/diffdrive_arduino/wheel.hpp
[0.767s] -- Up-to-date: /home/ubuntu/denem/install/diffdrive_arduino/include/diffdrive_arduino/diffdrive_arduino/diffbot_system.hpp
[0.772s] -- Up-to-date: /home/ubuntu/denem/install/diffdrive_arduino/include/diffdrive_arduino/diffdrive_arduino/visibility_control.h
[0.778s] -- Up-to-date: /home/ubuntu/denem/install/diffdrive_arduino/include/diffdrive_arduino/diffdrive_arduino/arduino_comms.hpp
[0.779s] -- Up-to-date: /home/ubuntu/denem/install/diffdrive_arduino/share/diffdrive_arduino/launch
[0.779s] -- Up-to-date: /home/ubuntu/denem/install/diffdrive_arduino/share/diffdrive_arduino/launch/view_robot.launch.py
[0.779s] -- Up-to-date: /home/ubuntu/denem/install/diffdrive_arduino/share/diffdrive_arduino/launch/log
[0.780s] -- Up-to-date: /home/ubuntu/denem/install/diffdrive_arduino/share/diffdrive_arduino/launch/log/build_2025-05-30_20-05-45
[0.780s] -- Up-to-date: /home/ubuntu/denem/install/diffdrive_arduino/share/diffdrive_arduino/launch/log/build_2025-05-30_20-05-45/logger_all.log
[0.780s] -- Up-to-date: /home/ubuntu/denem/install/diffdrive_arduino/share/diffdrive_arduino/launch/log/build_2025-05-30_20-05-45/events.log
[0.781s] -- Up-to-date: /home/ubuntu/denem/install/diffdrive_arduino/share/diffdrive_arduino/launch/log/build_2025-05-30_20-05-52
[0.781s] -- Up-to-date: /home/ubuntu/denem/install/diffdrive_arduino/share/diffdrive_arduino/launch/log/build_2025-05-30_20-05-52/logger_all.log
[0.781s] -- Up-to-date: /home/ubuntu/denem/install/diffdrive_arduino/share/diffdrive_arduino/launch/log/build_2025-05-30_20-05-52/events.log
[0.782s] -- Up-to-date: /home/ubuntu/denem/install/diffdrive_arduino/share/diffdrive_arduino/launch/log/COLCON_IGNORE
[0.785s] -- Up-to-date: /home/ubuntu/denem/install/diffdrive_arduino/share/diffdrive_arduino/launch/log/latest
[0.786s] -- Up-to-date: /home/ubuntu/denem/install/diffdrive_arduino/share/diffdrive_arduino/launch/log/latest_build
[0.787s] -- Up-to-date: /home/ubuntu/denem/install/diffdrive_arduino/share/diffdrive_arduino/launch/build
[0.787s] -- Up-to-date: /home/ubuntu/denem/install/diffdrive_arduino/share/diffdrive_arduino/launch/build/COLCON_IGNORE
[0.787s] -- Up-to-date: /home/ubuntu/denem/install/diffdrive_arduino/share/diffdrive_arduino/launch/build/.built_by
[0.788s] -- Up-to-date: /home/ubuntu/denem/install/diffdrive_arduino/share/diffdrive_arduino/launch/install
[0.788s] -- Up-to-date: /home/ubuntu/denem/install/diffdrive_arduino/share/diffdrive_arduino/launch/install/setup.ps1
[0.788s] -- Up-to-date: /home/ubuntu/denem/install/diffdrive_arduino/share/diffdrive_arduino/launch/install/setup.sh
[0.789s] -- Up-to-date: /home/ubuntu/denem/install/diffdrive_arduino/share/diffdrive_arduino/launch/install/_local_setup_util_ps1.py
[0.789s] -- Up-to-date: /home/ubuntu/denem/install/diffdrive_arduino/share/diffdrive_arduino/launch/install/COLCON_IGNORE
[0.789s] -- Up-to-date: /home/ubuntu/denem/install/diffdrive_arduino/share/diffdrive_arduino/launch/install/setup.bash
[0.790s] -- Up-to-date: /home/ubuntu/denem/install/diffdrive_arduino/share/diffdrive_arduino/launch/install/local_setup.sh
[0.790s] -- Up-to-date: /home/ubuntu/denem/install/diffdrive_arduino/share/diffdrive_arduino/launch/install/_local_setup_util_sh.py
[0.790s] -- Up-to-date: /home/ubuntu/denem/install/diffdrive_arduino/share/diffdrive_arduino/launch/install/.colcon_install_layout
[0.791s] -- Up-to-date: /home/ubuntu/denem/install/diffdrive_arduino/share/diffdrive_arduino/launch/install/setup.zsh
[0.791s] -- Up-to-date: /home/ubuntu/denem/install/diffdrive_arduino/share/diffdrive_arduino/launch/install/local_setup.ps1
[0.792s] -- Up-to-date: /home/ubuntu/denem/install/diffdrive_arduino/share/diffdrive_arduino/launch/install/local_setup.zsh
[0.792s] -- Up-to-date: /home/ubuntu/denem/install/diffdrive_arduino/share/diffdrive_arduino/launch/install/local_setup.bash
[0.792s] -- Up-to-date: /home/ubuntu/denem/install/diffdrive_arduino/share/diffdrive_arduino/ros2_control
[0.793s] -- Up-to-date: /home/ubuntu/denem/install/diffdrive_arduino/share/diffdrive_arduino/ros2_control/diffbot.ros2_control.xacro
[0.793s] -- Up-to-date: /home/ubuntu/denem/install/diffdrive_arduino/share/diffdrive_arduino/urdf
[0.793s] -- Up-to-date: /home/ubuntu/denem/install/diffdrive_arduino/share/diffdrive_arduino/urdf/diffbot_description.urdf.xacro
[0.794s] -- Up-to-date: /home/ubuntu/denem/install/diffdrive_arduino/share/diffdrive_arduino/urdf/diffbot.urdf.xacro
[0.803s] -- Up-to-date: /home/ubuntu/denem/install/diffdrive_arduino/share/diffdrive_arduino/urdf/diffbot.materials.xacro
[0.803s] -- Up-to-date: /home/ubuntu/denem/install/diffdrive_arduino/share/diffdrive_arduino/rviz
[0.804s] -- Up-to-date: /home/ubuntu/denem/install/diffdrive_arduino/share/diffdrive_arduino/rviz/diffbot.rviz
[0.804s] -- Up-to-date: /home/ubuntu/denem/install/diffdrive_arduino/share/diffdrive_arduino/rviz/diffbot_view.rviz
[0.805s] -- Up-to-date: /home/ubuntu/denem/install/diffdrive_arduino/share/diffdrive_arduino/launch
[0.805s] -- Up-to-date: /home/ubuntu/denem/install/diffdrive_arduino/share/diffdrive_arduino/launch/diffbot.launch.py
[0.806s] -- Up-to-date: /home/ubuntu/denem/install/diffdrive_arduino/share/diffdrive_arduino/launch/slam.launch.py
[0.806s] -- Up-to-date: /home/ubuntu/denem/install/diffdrive_arduino/share/diffdrive_arduino/launch/ekf.launch.py
[0.807s] -- Up-to-date: /home/ubuntu/denem/install/diffdrive_arduino/share/diffdrive_arduino/config
[0.807s] -- Up-to-date: /home/ubuntu/denem/install/diffdrive_arduino/share/diffdrive_arduino/config/ekf.yaml
[0.808s] -- Up-to-date: /home/ubuntu/denem/install/diffdrive_arduino/share/diffdrive_arduino/config/diffbot_controllers.yaml
[0.808s] -- Up-to-date: /home/ubuntu/denem/install/diffdrive_arduino/lib/libdiffdrive_arduino.so
[0.809s] -- Up-to-date: /home/ubuntu/denem/install/diffdrive_arduino/share/diffdrive_arduino/environment/library_path.sh
[0.809s] -- Up-to-date: /home/ubuntu/denem/install/diffdrive_arduino/share/diffdrive_arduino/environment/library_path.dsv
[0.810s] -- Up-to-date: /home/ubuntu/denem/install/diffdrive_arduino/share/ament_index/resource_index/package_run_dependencies/diffdrive_arduino
[0.811s] -- Up-to-date: /home/ubuntu/denem/install/diffdrive_arduino/share/ament_index/resource_index/parent_prefix_path/diffdrive_arduino
[0.811s] -- Up-to-date: /home/ubuntu/denem/install/diffdrive_arduino/share/diffdrive_arduino/environment/ament_prefix_path.sh
[0.812s] -- Up-to-date: /home/ubuntu/denem/install/diffdrive_arduino/share/diffdrive_arduino/environment/ament_prefix_path.dsv
[0.812s] -- Up-to-date: /home/ubuntu/denem/install/diffdrive_arduino/share/diffdrive_arduino/environment/path.sh
[0.812s] -- Up-to-date: /home/ubuntu/denem/install/diffdrive_arduino/share/diffdrive_arduino/environment/path.dsv
[0.813s] -- Up-to-date: /home/ubuntu/denem/install/diffdrive_arduino/share/diffdrive_arduino/local_setup.bash
[0.814s] -- Up-to-date: /home/ubuntu/denem/install/diffdrive_arduino/share/diffdrive_arduino/local_setup.sh
[0.823s] -- Up-to-date: /home/ubuntu/denem/install/diffdrive_arduino/share/diffdrive_arduino/local_setup.zsh
[0.827s] -- Up-to-date: /home/ubuntu/denem/install/diffdrive_arduino/share/diffdrive_arduino/local_setup.dsv
[0.834s] -- Installing: /home/ubuntu/denem/install/diffdrive_arduino/share/diffdrive_arduino/package.dsv
[0.842s] -- Up-to-date: /home/ubuntu/denem/install/diffdrive_arduino/share/ament_index/resource_index/packages/diffdrive_arduino
[0.844s] -- Up-to-date: /home/ubuntu/denem/install/diffdrive_arduino/share/ament_index/resource_index/hardware_interface__pluginlib__plugin/diffdrive_arduino
[0.845s] -- Up-to-date: /home/ubuntu/denem/install/diffdrive_arduino/share/diffdrive_arduino/cmake/export_diffdrive_arduinoExport.cmake
[0.847s] -- Up-to-date: /home/ubuntu/denem/install/diffdrive_arduino/share/diffdrive_arduino/cmake/export_diffdrive_arduinoExport-noconfig.cmake
[0.847s] -- Up-to-date: /home/ubuntu/denem/install/diffdrive_arduino/share/diffdrive_arduino/cmake/ament_cmake_export_targets-extras.cmake
[0.848s] -- Up-to-date: /home/ubuntu/denem/install/diffdrive_arduino/share/diffdrive_arduino/cmake/ament_cmake_export_dependencies-extras.cmake
[0.849s] -- Up-to-date: /home/ubuntu/denem/install/diffdrive_arduino/share/diffdrive_arduino/cmake/diffdrive_arduinoConfig.cmake
[0.849s] -- Up-to-date: /home/ubuntu/denem/install/diffdrive_arduino/share/diffdrive_arduino/cmake/diffdrive_arduinoConfig-version.cmake
[0.850s] -- Up-to-date: /home/ubuntu/denem/install/diffdrive_arduino/share/diffdrive_arduino/package.xml
[0.923s] Invoked command in '/home/ubuntu/denem/build/diffdrive_arduino' returned '0': CMAKE_PREFIX_PATH=${CMAKE_PREFIX_PATH}:/home/ubuntu/denem/install/serial_motor_demo:/opt/ros/humble /usr/bin/cmake --install /home/ubuntu/denem/build/diffdrive_arduino
