[0.089s] Invoking command in '/home/ubuntu/denem/build/diffdrive_arduino': CMAKE_PREFIX_PATH=${CMAKE_PREFIX_PATH}:/home/ubuntu/denem/install/serial_motor_demo:/opt/ros/humble /usr/bin/cmake --build /home/ubuntu/denem/build/diffdrive_arduino -- -j4 -l4
[0.375s] [100%] Built target diffdrive_arduino
[0.419s] Invoked command in '/home/ubuntu/denem/build/diffdrive_arduino' returned '0': CMAKE_PREFIX_PATH=${CMAKE_PREFIX_PATH}:/home/ubuntu/denem/install/serial_motor_demo:/opt/ros/humble /usr/bin/cmake --build /home/ubuntu/denem/build/diffdrive_arduino -- -j4 -l4
[0.465s] Invoking command in '/home/ubuntu/denem/build/diffdrive_arduino': CMAKE_PREFIX_PATH=${CMAKE_PREFIX_PATH}:/home/ubuntu/denem/install/serial_motor_demo:/opt/ros/humble /usr/bin/cmake --install /home/ubuntu/denem/build/diffdrive_arduino
[0.495s] -- Install configuration: ""
[0.496s] -- Up-to-date: /home/ubuntu/denem/install/diffdrive_arduino/share/diffdrive_arduino/diffdrive_arduino.xml
[0.496s] -- Up-to-date: /home/ubuntu/denem/install/diffdrive_arduino/include/diffdrive_arduino
[0.497s] -- Up-to-date: /home/ubuntu/denem/install/diffdrive_arduino/include/diffdrive_arduino/diffdrive_arduino
[0.497s] -- Up-to-date: /home/ubuntu/denem/install/diffdrive_arduino/include/diffdrive_arduino/diffdrive_arduino/wheel.hpp
[0.498s] -- Up-to-date: /home/ubuntu/denem/install/diffdrive_arduino/include/diffdrive_arduino/diffdrive_arduino/diffbot_system.hpp
[0.498s] -- Up-to-date: /home/ubuntu/denem/install/diffdrive_arduino/include/diffdrive_arduino/diffdrive_arduino/visibility_control.h
[0.499s] -- Up-to-date: /home/ubuntu/denem/install/diffdrive_arduino/include/diffdrive_arduino/diffdrive_arduino/arduino_comms.hpp
[0.499s] -- Up-to-date: /home/ubuntu/denem/install/diffdrive_arduino/share/diffdrive_arduino/launch
[0.500s] -- Up-to-date: /home/ubuntu/denem/install/diffdrive_arduino/share/diffdrive_arduino/launch/view_robot.launch.py
[0.500s] -- Up-to-date: /home/ubuntu/denem/install/diffdrive_arduino/share/diffdrive_arduino/launch/log
[0.500s] -- Up-to-date: /home/ubuntu/denem/install/diffdrive_arduino/share/diffdrive_arduino/launch/log/build_2025-05-30_20-05-45
[0.501s] -- Up-to-date: /home/ubuntu/denem/install/diffdrive_arduino/share/diffdrive_arduino/launch/log/build_2025-05-30_20-05-45/logger_all.log
[0.502s] -- Up-to-date: /home/ubuntu/denem/install/diffdrive_arduino/share/diffdrive_arduino/launch/log/build_2025-05-30_20-05-45/events.log
[0.503s] -- Up-to-date: /home/ubuntu/denem/install/diffdrive_arduino/share/diffdrive_arduino/launch/log/build_2025-05-30_20-05-52
[0.503s] -- Up-to-date: /home/ubuntu/denem/install/diffdrive_arduino/share/diffdrive_arduino/launch/log/build_2025-05-30_20-05-52/logger_all.log
[0.504s] -- Up-to-date: /home/ubuntu/denem/install/diffdrive_arduino/share/diffdrive_arduino/launch/log/build_2025-05-30_20-05-52/events.log
[0.504s] -- Installing: /home/ubuntu/denem/install/diffdrive_arduino/share/diffdrive_arduino/launch/log/COLCON_IGNORE
[0.505s] -- Up-to-date: /home/ubuntu/denem/install/diffdrive_arduino/share/diffdrive_arduino/launch/log/latest
[0.505s] -- Installing: /home/ubuntu/denem/install/diffdrive_arduino/share/diffdrive_arduino/launch/log/latest_build
[0.506s] -- Up-to-date: /home/ubuntu/denem/install/diffdrive_arduino/share/diffdrive_arduino/launch/build
[0.506s] -- Installing: /home/ubuntu/denem/install/diffdrive_arduino/share/diffdrive_arduino/launch/build/COLCON_IGNORE
[0.506s] -- Installing: /home/ubuntu/denem/install/diffdrive_arduino/share/diffdrive_arduino/launch/build/.built_by
[0.507s] -- Up-to-date: /home/ubuntu/denem/install/diffdrive_arduino/share/diffdrive_arduino/launch/install
[0.508s] -- Installing: /home/ubuntu/denem/install/diffdrive_arduino/share/diffdrive_arduino/launch/install/setup.ps1
[0.509s] -- Installing: /home/ubuntu/denem/install/diffdrive_arduino/share/diffdrive_arduino/launch/install/setup.sh
[0.510s] -- Installing: /home/ubuntu/denem/install/diffdrive_arduino/share/diffdrive_arduino/launch/install/_local_setup_util_ps1.py
[0.510s] -- Installing: /home/ubuntu/denem/install/diffdrive_arduino/share/diffdrive_arduino/launch/install/COLCON_IGNORE
[0.511s] -- Installing: /home/ubuntu/denem/install/diffdrive_arduino/share/diffdrive_arduino/launch/install/setup.bash
[0.511s] -- Installing: /home/ubuntu/denem/install/diffdrive_arduino/share/diffdrive_arduino/launch/install/local_setup.sh
[0.512s] -- Installing: /home/ubuntu/denem/install/diffdrive_arduino/share/diffdrive_arduino/launch/install/_local_setup_util_sh.py
[0.514s] -- Installing: /home/ubuntu/denem/install/diffdrive_arduino/share/diffdrive_arduino/launch/install/.colcon_install_layout
[0.515s] -- Installing: /home/ubuntu/denem/install/diffdrive_arduino/share/diffdrive_arduino/launch/install/setup.zsh
[0.516s] -- Installing: /home/ubuntu/denem/install/diffdrive_arduino/share/diffdrive_arduino/launch/install/local_setup.ps1
[0.518s] -- Installing: /home/ubuntu/denem/install/diffdrive_arduino/share/diffdrive_arduino/launch/install/local_setup.zsh
[0.519s] -- Installing: /home/ubuntu/denem/install/diffdrive_arduino/share/diffdrive_arduino/launch/install/local_setup.bash
[0.521s] -- Up-to-date: /home/ubuntu/denem/install/diffdrive_arduino/share/diffdrive_arduino/ros2_control
[0.521s] -- Up-to-date: /home/ubuntu/denem/install/diffdrive_arduino/share/diffdrive_arduino/ros2_control/diffbot.ros2_control.xacro
[0.522s] -- Up-to-date: /home/ubuntu/denem/install/diffdrive_arduino/share/diffdrive_arduino/urdf
[0.523s] -- Up-to-date: /home/ubuntu/denem/install/diffdrive_arduino/share/diffdrive_arduino/urdf/diffbot_description.urdf.xacro
[0.524s] -- Up-to-date: /home/ubuntu/denem/install/diffdrive_arduino/share/diffdrive_arduino/urdf/diffbot.urdf.xacro
[0.525s] -- Up-to-date: /home/ubuntu/denem/install/diffdrive_arduino/share/diffdrive_arduino/urdf/diffbot.materials.xacro
[0.526s] -- Up-to-date: /home/ubuntu/denem/install/diffdrive_arduino/share/diffdrive_arduino/rviz
[0.526s] -- Up-to-date: /home/ubuntu/denem/install/diffdrive_arduino/share/diffdrive_arduino/rviz/diffbot.rviz
[0.527s] -- Up-to-date: /home/ubuntu/denem/install/diffdrive_arduino/share/diffdrive_arduino/rviz/diffbot_view.rviz
[0.527s] -- Up-to-date: /home/ubuntu/denem/install/diffdrive_arduino/share/diffdrive_arduino/launch
[0.528s] -- Up-to-date: /home/ubuntu/denem/install/diffdrive_arduino/share/diffdrive_arduino/launch/obstacle_wait.launch.py
[0.528s] -- Up-to-date: /home/ubuntu/denem/install/diffdrive_arduino/share/diffdrive_arduino/launch/diffbot.launch.py
[0.529s] -- Up-to-date: /home/ubuntu/denem/install/diffdrive_arduino/share/diffdrive_arduino/launch/localization.launch.py
[0.529s] -- Up-to-date: /home/ubuntu/denem/install/diffdrive_arduino/share/diffdrive_arduino/launch/slam.launch.py
[0.530s] -- Up-to-date: /home/ubuntu/denem/install/diffdrive_arduino/share/diffdrive_arduino/launch/rplidar.launch.py
[0.530s] -- Up-to-date: /home/ubuntu/denem/install/diffdrive_arduino/share/diffdrive_arduino/launch/ekf.launch.py
[0.530s] -- Up-to-date: /home/ubuntu/denem/install/diffdrive_arduino/share/diffdrive_arduino/launch/joystick.launch.py
[0.531s] -- Up-to-date: /home/ubuntu/denem/install/diffdrive_arduino/share/diffdrive_arduino/launch/mapping.launch.py
[0.531s] -- Up-to-date: /home/ubuntu/denem/install/diffdrive_arduino/share/diffdrive_arduino/launch/log
[0.531s] -- Installing: /home/ubuntu/denem/install/diffdrive_arduino/share/diffdrive_arduino/launch/log/COLCON_IGNORE
[0.532s] -- Up-to-date: /home/ubuntu/denem/install/diffdrive_arduino/share/diffdrive_arduino/launch/log/latest
[0.532s] -- Up-to-date: /home/ubuntu/denem/install/diffdrive_arduino/share/diffdrive_arduino/launch/log/build_2025-08-04_17-02-48
[0.533s] -- Up-to-date: /home/ubuntu/denem/install/diffdrive_arduino/share/diffdrive_arduino/launch/log/build_2025-08-04_17-02-48/logger_all.log
[0.533s] -- Up-to-date: /home/ubuntu/denem/install/diffdrive_arduino/share/diffdrive_arduino/launch/log/build_2025-08-04_17-02-48/events.log
[0.534s] -- Up-to-date: /home/ubuntu/denem/install/diffdrive_arduino/share/diffdrive_arduino/launch/log/build_2025-08-04_17-39-42
[0.534s] -- Up-to-date: /home/ubuntu/denem/install/diffdrive_arduino/share/diffdrive_arduino/launch/log/build_2025-08-04_17-39-42/logger_all.log
[0.535s] -- Up-to-date: /home/ubuntu/denem/install/diffdrive_arduino/share/diffdrive_arduino/launch/log/build_2025-08-04_17-39-42/events.log
[0.536s] -- Installing: /home/ubuntu/denem/install/diffdrive_arduino/share/diffdrive_arduino/launch/log/latest_build
[0.537s] -- Up-to-date: /home/ubuntu/denem/install/diffdrive_arduino/share/diffdrive_arduino/launch/log/build_2025-08-04_17-03-22
[0.540s] -- Up-to-date: /home/ubuntu/denem/install/diffdrive_arduino/share/diffdrive_arduino/launch/log/build_2025-08-04_17-03-22/logger_all.log
[0.542s] -- Up-to-date: /home/ubuntu/denem/install/diffdrive_arduino/share/diffdrive_arduino/launch/log/build_2025-08-04_17-03-22/events.log
[0.542s] -- Up-to-date: /home/ubuntu/denem/install/diffdrive_arduino/share/diffdrive_arduino/launch/build
[0.543s] -- Installing: /home/ubuntu/denem/install/diffdrive_arduino/share/diffdrive_arduino/launch/build/COLCON_IGNORE
[0.544s] -- Installing: /home/ubuntu/denem/install/diffdrive_arduino/share/diffdrive_arduino/launch/build/.built_by
[0.544s] -- Up-to-date: /home/ubuntu/denem/install/diffdrive_arduino/share/diffdrive_arduino/launch/install
[0.545s] -- Installing: /home/ubuntu/denem/install/diffdrive_arduino/share/diffdrive_arduino/launch/install/setup.ps1
[0.552s] -- Installing: /home/ubuntu/denem/install/diffdrive_arduino/share/diffdrive_arduino/launch/install/setup.sh
[0.554s] -- Installing: /home/ubuntu/denem/install/diffdrive_arduino/share/diffdrive_arduino/launch/install/_local_setup_util_ps1.py
[0.556s] -- Installing: /home/ubuntu/denem/install/diffdrive_arduino/share/diffdrive_arduino/launch/install/COLCON_IGNORE
[0.556s] -- Installing: /home/ubuntu/denem/install/diffdrive_arduino/share/diffdrive_arduino/launch/install/setup.bash
[0.557s] -- Installing: /home/ubuntu/denem/install/diffdrive_arduino/share/diffdrive_arduino/launch/install/local_setup.sh
[0.560s] -- Installing: /home/ubuntu/denem/install/diffdrive_arduino/share/diffdrive_arduino/launch/install/_local_setup_util_sh.py
[0.561s] -- Installing: /home/ubuntu/denem/install/diffdrive_arduino/share/diffdrive_arduino/launch/install/.colcon_install_layout
[0.561s] -- Installing: /home/ubuntu/denem/install/diffdrive_arduino/share/diffdrive_arduino/launch/install/setup.zsh
[0.562s] -- Installing: /home/ubuntu/denem/install/diffdrive_arduino/share/diffdrive_arduino/launch/install/local_setup.ps1
[0.567s] -- Installing: /home/ubuntu/denem/install/diffdrive_arduino/share/diffdrive_arduino/launch/install/local_setup.zsh
[0.567s] -- Installing: /home/ubuntu/denem/install/diffdrive_arduino/share/diffdrive_arduino/launch/install/local_setup.bash
[0.568s] -- Up-to-date: /home/ubuntu/denem/install/diffdrive_arduino/share/diffdrive_arduino/launch/fullnav.launch.py
[0.570s] -- Up-to-date: /home/ubuntu/denem/install/diffdrive_arduino/share/diffdrive_arduino/launch/navigation.launch.py
[0.571s] -- Up-to-date: /home/ubuntu/denem/install/diffdrive_arduino/share/diffdrive_arduino/config
[0.572s] -- Up-to-date: /home/ubuntu/denem/install/diffdrive_arduino/share/diffdrive_arduino/config/ekf.yaml
[0.572s] -- Up-to-date: /home/ubuntu/denem/install/diffdrive_arduino/share/diffdrive_arduino/config/joystick.yaml
[0.573s] -- Up-to-date: /home/ubuntu/denem/install/diffdrive_arduino/share/diffdrive_arduino/config/diffbot_controllers.yaml
[0.580s] -- Installing: /home/ubuntu/denem/install/diffdrive_arduino/share/diffdrive_arduino/config/nav2_params.yaml
[0.581s] -- Up-to-date: /home/ubuntu/denem/install/diffdrive_arduino/share/diffdrive_arduino/config/mybehaviortree.xml
[0.592s] -- Up-to-date: /home/ubuntu/denem/install/diffdrive_arduino/lib/libdiffdrive_arduino.so
[0.593s] -- Up-to-date: /home/ubuntu/denem/install/diffdrive_arduino/lib/diffdrive_arduino/obstacle_wait_node.py
[0.593s] -- Up-to-date: /home/ubuntu/denem/install/diffdrive_arduino/lib/diffdrive_arduino/buzzer_control_node.py
[0.595s] -- Up-to-date: /home/ubuntu/denem/install/diffdrive_arduino/share/diffdrive_arduino/environment/library_path.sh
[0.595s] -- Up-to-date: /home/ubuntu/denem/install/diffdrive_arduino/share/diffdrive_arduino/environment/library_path.dsv
[0.596s] -- Up-to-date: /home/ubuntu/denem/install/diffdrive_arduino/share/ament_index/resource_index/package_run_dependencies/diffdrive_arduino
[0.597s] -- Up-to-date: /home/ubuntu/denem/install/diffdrive_arduino/share/ament_index/resource_index/parent_prefix_path/diffdrive_arduino
[0.598s] -- Up-to-date: /home/ubuntu/denem/install/diffdrive_arduino/share/diffdrive_arduino/environment/ament_prefix_path.sh
[0.599s] -- Up-to-date: /home/ubuntu/denem/install/diffdrive_arduino/share/diffdrive_arduino/environment/ament_prefix_path.dsv
[0.600s] -- Up-to-date: /home/ubuntu/denem/install/diffdrive_arduino/share/diffdrive_arduino/environment/path.sh
[0.601s] -- Up-to-date: /home/ubuntu/denem/install/diffdrive_arduino/share/diffdrive_arduino/environment/path.dsv
[0.605s] -- Up-to-date: /home/ubuntu/denem/install/diffdrive_arduino/share/diffdrive_arduino/local_setup.bash
[0.606s] -- Up-to-date: /home/ubuntu/denem/install/diffdrive_arduino/share/diffdrive_arduino/local_setup.sh
[0.607s] -- Up-to-date: /home/ubuntu/denem/install/diffdrive_arduino/share/diffdrive_arduino/local_setup.zsh
[0.608s] -- Up-to-date: /home/ubuntu/denem/install/diffdrive_arduino/share/diffdrive_arduino/local_setup.dsv
[0.609s] -- Installing: /home/ubuntu/denem/install/diffdrive_arduino/share/diffdrive_arduino/package.dsv
[0.609s] -- Up-to-date: /home/ubuntu/denem/install/diffdrive_arduino/share/ament_index/resource_index/packages/diffdrive_arduino
[0.611s] -- Up-to-date: /home/ubuntu/denem/install/diffdrive_arduino/share/ament_index/resource_index/hardware_interface__pluginlib__plugin/diffdrive_arduino
[0.611s] -- Up-to-date: /home/ubuntu/denem/install/diffdrive_arduino/share/diffdrive_arduino/cmake/export_diffdrive_arduinoExport.cmake
[0.612s] -- Up-to-date: /home/ubuntu/denem/install/diffdrive_arduino/share/diffdrive_arduino/cmake/export_diffdrive_arduinoExport-noconfig.cmake
[0.612s] -- Up-to-date: /home/ubuntu/denem/install/diffdrive_arduino/share/diffdrive_arduino/cmake/ament_cmake_export_targets-extras.cmake
[0.613s] -- Up-to-date: /home/ubuntu/denem/install/diffdrive_arduino/share/diffdrive_arduino/cmake/ament_cmake_export_dependencies-extras.cmake
[0.613s] -- Up-to-date: /home/ubuntu/denem/install/diffdrive_arduino/share/diffdrive_arduino/cmake/diffdrive_arduinoConfig.cmake
[0.614s] -- Up-to-date: /home/ubuntu/denem/install/diffdrive_arduino/share/diffdrive_arduino/cmake/diffdrive_arduinoConfig-version.cmake
[0.614s] -- Up-to-date: /home/ubuntu/denem/install/diffdrive_arduino/share/diffdrive_arduino/package.xml
[0.615s] Invoked command in '/home/ubuntu/denem/build/diffdrive_arduino' returned '0': CMAKE_PREFIX_PATH=${CMAKE_PREFIX_PATH}:/home/ubuntu/denem/install/serial_motor_demo:/opt/ros/humble /usr/bin/cmake --install /home/ubuntu/denem/build/diffdrive_arduino
