[0.085s] Invoking command in '/home/ubuntu/denem/build/ros2_mpu6050': CMAKE_PREFIX_PATH=${CMAKE_PREFIX_PATH}:/home/ubuntu/denem/install/serial_motor_demo:/opt/ros/humble /usr/bin/cmake --build /home/ubuntu/denem/build/ros2_mpu6050 -- -j4 -l4
[0.387s] [35m[1mConsolidate compiler generated dependencies of target ros2_mpu6050[0m
[0.442s] [ 50%] Built target ros2_mpu6050_calibrate
[0.599s] [100%] Built target ros2_mpu6050
[0.653s] Invoked command in '/home/ubuntu/denem/build/ros2_mpu6050' returned '0': CMAKE_PREFIX_PATH=${CMAKE_PREFIX_PATH}:/home/ubuntu/denem/install/serial_motor_demo:/opt/ros/humble /usr/bin/cmake --build /home/ubuntu/denem/build/ros2_mpu6050 -- -j4 -l4
[0.695s] Invoking command in '/home/ubuntu/denem/build/ros2_mpu6050': CMAKE_PREFIX_PATH=${CMAKE_PREFIX_PATH}:/home/ubuntu/denem/install/serial_motor_demo:/opt/ros/humble /usr/bin/cmake --install /home/ubuntu/denem/build/ros2_mpu6050
[0.729s] -- Install configuration: ""
[0.735s] -- Execute custom install script
[0.742s] -- Up-to-date symlink: /home/ubuntu/denem/install/ros2_mpu6050/include/include/ros2_mpu6050/mpu6050.h
[0.745s] -- Up-to-date symlink: /home/ubuntu/denem/install/ros2_mpu6050/include/include/ros2_mpu6050/mpu6050_hal.h
[0.748s] -- Up-to-date symlink: /home/ubuntu/denem/install/ros2_mpu6050/include/include/ros2_mpu6050/mpu6050_node.h
[0.752s] -- Up-to-date symlink: /home/ubuntu/denem/install/ros2_mpu6050/lib/ros2_mpu6050/ros2_mpu6050
[0.755s] -- Up-to-date symlink: /home/ubuntu/denem/install/ros2_mpu6050/lib/ros2_mpu6050/ros2_mpu6050_calibrate
[0.760s] -- Up-to-date symlink: /home/ubuntu/denem/install/ros2_mpu6050/share/ros2_mpu6050/config/params.yaml
[0.763s] -- Up-to-date symlink: /home/ubuntu/denem/install/ros2_mpu6050/share/ros2_mpu6050/launch/ros2_mpu6050.launch.py
[0.766s] -- Up-to-date symlink: /home/ubuntu/denem/install/ros2_mpu6050/share/ament_index/resource_index/package_run_dependencies/ros2_mpu6050
[0.770s] -- Up-to-date symlink: /home/ubuntu/denem/install/ros2_mpu6050/share/ament_index/resource_index/parent_prefix_path/ros2_mpu6050
[0.773s] -- Up-to-date symlink: /home/ubuntu/denem/install/ros2_mpu6050/share/ros2_mpu6050/environment/ament_prefix_path.sh
[0.776s] -- Up-to-date symlink: /home/ubuntu/denem/install/ros2_mpu6050/share/ros2_mpu6050/environment/ament_prefix_path.dsv
[0.778s] -- Up-to-date symlink: /home/ubuntu/denem/install/ros2_mpu6050/share/ros2_mpu6050/environment/path.sh
[0.784s] -- Up-to-date symlink: /home/ubuntu/denem/install/ros2_mpu6050/share/ros2_mpu6050/environment/path.dsv
[0.788s] -- Up-to-date symlink: /home/ubuntu/denem/install/ros2_mpu6050/share/ros2_mpu6050/local_setup.bash
[0.788s] -- Up-to-date symlink: /home/ubuntu/denem/install/ros2_mpu6050/share/ros2_mpu6050/local_setup.sh
[0.788s] -- Up-to-date symlink: /home/ubuntu/denem/install/ros2_mpu6050/share/ros2_mpu6050/local_setup.zsh
[0.789s] -- Up-to-date symlink: /home/ubuntu/denem/install/ros2_mpu6050/share/ros2_mpu6050/local_setup.dsv
[0.789s] -- Symlinking: /home/ubuntu/denem/install/ros2_mpu6050/share/ros2_mpu6050/package.dsv
[0.846s] -- Up-to-date symlink: /home/ubuntu/denem/install/ros2_mpu6050/share/ament_index/resource_index/packages/ros2_mpu6050
[0.848s] -- Up-to-date symlink: /home/ubuntu/denem/install/ros2_mpu6050/share/ros2_mpu6050/cmake/ros2_mpu6050Config.cmake
[0.850s] -- Up-to-date symlink: /home/ubuntu/denem/install/ros2_mpu6050/share/ros2_mpu6050/cmake/ros2_mpu6050Config-version.cmake
[0.851s] -- Up-to-date symlink: /home/ubuntu/denem/install/ros2_mpu6050/share/ros2_mpu6050/package.xml
[0.858s] Invoked command in '/home/ubuntu/denem/build/ros2_mpu6050' returned '0': CMAKE_PREFIX_PATH=${CMAKE_PREFIX_PATH}:/home/ubuntu/denem/install/serial_motor_demo:/opt/ros/humble /usr/bin/cmake --install /home/ubuntu/denem/build/ros2_mpu6050
