[8.812s] Invoking command in '/home/ubuntu/denem/serial_motor_demo/serial_motor_demo': PYTHONPATH=/home/ubuntu/denem/build/serial_motor_demo/prefix_override:/usr/lib/python3/dist-packages/colcon_core/task/python/colcon_distutils_commands:/home/ubuntu/denem/install/serial_motor_demo/lib/python3.10/site-packages:${PYTHONPATH} /usr/bin/python3 -W ignore:setup.py install is deprecated -W ignore:easy_install command is deprecated setup.py egg_info --egg-base ../../build/serial_motor_demo build --build-base /home/ubuntu/denem/build/serial_motor_demo/build install --record /home/ubuntu/denem/build/serial_motor_demo/install.log --install-scripts $base/lib/serial_motor_demo --single-version-externally-managed install_data
[11.357s] /usr/lib/python3/dist-packages/setuptools/dist.py:723: UserWarning: Usage of dash-separated 'script-dir' will not be supported in future versions. Please use the underscore name 'script_dir' instead
[11.357s]   warnings.warn(
[11.429s] running egg_info
[11.434s] writing ../../build/serial_motor_demo/serial_motor_demo.egg-info/PKG-INFO
[11.436s] writing dependency_links to ../../build/serial_motor_demo/serial_motor_demo.egg-info/dependency_links.txt
[11.442s] writing entry points to ../../build/serial_motor_demo/serial_motor_demo.egg-info/entry_points.txt
[11.448s] writing requirements to ../../build/serial_motor_demo/serial_motor_demo.egg-info/requires.txt
[11.449s] writing top-level names to ../../build/serial_motor_demo/serial_motor_demo.egg-info/top_level.txt
[11.458s] reading manifest file '../../build/serial_motor_demo/serial_motor_demo.egg-info/SOURCES.txt'
[11.467s] writing manifest file '../../build/serial_motor_demo/serial_motor_demo.egg-info/SOURCES.txt'
[11.468s] running build
[11.469s] running build_py
[11.472s] running install
[11.475s] running install_lib
[11.485s] running install_data
[11.486s] running install_egg_info
[11.497s] removing '/home/ubuntu/denem/install/serial_motor_demo/lib/python3.10/site-packages/serial_motor_demo-0.0.0-py3.10.egg-info' (and everything under it)
[11.500s] Copying ../../build/serial_motor_demo/serial_motor_demo.egg-info to /home/ubuntu/denem/install/serial_motor_demo/lib/python3.10/site-packages/serial_motor_demo-0.0.0-py3.10.egg-info
[11.514s] running install_scripts
[11.653s] Installing driver script to /home/ubuntu/denem/install/serial_motor_demo/lib/serial_motor_demo
[11.654s] Installing gui script to /home/ubuntu/denem/install/serial_motor_demo/lib/serial_motor_demo
[11.657s] writing list of installed files to '/home/ubuntu/denem/build/serial_motor_demo/install.log'
[11.868s] Invoked command in '/home/ubuntu/denem/serial_motor_demo/serial_motor_demo' returned '0': PYTHONPATH=/home/ubuntu/denem/build/serial_motor_demo/prefix_override:/usr/lib/python3/dist-packages/colcon_core/task/python/colcon_distutils_commands:/home/ubuntu/denem/install/serial_motor_demo/lib/python3.10/site-packages:${PYTHONPATH} /usr/bin/python3 -W ignore:setup.py install is deprecated -W ignore:easy_install command is deprecated setup.py egg_info --egg-base ../../build/serial_motor_demo build --build-base /home/ubuntu/denem/build/serial_motor_demo/build install --record /home/ubuntu/denem/build/serial_motor_demo/install.log --install-scripts $base/lib/serial_motor_demo --single-version-externally-managed install_data
