[01m[K/home/ubuntu/denem/diffdrive_arduino/hardware/diffbot_system.cpp:[m[K In member function ‘[01m[Kvirtual hardware_interface::CallbackReturn diffdrive_arduino::DiffDriveArduinoHardware::on_activate(const rclcpp_lifecycle::State&)[m[K’:
[01m[K/home/ubuntu/denem/diffdrive_arduino/hardware/diffbot_system.cpp:206:3:[m[K [01;31m[Kerror: [m[K‘[01m[Kbuzzer_service_[m[K’ was not declared in this scope; did you mean ‘[01m[Kbuzzer_active_[m[K’?
  206 |   [01;31m[Kbuzzer_service_[m[K = rclcpp::Node::make_shared("buzzer_service_node");
      |   [01;31m[K^~~~~~~~~~~~~~~[m[K
      |   [32m[Kbuzzer_active_[m[K
[01m[K/home/ubuntu/denem/diffdrive_arduino/hardware/diffbot_system.cpp:207:3:[m[K [01;31m[Kerror: [m[K‘[01m[Kbuzzer_srv_[m[K’ was not declared in this scope; did you mean ‘[01m[Kbuzzer_active_[m[K’?
  207 |   [01;31m[Kbuzzer_srv_[m[K = buzzer_service_->create_service<std_srvs::srv::SetBool>(
      |   [01;31m[K^~~~~~~~~~~[m[K
      |   [32m[Kbuzzer_active_[m[K
[01m[K/home/ubuntu/denem/diffdrive_arduino/hardware/diffbot_system.cpp:207:49:[m[K [01;31m[Kerror: [m[K‘[01m[Kstd_srvs[m[K’ has not been declared
  207 | ate_service<[01;31m[Kstd_srvs[m[K::srv::SetBool>(
      |             [01;31m[K^~~~~~~~[m[K

[01m[K/home/ubuntu/denem/diffdrive_arduino/hardware/diffbot_system.cpp:209:32:[m[K [01;31m[Kerror: [m[K‘[01m[Kstd_srvs[m[K’ was not declared in this scope
  209 | :shared_ptr<[01;31m[Kstd_srvs[m[K::srv::SetBool::Request> request,
      |             [01;31m[K^~~~~~~~[m[K

[01m[K/home/ubuntu/denem/diffdrive_arduino/hardware/diffbot_system.cpp:209:63:[m[K [01;31m[Kerror: [m[Ktemplate argument 1 is invalid
  209 | Bool::Request[01;31m[K>[m[K request,
      |              [01;31m[K^[m[K

[01m[K/home/ubuntu/denem/diffdrive_arduino/hardware/diffbot_system.cpp:210:23:[m[K [01;31m[Kerror: [m[K‘[01m[Kstd_srvs[m[K’ was not declared in this scope
  210 | :shared_ptr<[01;31m[Kstd_srvs[m[K::srv::SetBool::Response> response)
      |             [01;31m[K^~~~~~~~[m[K

[01m[K/home/ubuntu/denem/diffdrive_arduino/hardware/diffbot_system.cpp:210:55:[m[K [01;31m[Kerror: [m[Ktemplate argument 1 is invalid
  210 | ol::Response[01;31m[K>[m[K response)
      |             [01;31m[K^[m[K

[01m[K/home/ubuntu/denem/diffdrive_arduino/hardware/diffbot_system.cpp:[m[K In lambda function:
[01m[K/home/ubuntu/denem/diffdrive_arduino/hardware/diffbot_system.cpp:212:32:[m[K [01;31m[Kerror: [m[Kbase operand of ‘[01m[K->[m[K’ is not a pointer
  212 | _buzzer(request[01;31m[K->[m[Kdata);
      |                [01;31m[K^~[m[K

[01m[K/home/ubuntu/denem/diffdrive_arduino/hardware/diffbot_system.cpp:213:15:[m[K [01;31m[Kerror: [m[Kbase operand of ‘[01m[K->[m[K’ is not a pointer
  213 |     response[01;31m[K->[m[Ksuccess = true;
      |             [01;31m[K^~[m[K

[01m[K/home/ubuntu/denem/diffdrive_arduino/hardware/diffbot_system.cpp:214:15:[m[K [01;31m[Kerror: [m[Kbase operand of ‘[01m[K->[m[K’ is not a pointer
  214 |     response[01;31m[K->[m[Kmessage = request->data ? "Buzzer açıldı" : "Buzzer kapatıldı";
      |             [01;31m[K^~[m[K

[01m[K/home/ubuntu/denem/diffdrive_arduino/hardware/diffbot_system.cpp:214:34:[m[K [01;31m[Kerror: [m[Kbase operand of ‘[01m[K->[m[K’ is not a pointer
  214 | ge = request[01;31m[K->[m[Kdata ? "Buzzer açıldı" : "Buzzer kapatıldı";
      |             [01;31m[K^~[m[K

[01m[K/home/ubuntu/denem/diffdrive_arduino/hardware/diffbot_system.cpp:[m[K In member function ‘[01m[Kvirtual hardware_interface::CallbackReturn diffdrive_arduino::DiffDriveArduinoHardware::on_activate(const rclcpp_lifecycle::State&)[m[K’:
[01m[K/home/ubuntu/denem/diffdrive_arduino/hardware/diffbot_system.cpp:208:3:[m[K [01;35m[Kwarning: [m[Kleft operand of comma operator has no effect [[01;35m[K]8;;https://gcc.gnu.org/onlinedocs/gcc/Warning-Options.html#index-Wunused-value-Wunused-value]8;;[m[K]
  208 |   [01;35m[K"/set_buzzer"[m[K,
      |   [01;35m[K^~~~~~~~~~~~~[m[K
gmake[2]: *** [CMakeFiles/diffdrive_arduino.dir/build.make:76: CMakeFiles/diffdrive_arduino.dir/hardware/diffbot_system.cpp.o] Error 1
gmake[1]: *** [CMakeFiles/Makefile2:141: CMakeFiles/diffdrive_arduino.dir/all] Error 2
gmake[1]: *** Bitmemiş işler için bekliyor....
gmake: *** [Makefile:146: all] Error 2
