[0.091s] Invoking command in '/home/ubuntu/denem/build/diffdrive_arduino': CMAKE_PREFIX_PATH=${CMAKE_PREFIX_PATH}:/home/ubuntu/denem/install/serial_motor_demo:/opt/ros/humble /usr/bin/cmake --build /home/ubuntu/denem/build/diffdrive_arduino -- -j4 -l4
[0.231s] -- Found ament_cmake: 1.3.12 (/opt/ros/humble/share/ament_cmake/cmake)
[0.942s] -- Override CMake install command with custom implementation using symlinks instead of copying resources
[1.016s] -- Found hardware_interface: 2.51.0 (/opt/ros/humble/share/hardware_interface/cmake)
[1.251s] -- Found rosidl_generator_c: 3.1.7 (/opt/ros/humble/share/rosidl_generator_c/cmake)
[1.266s] -- Found rosidl_adapter: 3.1.7 (/opt/ros/humble/share/rosidl_adapter/cmake)
[1.304s] -- Found rosidl_generator_cpp: 3.1.7 (/opt/ros/humble/share/rosidl_generator_cpp/cmake)
[1.361s] -- Using all available rosidl_typesupport_c: rosidl_typesupport_fastrtps_c;rosidl_typesupport_introspection_c
[1.430s] -- Using all available rosidl_typesupport_cpp: rosidl_typesupport_fastrtps_cpp;rosidl_typesupport_introspection_cpp
[2.497s] -- Found rmw_implementation_cmake: 6.1.2 (/opt/ros/humble/share/rmw_implementation_cmake/cmake)
[2.509s] -- Found rmw_fastrtps_cpp: 6.2.8 (/opt/ros/humble/share/rmw_fastrtps_cpp/cmake)
[2.619s] -- Found TinyXML2 via Config file: TinyXML2_DIR-NOTFOUND
[2.664s] -- Found TinyXML2 via Config file: TinyXML2_DIR-NOTFOUND
[2.759s] -- Found TinyXML2 via Config file: TinyXML2_DIR-NOTFOUND
[2.792s] -- Found TinyXML2 via Config file: TinyXML2_DIR-NOTFOUND
[2.832s] -- Using RMW implementation 'rmw_fastrtps_cpp' as default
[3.111s] -- Found nav_msgs: 4.9.0 (/opt/ros/humble/share/nav_msgs/cmake)
[3.237s] -- Found std_srvs: 4.9.0 (/opt/ros/humble/share/std_srvs/cmake)
[3.346s] -- Found ament_cmake_gtest: 1.3.12 (/opt/ros/humble/share/ament_cmake_gtest/cmake)
[3.717s] -- Configuring done
[4.143s] -- Generating done
[4.178s] -- Build files have been written to: /home/ubuntu/denem/build/diffdrive_arduino
[4.316s] [35m[1mConsolidate compiler generated dependencies of target diffdrive_arduino[0m
[4.370s] [ 16%] [32mBuilding CXX object CMakeFiles/buzzer_bridge.dir/src/buzzer_bridge.cpp.o[0m
[4.382s] [ 33%] [32mBuilding CXX object CMakeFiles/obstacle_buzzer_controller.dir/src/obstacle_buzzer_controller.cpp.o[0m
[4.432s] [ 50%] [32mBuilding CXX object CMakeFiles/diffdrive_arduino.dir/hardware/diffbot_system.cpp.o[0m
[19.603s] [01m[K/home/ubuntu/denem/diffdrive_arduino/hardware/diffbot_system.cpp:[m[K In member function ‘[01m[Kvirtual hardware_interface::CallbackReturn diffdrive_arduino::DiffDriveArduinoHardware::on_activate(const rclcpp_lifecycle::State&)[m[K’:
[19.604s] [01m[K/home/ubuntu/denem/diffdrive_arduino/hardware/diffbot_system.cpp:206:3:[m[K [01;31m[Kerror: [m[K‘[01m[Kbuzzer_service_[m[K’ was not declared in this scope; did you mean ‘[01m[Kbuzzer_active_[m[K’?
[19.608s]   206 |   [01;31m[Kbuzzer_service_[m[K = rclcpp::Node::make_shared("buzzer_service_node");
[19.612s]       |   [01;31m[K^~~~~~~~~~~~~~~[m[K
[19.615s]       |   [32m[Kbuzzer_active_[m[K
[19.645s] [01m[K/home/ubuntu/denem/diffdrive_arduino/hardware/diffbot_system.cpp:207:3:[m[K [01;31m[Kerror: [m[K‘[01m[Kbuzzer_srv_[m[K’ was not declared in this scope; did you mean ‘[01m[Kbuzzer_active_[m[K’?
[19.668s]   207 |   [01;31m[Kbuzzer_srv_[m[K = buzzer_service_->create_service<std_srvs::srv::SetBool>(
[19.676s]       |   [01;31m[K^~~~~~~~~~~[m[K
[19.679s]       |   [32m[Kbuzzer_active_[m[K
[19.683s] [01m[K/home/ubuntu/denem/diffdrive_arduino/hardware/diffbot_system.cpp:207:49:[m[K [01;31m[Kerror: [m[K‘[01m[Kstd_srvs[m[K’ has not been declared
[19.687s]   207 | ate_service<[01;31m[Kstd_srvs[m[K::srv::SetBool>(
[19.690s]       |             [01;31m[K^~~~~~~~[m[K
[19.694s] 
[19.698s] [01m[K/home/ubuntu/denem/diffdrive_arduino/hardware/diffbot_system.cpp:209:32:[m[K [01;31m[Kerror: [m[K‘[01m[Kstd_srvs[m[K’ was not declared in this scope
[19.702s]   209 | :shared_ptr<[01;31m[Kstd_srvs[m[K::srv::SetBool::Request> request,
[19.705s]       |             [01;31m[K^~~~~~~~[m[K
[19.709s] 
[19.712s] [01m[K/home/ubuntu/denem/diffdrive_arduino/hardware/diffbot_system.cpp:209:63:[m[K [01;31m[Kerror: [m[Ktemplate argument 1 is invalid
[19.715s]   209 | Bool::Request[01;31m[K>[m[K request,
[19.720s]       |              [01;31m[K^[m[K
[19.724s] 
[19.729s] [01m[K/home/ubuntu/denem/diffdrive_arduino/hardware/diffbot_system.cpp:210:23:[m[K [01;31m[Kerror: [m[K‘[01m[Kstd_srvs[m[K’ was not declared in this scope
[19.732s]   210 | :shared_ptr<[01;31m[Kstd_srvs[m[K::srv::SetBool::Response> response)
[19.736s]       |             [01;31m[K^~~~~~~~[m[K
[19.739s] 
[19.742s] [01m[K/home/ubuntu/denem/diffdrive_arduino/hardware/diffbot_system.cpp:210:55:[m[K [01;31m[Kerror: [m[Ktemplate argument 1 is invalid
[19.746s]   210 | ol::Response[01;31m[K>[m[K response)
[19.751s]       |             [01;31m[K^[m[K
[19.758s] 
[19.762s] [01m[K/home/ubuntu/denem/diffdrive_arduino/hardware/diffbot_system.cpp:[m[K In lambda function:
[19.765s] [01m[K/home/ubuntu/denem/diffdrive_arduino/hardware/diffbot_system.cpp:212:32:[m[K [01;31m[Kerror: [m[Kbase operand of ‘[01m[K->[m[K’ is not a pointer
[19.768s]   212 | _buzzer(request[01;31m[K->[m[Kdata);
[19.772s]       |                [01;31m[K^~[m[K
[19.775s] 
[19.778s] [01m[K/home/ubuntu/denem/diffdrive_arduino/hardware/diffbot_system.cpp:213:15:[m[K [01;31m[Kerror: [m[Kbase operand of ‘[01m[K->[m[K’ is not a pointer
[19.782s]   213 |     response[01;31m[K->[m[Ksuccess = true;
[19.785s]       |             [01;31m[K^~[m[K
[19.788s] 
[19.791s] [01m[K/home/ubuntu/denem/diffdrive_arduino/hardware/diffbot_system.cpp:214:15:[m[K [01;31m[Kerror: [m[Kbase operand of ‘[01m[K->[m[K’ is not a pointer
[19.794s]   214 |     response[01;31m[K->[m[Kmessage = request->data ? "Buzzer açıldı" : "Buzzer kapatıldı";
[19.797s]       |             [01;31m[K^~[m[K
[19.801s] 
[19.804s] [01m[K/home/ubuntu/denem/diffdrive_arduino/hardware/diffbot_system.cpp:214:34:[m[K [01;31m[Kerror: [m[Kbase operand of ‘[01m[K->[m[K’ is not a pointer
[19.807s]   214 | ge = request[01;31m[K->[m[Kdata ? "Buzzer açıldı" : "Buzzer kapatıldı";
[19.810s]       |             [01;31m[K^~[m[K
[19.813s] 
[19.816s] [01m[K/home/ubuntu/denem/diffdrive_arduino/hardware/diffbot_system.cpp:[m[K In member function ‘[01m[Kvirtual hardware_interface::CallbackReturn diffdrive_arduino::DiffDriveArduinoHardware::on_activate(const rclcpp_lifecycle::State&)[m[K’:
[19.820s] [01m[K/home/ubuntu/denem/diffdrive_arduino/hardware/diffbot_system.cpp:208:3:[m[K [01;35m[Kwarning: [m[Kleft operand of comma operator has no effect [[01;35m[K]8;;https://gcc.gnu.org/onlinedocs/gcc/Warning-Options.html#index-Wunused-value-Wunused-value]8;;[m[K]
[19.823s]   208 |   [01;35m[K"/set_buzzer"[m[K,
[19.826s]       |   [01;35m[K^~~~~~~~~~~~~[m[K
[22.922s] gmake[2]: *** [CMakeFiles/diffdrive_arduino.dir/build.make:76: CMakeFiles/diffdrive_arduino.dir/hardware/diffbot_system.cpp.o] Error 1
[22.923s] gmake[1]: *** [CMakeFiles/Makefile2:141: CMakeFiles/diffdrive_arduino.dir/all] Error 2
[22.924s] gmake[1]: *** Bitmemiş işler için bekliyor....
[48.773s] [ 66%] [32m[1mLinking CXX executable buzzer_bridge[0m
[50.941s] [ 66%] Built target buzzer_bridge
[71.121s] [ 83%] [32m[1mLinking CXX executable obstacle_buzzer_controller[0m
[74.523s] [ 83%] Built target obstacle_buzzer_controller
[74.527s] gmake: *** [Makefile:146: all] Error 2
[74.533s] Invoked command in '/home/ubuntu/denem/build/diffdrive_arduino' returned '2': CMAKE_PREFIX_PATH=${CMAKE_PREFIX_PATH}:/home/ubuntu/denem/install/serial_motor_demo:/opt/ros/humble /usr/bin/cmake --build /home/ubuntu/denem/build/diffdrive_arduino -- -j4 -l4
