[0.120s] Invoking command in '/home/ubuntu/denem/build/serial_motor_demo_msgs': CMAKE_PREFIX_PATH=${CMAKE_PREFIX_PATH}:/home/ubuntu/denem/install/serial_motor_demo:/opt/ros/humble /usr/bin/cmake --build /home/ubuntu/denem/build/serial_motor_demo_msgs -- -j4 -l4
[0.543s] [  2%] Built target serial_motor_demo_msgs__cpp
[0.597s] [ 12%] Built target serial_motor_demo_msgs__rosidl_generator_c
[0.682s] [ 12%] Built target ament_cmake_python_copy_serial_motor_demo_msgs
[0.760s] [ 23%] Built target serial_motor_demo_msgs__rosidl_typesupport_fastrtps_cpp
[0.773s] [ 34%] Built target serial_motor_demo_msgs__rosidl_typesupport_cpp
[0.915s] [ 44%] Built target serial_motor_demo_msgs__rosidl_typesupport_introspection_cpp
[0.968s] [ 55%] Built target serial_motor_demo_msgs__rosidl_typesupport_c
[0.969s] [ 65%] Built target serial_motor_demo_msgs__rosidl_typesupport_fastrtps_c
[1.016s] [ 76%] Built target serial_motor_demo_msgs__rosidl_typesupport_introspection_c
[1.217s] [ 76%] Built target serial_motor_demo_msgs
[1.351s] [ 78%] Built target serial_motor_demo_msgs__py
[1.516s] [ 87%] Built target serial_motor_demo_msgs__rosidl_generator_py
[1.718s] [ 91%] Built target serial_motor_demo_msgs__rosidl_typesupport_fastrtps_c__pyext
[1.723s] [ 95%] Built target serial_motor_demo_msgs__rosidl_typesupport_introspection_c__pyext
[1.769s] [100%] Built target serial_motor_demo_msgs__rosidl_typesupport_c__pyext
[3.331s] running egg_info
[3.338s] writing serial_motor_demo_msgs.egg-info/PKG-INFO
[3.340s] writing dependency_links to serial_motor_demo_msgs.egg-info/dependency_links.txt
[3.343s] writing top-level names to serial_motor_demo_msgs.egg-info/top_level.txt
[3.370s] reading manifest file 'serial_motor_demo_msgs.egg-info/SOURCES.txt'
[3.377s] writing manifest file 'serial_motor_demo_msgs.egg-info/SOURCES.txt'
[3.564s] [100%] Built target ament_cmake_python_build_serial_motor_demo_msgs_egg
[3.623s] Invoked command in '/home/ubuntu/denem/build/serial_motor_demo_msgs' returned '0': CMAKE_PREFIX_PATH=${CMAKE_PREFIX_PATH}:/home/ubuntu/denem/install/serial_motor_demo:/opt/ros/humble /usr/bin/cmake --build /home/ubuntu/denem/build/serial_motor_demo_msgs -- -j4 -l4
[3.633s] Invoking command in '/home/ubuntu/denem/build/serial_motor_demo_msgs': CMAKE_PREFIX_PATH=${CMAKE_PREFIX_PATH}:/home/ubuntu/denem/install/serial_motor_demo:/opt/ros/humble /usr/bin/cmake --install /home/ubuntu/denem/build/serial_motor_demo_msgs
[3.674s] -- Install configuration: ""
[3.675s] -- Up-to-date: /home/ubuntu/denem/install/serial_motor_demo_msgs/share/ament_index/resource_index/rosidl_interfaces/serial_motor_demo_msgs
[3.680s] -- Up-to-date: /home/ubuntu/denem/install/serial_motor_demo_msgs/include/serial_motor_demo_msgs/serial_motor_demo_msgs
[3.683s] -- Up-to-date: /home/ubuntu/denem/install/serial_motor_demo_msgs/include/serial_motor_demo_msgs/serial_motor_demo_msgs/msg
[3.685s] -- Up-to-date: /home/ubuntu/denem/install/serial_motor_demo_msgs/include/serial_motor_demo_msgs/serial_motor_demo_msgs/msg/motor_command.h
[3.686s] -- Up-to-date: /home/ubuntu/denem/install/serial_motor_demo_msgs/include/serial_motor_demo_msgs/serial_motor_demo_msgs/msg/encoder_vals.h
[3.686s] -- Up-to-date: /home/ubuntu/denem/install/serial_motor_demo_msgs/include/serial_motor_demo_msgs/serial_motor_demo_msgs/msg/rosidl_generator_c__visibility_control.h
[3.687s] -- Up-to-date: /home/ubuntu/denem/install/serial_motor_demo_msgs/include/serial_motor_demo_msgs/serial_motor_demo_msgs/msg/detail
[3.688s] -- Up-to-date: /home/ubuntu/denem/install/serial_motor_demo_msgs/include/serial_motor_demo_msgs/serial_motor_demo_msgs/msg/detail/motor_vels__type_support.h
[3.691s] -- Up-to-date: /home/ubuntu/denem/install/serial_motor_demo_msgs/include/serial_motor_demo_msgs/serial_motor_demo_msgs/msg/detail/encoder_vals__functions.c
[3.697s] -- Up-to-date: /home/ubuntu/denem/install/serial_motor_demo_msgs/include/serial_motor_demo_msgs/serial_motor_demo_msgs/msg/detail/encoder_vals__struct.h
[3.697s] -- Up-to-date: /home/ubuntu/denem/install/serial_motor_demo_msgs/include/serial_motor_demo_msgs/serial_motor_demo_msgs/msg/detail/encoder_vals__functions.h
[3.699s] -- Up-to-date: /home/ubuntu/denem/install/serial_motor_demo_msgs/include/serial_motor_demo_msgs/serial_motor_demo_msgs/msg/detail/motor_command__functions.c
[3.700s] -- Up-to-date: /home/ubuntu/denem/install/serial_motor_demo_msgs/include/serial_motor_demo_msgs/serial_motor_demo_msgs/msg/detail/motor_command__functions.h
[3.703s] -- Up-to-date: /home/ubuntu/denem/install/serial_motor_demo_msgs/include/serial_motor_demo_msgs/serial_motor_demo_msgs/msg/detail/encoder_vals__type_support.h
[3.704s] -- Up-to-date: /home/ubuntu/denem/install/serial_motor_demo_msgs/include/serial_motor_demo_msgs/serial_motor_demo_msgs/msg/detail/motor_vels__functions.h
[3.704s] -- Up-to-date: /home/ubuntu/denem/install/serial_motor_demo_msgs/include/serial_motor_demo_msgs/serial_motor_demo_msgs/msg/detail/motor_vels__struct.h
[3.705s] -- Up-to-date: /home/ubuntu/denem/install/serial_motor_demo_msgs/include/serial_motor_demo_msgs/serial_motor_demo_msgs/msg/detail/motor_command__type_support.h
[3.706s] -- Up-to-date: /home/ubuntu/denem/install/serial_motor_demo_msgs/include/serial_motor_demo_msgs/serial_motor_demo_msgs/msg/detail/motor_command__struct.h
[3.706s] -- Up-to-date: /home/ubuntu/denem/install/serial_motor_demo_msgs/include/serial_motor_demo_msgs/serial_motor_demo_msgs/msg/detail/motor_vels__functions.c
[3.708s] -- Up-to-date: /home/ubuntu/denem/install/serial_motor_demo_msgs/include/serial_motor_demo_msgs/serial_motor_demo_msgs/msg/motor_vels.h
[3.709s] -- Up-to-date: /home/ubuntu/denem/install/serial_motor_demo_msgs/share/serial_motor_demo_msgs/environment/library_path.sh
[3.710s] -- Up-to-date: /home/ubuntu/denem/install/serial_motor_demo_msgs/share/serial_motor_demo_msgs/environment/library_path.dsv
[3.711s] -- Up-to-date: /home/ubuntu/denem/install/serial_motor_demo_msgs/lib/libserial_motor_demo_msgs__rosidl_generator_c.so
[3.713s] -- Up-to-date: /home/ubuntu/denem/install/serial_motor_demo_msgs/include/serial_motor_demo_msgs/serial_motor_demo_msgs
[3.714s] -- Up-to-date: /home/ubuntu/denem/install/serial_motor_demo_msgs/include/serial_motor_demo_msgs/serial_motor_demo_msgs/msg
[3.715s] -- Up-to-date: /home/ubuntu/denem/install/serial_motor_demo_msgs/include/serial_motor_demo_msgs/serial_motor_demo_msgs/msg/detail
[3.717s] -- Up-to-date: /home/ubuntu/denem/install/serial_motor_demo_msgs/include/serial_motor_demo_msgs/serial_motor_demo_msgs/msg/detail/encoder_vals__rosidl_typesupport_fastrtps_c.h
[3.718s] -- Up-to-date: /home/ubuntu/denem/install/serial_motor_demo_msgs/include/serial_motor_demo_msgs/serial_motor_demo_msgs/msg/detail/motor_command__rosidl_typesupport_fastrtps_c.h
[3.719s] -- Up-to-date: /home/ubuntu/denem/install/serial_motor_demo_msgs/include/serial_motor_demo_msgs/serial_motor_demo_msgs/msg/detail/motor_vels__rosidl_typesupport_fastrtps_c.h
[3.720s] -- Up-to-date: /home/ubuntu/denem/install/serial_motor_demo_msgs/include/serial_motor_demo_msgs/serial_motor_demo_msgs/msg/rosidl_typesupport_fastrtps_c__visibility_control.h
[3.721s] -- Up-to-date: /home/ubuntu/denem/install/serial_motor_demo_msgs/lib/libserial_motor_demo_msgs__rosidl_typesupport_fastrtps_c.so
[3.721s] -- Up-to-date: /home/ubuntu/denem/install/serial_motor_demo_msgs/include/serial_motor_demo_msgs/serial_motor_demo_msgs
[3.722s] -- Up-to-date: /home/ubuntu/denem/install/serial_motor_demo_msgs/include/serial_motor_demo_msgs/serial_motor_demo_msgs/msg
[3.723s] -- Up-to-date: /home/ubuntu/denem/install/serial_motor_demo_msgs/include/serial_motor_demo_msgs/serial_motor_demo_msgs/msg/detail
[3.723s] -- Up-to-date: /home/ubuntu/denem/install/serial_motor_demo_msgs/include/serial_motor_demo_msgs/serial_motor_demo_msgs/msg/detail/motor_command__type_support.c
[3.724s] -- Up-to-date: /home/ubuntu/denem/install/serial_motor_demo_msgs/include/serial_motor_demo_msgs/serial_motor_demo_msgs/msg/detail/motor_vels__rosidl_typesupport_introspection_c.h
[3.725s] -- Up-to-date: /home/ubuntu/denem/install/serial_motor_demo_msgs/include/serial_motor_demo_msgs/serial_motor_demo_msgs/msg/detail/motor_command__rosidl_typesupport_introspection_c.h
[3.725s] -- Up-to-date: /home/ubuntu/denem/install/serial_motor_demo_msgs/include/serial_motor_demo_msgs/serial_motor_demo_msgs/msg/detail/encoder_vals__type_support.c
[3.726s] -- Up-to-date: /home/ubuntu/denem/install/serial_motor_demo_msgs/include/serial_motor_demo_msgs/serial_motor_demo_msgs/msg/detail/motor_vels__type_support.c
[3.727s] -- Up-to-date: /home/ubuntu/denem/install/serial_motor_demo_msgs/include/serial_motor_demo_msgs/serial_motor_demo_msgs/msg/detail/encoder_vals__rosidl_typesupport_introspection_c.h
[3.730s] -- Up-to-date: /home/ubuntu/denem/install/serial_motor_demo_msgs/include/serial_motor_demo_msgs/serial_motor_demo_msgs/msg/rosidl_typesupport_introspection_c__visibility_control.h
[3.731s] -- Up-to-date: /home/ubuntu/denem/install/serial_motor_demo_msgs/lib/libserial_motor_demo_msgs__rosidl_typesupport_introspection_c.so
[3.733s] -- Up-to-date: /home/ubuntu/denem/install/serial_motor_demo_msgs/lib/libserial_motor_demo_msgs__rosidl_typesupport_c.so
[3.734s] -- Up-to-date: /home/ubuntu/denem/install/serial_motor_demo_msgs/include/serial_motor_demo_msgs/serial_motor_demo_msgs
[3.734s] -- Up-to-date: /home/ubuntu/denem/install/serial_motor_demo_msgs/include/serial_motor_demo_msgs/serial_motor_demo_msgs/msg
[3.735s] -- Up-to-date: /home/ubuntu/denem/install/serial_motor_demo_msgs/include/serial_motor_demo_msgs/serial_motor_demo_msgs/msg/rosidl_generator_cpp__visibility_control.hpp
[3.736s] -- Up-to-date: /home/ubuntu/denem/install/serial_motor_demo_msgs/include/serial_motor_demo_msgs/serial_motor_demo_msgs/msg/encoder_vals.hpp
[3.737s] -- Up-to-date: /home/ubuntu/denem/install/serial_motor_demo_msgs/include/serial_motor_demo_msgs/serial_motor_demo_msgs/msg/motor_command.hpp
[3.738s] -- Up-to-date: /home/ubuntu/denem/install/serial_motor_demo_msgs/include/serial_motor_demo_msgs/serial_motor_demo_msgs/msg/motor_vels.hpp
[3.739s] -- Up-to-date: /home/ubuntu/denem/install/serial_motor_demo_msgs/include/serial_motor_demo_msgs/serial_motor_demo_msgs/msg/detail
[3.741s] -- Up-to-date: /home/ubuntu/denem/install/serial_motor_demo_msgs/include/serial_motor_demo_msgs/serial_motor_demo_msgs/msg/detail/motor_vels__builder.hpp
[3.743s] -- Up-to-date: /home/ubuntu/denem/install/serial_motor_demo_msgs/include/serial_motor_demo_msgs/serial_motor_demo_msgs/msg/detail/encoder_vals__type_support.hpp
[3.743s] -- Up-to-date: /home/ubuntu/denem/install/serial_motor_demo_msgs/include/serial_motor_demo_msgs/serial_motor_demo_msgs/msg/detail/motor_vels__traits.hpp
[3.744s] -- Up-to-date: /home/ubuntu/denem/install/serial_motor_demo_msgs/include/serial_motor_demo_msgs/serial_motor_demo_msgs/msg/detail/motor_command__type_support.hpp
[3.745s] -- Up-to-date: /home/ubuntu/denem/install/serial_motor_demo_msgs/include/serial_motor_demo_msgs/serial_motor_demo_msgs/msg/detail/motor_command__struct.hpp
[3.745s] -- Up-to-date: /home/ubuntu/denem/install/serial_motor_demo_msgs/include/serial_motor_demo_msgs/serial_motor_demo_msgs/msg/detail/motor_vels__type_support.hpp
[3.746s] -- Up-to-date: /home/ubuntu/denem/install/serial_motor_demo_msgs/include/serial_motor_demo_msgs/serial_motor_demo_msgs/msg/detail/motor_vels__struct.hpp
[3.746s] -- Up-to-date: /home/ubuntu/denem/install/serial_motor_demo_msgs/include/serial_motor_demo_msgs/serial_motor_demo_msgs/msg/detail/motor_command__builder.hpp
[3.747s] -- Up-to-date: /home/ubuntu/denem/install/serial_motor_demo_msgs/include/serial_motor_demo_msgs/serial_motor_demo_msgs/msg/detail/encoder_vals__traits.hpp
[3.748s] -- Up-to-date: /home/ubuntu/denem/install/serial_motor_demo_msgs/include/serial_motor_demo_msgs/serial_motor_demo_msgs/msg/detail/motor_command__traits.hpp
[3.748s] -- Up-to-date: /home/ubuntu/denem/install/serial_motor_demo_msgs/include/serial_motor_demo_msgs/serial_motor_demo_msgs/msg/detail/encoder_vals__builder.hpp
[3.750s] -- Up-to-date: /home/ubuntu/denem/install/serial_motor_demo_msgs/include/serial_motor_demo_msgs/serial_motor_demo_msgs/msg/detail/encoder_vals__struct.hpp
[3.750s] -- Up-to-date: /home/ubuntu/denem/install/serial_motor_demo_msgs/include/serial_motor_demo_msgs/serial_motor_demo_msgs
[3.751s] -- Up-to-date: /home/ubuntu/denem/install/serial_motor_demo_msgs/include/serial_motor_demo_msgs/serial_motor_demo_msgs/msg
[3.752s] -- Up-to-date: /home/ubuntu/denem/install/serial_motor_demo_msgs/include/serial_motor_demo_msgs/serial_motor_demo_msgs/msg/rosidl_typesupport_fastrtps_cpp__visibility_control.h
[3.753s] -- Up-to-date: /home/ubuntu/denem/install/serial_motor_demo_msgs/include/serial_motor_demo_msgs/serial_motor_demo_msgs/msg/detail
[3.754s] -- Up-to-date: /home/ubuntu/denem/install/serial_motor_demo_msgs/include/serial_motor_demo_msgs/serial_motor_demo_msgs/msg/detail/motor_command__rosidl_typesupport_fastrtps_cpp.hpp
[3.755s] -- Up-to-date: /home/ubuntu/denem/install/serial_motor_demo_msgs/include/serial_motor_demo_msgs/serial_motor_demo_msgs/msg/detail/motor_vels__rosidl_typesupport_fastrtps_cpp.hpp
[3.756s] -- Up-to-date: /home/ubuntu/denem/install/serial_motor_demo_msgs/include/serial_motor_demo_msgs/serial_motor_demo_msgs/msg/detail/encoder_vals__rosidl_typesupport_fastrtps_cpp.hpp
[3.757s] -- Up-to-date: /home/ubuntu/denem/install/serial_motor_demo_msgs/include/serial_motor_demo_msgs/serial_motor_demo_msgs/msg/detail/dds_fastrtps
[3.758s] -- Up-to-date: /home/ubuntu/denem/install/serial_motor_demo_msgs/lib/libserial_motor_demo_msgs__rosidl_typesupport_fastrtps_cpp.so
[3.759s] -- Up-to-date: /home/ubuntu/denem/install/serial_motor_demo_msgs/include/serial_motor_demo_msgs/serial_motor_demo_msgs
[3.759s] -- Up-to-date: /home/ubuntu/denem/install/serial_motor_demo_msgs/include/serial_motor_demo_msgs/serial_motor_demo_msgs/msg
[3.760s] -- Up-to-date: /home/ubuntu/denem/install/serial_motor_demo_msgs/include/serial_motor_demo_msgs/serial_motor_demo_msgs/msg/detail
[3.761s] -- Up-to-date: /home/ubuntu/denem/install/serial_motor_demo_msgs/include/serial_motor_demo_msgs/serial_motor_demo_msgs/msg/detail/encoder_vals__rosidl_typesupport_introspection_cpp.hpp
[3.761s] -- Up-to-date: /home/ubuntu/denem/install/serial_motor_demo_msgs/include/serial_motor_demo_msgs/serial_motor_demo_msgs/msg/detail/motor_command__type_support.cpp
[3.762s] -- Up-to-date: /home/ubuntu/denem/install/serial_motor_demo_msgs/include/serial_motor_demo_msgs/serial_motor_demo_msgs/msg/detail/motor_command__rosidl_typesupport_introspection_cpp.hpp
[3.762s] -- Up-to-date: /home/ubuntu/denem/install/serial_motor_demo_msgs/include/serial_motor_demo_msgs/serial_motor_demo_msgs/msg/detail/motor_vels__type_support.cpp
[3.763s] -- Up-to-date: /home/ubuntu/denem/install/serial_motor_demo_msgs/include/serial_motor_demo_msgs/serial_motor_demo_msgs/msg/detail/encoder_vals__type_support.cpp
[3.764s] -- Up-to-date: /home/ubuntu/denem/install/serial_motor_demo_msgs/include/serial_motor_demo_msgs/serial_motor_demo_msgs/msg/detail/motor_vels__rosidl_typesupport_introspection_cpp.hpp
[3.764s] -- Up-to-date: /home/ubuntu/denem/install/serial_motor_demo_msgs/lib/libserial_motor_demo_msgs__rosidl_typesupport_introspection_cpp.so
[3.765s] -- Up-to-date: /home/ubuntu/denem/install/serial_motor_demo_msgs/lib/libserial_motor_demo_msgs__rosidl_typesupport_cpp.so
[3.766s] -- Up-to-date: /home/ubuntu/denem/install/serial_motor_demo_msgs/share/serial_motor_demo_msgs/environment/pythonpath.sh
[3.766s] -- Up-to-date: /home/ubuntu/denem/install/serial_motor_demo_msgs/share/serial_motor_demo_msgs/environment/pythonpath.dsv
[3.767s] -- Up-to-date: /home/ubuntu/denem/install/serial_motor_demo_msgs/local/lib/python3.10/dist-packages/serial_motor_demo_msgs-0.0.0-py3.10.egg-info
[3.770s] -- Installing: /home/ubuntu/denem/install/serial_motor_demo_msgs/local/lib/python3.10/dist-packages/serial_motor_demo_msgs-0.0.0-py3.10.egg-info/PKG-INFO
[3.771s] -- Installing: /home/ubuntu/denem/install/serial_motor_demo_msgs/local/lib/python3.10/dist-packages/serial_motor_demo_msgs-0.0.0-py3.10.egg-info/top_level.txt
[3.772s] -- Installing: /home/ubuntu/denem/install/serial_motor_demo_msgs/local/lib/python3.10/dist-packages/serial_motor_demo_msgs-0.0.0-py3.10.egg-info/dependency_links.txt
[3.774s] -- Installing: /home/ubuntu/denem/install/serial_motor_demo_msgs/local/lib/python3.10/dist-packages/serial_motor_demo_msgs-0.0.0-py3.10.egg-info/SOURCES.txt
[3.776s] -- Up-to-date: /home/ubuntu/denem/install/serial_motor_demo_msgs/local/lib/python3.10/dist-packages/serial_motor_demo_msgs
[3.778s] -- Up-to-date: /home/ubuntu/denem/install/serial_motor_demo_msgs/local/lib/python3.10/dist-packages/serial_motor_demo_msgs/_serial_motor_demo_msgs_s.ep.rosidl_typesupport_c.c
[3.779s] -- Up-to-date: /home/ubuntu/denem/install/serial_motor_demo_msgs/local/lib/python3.10/dist-packages/serial_motor_demo_msgs/msg
[3.780s] -- Up-to-date: /home/ubuntu/denem/install/serial_motor_demo_msgs/local/lib/python3.10/dist-packages/serial_motor_demo_msgs/msg/_encoder_vals.py
[3.780s] -- Up-to-date: /home/ubuntu/denem/install/serial_motor_demo_msgs/local/lib/python3.10/dist-packages/serial_motor_demo_msgs/msg/__init__.py
[3.781s] -- Up-to-date: /home/ubuntu/denem/install/serial_motor_demo_msgs/local/lib/python3.10/dist-packages/serial_motor_demo_msgs/msg/_motor_command.py
[3.782s] -- Up-to-date: /home/ubuntu/denem/install/serial_motor_demo_msgs/local/lib/python3.10/dist-packages/serial_motor_demo_msgs/msg/_motor_vels_s.c
[3.782s] -- Up-to-date: /home/ubuntu/denem/install/serial_motor_demo_msgs/local/lib/python3.10/dist-packages/serial_motor_demo_msgs/msg/_encoder_vals_s.c
[3.783s] -- Up-to-date: /home/ubuntu/denem/install/serial_motor_demo_msgs/local/lib/python3.10/dist-packages/serial_motor_demo_msgs/msg/_motor_vels.py
[3.783s] -- Up-to-date: /home/ubuntu/denem/install/serial_motor_demo_msgs/local/lib/python3.10/dist-packages/serial_motor_demo_msgs/msg/_motor_command_s.c
[3.784s] -- Up-to-date: /home/ubuntu/denem/install/serial_motor_demo_msgs/local/lib/python3.10/dist-packages/serial_motor_demo_msgs/_serial_motor_demo_msgs_s.ep.rosidl_typesupport_fastrtps_c.c
[3.785s] -- Up-to-date: /home/ubuntu/denem/install/serial_motor_demo_msgs/local/lib/python3.10/dist-packages/serial_motor_demo_msgs/_serial_motor_demo_msgs_s.ep.rosidl_typesupport_introspection_c.c
[3.785s] -- Up-to-date: /home/ubuntu/denem/install/serial_motor_demo_msgs/local/lib/python3.10/dist-packages/serial_motor_demo_msgs/serial_motor_demo_msgs_s__rosidl_typesupport_introspection_c.cpython-310-aarch64-linux-gnu.so
[3.786s] -- Up-to-date: /home/ubuntu/denem/install/serial_motor_demo_msgs/local/lib/python3.10/dist-packages/serial_motor_demo_msgs/serial_motor_demo_msgs_s__rosidl_typesupport_c.cpython-310-aarch64-linux-gnu.so
[3.787s] -- Up-to-date: /home/ubuntu/denem/install/serial_motor_demo_msgs/local/lib/python3.10/dist-packages/serial_motor_demo_msgs/__init__.py
[3.787s] -- Up-to-date: /home/ubuntu/denem/install/serial_motor_demo_msgs/local/lib/python3.10/dist-packages/serial_motor_demo_msgs/serial_motor_demo_msgs_s__rosidl_typesupport_fastrtps_c.cpython-310-aarch64-linux-gnu.so
[3.788s] -- Up-to-date: /home/ubuntu/denem/install/serial_motor_demo_msgs/local/lib/python3.10/dist-packages/serial_motor_demo_msgs/libserial_motor_demo_msgs__rosidl_generator_py.so
[4.056s] Listing '/home/ubuntu/denem/install/serial_motor_demo_msgs/local/lib/python3.10/dist-packages/serial_motor_demo_msgs'...
[4.058s] Listing '/home/ubuntu/denem/install/serial_motor_demo_msgs/local/lib/python3.10/dist-packages/serial_motor_demo_msgs/msg'...
[4.093s] -- Up-to-date: /home/ubuntu/denem/install/serial_motor_demo_msgs/local/lib/python3.10/dist-packages/serial_motor_demo_msgs/serial_motor_demo_msgs_s__rosidl_typesupport_fastrtps_c.cpython-310-aarch64-linux-gnu.so
[4.100s] -- Up-to-date: /home/ubuntu/denem/install/serial_motor_demo_msgs/local/lib/python3.10/dist-packages/serial_motor_demo_msgs/serial_motor_demo_msgs_s__rosidl_typesupport_introspection_c.cpython-310-aarch64-linux-gnu.so
[4.104s] -- Up-to-date: /home/ubuntu/denem/install/serial_motor_demo_msgs/local/lib/python3.10/dist-packages/serial_motor_demo_msgs/serial_motor_demo_msgs_s__rosidl_typesupport_c.cpython-310-aarch64-linux-gnu.so
[4.116s] -- Up-to-date: /home/ubuntu/denem/install/serial_motor_demo_msgs/lib/libserial_motor_demo_msgs__rosidl_generator_py.so
[4.117s] -- Up-to-date: /home/ubuntu/denem/install/serial_motor_demo_msgs/share/serial_motor_demo_msgs/msg/MotorCommand.idl
[4.118s] -- Up-to-date: /home/ubuntu/denem/install/serial_motor_demo_msgs/share/serial_motor_demo_msgs/msg/MotorVels.idl
[4.118s] -- Up-to-date: /home/ubuntu/denem/install/serial_motor_demo_msgs/share/serial_motor_demo_msgs/msg/EncoderVals.idl
[4.119s] -- Up-to-date: /home/ubuntu/denem/install/serial_motor_demo_msgs/share/serial_motor_demo_msgs/msg/MotorCommand.msg
[4.120s] -- Up-to-date: /home/ubuntu/denem/install/serial_motor_demo_msgs/share/serial_motor_demo_msgs/msg/MotorVels.msg
[4.121s] -- Up-to-date: /home/ubuntu/denem/install/serial_motor_demo_msgs/share/serial_motor_demo_msgs/msg/EncoderVals.msg
[4.122s] -- Up-to-date: /home/ubuntu/denem/install/serial_motor_demo_msgs/share/ament_index/resource_index/package_run_dependencies/serial_motor_demo_msgs
[4.122s] -- Up-to-date: /home/ubuntu/denem/install/serial_motor_demo_msgs/share/ament_index/resource_index/parent_prefix_path/serial_motor_demo_msgs
[4.123s] -- Up-to-date: /home/ubuntu/denem/install/serial_motor_demo_msgs/share/serial_motor_demo_msgs/environment/ament_prefix_path.sh
[4.123s] -- Up-to-date: /home/ubuntu/denem/install/serial_motor_demo_msgs/share/serial_motor_demo_msgs/environment/ament_prefix_path.dsv
[4.124s] -- Up-to-date: /home/ubuntu/denem/install/serial_motor_demo_msgs/share/serial_motor_demo_msgs/environment/path.sh
[4.125s] -- Up-to-date: /home/ubuntu/denem/install/serial_motor_demo_msgs/share/serial_motor_demo_msgs/environment/path.dsv
[4.125s] -- Up-to-date: /home/ubuntu/denem/install/serial_motor_demo_msgs/share/serial_motor_demo_msgs/local_setup.bash
[4.129s] -- Up-to-date: /home/ubuntu/denem/install/serial_motor_demo_msgs/share/serial_motor_demo_msgs/local_setup.sh
[4.129s] -- Up-to-date: /home/ubuntu/denem/install/serial_motor_demo_msgs/share/serial_motor_demo_msgs/local_setup.zsh
[4.130s] -- Up-to-date: /home/ubuntu/denem/install/serial_motor_demo_msgs/share/serial_motor_demo_msgs/local_setup.dsv
[4.131s] -- Installing: /home/ubuntu/denem/install/serial_motor_demo_msgs/share/serial_motor_demo_msgs/package.dsv
[4.132s] -- Up-to-date: /home/ubuntu/denem/install/serial_motor_demo_msgs/share/ament_index/resource_index/packages/serial_motor_demo_msgs
[4.132s] -- Up-to-date: /home/ubuntu/denem/install/serial_motor_demo_msgs/share/serial_motor_demo_msgs/cmake/export_serial_motor_demo_msgs__rosidl_generator_cExport.cmake
[4.133s] -- Up-to-date: /home/ubuntu/denem/install/serial_motor_demo_msgs/share/serial_motor_demo_msgs/cmake/export_serial_motor_demo_msgs__rosidl_generator_cExport-noconfig.cmake
[4.133s] -- Up-to-date: /home/ubuntu/denem/install/serial_motor_demo_msgs/share/serial_motor_demo_msgs/cmake/export_serial_motor_demo_msgs__rosidl_typesupport_fastrtps_cExport.cmake
[4.135s] -- Up-to-date: /home/ubuntu/denem/install/serial_motor_demo_msgs/share/serial_motor_demo_msgs/cmake/export_serial_motor_demo_msgs__rosidl_typesupport_fastrtps_cExport-noconfig.cmake
[4.135s] -- Up-to-date: /home/ubuntu/denem/install/serial_motor_demo_msgs/share/serial_motor_demo_msgs/cmake/serial_motor_demo_msgs__rosidl_typesupport_introspection_cExport.cmake
[4.136s] -- Up-to-date: /home/ubuntu/denem/install/serial_motor_demo_msgs/share/serial_motor_demo_msgs/cmake/serial_motor_demo_msgs__rosidl_typesupport_introspection_cExport-noconfig.cmake
[4.140s] -- Up-to-date: /home/ubuntu/denem/install/serial_motor_demo_msgs/share/serial_motor_demo_msgs/cmake/serial_motor_demo_msgs__rosidl_typesupport_cExport.cmake
[4.141s] -- Up-to-date: /home/ubuntu/denem/install/serial_motor_demo_msgs/share/serial_motor_demo_msgs/cmake/serial_motor_demo_msgs__rosidl_typesupport_cExport-noconfig.cmake
[4.141s] -- Up-to-date: /home/ubuntu/denem/install/serial_motor_demo_msgs/share/serial_motor_demo_msgs/cmake/export_serial_motor_demo_msgs__rosidl_generator_cppExport.cmake
[4.143s] -- Up-to-date: /home/ubuntu/denem/install/serial_motor_demo_msgs/share/serial_motor_demo_msgs/cmake/export_serial_motor_demo_msgs__rosidl_typesupport_fastrtps_cppExport.cmake
[4.144s] -- Up-to-date: /home/ubuntu/denem/install/serial_motor_demo_msgs/share/serial_motor_demo_msgs/cmake/export_serial_motor_demo_msgs__rosidl_typesupport_fastrtps_cppExport-noconfig.cmake
[4.146s] -- Up-to-date: /home/ubuntu/denem/install/serial_motor_demo_msgs/share/serial_motor_demo_msgs/cmake/serial_motor_demo_msgs__rosidl_typesupport_introspection_cppExport.cmake
[4.147s] -- Up-to-date: /home/ubuntu/denem/install/serial_motor_demo_msgs/share/serial_motor_demo_msgs/cmake/serial_motor_demo_msgs__rosidl_typesupport_introspection_cppExport-noconfig.cmake
[4.149s] -- Up-to-date: /home/ubuntu/denem/install/serial_motor_demo_msgs/share/serial_motor_demo_msgs/cmake/serial_motor_demo_msgs__rosidl_typesupport_cppExport.cmake
[4.150s] -- Up-to-date: /home/ubuntu/denem/install/serial_motor_demo_msgs/share/serial_motor_demo_msgs/cmake/serial_motor_demo_msgs__rosidl_typesupport_cppExport-noconfig.cmake
[4.152s] -- Up-to-date: /home/ubuntu/denem/install/serial_motor_demo_msgs/share/serial_motor_demo_msgs/cmake/export_serial_motor_demo_msgs__rosidl_generator_pyExport.cmake
[4.153s] -- Up-to-date: /home/ubuntu/denem/install/serial_motor_demo_msgs/share/serial_motor_demo_msgs/cmake/export_serial_motor_demo_msgs__rosidl_generator_pyExport-noconfig.cmake
[4.155s] -- Up-to-date: /home/ubuntu/denem/install/serial_motor_demo_msgs/share/serial_motor_demo_msgs/cmake/rosidl_cmake-extras.cmake
[4.156s] -- Up-to-date: /home/ubuntu/denem/install/serial_motor_demo_msgs/share/serial_motor_demo_msgs/cmake/ament_cmake_export_include_directories-extras.cmake
[4.157s] -- Up-to-date: /home/ubuntu/denem/install/serial_motor_demo_msgs/share/serial_motor_demo_msgs/cmake/ament_cmake_export_libraries-extras.cmake
[4.158s] -- Up-to-date: /home/ubuntu/denem/install/serial_motor_demo_msgs/share/serial_motor_demo_msgs/cmake/ament_cmake_export_targets-extras.cmake
[4.158s] -- Up-to-date: /home/ubuntu/denem/install/serial_motor_demo_msgs/share/serial_motor_demo_msgs/cmake/rosidl_cmake_export_typesupport_targets-extras.cmake
[4.162s] -- Up-to-date: /home/ubuntu/denem/install/serial_motor_demo_msgs/share/serial_motor_demo_msgs/cmake/ament_cmake_export_dependencies-extras.cmake
[4.163s] -- Up-to-date: /home/ubuntu/denem/install/serial_motor_demo_msgs/share/serial_motor_demo_msgs/cmake/rosidl_cmake_export_typesupport_libraries-extras.cmake
[4.164s] -- Up-to-date: /home/ubuntu/denem/install/serial_motor_demo_msgs/share/serial_motor_demo_msgs/cmake/serial_motor_demo_msgsConfig.cmake
[4.175s] -- Up-to-date: /home/ubuntu/denem/install/serial_motor_demo_msgs/share/serial_motor_demo_msgs/cmake/serial_motor_demo_msgsConfig-version.cmake
[4.176s] -- Up-to-date: /home/ubuntu/denem/install/serial_motor_demo_msgs/share/serial_motor_demo_msgs/package.xml
[4.176s] Invoked command in '/home/ubuntu/denem/build/serial_motor_demo_msgs' returned '0': CMAKE_PREFIX_PATH=${CMAKE_PREFIX_PATH}:/home/ubuntu/denem/install/serial_motor_demo:/opt/ros/humble /usr/bin/cmake --install /home/ubuntu/denem/build/serial_motor_demo_msgs
