[0.070s] Invoking command in '/home/ubuntu/denem/build/ros2_mpu6050': CMAKE_PREFIX_PATH=${CMAKE_PREFIX_PATH}:/home/ubuntu/denem/install/serial_motor_demo:/opt/ros/humble /usr/bin/cmake /home/ubuntu/denem/imu -DCMAKE_INSTALL_PREFIX=/home/ubuntu/denem/install/ros2_mpu6050
[0.540s] -- The C compiler identification is GNU 11.4.0
[0.890s] -- The CXX compiler identification is GNU 11.4.0
[0.922s] -- Detecting C compiler ABI info
[1.278s] -- Detecting C compiler ABI info - done
[1.303s] -- Check for working C compiler: /usr/bin/cc - skipped
[1.304s] -- Detecting C compile features
[1.306s] -- Detecting C compile features - done
[1.318s] -- Detecting CXX compiler ABI info
[1.720s] -- Detecting CXX compiler ABI info - done
[1.746s] -- Check for working CXX compiler: /usr/bin/c++ - skipped
[1.747s] -- Detecting CXX compile features
[1.748s] -- Detecting CXX compile features - done
[1.795s] -- Found ament_cmake: 1.3.12 (/opt/ros/humble/share/ament_cmake/cmake)
[2.688s] -- Found Python3: /usr/bin/python3 (found version "3.10.12") found components: Interpreter 
[3.516s] -- Found rclcpp: 16.0.14 (/opt/ros/humble/share/rclcpp/cmake)
[4.062s] -- Found rosidl_generator_c: 3.1.7 (/opt/ros/humble/share/rosidl_generator_c/cmake)
[4.143s] -- Found rosidl_adapter: 3.1.7 (/opt/ros/humble/share/rosidl_adapter/cmake)
[4.236s] -- Found rosidl_generator_cpp: 3.1.7 (/opt/ros/humble/share/rosidl_generator_cpp/cmake)
[4.348s] -- Using all available rosidl_typesupport_c: rosidl_typesupport_fastrtps_c;rosidl_typesupport_introspection_c
[4.508s] -- Using all available rosidl_typesupport_cpp: rosidl_typesupport_fastrtps_cpp;rosidl_typesupport_introspection_cpp
[4.964s] -- Found rmw_implementation_cmake: 6.1.2 (/opt/ros/humble/share/rmw_implementation_cmake/cmake)
[5.006s] -- Found rmw_fastrtps_cpp: 6.2.8 (/opt/ros/humble/share/rmw_fastrtps_cpp/cmake)
[5.724s] -- Found OpenSSL: /usr/lib/aarch64-linux-gnu/libcrypto.so (found version "3.0.2")  
[6.039s] -- Found FastRTPS: /opt/ros/humble/include  
[6.562s] -- Using RMW implementation 'rmw_fastrtps_cpp' as default
[6.698s] -- Looking for pthread.h
[7.067s] -- Looking for pthread.h - found
[7.069s] -- Performing Test CMAKE_HAVE_LIBC_PTHREAD
[7.440s] -- Performing Test CMAKE_HAVE_LIBC_PTHREAD - Success
[7.444s] -- Found Threads: TRUE  
[7.833s] -- Found sensor_msgs: 4.9.0 (/opt/ros/humble/share/sensor_msgs/cmake)
[8.368s] -- Configuring done
[8.433s] -- Generating done
[8.454s] -- Build files have been written to: /home/ubuntu/denem/build/ros2_mpu6050
[8.497s] Invoked command in '/home/ubuntu/denem/build/ros2_mpu6050' returned '0': CMAKE_PREFIX_PATH=${CMAKE_PREFIX_PATH}:/home/ubuntu/denem/install/serial_motor_demo:/opt/ros/humble /usr/bin/cmake /home/ubuntu/denem/imu -DCMAKE_INSTALL_PREFIX=/home/ubuntu/denem/install/ros2_mpu6050
[8.507s] Invoking command in '/home/ubuntu/denem/build/ros2_mpu6050': CMAKE_PREFIX_PATH=${CMAKE_PREFIX_PATH}:/home/ubuntu/denem/install/serial_motor_demo:/opt/ros/humble /usr/bin/cmake --build /home/ubuntu/denem/build/ros2_mpu6050 -- -j4 -l4
[8.739s] [ 12%] [32mBuilding CXX object CMakeFiles/ros2_mpu6050_calibrate.dir/src/mpu6050.cpp.o[0m
[8.748s] [ 25%] [32mBuilding CXX object CMakeFiles/ros2_mpu6050.dir/src/mpu6050.cpp.o[0m
[8.757s] [ 37%] [32mBuilding CXX object CMakeFiles/ros2_mpu6050.dir/src/mpu6050_hal.cpp.o[0m
[8.779s] [ 50%] [32mBuilding CXX object CMakeFiles/ros2_mpu6050_calibrate.dir/src/mpu6050_hal.cpp.o[0m
[10.323s] [ 62%] [32mBuilding CXX object CMakeFiles/ros2_mpu6050.dir/src/mpu6050_node.cpp.o[0m
[11.385s] [ 75%] [32mBuilding CXX object CMakeFiles/ros2_mpu6050_calibrate.dir/src/mpu6050_calibrate.cpp.o[0m
[14.838s] [ 87%] [32m[1mLinking CXX executable ros2_mpu6050_calibrate[0m
[15.232s] [ 87%] Built target ros2_mpu6050_calibrate
[33.890s] [100%] [32m[1mLinking CXX executable ros2_mpu6050[0m
[34.963s] [100%] Built target ros2_mpu6050
[35.009s] Invoked command in '/home/ubuntu/denem/build/ros2_mpu6050' returned '0': CMAKE_PREFIX_PATH=${CMAKE_PREFIX_PATH}:/home/ubuntu/denem/install/serial_motor_demo:/opt/ros/humble /usr/bin/cmake --build /home/ubuntu/denem/build/ros2_mpu6050 -- -j4 -l4
[35.056s] Invoking command in '/home/ubuntu/denem/build/ros2_mpu6050': CMAKE_PREFIX_PATH=${CMAKE_PREFIX_PATH}:/home/ubuntu/denem/install/serial_motor_demo:/opt/ros/humble /usr/bin/cmake --install /home/ubuntu/denem/build/ros2_mpu6050
[35.086s] -- Install configuration: ""
[35.087s] -- Installing: /home/ubuntu/denem/install/ros2_mpu6050/include/include
[35.088s] -- Installing: /home/ubuntu/denem/install/ros2_mpu6050/include/include/ros2_mpu6050
[35.088s] -- Installing: /home/ubuntu/denem/install/ros2_mpu6050/include/include/ros2_mpu6050/mpu6050.h
[35.089s] -- Installing: /home/ubuntu/denem/install/ros2_mpu6050/include/include/ros2_mpu6050/mpu6050_hal.h
[35.090s] -- Installing: /home/ubuntu/denem/install/ros2_mpu6050/include/include/ros2_mpu6050/mpu6050_node.h
[35.092s] -- Installing: /home/ubuntu/denem/install/ros2_mpu6050/lib/ros2_mpu6050/ros2_mpu6050
[35.102s] -- Set runtime path of "/home/ubuntu/denem/install/ros2_mpu6050/lib/ros2_mpu6050/ros2_mpu6050" to ""
[35.103s] -- Installing: /home/ubuntu/denem/install/ros2_mpu6050/lib/ros2_mpu6050/ros2_mpu6050_calibrate
[35.104s] -- Installing: /home/ubuntu/denem/install/ros2_mpu6050/share/ros2_mpu6050/config
[35.105s] -- Installing: /home/ubuntu/denem/install/ros2_mpu6050/share/ros2_mpu6050/config/params.yaml
[35.107s] -- Installing: /home/ubuntu/denem/install/ros2_mpu6050/share/ros2_mpu6050/launch
[35.110s] -- Installing: /home/ubuntu/denem/install/ros2_mpu6050/share/ros2_mpu6050/launch/ros2_mpu6050.launch.py
[35.112s] -- Installing: /home/ubuntu/denem/install/ros2_mpu6050/share/ament_index/resource_index/package_run_dependencies/ros2_mpu6050
[35.114s] -- Installing: /home/ubuntu/denem/install/ros2_mpu6050/share/ament_index/resource_index/parent_prefix_path/ros2_mpu6050
[35.116s] -- Installing: /home/ubuntu/denem/install/ros2_mpu6050/share/ros2_mpu6050/environment/ament_prefix_path.sh
[35.118s] -- Installing: /home/ubuntu/denem/install/ros2_mpu6050/share/ros2_mpu6050/environment/ament_prefix_path.dsv
[35.119s] -- Installing: /home/ubuntu/denem/install/ros2_mpu6050/share/ros2_mpu6050/environment/path.sh
[35.120s] -- Installing: /home/ubuntu/denem/install/ros2_mpu6050/share/ros2_mpu6050/environment/path.dsv
[35.122s] -- Installing: /home/ubuntu/denem/install/ros2_mpu6050/share/ros2_mpu6050/local_setup.bash
[35.123s] -- Installing: /home/ubuntu/denem/install/ros2_mpu6050/share/ros2_mpu6050/local_setup.sh
[35.124s] -- Installing: /home/ubuntu/denem/install/ros2_mpu6050/share/ros2_mpu6050/local_setup.zsh
[35.126s] -- Installing: /home/ubuntu/denem/install/ros2_mpu6050/share/ros2_mpu6050/local_setup.dsv
[35.127s] -- Installing: /home/ubuntu/denem/install/ros2_mpu6050/share/ros2_mpu6050/package.dsv
[35.129s] -- Installing: /home/ubuntu/denem/install/ros2_mpu6050/share/ament_index/resource_index/packages/ros2_mpu6050
[35.130s] -- Installing: /home/ubuntu/denem/install/ros2_mpu6050/share/ros2_mpu6050/cmake/ros2_mpu6050Config.cmake
[35.131s] -- Installing: /home/ubuntu/denem/install/ros2_mpu6050/share/ros2_mpu6050/cmake/ros2_mpu6050Config-version.cmake
[35.133s] -- Installing: /home/ubuntu/denem/install/ros2_mpu6050/share/ros2_mpu6050/package.xml
[35.140s] Invoked command in '/home/ubuntu/denem/build/ros2_mpu6050' returned '0': CMAKE_PREFIX_PATH=${CMAKE_PREFIX_PATH}:/home/ubuntu/denem/install/serial_motor_demo:/opt/ros/humble /usr/bin/cmake --install /home/ubuntu/denem/build/ros2_mpu6050
