[0.063s] Invoking command in '/home/ubuntu/denem/build/diffdrive_arduino': CMAKE_PREFIX_PATH=${CMAKE_PREFIX_PATH}:/home/ubuntu/denem/install/serial_motor_demo:/opt/ros/humble /usr/bin/cmake --build /home/ubuntu/denem/build/diffdrive_arduino -- -j4 -l4
[0.179s] -- Found ament_cmake: 1.3.12 (/opt/ros/humble/share/ament_cmake/cmake)
[0.782s] -- Override CMake install command with custom implementation using symlinks instead of copying resources
[0.818s] -- Found hardware_interface: 2.51.0 (/opt/ros/humble/share/hardware_interface/cmake)
[0.999s] -- Found rosidl_generator_c: 3.1.7 (/opt/ros/humble/share/rosidl_generator_c/cmake)
[1.011s] -- Found rosidl_adapter: 3.1.7 (/opt/ros/humble/share/rosidl_adapter/cmake)
[1.036s] -- Found rosidl_generator_cpp: 3.1.7 (/opt/ros/humble/share/rosidl_generator_cpp/cmake)
[1.076s] -- Using all available rosidl_typesupport_c: rosidl_typesupport_fastrtps_c;rosidl_typesupport_introspection_c
[1.128s] -- Using all available rosidl_typesupport_cpp: rosidl_typesupport_fastrtps_cpp;rosidl_typesupport_introspection_cpp
[1.978s] -- Found rmw_implementation_cmake: 6.1.2 (/opt/ros/humble/share/rmw_implementation_cmake/cmake)
[1.985s] -- Found rmw_fastrtps_cpp: 6.2.8 (/opt/ros/humble/share/rmw_fastrtps_cpp/cmake)
[2.060s] -- Found TinyXML2 via Config file: TinyXML2_DIR-NOTFOUND
[2.095s] -- Found TinyXML2 via Config file: TinyXML2_DIR-NOTFOUND
[2.189s] -- Found TinyXML2 via Config file: TinyXML2_DIR-NOTFOUND
[2.224s] -- Found TinyXML2 via Config file: TinyXML2_DIR-NOTFOUND
[2.264s] -- Using RMW implementation 'rmw_fastrtps_cpp' as default
[2.436s] -- Found nav_msgs: 4.9.0 (/opt/ros/humble/share/nav_msgs/cmake)
[2.504s] -- Found std_srvs: 4.9.0 (/opt/ros/humble/share/std_srvs/cmake)
[2.600s] -- Found ament_cmake_gtest: 1.3.12 (/opt/ros/humble/share/ament_cmake_gtest/cmake)
[2.947s] -- Configuring done
[3.152s] -- Generating done
[3.193s] -- Build files have been written to: /home/ubuntu/denem/build/diffdrive_arduino
[3.330s] [35m[1mConsolidate compiler generated dependencies of target diffdrive_arduino[0m
[3.333s] [35m[1mConsolidate compiler generated dependencies of target obstacle_buzzer_controller[0m
[3.345s] [35m[1mConsolidate compiler generated dependencies of target buzzer_bridge[0m
[3.427s] [ 12%] [32mBuilding CXX object CMakeFiles/test_buzzer.dir/src/test_buzzer.cpp.o[0m
[3.456s] [ 25%] [32mBuilding CXX object CMakeFiles/diffdrive_arduino.dir/hardware/diffbot_system.cpp.o[0m
[3.511s] [ 50%] Built target obstacle_buzzer_controller
[3.518s] [ 62%] [32mBuilding CXX object CMakeFiles/buzzer_bridge.dir/src/buzzer_bridge.cpp.o[0m
[23.677s] [ 75%] [32m[1mLinking CXX shared library libdiffdrive_arduino.so[0m
[25.033s] [ 75%] Built target diffdrive_arduino
[28.192s] [ 87%] [32m[1mLinking CXX executable test_buzzer[0m
[29.178s] [ 87%] Built target test_buzzer
[44.415s] [100%] [32m[1mLinking CXX executable buzzer_bridge[0m
[46.250s] [100%] Built target buzzer_bridge
[46.295s] Invoked command in '/home/ubuntu/denem/build/diffdrive_arduino' returned '0': CMAKE_PREFIX_PATH=${CMAKE_PREFIX_PATH}:/home/ubuntu/denem/install/serial_motor_demo:/opt/ros/humble /usr/bin/cmake --build /home/ubuntu/denem/build/diffdrive_arduino -- -j4 -l4
[46.343s] Invoking command in '/home/ubuntu/denem/build/diffdrive_arduino': CMAKE_PREFIX_PATH=${CMAKE_PREFIX_PATH}:/home/ubuntu/denem/install/serial_motor_demo:/opt/ros/humble /usr/bin/cmake --install /home/ubuntu/denem/build/diffdrive_arduino
[46.375s] -- Install configuration: ""
[46.377s] -- Execute custom install script
[46.378s] -- Up-to-date symlink: /home/ubuntu/denem/install/diffdrive_arduino/share/diffdrive_arduino//diffdrive_arduino.xml
[46.380s] -- Up-to-date symlink: /home/ubuntu/denem/install/diffdrive_arduino/include/diffdrive_arduino/diffdrive_arduino/arduino_comms.hpp
[46.381s] -- Up-to-date symlink: /home/ubuntu/denem/install/diffdrive_arduino/include/diffdrive_arduino/diffdrive_arduino/diffbot_system.hpp
[46.382s] -- Up-to-date symlink: /home/ubuntu/denem/install/diffdrive_arduino/include/diffdrive_arduino/diffdrive_arduino/visibility_control.h
[46.382s] -- Up-to-date symlink: /home/ubuntu/denem/install/diffdrive_arduino/include/diffdrive_arduino/diffdrive_arduino/wheel.hpp
[46.386s] [33mCMake Warning (dev) at ament_cmake_symlink_install/ament_cmake_symlink_install.cmake:62 (file):
[46.387s]   Policy CMP0009 is not set: FILE GLOB_RECURSE calls should not follow
[46.387s]   symlinks by default.  Run "cmake --help-policy CMP0009" for policy details.
[46.388s]   Use the cmake_policy command to set the policy and suppress this warning.
[46.388s] Call Stack (most recent call first):
[46.388s]   ament_cmake_symlink_install/ament_cmake_symlink_install.cmake:320 (ament_cmake_symlink_install_directory)
[46.389s]   cmake_install.cmake:46 (include)
[46.389s] This warning is for project developers.  Use -Wno-dev to suppress it.
[46.389s] [0m
[46.390s] -- Symlinking: /home/ubuntu/denem/install/diffdrive_arduino/share/diffdrive_arduino/launch/build/.built_by
[46.424s] -- Symlinking: /home/ubuntu/denem/install/diffdrive_arduino/share/diffdrive_arduino/launch/build/COLCON_IGNORE
[46.461s] -- Symlinking: /home/ubuntu/denem/install/diffdrive_arduino/share/diffdrive_arduino/launch/install/.colcon_install_layout
[46.497s] -- Symlinking: /home/ubuntu/denem/install/diffdrive_arduino/share/diffdrive_arduino/launch/install/COLCON_IGNORE
[46.535s] -- Symlinking: /home/ubuntu/denem/install/diffdrive_arduino/share/diffdrive_arduino/launch/install/_local_setup_util_ps1.py
[46.572s] -- Symlinking: /home/ubuntu/denem/install/diffdrive_arduino/share/diffdrive_arduino/launch/install/_local_setup_util_sh.py
[46.609s] -- Symlinking: /home/ubuntu/denem/install/diffdrive_arduino/share/diffdrive_arduino/launch/install/local_setup.bash
[46.646s] -- Symlinking: /home/ubuntu/denem/install/diffdrive_arduino/share/diffdrive_arduino/launch/install/local_setup.ps1
[46.683s] -- Symlinking: /home/ubuntu/denem/install/diffdrive_arduino/share/diffdrive_arduino/launch/install/local_setup.sh
[46.720s] -- Symlinking: /home/ubuntu/denem/install/diffdrive_arduino/share/diffdrive_arduino/launch/install/local_setup.zsh
[46.756s] -- Symlinking: /home/ubuntu/denem/install/diffdrive_arduino/share/diffdrive_arduino/launch/install/setup.bash
[46.794s] -- Symlinking: /home/ubuntu/denem/install/diffdrive_arduino/share/diffdrive_arduino/launch/install/setup.ps1
[46.832s] -- Symlinking: /home/ubuntu/denem/install/diffdrive_arduino/share/diffdrive_arduino/launch/install/setup.sh
[46.869s] -- Symlinking: /home/ubuntu/denem/install/diffdrive_arduino/share/diffdrive_arduino/launch/install/setup.zsh
[46.906s] -- Symlinking: /home/ubuntu/denem/install/diffdrive_arduino/share/diffdrive_arduino/launch/log/COLCON_IGNORE
[46.943s] -- Up-to-date symlink: /home/ubuntu/denem/install/diffdrive_arduino/share/diffdrive_arduino/launch/log/build_2025-05-30_20-05-45/events.log
[46.944s] -- Up-to-date symlink: /home/ubuntu/denem/install/diffdrive_arduino/share/diffdrive_arduino/launch/log/build_2025-05-30_20-05-45/logger_all.log
[46.945s] -- Symlinking: /home/ubuntu/denem/install/diffdrive_arduino/share/diffdrive_arduino/launch/log/build_2025-05-30_20-05-52/events.log
[46.987s] -- Symlinking: /home/ubuntu/denem/install/diffdrive_arduino/share/diffdrive_arduino/launch/log/build_2025-05-30_20-05-52/logger_all.log
[47.022s] -- Up-to-date symlink: /home/ubuntu/denem/install/diffdrive_arduino/share/diffdrive_arduino/launch/log/latest/events.log
[47.023s] -- Up-to-date symlink: /home/ubuntu/denem/install/diffdrive_arduino/share/diffdrive_arduino/launch/log/latest/logger_all.log
[47.024s] -- Up-to-date symlink: /home/ubuntu/denem/install/diffdrive_arduino/share/diffdrive_arduino/launch/log/latest_build/events.log
[47.025s] -- Up-to-date symlink: /home/ubuntu/denem/install/diffdrive_arduino/share/diffdrive_arduino/launch/log/latest_build/logger_all.log
[47.026s] -- Up-to-date symlink: /home/ubuntu/denem/install/diffdrive_arduino/share/diffdrive_arduino/launch/view_robot.launch.py
[47.028s] -- Up-to-date symlink: /home/ubuntu/denem/install/diffdrive_arduino/share/diffdrive_arduino/ros2_control/diffbot.ros2_control.xacro
[47.029s] -- Up-to-date symlink: /home/ubuntu/denem/install/diffdrive_arduino/share/diffdrive_arduino/urdf/diffbot.materials.xacro
[47.030s] -- Up-to-date symlink: /home/ubuntu/denem/install/diffdrive_arduino/share/diffdrive_arduino/urdf/diffbot.urdf.xacro
[47.031s] -- Up-to-date symlink: /home/ubuntu/denem/install/diffdrive_arduino/share/diffdrive_arduino/urdf/diffbot_description.urdf.xacro
[47.033s] -- Up-to-date symlink: /home/ubuntu/denem/install/diffdrive_arduino/share/diffdrive_arduino/rviz/diffbot.rviz
[47.033s] -- Up-to-date symlink: /home/ubuntu/denem/install/diffdrive_arduino/share/diffdrive_arduino/rviz/diffbot_view.rviz
[47.038s] [33mCMake Warning (dev) at ament_cmake_symlink_install/ament_cmake_symlink_install.cmake:62 (file):
[47.038s]   Policy CMP0009 is not set: FILE GLOB_RECURSE calls should not follow
[47.039s]   symlinks by default.  Run "cmake --help-policy CMP0009" for policy details.
[47.039s]   Use the cmake_policy command to set the policy and suppress this warning.
[47.039s] Call Stack (most recent call first):
[47.040s]   ament_cmake_symlink_install/ament_cmake_symlink_install.cmake:323 (ament_cmake_symlink_install_directory)
[47.040s]   cmake_install.cmake:46 (include)
[47.040s] This warning is for project developers.  Use -Wno-dev to suppress it.
[47.041s] [0m
[47.041s] -- Symlinking: /home/ubuntu/denem/install/diffdrive_arduino/share/diffdrive_arduino/launch/build/.built_by
[47.076s] -- Symlinking: /home/ubuntu/denem/install/diffdrive_arduino/share/diffdrive_arduino/launch/build/COLCON_IGNORE
[47.112s] -- Up-to-date symlink: /home/ubuntu/denem/install/diffdrive_arduino/share/diffdrive_arduino/launch/diffbot.launch.py
[47.113s] -- Up-to-date symlink: /home/ubuntu/denem/install/diffdrive_arduino/share/diffdrive_arduino/launch/ekf.launch.py
[47.114s] -- Up-to-date symlink: /home/ubuntu/denem/install/diffdrive_arduino/share/diffdrive_arduino/launch/fullnav.launch.py
[47.115s] -- Symlinking: /home/ubuntu/denem/install/diffdrive_arduino/share/diffdrive_arduino/launch/install/.colcon_install_layout
[47.153s] -- Symlinking: /home/ubuntu/denem/install/diffdrive_arduino/share/diffdrive_arduino/launch/install/COLCON_IGNORE
[47.191s] -- Symlinking: /home/ubuntu/denem/install/diffdrive_arduino/share/diffdrive_arduino/launch/install/_local_setup_util_ps1.py
[47.230s] -- Symlinking: /home/ubuntu/denem/install/diffdrive_arduino/share/diffdrive_arduino/launch/install/_local_setup_util_sh.py
[47.269s] -- Symlinking: /home/ubuntu/denem/install/diffdrive_arduino/share/diffdrive_arduino/launch/install/local_setup.bash
[47.305s] -- Symlinking: /home/ubuntu/denem/install/diffdrive_arduino/share/diffdrive_arduino/launch/install/local_setup.ps1
[47.343s] -- Symlinking: /home/ubuntu/denem/install/diffdrive_arduino/share/diffdrive_arduino/launch/install/local_setup.sh
[47.381s] -- Symlinking: /home/ubuntu/denem/install/diffdrive_arduino/share/diffdrive_arduino/launch/install/local_setup.zsh
[47.419s] -- Symlinking: /home/ubuntu/denem/install/diffdrive_arduino/share/diffdrive_arduino/launch/install/setup.bash
[47.456s] -- Symlinking: /home/ubuntu/denem/install/diffdrive_arduino/share/diffdrive_arduino/launch/install/setup.ps1
[47.492s] -- Symlinking: /home/ubuntu/denem/install/diffdrive_arduino/share/diffdrive_arduino/launch/install/setup.sh
[47.528s] -- Symlinking: /home/ubuntu/denem/install/diffdrive_arduino/share/diffdrive_arduino/launch/install/setup.zsh
[47.565s] -- Up-to-date symlink: /home/ubuntu/denem/install/diffdrive_arduino/share/diffdrive_arduino/launch/joystick.launch.py
[47.566s] -- Up-to-date symlink: /home/ubuntu/denem/install/diffdrive_arduino/share/diffdrive_arduino/launch/localization.launch.py
[47.568s] -- Symlinking: /home/ubuntu/denem/install/diffdrive_arduino/share/diffdrive_arduino/launch/log/COLCON_IGNORE
[47.604s] -- Up-to-date symlink: /home/ubuntu/denem/install/diffdrive_arduino/share/diffdrive_arduino/launch/log/build_2025-08-04_17-02-48/events.log
[47.604s] -- Up-to-date symlink: /home/ubuntu/denem/install/diffdrive_arduino/share/diffdrive_arduino/launch/log/build_2025-08-04_17-02-48/logger_all.log
[47.606s] -- Up-to-date symlink: /home/ubuntu/denem/install/diffdrive_arduino/share/diffdrive_arduino/launch/log/build_2025-08-04_17-03-22/events.log
[47.607s] -- Up-to-date symlink: /home/ubuntu/denem/install/diffdrive_arduino/share/diffdrive_arduino/launch/log/build_2025-08-04_17-03-22/logger_all.log
[47.608s] -- Up-to-date symlink: /home/ubuntu/denem/install/diffdrive_arduino/share/diffdrive_arduino/launch/log/build_2025-08-04_17-39-42/events.log
[47.609s] -- Up-to-date symlink: /home/ubuntu/denem/install/diffdrive_arduino/share/diffdrive_arduino/launch/log/build_2025-08-04_17-39-42/logger_all.log
[47.610s] -- Symlinking: /home/ubuntu/denem/install/diffdrive_arduino/share/diffdrive_arduino/launch/log/latest/events.log
[47.650s] -- Symlinking: /home/ubuntu/denem/install/diffdrive_arduino/share/diffdrive_arduino/launch/log/latest/logger_all.log
[47.686s] -- Up-to-date symlink: /home/ubuntu/denem/install/diffdrive_arduino/share/diffdrive_arduino/launch/log/latest_build/events.log
[47.687s] -- Up-to-date symlink: /home/ubuntu/denem/install/diffdrive_arduino/share/diffdrive_arduino/launch/log/latest_build/logger_all.log
[47.688s] -- Up-to-date symlink: /home/ubuntu/denem/install/diffdrive_arduino/share/diffdrive_arduino/launch/mapping.launch.py
[47.689s] -- Up-to-date symlink: /home/ubuntu/denem/install/diffdrive_arduino/share/diffdrive_arduino/launch/navigation.launch.py
[47.689s] -- Symlinking: /home/ubuntu/denem/install/diffdrive_arduino/share/diffdrive_arduino/launch/obstacle_buzzer.launch.py
[47.725s] -- Up-to-date symlink: /home/ubuntu/denem/install/diffdrive_arduino/share/diffdrive_arduino/launch/rplidar.launch.py
[47.726s] -- Up-to-date symlink: /home/ubuntu/denem/install/diffdrive_arduino/share/diffdrive_arduino/launch/slam.launch.py
[47.728s] -- Up-to-date symlink: /home/ubuntu/denem/install/diffdrive_arduino/share/diffdrive_arduino/config/diffbot_controllers.yaml
[47.728s] -- Up-to-date symlink: /home/ubuntu/denem/install/diffdrive_arduino/share/diffdrive_arduino/config/ekf.yaml
[47.729s] -- Up-to-date symlink: /home/ubuntu/denem/install/diffdrive_arduino/share/diffdrive_arduino/config/joystick.yaml
[47.730s] -- Up-to-date symlink: /home/ubuntu/denem/install/diffdrive_arduino/share/diffdrive_arduino/config/nav2_params.yaml
[47.730s] -- Up-to-date symlink: /home/ubuntu/denem/install/diffdrive_arduino/share/diffdrive_arduino/config/navigate_w_replanning_and_recovery.xml
[47.731s] -- Symlinking: /home/ubuntu/denem/install/diffdrive_arduino/share/diffdrive_arduino/config/navigate_with_obstacle_wait.xml
[47.769s] -- Symlinking: /home/ubuntu/denem/install/diffdrive_arduino/lib/diffdrive_arduino/obstacle_buzzer_controller
[47.807s] -- Symlinking: /home/ubuntu/denem/install/diffdrive_arduino/lib/diffdrive_arduino/buzzer_bridge
[47.845s] -- Symlinking: /home/ubuntu/denem/install/diffdrive_arduino/lib/diffdrive_arduino/test_buzzer
[47.881s] -- Up-to-date symlink: /home/ubuntu/denem/install/diffdrive_arduino/share/diffdrive_arduino/environment/library_path.sh
[47.883s] -- Up-to-date symlink: /home/ubuntu/denem/install/diffdrive_arduino/share/diffdrive_arduino/environment/library_path.dsv
[47.884s] -- Up-to-date symlink: /home/ubuntu/denem/install/diffdrive_arduino/share/ament_index/resource_index/package_run_dependencies/diffdrive_arduino
[47.885s] -- Up-to-date symlink: /home/ubuntu/denem/install/diffdrive_arduino/share/ament_index/resource_index/parent_prefix_path/diffdrive_arduino
[47.886s] -- Up-to-date symlink: /home/ubuntu/denem/install/diffdrive_arduino/share/diffdrive_arduino/environment/ament_prefix_path.sh
[47.887s] -- Up-to-date symlink: /home/ubuntu/denem/install/diffdrive_arduino/share/diffdrive_arduino/environment/ament_prefix_path.dsv
[47.888s] -- Up-to-date symlink: /home/ubuntu/denem/install/diffdrive_arduino/share/diffdrive_arduino/environment/path.sh
[47.889s] -- Up-to-date symlink: /home/ubuntu/denem/install/diffdrive_arduino/share/diffdrive_arduino/environment/path.dsv
[47.890s] -- Up-to-date symlink: /home/ubuntu/denem/install/diffdrive_arduino/share/diffdrive_arduino/local_setup.bash
[47.891s] -- Up-to-date symlink: /home/ubuntu/denem/install/diffdrive_arduino/share/diffdrive_arduino/local_setup.sh
[47.892s] -- Up-to-date symlink: /home/ubuntu/denem/install/diffdrive_arduino/share/diffdrive_arduino/local_setup.zsh
[47.893s] -- Up-to-date symlink: /home/ubuntu/denem/install/diffdrive_arduino/share/diffdrive_arduino/local_setup.dsv
[47.894s] -- Symlinking: /home/ubuntu/denem/install/diffdrive_arduino/share/diffdrive_arduino/package.dsv
[47.933s] -- Up-to-date symlink: /home/ubuntu/denem/install/diffdrive_arduino/share/ament_index/resource_index/packages/diffdrive_arduino
[47.934s] -- Up-to-date symlink: /home/ubuntu/denem/install/diffdrive_arduino/share/ament_index/resource_index/hardware_interface__pluginlib__plugin/diffdrive_arduino
[47.935s] -- Up-to-date symlink: /home/ubuntu/denem/install/diffdrive_arduino/share/diffdrive_arduino/cmake/ament_cmake_export_targets-extras.cmake
[47.936s] -- Up-to-date symlink: /home/ubuntu/denem/install/diffdrive_arduino/share/diffdrive_arduino/cmake/ament_cmake_export_dependencies-extras.cmake
[47.937s] -- Up-to-date symlink: /home/ubuntu/denem/install/diffdrive_arduino/share/diffdrive_arduino/cmake/diffdrive_arduinoConfig.cmake
[47.938s] -- Up-to-date symlink: /home/ubuntu/denem/install/diffdrive_arduino/share/diffdrive_arduino/cmake/diffdrive_arduinoConfig-version.cmake
[47.939s] -- Up-to-date symlink: /home/ubuntu/denem/install/diffdrive_arduino/share/diffdrive_arduino/package.xml
[47.941s] -- Installing: /home/ubuntu/denem/install/diffdrive_arduino/lib/libdiffdrive_arduino.so
[47.950s] -- Set runtime path of "/home/ubuntu/denem/install/diffdrive_arduino/lib/libdiffdrive_arduino.so" to ""
[47.951s] -- Old export file "/home/ubuntu/denem/install/diffdrive_arduino/share/diffdrive_arduino/cmake/export_diffdrive_arduinoExport.cmake" will be replaced.  Removing files [/home/ubuntu/denem/install/diffdrive_arduino/share/diffdrive_arduino/cmake/export_diffdrive_arduinoExport-noconfig.cmake].
[47.952s] -- Installing: /home/ubuntu/denem/install/diffdrive_arduino/share/diffdrive_arduino/cmake/export_diffdrive_arduinoExport.cmake
[47.953s] -- Installing: /home/ubuntu/denem/install/diffdrive_arduino/share/diffdrive_arduino/cmake/export_diffdrive_arduinoExport-noconfig.cmake
[47.964s] Invoked command in '/home/ubuntu/denem/build/diffdrive_arduino' returned '0': CMAKE_PREFIX_PATH=${CMAKE_PREFIX_PATH}:/home/ubuntu/denem/install/serial_motor_demo:/opt/ros/humble /usr/bin/cmake --install /home/ubuntu/denem/build/diffdrive_arduino
