[0.174s] Invoking command in '/home/ubuntu/denem/build/ros2_mpu6050': CMAKE_PREFIX_PATH=${CMAKE_PREFIX_PATH}:/home/ubuntu/denem/install/serial_motor_demo:/opt/ros/humble /usr/bin/cmake /home/ubuntu/denem/imu -DCMAKE_INSTALL_PREFIX=/home/ubuntu/denem/install/ros2_mpu6050
[1.466s] -- The C compiler identification is GNU 11.4.0
[2.368s] -- The CXX compiler identification is GNU 11.4.0
[2.408s] -- Detecting C compiler ABI info
[2.786s] -- Detecting C compiler ABI info - done
[2.815s] -- Check for working C compiler: /usr/bin/cc - skipped
[2.818s] -- Detecting C compile features
[2.821s] -- Detecting C compile features - done
[2.840s] -- Detecting CXX compiler ABI info
[3.306s] -- Detecting CXX compiler ABI info - done
[3.335s] -- Check for working CXX compiler: /usr/bin/c++ - skipped
[3.336s] -- Detecting CXX compile features
[3.338s] -- Detecting CXX compile features - done
[3.503s] -- Found ament_cmake: 1.3.11 (/opt/ros/humble/share/ament_cmake/cmake)
[4.622s] -- Found Python3: /usr/bin/python3 (found version "3.10.12") found components: Interpreter 
[6.230s] -- Found rclcpp: 16.0.12 (/opt/ros/humble/share/rclcpp/cmake)
[6.809s] -- Found rosidl_generator_c: 3.1.6 (/opt/ros/humble/share/rosidl_generator_c/cmake)
[6.886s] -- Found rosidl_adapter: 3.1.6 (/opt/ros/humble/share/rosidl_adapter/cmake)
[6.986s] -- Found rosidl_generator_cpp: 3.1.6 (/opt/ros/humble/share/rosidl_generator_cpp/cmake)
[7.107s] -- Using all available rosidl_typesupport_c: rosidl_typesupport_fastrtps_c;rosidl_typesupport_introspection_c
[7.278s] -- Using all available rosidl_typesupport_cpp: rosidl_typesupport_fastrtps_cpp;rosidl_typesupport_introspection_cpp
[7.802s] -- Found rmw_implementation_cmake: 6.1.2 (/opt/ros/humble/share/rmw_implementation_cmake/cmake)
[7.849s] -- Found rmw_fastrtps_cpp: 6.2.7 (/opt/ros/humble/share/rmw_fastrtps_cpp/cmake)
[8.772s] -- Found OpenSSL: /usr/lib/aarch64-linux-gnu/libcrypto.so (found version "3.0.2")  
[9.109s] -- Found FastRTPS: /opt/ros/humble/include  
[9.633s] -- Using RMW implementation 'rmw_fastrtps_cpp' as default
[9.762s] -- Looking for pthread.h
[10.195s] -- Looking for pthread.h - found
[10.198s] -- Performing Test CMAKE_HAVE_LIBC_PTHREAD
[10.681s] -- Performing Test CMAKE_HAVE_LIBC_PTHREAD - Success
[10.687s] -- Found Threads: TRUE  
[11.091s] -- Found sensor_msgs: 4.8.0 (/opt/ros/humble/share/sensor_msgs/cmake)
[11.635s] -- Configuring done
[11.704s] -- Generating done
[11.721s] -- Build files have been written to: /home/ubuntu/denem/build/ros2_mpu6050
[11.770s] Invoked command in '/home/ubuntu/denem/build/ros2_mpu6050' returned '0': CMAKE_PREFIX_PATH=${CMAKE_PREFIX_PATH}:/home/ubuntu/denem/install/serial_motor_demo:/opt/ros/humble /usr/bin/cmake /home/ubuntu/denem/imu -DCMAKE_INSTALL_PREFIX=/home/ubuntu/denem/install/ros2_mpu6050
[11.780s] Invoking command in '/home/ubuntu/denem/build/ros2_mpu6050': CMAKE_PREFIX_PATH=${CMAKE_PREFIX_PATH}:/home/ubuntu/denem/install/serial_motor_demo:/opt/ros/humble /usr/bin/cmake --build /home/ubuntu/denem/build/ros2_mpu6050 -- -j4 -l4
[12.028s] [ 25%] [32mBuilding CXX object CMakeFiles/ros2_mpu6050.dir/src/mpu6050.cpp.o[0m
[12.029s] [ 25%] [32mBuilding CXX object CMakeFiles/ros2_mpu6050_calibrate.dir/src/mpu6050.cpp.o[0m
[12.034s] [ 37%] [32mBuilding CXX object CMakeFiles/ros2_mpu6050_calibrate.dir/src/mpu6050_hal.cpp.o[0m
[12.039s] [ 50%] [32mBuilding CXX object CMakeFiles/ros2_mpu6050.dir/src/mpu6050_hal.cpp.o[0m
[14.435s] [ 62%] [32mBuilding CXX object CMakeFiles/ros2_mpu6050_calibrate.dir/src/mpu6050_calibrate.cpp.o[0m
[14.633s] [ 75%] [32mBuilding CXX object CMakeFiles/ros2_mpu6050.dir/src/mpu6050_node.cpp.o[0m
[16.679s] [ 87%] [32m[1mLinking CXX executable ros2_mpu6050_calibrate[0m
[17.055s] [ 87%] Built target ros2_mpu6050_calibrate
[35.066s] [100%] [32m[1mLinking CXX executable ros2_mpu6050[0m
[36.391s] [100%] Built target ros2_mpu6050
[36.442s] Invoked command in '/home/ubuntu/denem/build/ros2_mpu6050' returned '0': CMAKE_PREFIX_PATH=${CMAKE_PREFIX_PATH}:/home/ubuntu/denem/install/serial_motor_demo:/opt/ros/humble /usr/bin/cmake --build /home/ubuntu/denem/build/ros2_mpu6050 -- -j4 -l4
[36.454s] Invoking command in '/home/ubuntu/denem/build/ros2_mpu6050': CMAKE_PREFIX_PATH=${CMAKE_PREFIX_PATH}:/home/ubuntu/denem/install/serial_motor_demo:/opt/ros/humble /usr/bin/cmake --install /home/ubuntu/denem/build/ros2_mpu6050
[36.482s] -- Install configuration: ""
[36.483s] -- Installing: /home/ubuntu/denem/install/ros2_mpu6050/include/include
[36.483s] -- Installing: /home/ubuntu/denem/install/ros2_mpu6050/include/include/ros2_mpu6050
[36.484s] -- Installing: /home/ubuntu/denem/install/ros2_mpu6050/include/include/ros2_mpu6050/mpu6050.h
[36.485s] -- Installing: /home/ubuntu/denem/install/ros2_mpu6050/include/include/ros2_mpu6050/mpu6050_hal.h
[36.486s] -- Installing: /home/ubuntu/denem/install/ros2_mpu6050/include/include/ros2_mpu6050/mpu6050_node.h
[36.488s] -- Installing: /home/ubuntu/denem/install/ros2_mpu6050/lib/ros2_mpu6050/ros2_mpu6050
[36.499s] -- Set runtime path of "/home/ubuntu/denem/install/ros2_mpu6050/lib/ros2_mpu6050/ros2_mpu6050" to ""
[36.500s] -- Installing: /home/ubuntu/denem/install/ros2_mpu6050/lib/ros2_mpu6050/ros2_mpu6050_calibrate
[36.501s] -- Installing: /home/ubuntu/denem/install/ros2_mpu6050/share/ros2_mpu6050/config
[36.502s] -- Installing: /home/ubuntu/denem/install/ros2_mpu6050/share/ros2_mpu6050/config/params.yaml
[36.503s] -- Installing: /home/ubuntu/denem/install/ros2_mpu6050/share/ros2_mpu6050/launch
[36.504s] -- Installing: /home/ubuntu/denem/install/ros2_mpu6050/share/ros2_mpu6050/launch/ros2_mpu6050.launch.py
[36.506s] -- Installing: /home/ubuntu/denem/install/ros2_mpu6050/share/ament_index/resource_index/package_run_dependencies/ros2_mpu6050
[36.507s] -- Installing: /home/ubuntu/denem/install/ros2_mpu6050/share/ament_index/resource_index/parent_prefix_path/ros2_mpu6050
[36.511s] -- Installing: /home/ubuntu/denem/install/ros2_mpu6050/share/ros2_mpu6050/environment/ament_prefix_path.sh
[36.513s] -- Installing: /home/ubuntu/denem/install/ros2_mpu6050/share/ros2_mpu6050/environment/ament_prefix_path.dsv
[36.514s] -- Installing: /home/ubuntu/denem/install/ros2_mpu6050/share/ros2_mpu6050/environment/path.sh
[36.515s] -- Installing: /home/ubuntu/denem/install/ros2_mpu6050/share/ros2_mpu6050/environment/path.dsv
[36.517s] -- Installing: /home/ubuntu/denem/install/ros2_mpu6050/share/ros2_mpu6050/local_setup.bash
[36.518s] -- Installing: /home/ubuntu/denem/install/ros2_mpu6050/share/ros2_mpu6050/local_setup.sh
[36.520s] -- Installing: /home/ubuntu/denem/install/ros2_mpu6050/share/ros2_mpu6050/local_setup.zsh
[36.521s] -- Installing: /home/ubuntu/denem/install/ros2_mpu6050/share/ros2_mpu6050/local_setup.dsv
[36.522s] -- Installing: /home/ubuntu/denem/install/ros2_mpu6050/share/ros2_mpu6050/package.dsv
[36.524s] -- Installing: /home/ubuntu/denem/install/ros2_mpu6050/share/ament_index/resource_index/packages/ros2_mpu6050
[36.525s] -- Installing: /home/ubuntu/denem/install/ros2_mpu6050/share/ros2_mpu6050/cmake/ros2_mpu6050Config.cmake
[36.526s] -- Installing: /home/ubuntu/denem/install/ros2_mpu6050/share/ros2_mpu6050/cmake/ros2_mpu6050Config-version.cmake
[36.527s] -- Installing: /home/ubuntu/denem/install/ros2_mpu6050/share/ros2_mpu6050/package.xml
[36.535s] Invoked command in '/home/ubuntu/denem/build/ros2_mpu6050' returned '0': CMAKE_PREFIX_PATH=${CMAKE_PREFIX_PATH}:/home/ubuntu/denem/install/serial_motor_demo:/opt/ros/humble /usr/bin/cmake --install /home/ubuntu/denem/build/ros2_mpu6050
