[0.094s] Invoking command in '/home/ubuntu/denem/build/diffdrive_arduino': CMAKE_PREFIX_PATH=${CMAKE_PREFIX_PATH}:/home/ubuntu/denem/install/serial_motor_demo:/opt/ros/humble /usr/bin/cmake --build /home/ubuntu/denem/build/diffdrive_arduino -- -j4 -l4
[0.353s] [35m[1mConsolidate compiler generated dependencies of target diffdrive_arduino[0m
[0.465s] [ 50%] [32mBuilding CXX object CMakeFiles/diffdrive_arduino.dir/hardware/diffbot_system.cpp.o[0m
[12.851s] In file included from [01m[K/opt/ros/humble/include/rclcpp/rclcpp/client.hpp:40[m[K,
[12.852s]                  from [01m[K/opt/ros/humble/include/rclcpp/rclcpp/callback_group.hpp:24[m[K,
[12.853s]                  from [01m[K/opt/ros/humble/include/rclcpp/rclcpp/any_executable.hpp:20[m[K,
[12.854s]                  from [01m[K/opt/ros/humble/include/rclcpp/rclcpp/memory_strategy.hpp:25[m[K,
[12.854s]                  from [01m[K/opt/ros/humble/include/rclcpp/rclcpp/memory_strategies.hpp:18[m[K,
[12.857s]                  from [01m[K/opt/ros/humble/include/rclcpp/rclcpp/executor_options.hpp:20[m[K,
[12.857s]                  from [01m[K/opt/ros/humble/include/rclcpp/rclcpp/executor.hpp:37[m[K,
[12.858s]                  from [01m[K/opt/ros/humble/include/rclcpp/rclcpp/executors/multi_threaded_executor.hpp:25[m[K,
[12.859s]                  from [01m[K/opt/ros/humble/include/rclcpp/rclcpp/executors.hpp:21[m[K,
[12.863s]                  from [01m[K/opt/ros/humble/include/rclcpp/rclcpp/rclcpp.hpp:155[m[K,
[12.864s]                  from [01m[K/home/ubuntu/denem/diffdrive_arduino/hardware/diffbot_system.cpp:24[m[K:
[12.865s] [01m[K/home/ubuntu/denem/diffdrive_arduino/hardware/diffbot_system.cpp:[m[K In member function ‘[01m[Kvirtual hardware_interface::return_type diffdrive_arduino::DiffDriveArduinoHardware::write(const rclcpp::Time&, const rclcpp::Duration&)[m[K’:
[12.866s] [01m[K/home/ubuntu/denem/diffdrive_arduino/hardware/diffbot_system.cpp:250:24:[m[K [01;31m[Kerror: [m[Kno match for ‘[01m[Koperator*[m[K’ (operand type is ‘[01m[Krcl_clock_type_t[m[K’ {aka ‘[01m[Krcl_clock_type_e[m[K’})
[12.867s]   250 |                        [01;31m[K*rclcpp::Clock().get_clock_type()[m[K, 1000,  // Her saniye bir yazdır
[12.868s]       |                        [01;31m[K^~~~~~~~~~~~~~~~~~~~~~~~~~~~~~~~~[m[K
[12.877s] [01m[K/home/ubuntu/denem/diffdrive_arduino/hardware/diffbot_system.cpp:[m[K In lambda function:
[12.877s] [01m[K/home/ubuntu/denem/diffdrive_arduino/hardware/diffbot_system.cpp:249:3:[m[K [01;31m[Kerror: [m[K‘[01m[Kc[m[K’ was not declared in this scope
[12.878s]   249 |   [01;31m[KRCLCPP_INFO_THROTTLE[m[K(rclcpp::get_logger("DiffDriveArduinoHardware"),
[12.879s]       |   [01;31m[K^~~~~~~~~~~~~~~~~~~~[m[K
[15.392s] gmake[2]: *** [CMakeFiles/diffdrive_arduino.dir/build.make:76: CMakeFiles/diffdrive_arduino.dir/hardware/diffbot_system.cpp.o] Error 1
[15.393s] gmake[1]: *** [CMakeFiles/Makefile2:137: CMakeFiles/diffdrive_arduino.dir/all] Error 2
[15.393s] gmake: *** [Makefile:146: all] Error 2
[15.401s] Invoked command in '/home/ubuntu/denem/build/diffdrive_arduino' returned '2': CMAKE_PREFIX_PATH=${CMAKE_PREFIX_PATH}:/home/ubuntu/denem/install/serial_motor_demo:/opt/ros/humble /usr/bin/cmake --build /home/ubuntu/denem/build/diffdrive_arduino -- -j4 -l4
