[0.181s] Invoking command in '/home/ubuntu/denem/build/serial_motor_demo_msgs': CMAKE_PREFIX_PATH=${CMAKE_PREFIX_PATH}:/home/ubuntu/denem/install/serial_motor_demo:/opt/ros/humble /usr/bin/cmake --build /home/ubuntu/denem/build/serial_motor_demo_msgs -- -j4 -l4
[0.803s] [  2%] Built target serial_motor_demo_msgs__cpp
[0.941s] [ 12%] Built target serial_motor_demo_msgs__rosidl_generator_c
[0.976s] [ 12%] Built target ament_cmake_python_copy_serial_motor_demo_msgs
[1.031s] [ 23%] Built target serial_motor_demo_msgs__rosidl_typesupport_cpp
[1.047s] [ 34%] Built target serial_motor_demo_msgs__rosidl_typesupport_fastrtps_cpp
[1.211s] [ 44%] Built target serial_motor_demo_msgs__rosidl_typesupport_fastrtps_c
[1.218s] [ 55%] Built target serial_motor_demo_msgs__rosidl_typesupport_introspection_cpp
[1.273s] [ 65%] Built target serial_motor_demo_msgs__rosidl_typesupport_introspection_c
[1.295s] [ 76%] Built target serial_motor_demo_msgs__rosidl_typesupport_c
[1.491s] [ 76%] Built target serial_motor_demo_msgs
[1.657s] [ 78%] Built target serial_motor_demo_msgs__py
[1.904s] [ 87%] Built target serial_motor_demo_msgs__rosidl_generator_py
[2.121s] [ 91%] Built target serial_motor_demo_msgs__rosidl_typesupport_fastrtps_c__pyext
[2.153s] [ 95%] Built target serial_motor_demo_msgs__rosidl_typesupport_c__pyext
[2.156s] [100%] Built target serial_motor_demo_msgs__rosidl_typesupport_introspection_c__pyext
[3.185s] running egg_info
[3.192s] writing serial_motor_demo_msgs.egg-info/PKG-INFO
[3.193s] writing dependency_links to serial_motor_demo_msgs.egg-info/dependency_links.txt
[3.195s] writing top-level names to serial_motor_demo_msgs.egg-info/top_level.txt
[3.213s] reading manifest file 'serial_motor_demo_msgs.egg-info/SOURCES.txt'
[3.217s] writing manifest file 'serial_motor_demo_msgs.egg-info/SOURCES.txt'
[3.412s] [100%] Built target ament_cmake_python_build_serial_motor_demo_msgs_egg
[3.552s] Invoked command in '/home/ubuntu/denem/build/serial_motor_demo_msgs' returned '0': CMAKE_PREFIX_PATH=${CMAKE_PREFIX_PATH}:/home/ubuntu/denem/install/serial_motor_demo:/opt/ros/humble /usr/bin/cmake --build /home/ubuntu/denem/build/serial_motor_demo_msgs -- -j4 -l4
[3.594s] Invoking command in '/home/ubuntu/denem/build/serial_motor_demo_msgs': CMAKE_PREFIX_PATH=${CMAKE_PREFIX_PATH}:/home/ubuntu/denem/install/serial_motor_demo:/opt/ros/humble /usr/bin/cmake --install /home/ubuntu/denem/build/serial_motor_demo_msgs
[3.635s] -- Install configuration: ""
[3.636s] -- Up-to-date: /home/ubuntu/denem/install/serial_motor_demo_msgs/share/ament_index/resource_index/rosidl_interfaces/serial_motor_demo_msgs
[3.638s] -- Up-to-date: /home/ubuntu/denem/install/serial_motor_demo_msgs/include/serial_motor_demo_msgs/serial_motor_demo_msgs
[3.638s] -- Up-to-date: /home/ubuntu/denem/install/serial_motor_demo_msgs/include/serial_motor_demo_msgs/serial_motor_demo_msgs/msg
[3.639s] -- Up-to-date: /home/ubuntu/denem/install/serial_motor_demo_msgs/include/serial_motor_demo_msgs/serial_motor_demo_msgs/msg/motor_command.h
[3.640s] -- Up-to-date: /home/ubuntu/denem/install/serial_motor_demo_msgs/include/serial_motor_demo_msgs/serial_motor_demo_msgs/msg/encoder_vals.h
[3.640s] -- Up-to-date: /home/ubuntu/denem/install/serial_motor_demo_msgs/include/serial_motor_demo_msgs/serial_motor_demo_msgs/msg/rosidl_generator_c__visibility_control.h
[3.640s] -- Up-to-date: /home/ubuntu/denem/install/serial_motor_demo_msgs/include/serial_motor_demo_msgs/serial_motor_demo_msgs/msg/detail
[3.641s] -- Up-to-date: /home/ubuntu/denem/install/serial_motor_demo_msgs/include/serial_motor_demo_msgs/serial_motor_demo_msgs/msg/detail/motor_vels__type_support.h
[3.642s] -- Up-to-date: /home/ubuntu/denem/install/serial_motor_demo_msgs/include/serial_motor_demo_msgs/serial_motor_demo_msgs/msg/detail/encoder_vals__functions.c
[3.642s] -- Up-to-date: /home/ubuntu/denem/install/serial_motor_demo_msgs/include/serial_motor_demo_msgs/serial_motor_demo_msgs/msg/detail/encoder_vals__struct.h
[3.643s] -- Up-to-date: /home/ubuntu/denem/install/serial_motor_demo_msgs/include/serial_motor_demo_msgs/serial_motor_demo_msgs/msg/detail/encoder_vals__functions.h
[3.643s] -- Up-to-date: /home/ubuntu/denem/install/serial_motor_demo_msgs/include/serial_motor_demo_msgs/serial_motor_demo_msgs/msg/detail/motor_command__functions.c
[3.644s] -- Up-to-date: /home/ubuntu/denem/install/serial_motor_demo_msgs/include/serial_motor_demo_msgs/serial_motor_demo_msgs/msg/detail/motor_command__functions.h
[3.644s] -- Up-to-date: /home/ubuntu/denem/install/serial_motor_demo_msgs/include/serial_motor_demo_msgs/serial_motor_demo_msgs/msg/detail/encoder_vals__type_support.h
[3.645s] -- Up-to-date: /home/ubuntu/denem/install/serial_motor_demo_msgs/include/serial_motor_demo_msgs/serial_motor_demo_msgs/msg/detail/motor_vels__functions.h
[3.646s] -- Up-to-date: /home/ubuntu/denem/install/serial_motor_demo_msgs/include/serial_motor_demo_msgs/serial_motor_demo_msgs/msg/detail/motor_vels__struct.h
[3.646s] -- Up-to-date: /home/ubuntu/denem/install/serial_motor_demo_msgs/include/serial_motor_demo_msgs/serial_motor_demo_msgs/msg/detail/motor_command__type_support.h
[3.647s] -- Up-to-date: /home/ubuntu/denem/install/serial_motor_demo_msgs/include/serial_motor_demo_msgs/serial_motor_demo_msgs/msg/detail/motor_command__struct.h
[3.647s] -- Up-to-date: /home/ubuntu/denem/install/serial_motor_demo_msgs/include/serial_motor_demo_msgs/serial_motor_demo_msgs/msg/detail/motor_vels__functions.c
[3.647s] -- Up-to-date: /home/ubuntu/denem/install/serial_motor_demo_msgs/include/serial_motor_demo_msgs/serial_motor_demo_msgs/msg/motor_vels.h
[3.648s] -- Up-to-date: /home/ubuntu/denem/install/serial_motor_demo_msgs/share/serial_motor_demo_msgs/environment/library_path.sh
[3.648s] -- Up-to-date: /home/ubuntu/denem/install/serial_motor_demo_msgs/share/serial_motor_demo_msgs/environment/library_path.dsv
[3.649s] -- Up-to-date: /home/ubuntu/denem/install/serial_motor_demo_msgs/lib/libserial_motor_demo_msgs__rosidl_generator_c.so
[3.651s] -- Up-to-date: /home/ubuntu/denem/install/serial_motor_demo_msgs/include/serial_motor_demo_msgs/serial_motor_demo_msgs
[3.651s] -- Up-to-date: /home/ubuntu/denem/install/serial_motor_demo_msgs/include/serial_motor_demo_msgs/serial_motor_demo_msgs/msg
[3.651s] -- Up-to-date: /home/ubuntu/denem/install/serial_motor_demo_msgs/include/serial_motor_demo_msgs/serial_motor_demo_msgs/msg/detail
[3.652s] -- Up-to-date: /home/ubuntu/denem/install/serial_motor_demo_msgs/include/serial_motor_demo_msgs/serial_motor_demo_msgs/msg/detail/encoder_vals__rosidl_typesupport_fastrtps_c.h
[3.652s] -- Up-to-date: /home/ubuntu/denem/install/serial_motor_demo_msgs/include/serial_motor_demo_msgs/serial_motor_demo_msgs/msg/detail/motor_command__rosidl_typesupport_fastrtps_c.h
[3.653s] -- Up-to-date: /home/ubuntu/denem/install/serial_motor_demo_msgs/include/serial_motor_demo_msgs/serial_motor_demo_msgs/msg/detail/motor_vels__rosidl_typesupport_fastrtps_c.h
[3.653s] -- Up-to-date: /home/ubuntu/denem/install/serial_motor_demo_msgs/include/serial_motor_demo_msgs/serial_motor_demo_msgs/msg/rosidl_typesupport_fastrtps_c__visibility_control.h
[3.656s] -- Up-to-date: /home/ubuntu/denem/install/serial_motor_demo_msgs/lib/libserial_motor_demo_msgs__rosidl_typesupport_fastrtps_c.so
[3.657s] -- Up-to-date: /home/ubuntu/denem/install/serial_motor_demo_msgs/include/serial_motor_demo_msgs/serial_motor_demo_msgs
[3.658s] -- Up-to-date: /home/ubuntu/denem/install/serial_motor_demo_msgs/include/serial_motor_demo_msgs/serial_motor_demo_msgs/msg
[3.658s] -- Up-to-date: /home/ubuntu/denem/install/serial_motor_demo_msgs/include/serial_motor_demo_msgs/serial_motor_demo_msgs/msg/detail
[3.658s] -- Up-to-date: /home/ubuntu/denem/install/serial_motor_demo_msgs/include/serial_motor_demo_msgs/serial_motor_demo_msgs/msg/detail/motor_command__type_support.c
[3.659s] -- Up-to-date: /home/ubuntu/denem/install/serial_motor_demo_msgs/include/serial_motor_demo_msgs/serial_motor_demo_msgs/msg/detail/motor_vels__rosidl_typesupport_introspection_c.h
[3.659s] -- Up-to-date: /home/ubuntu/denem/install/serial_motor_demo_msgs/include/serial_motor_demo_msgs/serial_motor_demo_msgs/msg/detail/motor_command__rosidl_typesupport_introspection_c.h
[3.660s] -- Up-to-date: /home/ubuntu/denem/install/serial_motor_demo_msgs/include/serial_motor_demo_msgs/serial_motor_demo_msgs/msg/detail/encoder_vals__type_support.c
[3.660s] -- Up-to-date: /home/ubuntu/denem/install/serial_motor_demo_msgs/include/serial_motor_demo_msgs/serial_motor_demo_msgs/msg/detail/motor_vels__type_support.c
[3.661s] -- Up-to-date: /home/ubuntu/denem/install/serial_motor_demo_msgs/include/serial_motor_demo_msgs/serial_motor_demo_msgs/msg/detail/encoder_vals__rosidl_typesupport_introspection_c.h
[3.662s] -- Up-to-date: /home/ubuntu/denem/install/serial_motor_demo_msgs/include/serial_motor_demo_msgs/serial_motor_demo_msgs/msg/rosidl_typesupport_introspection_c__visibility_control.h
[3.667s] -- Up-to-date: /home/ubuntu/denem/install/serial_motor_demo_msgs/lib/libserial_motor_demo_msgs__rosidl_typesupport_introspection_c.so
[3.668s] -- Up-to-date: /home/ubuntu/denem/install/serial_motor_demo_msgs/lib/libserial_motor_demo_msgs__rosidl_typesupport_c.so
[3.669s] -- Up-to-date: /home/ubuntu/denem/install/serial_motor_demo_msgs/include/serial_motor_demo_msgs/serial_motor_demo_msgs
[3.670s] -- Up-to-date: /home/ubuntu/denem/install/serial_motor_demo_msgs/include/serial_motor_demo_msgs/serial_motor_demo_msgs/msg
[3.671s] -- Up-to-date: /home/ubuntu/denem/install/serial_motor_demo_msgs/include/serial_motor_demo_msgs/serial_motor_demo_msgs/msg/rosidl_generator_cpp__visibility_control.hpp
[3.671s] -- Up-to-date: /home/ubuntu/denem/install/serial_motor_demo_msgs/include/serial_motor_demo_msgs/serial_motor_demo_msgs/msg/encoder_vals.hpp
[3.672s] -- Up-to-date: /home/ubuntu/denem/install/serial_motor_demo_msgs/include/serial_motor_demo_msgs/serial_motor_demo_msgs/msg/motor_command.hpp
[3.673s] -- Up-to-date: /home/ubuntu/denem/install/serial_motor_demo_msgs/include/serial_motor_demo_msgs/serial_motor_demo_msgs/msg/motor_vels.hpp
[3.674s] -- Up-to-date: /home/ubuntu/denem/install/serial_motor_demo_msgs/include/serial_motor_demo_msgs/serial_motor_demo_msgs/msg/detail
[3.675s] -- Up-to-date: /home/ubuntu/denem/install/serial_motor_demo_msgs/include/serial_motor_demo_msgs/serial_motor_demo_msgs/msg/detail/motor_vels__builder.hpp
[3.677s] -- Up-to-date: /home/ubuntu/denem/install/serial_motor_demo_msgs/include/serial_motor_demo_msgs/serial_motor_demo_msgs/msg/detail/encoder_vals__type_support.hpp
[3.680s] -- Up-to-date: /home/ubuntu/denem/install/serial_motor_demo_msgs/include/serial_motor_demo_msgs/serial_motor_demo_msgs/msg/detail/motor_vels__traits.hpp
[3.681s] -- Up-to-date: /home/ubuntu/denem/install/serial_motor_demo_msgs/include/serial_motor_demo_msgs/serial_motor_demo_msgs/msg/detail/motor_command__type_support.hpp
[3.682s] -- Up-to-date: /home/ubuntu/denem/install/serial_motor_demo_msgs/include/serial_motor_demo_msgs/serial_motor_demo_msgs/msg/detail/motor_command__struct.hpp
[3.683s] -- Up-to-date: /home/ubuntu/denem/install/serial_motor_demo_msgs/include/serial_motor_demo_msgs/serial_motor_demo_msgs/msg/detail/motor_vels__type_support.hpp
[3.683s] -- Up-to-date: /home/ubuntu/denem/install/serial_motor_demo_msgs/include/serial_motor_demo_msgs/serial_motor_demo_msgs/msg/detail/motor_vels__struct.hpp
[3.684s] -- Up-to-date: /home/ubuntu/denem/install/serial_motor_demo_msgs/include/serial_motor_demo_msgs/serial_motor_demo_msgs/msg/detail/motor_command__builder.hpp
[3.684s] -- Up-to-date: /home/ubuntu/denem/install/serial_motor_demo_msgs/include/serial_motor_demo_msgs/serial_motor_demo_msgs/msg/detail/encoder_vals__traits.hpp
[3.685s] -- Up-to-date: /home/ubuntu/denem/install/serial_motor_demo_msgs/include/serial_motor_demo_msgs/serial_motor_demo_msgs/msg/detail/motor_command__traits.hpp
[3.685s] -- Up-to-date: /home/ubuntu/denem/install/serial_motor_demo_msgs/include/serial_motor_demo_msgs/serial_motor_demo_msgs/msg/detail/encoder_vals__builder.hpp
[3.686s] -- Up-to-date: /home/ubuntu/denem/install/serial_motor_demo_msgs/include/serial_motor_demo_msgs/serial_motor_demo_msgs/msg/detail/encoder_vals__struct.hpp
[3.687s] -- Up-to-date: /home/ubuntu/denem/install/serial_motor_demo_msgs/include/serial_motor_demo_msgs/serial_motor_demo_msgs
[3.687s] -- Up-to-date: /home/ubuntu/denem/install/serial_motor_demo_msgs/include/serial_motor_demo_msgs/serial_motor_demo_msgs/msg
[3.688s] -- Up-to-date: /home/ubuntu/denem/install/serial_motor_demo_msgs/include/serial_motor_demo_msgs/serial_motor_demo_msgs/msg/rosidl_typesupport_fastrtps_cpp__visibility_control.h
[3.689s] -- Up-to-date: /home/ubuntu/denem/install/serial_motor_demo_msgs/include/serial_motor_demo_msgs/serial_motor_demo_msgs/msg/detail
[3.690s] -- Up-to-date: /home/ubuntu/denem/install/serial_motor_demo_msgs/include/serial_motor_demo_msgs/serial_motor_demo_msgs/msg/detail/motor_command__rosidl_typesupport_fastrtps_cpp.hpp
[3.691s] -- Up-to-date: /home/ubuntu/denem/install/serial_motor_demo_msgs/include/serial_motor_demo_msgs/serial_motor_demo_msgs/msg/detail/motor_vels__rosidl_typesupport_fastrtps_cpp.hpp
[3.692s] -- Up-to-date: /home/ubuntu/denem/install/serial_motor_demo_msgs/include/serial_motor_demo_msgs/serial_motor_demo_msgs/msg/detail/encoder_vals__rosidl_typesupport_fastrtps_cpp.hpp
[3.693s] -- Up-to-date: /home/ubuntu/denem/install/serial_motor_demo_msgs/include/serial_motor_demo_msgs/serial_motor_demo_msgs/msg/detail/dds_fastrtps
[3.694s] -- Up-to-date: /home/ubuntu/denem/install/serial_motor_demo_msgs/lib/libserial_motor_demo_msgs__rosidl_typesupport_fastrtps_cpp.so
[3.696s] -- Up-to-date: /home/ubuntu/denem/install/serial_motor_demo_msgs/include/serial_motor_demo_msgs/serial_motor_demo_msgs
[3.698s] -- Up-to-date: /home/ubuntu/denem/install/serial_motor_demo_msgs/include/serial_motor_demo_msgs/serial_motor_demo_msgs/msg
[3.699s] -- Up-to-date: /home/ubuntu/denem/install/serial_motor_demo_msgs/include/serial_motor_demo_msgs/serial_motor_demo_msgs/msg/detail
[3.699s] -- Up-to-date: /home/ubuntu/denem/install/serial_motor_demo_msgs/include/serial_motor_demo_msgs/serial_motor_demo_msgs/msg/detail/encoder_vals__rosidl_typesupport_introspection_cpp.hpp
[3.699s] -- Up-to-date: /home/ubuntu/denem/install/serial_motor_demo_msgs/include/serial_motor_demo_msgs/serial_motor_demo_msgs/msg/detail/motor_command__type_support.cpp
[3.700s] -- Up-to-date: /home/ubuntu/denem/install/serial_motor_demo_msgs/include/serial_motor_demo_msgs/serial_motor_demo_msgs/msg/detail/motor_command__rosidl_typesupport_introspection_cpp.hpp
[3.700s] -- Up-to-date: /home/ubuntu/denem/install/serial_motor_demo_msgs/include/serial_motor_demo_msgs/serial_motor_demo_msgs/msg/detail/motor_vels__type_support.cpp
[3.700s] -- Up-to-date: /home/ubuntu/denem/install/serial_motor_demo_msgs/include/serial_motor_demo_msgs/serial_motor_demo_msgs/msg/detail/encoder_vals__type_support.cpp
[3.701s] -- Up-to-date: /home/ubuntu/denem/install/serial_motor_demo_msgs/include/serial_motor_demo_msgs/serial_motor_demo_msgs/msg/detail/motor_vels__rosidl_typesupport_introspection_cpp.hpp
[3.702s] -- Up-to-date: /home/ubuntu/denem/install/serial_motor_demo_msgs/lib/libserial_motor_demo_msgs__rosidl_typesupport_introspection_cpp.so
[3.705s] -- Up-to-date: /home/ubuntu/denem/install/serial_motor_demo_msgs/lib/libserial_motor_demo_msgs__rosidl_typesupport_cpp.so
[3.707s] -- Up-to-date: /home/ubuntu/denem/install/serial_motor_demo_msgs/share/serial_motor_demo_msgs/environment/pythonpath.sh
[3.708s] -- Up-to-date: /home/ubuntu/denem/install/serial_motor_demo_msgs/share/serial_motor_demo_msgs/environment/pythonpath.dsv
[3.709s] -- Up-to-date: /home/ubuntu/denem/install/serial_motor_demo_msgs/local/lib/python3.10/dist-packages/serial_motor_demo_msgs-0.0.0-py3.10.egg-info
[3.710s] -- Installing: /home/ubuntu/denem/install/serial_motor_demo_msgs/local/lib/python3.10/dist-packages/serial_motor_demo_msgs-0.0.0-py3.10.egg-info/PKG-INFO
[3.711s] -- Installing: /home/ubuntu/denem/install/serial_motor_demo_msgs/local/lib/python3.10/dist-packages/serial_motor_demo_msgs-0.0.0-py3.10.egg-info/top_level.txt
[3.713s] -- Installing: /home/ubuntu/denem/install/serial_motor_demo_msgs/local/lib/python3.10/dist-packages/serial_motor_demo_msgs-0.0.0-py3.10.egg-info/dependency_links.txt
[3.715s] -- Installing: /home/ubuntu/denem/install/serial_motor_demo_msgs/local/lib/python3.10/dist-packages/serial_motor_demo_msgs-0.0.0-py3.10.egg-info/SOURCES.txt
[3.716s] -- Up-to-date: /home/ubuntu/denem/install/serial_motor_demo_msgs/local/lib/python3.10/dist-packages/serial_motor_demo_msgs
[3.718s] -- Up-to-date: /home/ubuntu/denem/install/serial_motor_demo_msgs/local/lib/python3.10/dist-packages/serial_motor_demo_msgs/_serial_motor_demo_msgs_s.ep.rosidl_typesupport_c.c
[3.718s] -- Up-to-date: /home/ubuntu/denem/install/serial_motor_demo_msgs/local/lib/python3.10/dist-packages/serial_motor_demo_msgs/msg
[3.719s] -- Up-to-date: /home/ubuntu/denem/install/serial_motor_demo_msgs/local/lib/python3.10/dist-packages/serial_motor_demo_msgs/msg/_encoder_vals.py
[3.720s] -- Up-to-date: /home/ubuntu/denem/install/serial_motor_demo_msgs/local/lib/python3.10/dist-packages/serial_motor_demo_msgs/msg/__init__.py
[3.721s] -- Up-to-date: /home/ubuntu/denem/install/serial_motor_demo_msgs/local/lib/python3.10/dist-packages/serial_motor_demo_msgs/msg/_motor_command.py
[3.722s] -- Up-to-date: /home/ubuntu/denem/install/serial_motor_demo_msgs/local/lib/python3.10/dist-packages/serial_motor_demo_msgs/msg/_motor_vels_s.c
[3.725s] -- Up-to-date: /home/ubuntu/denem/install/serial_motor_demo_msgs/local/lib/python3.10/dist-packages/serial_motor_demo_msgs/msg/_encoder_vals_s.c
[3.727s] -- Up-to-date: /home/ubuntu/denem/install/serial_motor_demo_msgs/local/lib/python3.10/dist-packages/serial_motor_demo_msgs/msg/_motor_vels.py
[3.728s] -- Up-to-date: /home/ubuntu/denem/install/serial_motor_demo_msgs/local/lib/python3.10/dist-packages/serial_motor_demo_msgs/msg/_motor_command_s.c
[3.728s] -- Up-to-date: /home/ubuntu/denem/install/serial_motor_demo_msgs/local/lib/python3.10/dist-packages/serial_motor_demo_msgs/_serial_motor_demo_msgs_s.ep.rosidl_typesupport_fastrtps_c.c
[3.729s] -- Up-to-date: /home/ubuntu/denem/install/serial_motor_demo_msgs/local/lib/python3.10/dist-packages/serial_motor_demo_msgs/_serial_motor_demo_msgs_s.ep.rosidl_typesupport_introspection_c.c
[3.729s] -- Up-to-date: /home/ubuntu/denem/install/serial_motor_demo_msgs/local/lib/python3.10/dist-packages/serial_motor_demo_msgs/serial_motor_demo_msgs_s__rosidl_typesupport_introspection_c.cpython-310-aarch64-linux-gnu.so
[3.730s] -- Up-to-date: /home/ubuntu/denem/install/serial_motor_demo_msgs/local/lib/python3.10/dist-packages/serial_motor_demo_msgs/serial_motor_demo_msgs_s__rosidl_typesupport_c.cpython-310-aarch64-linux-gnu.so
[3.731s] -- Up-to-date: /home/ubuntu/denem/install/serial_motor_demo_msgs/local/lib/python3.10/dist-packages/serial_motor_demo_msgs/__init__.py
[3.731s] -- Up-to-date: /home/ubuntu/denem/install/serial_motor_demo_msgs/local/lib/python3.10/dist-packages/serial_motor_demo_msgs/serial_motor_demo_msgs_s__rosidl_typesupport_fastrtps_c.cpython-310-aarch64-linux-gnu.so
[3.732s] -- Up-to-date: /home/ubuntu/denem/install/serial_motor_demo_msgs/local/lib/python3.10/dist-packages/serial_motor_demo_msgs/libserial_motor_demo_msgs__rosidl_generator_py.so
[3.947s] Listing '/home/ubuntu/denem/install/serial_motor_demo_msgs/local/lib/python3.10/dist-packages/serial_motor_demo_msgs'...
[3.948s] Listing '/home/ubuntu/denem/install/serial_motor_demo_msgs/local/lib/python3.10/dist-packages/serial_motor_demo_msgs/msg'...
[3.980s] -- Up-to-date: /home/ubuntu/denem/install/serial_motor_demo_msgs/local/lib/python3.10/dist-packages/serial_motor_demo_msgs/serial_motor_demo_msgs_s__rosidl_typesupport_fastrtps_c.cpython-310-aarch64-linux-gnu.so
[3.984s] -- Up-to-date: /home/ubuntu/denem/install/serial_motor_demo_msgs/local/lib/python3.10/dist-packages/serial_motor_demo_msgs/serial_motor_demo_msgs_s__rosidl_typesupport_introspection_c.cpython-310-aarch64-linux-gnu.so
[3.988s] -- Up-to-date: /home/ubuntu/denem/install/serial_motor_demo_msgs/local/lib/python3.10/dist-packages/serial_motor_demo_msgs/serial_motor_demo_msgs_s__rosidl_typesupport_c.cpython-310-aarch64-linux-gnu.so
[3.992s] -- Up-to-date: /home/ubuntu/denem/install/serial_motor_demo_msgs/lib/libserial_motor_demo_msgs__rosidl_generator_py.so
[3.994s] -- Up-to-date: /home/ubuntu/denem/install/serial_motor_demo_msgs/share/serial_motor_demo_msgs/msg/MotorCommand.idl
[3.994s] -- Up-to-date: /home/ubuntu/denem/install/serial_motor_demo_msgs/share/serial_motor_demo_msgs/msg/MotorVels.idl
[3.995s] -- Up-to-date: /home/ubuntu/denem/install/serial_motor_demo_msgs/share/serial_motor_demo_msgs/msg/EncoderVals.idl
[3.998s] -- Up-to-date: /home/ubuntu/denem/install/serial_motor_demo_msgs/share/serial_motor_demo_msgs/msg/MotorCommand.msg
[4.000s] -- Up-to-date: /home/ubuntu/denem/install/serial_motor_demo_msgs/share/serial_motor_demo_msgs/msg/MotorVels.msg
[4.000s] -- Up-to-date: /home/ubuntu/denem/install/serial_motor_demo_msgs/share/serial_motor_demo_msgs/msg/EncoderVals.msg
[4.001s] -- Up-to-date: /home/ubuntu/denem/install/serial_motor_demo_msgs/share/ament_index/resource_index/package_run_dependencies/serial_motor_demo_msgs
[4.002s] -- Up-to-date: /home/ubuntu/denem/install/serial_motor_demo_msgs/share/ament_index/resource_index/parent_prefix_path/serial_motor_demo_msgs
[4.008s] -- Up-to-date: /home/ubuntu/denem/install/serial_motor_demo_msgs/share/serial_motor_demo_msgs/environment/ament_prefix_path.sh
[4.010s] -- Up-to-date: /home/ubuntu/denem/install/serial_motor_demo_msgs/share/serial_motor_demo_msgs/environment/ament_prefix_path.dsv
[4.011s] -- Up-to-date: /home/ubuntu/denem/install/serial_motor_demo_msgs/share/serial_motor_demo_msgs/environment/path.sh
[4.012s] -- Up-to-date: /home/ubuntu/denem/install/serial_motor_demo_msgs/share/serial_motor_demo_msgs/environment/path.dsv
[4.012s] -- Up-to-date: /home/ubuntu/denem/install/serial_motor_demo_msgs/share/serial_motor_demo_msgs/local_setup.bash
[4.013s] -- Up-to-date: /home/ubuntu/denem/install/serial_motor_demo_msgs/share/serial_motor_demo_msgs/local_setup.sh
[4.014s] -- Up-to-date: /home/ubuntu/denem/install/serial_motor_demo_msgs/share/serial_motor_demo_msgs/local_setup.zsh
[4.017s] -- Up-to-date: /home/ubuntu/denem/install/serial_motor_demo_msgs/share/serial_motor_demo_msgs/local_setup.dsv
[4.019s] -- Installing: /home/ubuntu/denem/install/serial_motor_demo_msgs/share/serial_motor_demo_msgs/package.dsv
[4.020s] -- Up-to-date: /home/ubuntu/denem/install/serial_motor_demo_msgs/share/ament_index/resource_index/packages/serial_motor_demo_msgs
[4.021s] -- Up-to-date: /home/ubuntu/denem/install/serial_motor_demo_msgs/share/serial_motor_demo_msgs/cmake/export_serial_motor_demo_msgs__rosidl_generator_cExport.cmake
[4.022s] -- Up-to-date: /home/ubuntu/denem/install/serial_motor_demo_msgs/share/serial_motor_demo_msgs/cmake/export_serial_motor_demo_msgs__rosidl_generator_cExport-noconfig.cmake
[4.022s] -- Up-to-date: /home/ubuntu/denem/install/serial_motor_demo_msgs/share/serial_motor_demo_msgs/cmake/export_serial_motor_demo_msgs__rosidl_typesupport_fastrtps_cExport.cmake
[4.023s] -- Up-to-date: /home/ubuntu/denem/install/serial_motor_demo_msgs/share/serial_motor_demo_msgs/cmake/export_serial_motor_demo_msgs__rosidl_typesupport_fastrtps_cExport-noconfig.cmake
[4.025s] -- Up-to-date: /home/ubuntu/denem/install/serial_motor_demo_msgs/share/serial_motor_demo_msgs/cmake/serial_motor_demo_msgs__rosidl_typesupport_introspection_cExport.cmake
[4.027s] -- Up-to-date: /home/ubuntu/denem/install/serial_motor_demo_msgs/share/serial_motor_demo_msgs/cmake/serial_motor_demo_msgs__rosidl_typesupport_introspection_cExport-noconfig.cmake
[4.030s] -- Up-to-date: /home/ubuntu/denem/install/serial_motor_demo_msgs/share/serial_motor_demo_msgs/cmake/serial_motor_demo_msgs__rosidl_typesupport_cExport.cmake
[4.031s] -- Up-to-date: /home/ubuntu/denem/install/serial_motor_demo_msgs/share/serial_motor_demo_msgs/cmake/serial_motor_demo_msgs__rosidl_typesupport_cExport-noconfig.cmake
[4.033s] -- Up-to-date: /home/ubuntu/denem/install/serial_motor_demo_msgs/share/serial_motor_demo_msgs/cmake/export_serial_motor_demo_msgs__rosidl_generator_cppExport.cmake
[4.037s] -- Up-to-date: /home/ubuntu/denem/install/serial_motor_demo_msgs/share/serial_motor_demo_msgs/cmake/export_serial_motor_demo_msgs__rosidl_typesupport_fastrtps_cppExport.cmake
[4.039s] -- Up-to-date: /home/ubuntu/denem/install/serial_motor_demo_msgs/share/serial_motor_demo_msgs/cmake/export_serial_motor_demo_msgs__rosidl_typesupport_fastrtps_cppExport-noconfig.cmake
[4.043s] -- Up-to-date: /home/ubuntu/denem/install/serial_motor_demo_msgs/share/serial_motor_demo_msgs/cmake/serial_motor_demo_msgs__rosidl_typesupport_introspection_cppExport.cmake
[4.044s] -- Up-to-date: /home/ubuntu/denem/install/serial_motor_demo_msgs/share/serial_motor_demo_msgs/cmake/serial_motor_demo_msgs__rosidl_typesupport_introspection_cppExport-noconfig.cmake
[4.046s] -- Up-to-date: /home/ubuntu/denem/install/serial_motor_demo_msgs/share/serial_motor_demo_msgs/cmake/serial_motor_demo_msgs__rosidl_typesupport_cppExport.cmake
[4.048s] -- Up-to-date: /home/ubuntu/denem/install/serial_motor_demo_msgs/share/serial_motor_demo_msgs/cmake/serial_motor_demo_msgs__rosidl_typesupport_cppExport-noconfig.cmake
[4.050s] -- Up-to-date: /home/ubuntu/denem/install/serial_motor_demo_msgs/share/serial_motor_demo_msgs/cmake/export_serial_motor_demo_msgs__rosidl_generator_pyExport.cmake
[4.052s] -- Up-to-date: /home/ubuntu/denem/install/serial_motor_demo_msgs/share/serial_motor_demo_msgs/cmake/export_serial_motor_demo_msgs__rosidl_generator_pyExport-noconfig.cmake
[4.053s] -- Up-to-date: /home/ubuntu/denem/install/serial_motor_demo_msgs/share/serial_motor_demo_msgs/cmake/rosidl_cmake-extras.cmake
[4.054s] -- Up-to-date: /home/ubuntu/denem/install/serial_motor_demo_msgs/share/serial_motor_demo_msgs/cmake/ament_cmake_export_include_directories-extras.cmake
[4.055s] -- Up-to-date: /home/ubuntu/denem/install/serial_motor_demo_msgs/share/serial_motor_demo_msgs/cmake/ament_cmake_export_libraries-extras.cmake
[4.055s] -- Up-to-date: /home/ubuntu/denem/install/serial_motor_demo_msgs/share/serial_motor_demo_msgs/cmake/ament_cmake_export_targets-extras.cmake
[4.056s] -- Up-to-date: /home/ubuntu/denem/install/serial_motor_demo_msgs/share/serial_motor_demo_msgs/cmake/rosidl_cmake_export_typesupport_targets-extras.cmake
[4.056s] -- Up-to-date: /home/ubuntu/denem/install/serial_motor_demo_msgs/share/serial_motor_demo_msgs/cmake/ament_cmake_export_dependencies-extras.cmake
[4.057s] -- Up-to-date: /home/ubuntu/denem/install/serial_motor_demo_msgs/share/serial_motor_demo_msgs/cmake/rosidl_cmake_export_typesupport_libraries-extras.cmake
[4.058s] -- Up-to-date: /home/ubuntu/denem/install/serial_motor_demo_msgs/share/serial_motor_demo_msgs/cmake/serial_motor_demo_msgsConfig.cmake
[4.058s] -- Up-to-date: /home/ubuntu/denem/install/serial_motor_demo_msgs/share/serial_motor_demo_msgs/cmake/serial_motor_demo_msgsConfig-version.cmake
[4.059s] -- Up-to-date: /home/ubuntu/denem/install/serial_motor_demo_msgs/share/serial_motor_demo_msgs/package.xml
[4.069s] Invoked command in '/home/ubuntu/denem/build/serial_motor_demo_msgs' returned '0': CMAKE_PREFIX_PATH=${CMAKE_PREFIX_PATH}:/home/ubuntu/denem/install/serial_motor_demo:/opt/ros/humble /usr/bin/cmake --install /home/ubuntu/denem/build/serial_motor_demo_msgs
