[0.090s] Invoking command in '/home/ubuntu/denem/build/diffdrive_arduino': CMAKE_PREFIX_PATH=${CMAKE_PREFIX_PATH}:/home/ubuntu/denem/install/serial_motor_demo:/opt/ros/humble /usr/bin/cmake --build /home/ubuntu/denem/build/diffdrive_arduino -- -j4 -l4
[0.304s] [35m[1mConsolidate compiler generated dependencies of target diffdrive_arduino[0m
[0.426s] [100%] Built target diffdrive_arduino
[0.496s] Invoked command in '/home/ubuntu/denem/build/diffdrive_arduino' returned '0': CMAKE_PREFIX_PATH=${CMAKE_PREFIX_PATH}:/home/ubuntu/denem/install/serial_motor_demo:/opt/ros/humble /usr/bin/cmake --build /home/ubuntu/denem/build/diffdrive_arduino -- -j4 -l4
[0.507s] Invoking command in '/home/ubuntu/denem/build/diffdrive_arduino': CMAKE_PREFIX_PATH=${CMAKE_PREFIX_PATH}:/home/ubuntu/denem/install/serial_motor_demo:/opt/ros/humble /usr/bin/cmake --install /home/ubuntu/denem/build/diffdrive_arduino
[0.546s] -- Install configuration: ""
[0.548s] -- Up-to-date: /home/ubuntu/denem/install/diffdrive_arduino/share/diffdrive_arduino/diffdrive_arduino.xml
[0.550s] -- Up-to-date: /home/ubuntu/denem/install/diffdrive_arduino/include/diffdrive_arduino
[0.551s] -- Up-to-date: /home/ubuntu/denem/install/diffdrive_arduino/include/diffdrive_arduino/diffdrive_arduino
[0.552s] -- Up-to-date: /home/ubuntu/denem/install/diffdrive_arduino/include/diffdrive_arduino/diffdrive_arduino/wheel.hpp
[0.554s] -- Up-to-date: /home/ubuntu/denem/install/diffdrive_arduino/include/diffdrive_arduino/diffdrive_arduino/diffbot_system.hpp
[0.556s] -- Up-to-date: /home/ubuntu/denem/install/diffdrive_arduino/include/diffdrive_arduino/diffdrive_arduino/visibility_control.h
[0.562s] -- Up-to-date: /home/ubuntu/denem/install/diffdrive_arduino/include/diffdrive_arduino/diffdrive_arduino/arduino_comms.hpp
[0.564s] -- Up-to-date: /home/ubuntu/denem/install/diffdrive_arduino/share/diffdrive_arduino/launch
[0.568s] -- Up-to-date: /home/ubuntu/denem/install/diffdrive_arduino/share/diffdrive_arduino/launch/view_robot.launch.py
[0.571s] -- Up-to-date: /home/ubuntu/denem/install/diffdrive_arduino/share/diffdrive_arduino/launch/log
[0.573s] -- Up-to-date: /home/ubuntu/denem/install/diffdrive_arduino/share/diffdrive_arduino/launch/log/build_2025-05-30_20-05-45
[0.576s] -- Up-to-date: /home/ubuntu/denem/install/diffdrive_arduino/share/diffdrive_arduino/launch/log/build_2025-05-30_20-05-45/logger_all.log
[0.580s] -- Up-to-date: /home/ubuntu/denem/install/diffdrive_arduino/share/diffdrive_arduino/launch/log/build_2025-05-30_20-05-45/events.log
[0.582s] -- Up-to-date: /home/ubuntu/denem/install/diffdrive_arduino/share/diffdrive_arduino/launch/log/build_2025-05-30_20-05-52
[0.584s] -- Up-to-date: /home/ubuntu/denem/install/diffdrive_arduino/share/diffdrive_arduino/launch/log/build_2025-05-30_20-05-52/logger_all.log
[0.586s] -- Up-to-date: /home/ubuntu/denem/install/diffdrive_arduino/share/diffdrive_arduino/launch/log/build_2025-05-30_20-05-52/events.log
[0.588s] -- Installing: /home/ubuntu/denem/install/diffdrive_arduino/share/diffdrive_arduino/launch/log/COLCON_IGNORE
[0.590s] -- Up-to-date: /home/ubuntu/denem/install/diffdrive_arduino/share/diffdrive_arduino/launch/log/latest
[0.594s] -- Installing: /home/ubuntu/denem/install/diffdrive_arduino/share/diffdrive_arduino/launch/log/latest_build
[0.594s] -- Up-to-date: /home/ubuntu/denem/install/diffdrive_arduino/share/diffdrive_arduino/launch/build
[0.595s] -- Installing: /home/ubuntu/denem/install/diffdrive_arduino/share/diffdrive_arduino/launch/build/COLCON_IGNORE
[0.595s] -- Installing: /home/ubuntu/denem/install/diffdrive_arduino/share/diffdrive_arduino/launch/build/.built_by
[0.596s] -- Up-to-date: /home/ubuntu/denem/install/diffdrive_arduino/share/diffdrive_arduino/launch/install
[0.597s] -- Installing: /home/ubuntu/denem/install/diffdrive_arduino/share/diffdrive_arduino/launch/install/setup.ps1
[0.598s] -- Installing: /home/ubuntu/denem/install/diffdrive_arduino/share/diffdrive_arduino/launch/install/setup.sh
[0.599s] -- Installing: /home/ubuntu/denem/install/diffdrive_arduino/share/diffdrive_arduino/launch/install/_local_setup_util_ps1.py
[0.601s] -- Installing: /home/ubuntu/denem/install/diffdrive_arduino/share/diffdrive_arduino/launch/install/COLCON_IGNORE
[0.602s] -- Installing: /home/ubuntu/denem/install/diffdrive_arduino/share/diffdrive_arduino/launch/install/setup.bash
[0.603s] -- Installing: /home/ubuntu/denem/install/diffdrive_arduino/share/diffdrive_arduino/launch/install/local_setup.sh
[0.605s] -- Installing: /home/ubuntu/denem/install/diffdrive_arduino/share/diffdrive_arduino/launch/install/_local_setup_util_sh.py
[0.607s] -- Installing: /home/ubuntu/denem/install/diffdrive_arduino/share/diffdrive_arduino/launch/install/.colcon_install_layout
[0.608s] -- Installing: /home/ubuntu/denem/install/diffdrive_arduino/share/diffdrive_arduino/launch/install/setup.zsh
[0.610s] -- Installing: /home/ubuntu/denem/install/diffdrive_arduino/share/diffdrive_arduino/launch/install/local_setup.ps1
[0.613s] -- Installing: /home/ubuntu/denem/install/diffdrive_arduino/share/diffdrive_arduino/launch/install/local_setup.zsh
[0.614s] -- Installing: /home/ubuntu/denem/install/diffdrive_arduino/share/diffdrive_arduino/launch/install/local_setup.bash
[0.615s] -- Up-to-date: /home/ubuntu/denem/install/diffdrive_arduino/share/diffdrive_arduino/ros2_control
[0.616s] -- Up-to-date: /home/ubuntu/denem/install/diffdrive_arduino/share/diffdrive_arduino/ros2_control/diffbot.ros2_control.xacro
[0.625s] -- Up-to-date: /home/ubuntu/denem/install/diffdrive_arduino/share/diffdrive_arduino/urdf
[0.626s] -- Up-to-date: /home/ubuntu/denem/install/diffdrive_arduino/share/diffdrive_arduino/urdf/diffbot_description.urdf.xacro
[0.627s] -- Up-to-date: /home/ubuntu/denem/install/diffdrive_arduino/share/diffdrive_arduino/urdf/diffbot.urdf.xacro
[0.627s] -- Up-to-date: /home/ubuntu/denem/install/diffdrive_arduino/share/diffdrive_arduino/urdf/diffbot.materials.xacro
[0.628s] -- Up-to-date: /home/ubuntu/denem/install/diffdrive_arduino/share/diffdrive_arduino/rviz
[0.629s] -- Up-to-date: /home/ubuntu/denem/install/diffdrive_arduino/share/diffdrive_arduino/rviz/diffbot.rviz
[0.631s] -- Up-to-date: /home/ubuntu/denem/install/diffdrive_arduino/share/diffdrive_arduino/rviz/diffbot_view.rviz
[0.632s] -- Up-to-date: /home/ubuntu/denem/install/diffdrive_arduino/share/diffdrive_arduino/launch
[0.632s] -- Up-to-date: /home/ubuntu/denem/install/diffdrive_arduino/share/diffdrive_arduino/launch/diffbot.launch.py
[0.633s] -- Up-to-date: /home/ubuntu/denem/install/diffdrive_arduino/share/diffdrive_arduino/launch/localization.launch.py
[0.634s] -- Up-to-date: /home/ubuntu/denem/install/diffdrive_arduino/share/diffdrive_arduino/launch/slam.launch.py
[0.634s] -- Up-to-date: /home/ubuntu/denem/install/diffdrive_arduino/share/diffdrive_arduino/launch/rplidar.launch.py
[0.635s] -- Up-to-date: /home/ubuntu/denem/install/diffdrive_arduino/share/diffdrive_arduino/launch/ekf.launch.py
[0.635s] -- Up-to-date: /home/ubuntu/denem/install/diffdrive_arduino/share/diffdrive_arduino/launch/joystick.launch.py
[0.636s] -- Up-to-date: /home/ubuntu/denem/install/diffdrive_arduino/share/diffdrive_arduino/launch/mapping.launch.py
[0.636s] -- Up-to-date: /home/ubuntu/denem/install/diffdrive_arduino/share/diffdrive_arduino/launch/log
[0.637s] -- Installing: /home/ubuntu/denem/install/diffdrive_arduino/share/diffdrive_arduino/launch/log/COLCON_IGNORE
[0.638s] -- Up-to-date: /home/ubuntu/denem/install/diffdrive_arduino/share/diffdrive_arduino/launch/log/latest
[0.638s] -- Up-to-date: /home/ubuntu/denem/install/diffdrive_arduino/share/diffdrive_arduino/launch/log/build_2025-08-04_17-02-48
[0.639s] -- Up-to-date: /home/ubuntu/denem/install/diffdrive_arduino/share/diffdrive_arduino/launch/log/build_2025-08-04_17-02-48/logger_all.log
[0.640s] -- Up-to-date: /home/ubuntu/denem/install/diffdrive_arduino/share/diffdrive_arduino/launch/log/build_2025-08-04_17-02-48/events.log
[0.640s] -- Up-to-date: /home/ubuntu/denem/install/diffdrive_arduino/share/diffdrive_arduino/launch/log/build_2025-08-04_17-39-42
[0.641s] -- Up-to-date: /home/ubuntu/denem/install/diffdrive_arduino/share/diffdrive_arduino/launch/log/build_2025-08-04_17-39-42/logger_all.log
[0.641s] -- Up-to-date: /home/ubuntu/denem/install/diffdrive_arduino/share/diffdrive_arduino/launch/log/build_2025-08-04_17-39-42/events.log
[0.642s] -- Installing: /home/ubuntu/denem/install/diffdrive_arduino/share/diffdrive_arduino/launch/log/latest_build
[0.642s] -- Up-to-date: /home/ubuntu/denem/install/diffdrive_arduino/share/diffdrive_arduino/launch/log/build_2025-08-04_17-03-22
[0.644s] -- Up-to-date: /home/ubuntu/denem/install/diffdrive_arduino/share/diffdrive_arduino/launch/log/build_2025-08-04_17-03-22/logger_all.log
[0.645s] -- Up-to-date: /home/ubuntu/denem/install/diffdrive_arduino/share/diffdrive_arduino/launch/log/build_2025-08-04_17-03-22/events.log
[0.646s] -- Up-to-date: /home/ubuntu/denem/install/diffdrive_arduino/share/diffdrive_arduino/launch/build
[0.647s] -- Installing: /home/ubuntu/denem/install/diffdrive_arduino/share/diffdrive_arduino/launch/build/COLCON_IGNORE
[0.649s] -- Installing: /home/ubuntu/denem/install/diffdrive_arduino/share/diffdrive_arduino/launch/build/.built_by
[0.650s] -- Up-to-date: /home/ubuntu/denem/install/diffdrive_arduino/share/diffdrive_arduino/launch/install
[0.652s] -- Installing: /home/ubuntu/denem/install/diffdrive_arduino/share/diffdrive_arduino/launch/install/setup.ps1
[0.652s] -- Installing: /home/ubuntu/denem/install/diffdrive_arduino/share/diffdrive_arduino/launch/install/setup.sh
[0.653s] -- Installing: /home/ubuntu/denem/install/diffdrive_arduino/share/diffdrive_arduino/launch/install/_local_setup_util_ps1.py
[0.655s] -- Installing: /home/ubuntu/denem/install/diffdrive_arduino/share/diffdrive_arduino/launch/install/COLCON_IGNORE
[0.656s] -- Installing: /home/ubuntu/denem/install/diffdrive_arduino/share/diffdrive_arduino/launch/install/setup.bash
[0.657s] -- Installing: /home/ubuntu/denem/install/diffdrive_arduino/share/diffdrive_arduino/launch/install/local_setup.sh
[0.658s] -- Installing: /home/ubuntu/denem/install/diffdrive_arduino/share/diffdrive_arduino/launch/install/_local_setup_util_sh.py
[0.661s] -- Installing: /home/ubuntu/denem/install/diffdrive_arduino/share/diffdrive_arduino/launch/install/.colcon_install_layout
[0.664s] -- Installing: /home/ubuntu/denem/install/diffdrive_arduino/share/diffdrive_arduino/launch/install/setup.zsh
[0.664s] -- Installing: /home/ubuntu/denem/install/diffdrive_arduino/share/diffdrive_arduino/launch/install/local_setup.ps1
[0.666s] -- Installing: /home/ubuntu/denem/install/diffdrive_arduino/share/diffdrive_arduino/launch/install/local_setup.zsh
[0.667s] -- Installing: /home/ubuntu/denem/install/diffdrive_arduino/share/diffdrive_arduino/launch/install/local_setup.bash
[0.670s] -- Up-to-date: /home/ubuntu/denem/install/diffdrive_arduino/share/diffdrive_arduino/launch/fullnav.launch.py
[0.673s] -- Up-to-date: /home/ubuntu/denem/install/diffdrive_arduino/share/diffdrive_arduino/launch/navigation.launch.py
[0.673s] -- Up-to-date: /home/ubuntu/denem/install/diffdrive_arduino/share/diffdrive_arduino/config
[0.678s] -- Up-to-date: /home/ubuntu/denem/install/diffdrive_arduino/share/diffdrive_arduino/config/ekf.yaml
[0.680s] -- Up-to-date: /home/ubuntu/denem/install/diffdrive_arduino/share/diffdrive_arduino/config/joystick.yaml
[0.681s] -- Up-to-date: /home/ubuntu/denem/install/diffdrive_arduino/share/diffdrive_arduino/config/diffbot_controllers.yaml
[0.682s] -- Up-to-date: /home/ubuntu/denem/install/diffdrive_arduino/share/diffdrive_arduino/config/nav2_params.yaml
[0.683s] -- Up-to-date: /home/ubuntu/denem/install/diffdrive_arduino/share/diffdrive_arduino/config/navigate_w_replanning_and_recovery.xml
[0.688s] -- Up-to-date: /home/ubuntu/denem/install/diffdrive_arduino/lib/libdiffdrive_arduino.so
[0.689s] -- Up-to-date: /home/ubuntu/denem/install/diffdrive_arduino/share/diffdrive_arduino/environment/library_path.sh
[0.690s] -- Up-to-date: /home/ubuntu/denem/install/diffdrive_arduino/share/diffdrive_arduino/environment/library_path.dsv
[0.691s] -- Up-to-date: /home/ubuntu/denem/install/diffdrive_arduino/share/ament_index/resource_index/package_run_dependencies/diffdrive_arduino
[0.694s] -- Up-to-date: /home/ubuntu/denem/install/diffdrive_arduino/share/ament_index/resource_index/parent_prefix_path/diffdrive_arduino
[0.694s] -- Up-to-date: /home/ubuntu/denem/install/diffdrive_arduino/share/diffdrive_arduino/environment/ament_prefix_path.sh
[0.696s] -- Up-to-date: /home/ubuntu/denem/install/diffdrive_arduino/share/diffdrive_arduino/environment/ament_prefix_path.dsv
[0.696s] -- Up-to-date: /home/ubuntu/denem/install/diffdrive_arduino/share/diffdrive_arduino/environment/path.sh
[0.699s] -- Up-to-date: /home/ubuntu/denem/install/diffdrive_arduino/share/diffdrive_arduino/environment/path.dsv
[0.700s] -- Up-to-date: /home/ubuntu/denem/install/diffdrive_arduino/share/diffdrive_arduino/local_setup.bash
[0.701s] -- Up-to-date: /home/ubuntu/denem/install/diffdrive_arduino/share/diffdrive_arduino/local_setup.sh
[0.702s] -- Up-to-date: /home/ubuntu/denem/install/diffdrive_arduino/share/diffdrive_arduino/local_setup.zsh
[0.703s] -- Up-to-date: /home/ubuntu/denem/install/diffdrive_arduino/share/diffdrive_arduino/local_setup.dsv
[0.703s] -- Installing: /home/ubuntu/denem/install/diffdrive_arduino/share/diffdrive_arduino/package.dsv
[0.704s] -- Up-to-date: /home/ubuntu/denem/install/diffdrive_arduino/share/ament_index/resource_index/packages/diffdrive_arduino
[0.705s] -- Up-to-date: /home/ubuntu/denem/install/diffdrive_arduino/share/ament_index/resource_index/hardware_interface__pluginlib__plugin/diffdrive_arduino
[0.707s] -- Up-to-date: /home/ubuntu/denem/install/diffdrive_arduino/share/diffdrive_arduino/cmake/export_diffdrive_arduinoExport.cmake
[0.709s] -- Up-to-date: /home/ubuntu/denem/install/diffdrive_arduino/share/diffdrive_arduino/cmake/export_diffdrive_arduinoExport-noconfig.cmake
[0.710s] -- Up-to-date: /home/ubuntu/denem/install/diffdrive_arduino/share/diffdrive_arduino/cmake/ament_cmake_export_targets-extras.cmake
[0.710s] -- Up-to-date: /home/ubuntu/denem/install/diffdrive_arduino/share/diffdrive_arduino/cmake/ament_cmake_export_dependencies-extras.cmake
[0.712s] -- Up-to-date: /home/ubuntu/denem/install/diffdrive_arduino/share/diffdrive_arduino/cmake/diffdrive_arduinoConfig.cmake
[0.713s] -- Up-to-date: /home/ubuntu/denem/install/diffdrive_arduino/share/diffdrive_arduino/cmake/diffdrive_arduinoConfig-version.cmake
[0.714s] -- Up-to-date: /home/ubuntu/denem/install/diffdrive_arduino/share/diffdrive_arduino/package.xml
[0.750s] Invoked command in '/home/ubuntu/denem/build/diffdrive_arduino' returned '0': CMAKE_PREFIX_PATH=${CMAKE_PREFIX_PATH}:/home/ubuntu/denem/install/serial_motor_demo:/opt/ros/humble /usr/bin/cmake --install /home/ubuntu/denem/build/diffdrive_arduino
